Logging to: experiments/00_baseline_exploration/sweep2_h16_enc_50/attention_analysis_year/attention_analysis_20251027_191413.log
Analysis started at: 2025-10-27 19:14:13
======================================================================
Experiment: 00_baseline_exploration/sweep2_h16_enc_50
Output directory: experiments/00_baseline_exploration/sweep2_h16_enc_50/attention_analysis_year
Using best checkpoint: experiments/00_baseline_exploration/sweep2_h16_enc_50/checkpoints/tft-epoch=01-val_loss=0.1314.ckpt

Loading data...
Loading test data from: data/splits/fixed/core_proposal_daily_fixed_test.csv
  Train samples: 6066
  Test samples: 1300

Preparing test dataset...
Test dataset size after filtering: 1250

Loading model...
Loading model from: experiments/00_baseline_exploration/sweep2_h16_enc_50/checkpoints/tft-epoch=01-val_loss=0.1314.ckpt

Extracting attention patterns...
Extracting attention patterns...
Total batches to process: 10
  Processed 10/10 batches

Total predictions: 1250
Total actuals: 1250
Attention shape: (1250, 50)
Encoder variables shape: (1250, 5)

Prediction period: 2020-10-01T00:00:00.000000000 to 2025-10-06T00:00:00.000000000
Total predictions: 1250

Creating temporal periods:
  2020: 62 samples
  2021: 250 samples
  2022: 249 samples
  2023: 249 samples
  2024: 250 samples
  2025: 190 samples

Attention over 50 encoder timesteps

Analyzing attention patterns by period...

Comparing attention patterns across periods...

Creating visualizations...
Saved attention heatmap: experiments/00_baseline_exploration/sweep2_h16_enc_50/attention_analysis_year/attention_heatmap.png
Saved attention trends: experiments/00_baseline_exploration/sweep2_h16_enc_50/attention_analysis_year/attention_trends.png
Saved feature importance comparison: experiments/00_baseline_exploration/sweep2_h16_enc_50/attention_analysis_year/temporal_attention_comparison.png

Saving results...
Saved results: experiments/00_baseline_exploration/sweep2_h16_enc_50/attention_analysis_year/attention_analysis_results.json

======================================================================
ATTENTION ANALYSIS SUMMARY
======================================================================

Per-Period Statistics:
----------------------------------------------------------------------

2020:
  Samples: 62
  Entropy: 3.9070 ± 0.0014
  Concentration: 0.0202
  Top 5 features:
    t-1                            0.0251
    t-2                            0.0246
    t-3                            0.0241
    t-4                            0.0237
    t-5                            0.0233

2021:
  Samples: 250
  Entropy: 3.8487 ± 0.0388
  Concentration: 0.0201
  Top 5 features:
    t-50                           0.0238
    t-1                            0.0226
    t-2                            0.0225
    t-3                            0.0224
    t-4                            0.0223

2022:
  Samples: 249
  Entropy: 3.8970 ± 0.0172
  Concentration: 0.0201
  Top 5 features:
    t-50                           0.0255
    t-49                           0.0235
    t-48                           0.0223
    t-47                           0.0212
    t-46                           0.0204

2023:
  Samples: 249
  Entropy: 3.8441 ± 0.0569
  Concentration: 0.0202
  Top 5 features:
    t-50                           0.0273
    t-49                           0.0246
    t-48                           0.0231
    t-1                            0.0224
    t-2                            0.0223

2024:
  Samples: 250
  Entropy: 3.7109 ± 0.1195
  Concentration: 0.0222
  Top 5 features:
    t-1                            0.0344
    t-2                            0.0336
    t-3                            0.0329
    t-4                            0.0322
    t-5                            0.0315

2025:
  Samples: 190
  Entropy: 3.6155 ± 0.1575
  Concentration: 0.0210
  Top 5 features:
    t-50                           0.0340
    t-49                           0.0281
    t-1                            0.0277
    t-2                            0.0271
    t-3                            0.0264

----------------------------------------------------------------------
Period Comparisons:
----------------------------------------------------------------------

2020_vs_2021:
  Cosine similarity: 0.9993
  L2 distance: 0.0054
  Entropy change: -0.0583
  Concentration change: -0.0001

2020_vs_2022:
  Cosine similarity: 0.9958
  L2 distance: 0.0130
  Entropy change: -0.0100
  Concentration change: -0.0001

2020_vs_2023:
  Cosine similarity: 0.9978
  L2 distance: 0.0094
  Entropy change: -0.0629
  Concentration change: 0.0000

2020_vs_2024:
  Cosine similarity: 0.9727
  L2 distance: 0.0346
  Entropy change: -0.1961
  Concentration change: 0.0020

2020_vs_2025:
  Cosine similarity: 0.9881
  L2 distance: 0.0223
  Entropy change: -0.2915
  Concentration change: 0.0008

2021_vs_2022:
  Cosine similarity: 0.9981
  L2 distance: 0.0088
  Entropy change: 0.0483
  Concentration change: -0.0001

2021_vs_2023:
  Cosine similarity: 0.9992
  L2 distance: 0.0057
  Entropy change: -0.0046
  Concentration change: 0.0001

2021_vs_2024:
  Cosine similarity: 0.9661
  L2 distance: 0.0385
  Entropy change: -0.1378
  Concentration change: 0.0020

2021_vs_2025:
  Cosine similarity: 0.9888
  L2 distance: 0.0216
  Entropy change: -0.2332
  Concentration change: 0.0008

2022_vs_2023:
  Cosine similarity: 0.9979
  L2 distance: 0.0091
  Entropy change: -0.0529
  Concentration change: 0.0001

2022_vs_2024:
  Cosine similarity: 0.9500
  L2 distance: 0.0465
  Entropy change: -0.1861
  Concentration change: 0.0021

2022_vs_2025:
  Cosine similarity: 0.9832
  L2 distance: 0.0264
  Entropy change: -0.2815
  Concentration change: 0.0009

2023_vs_2024:
  Cosine similarity: 0.9642
  L2 distance: 0.0395
  Entropy change: -0.1332
  Concentration change: 0.0020

2023_vs_2025:
  Cosine similarity: 0.9917
  L2 distance: 0.0187
  Entropy change: -0.2286
  Concentration change: 0.0008

2024_vs_2025:
  Cosine similarity: 0.9658
  L2 distance: 0.0386
  Entropy change: -0.0954
  Concentration change: -0.0012

======================================================================

Analysis complete!
Results saved to: experiments/00_baseline_exploration/sweep2_h16_enc_50/attention_analysis_year
  - attention_analysis_results.json
  - attention_heatmap.png
  - attention_trends.png
  - temporal_attention_comparison.png
