Logging to: experiments/00_baseline_exploration/sweep2_h16_enc_50/attention_analysis_year/attention_analysis_20251030_130714.log
Analysis started at: 2025-10-30 13:07:14
======================================================================
Experiment: 00_baseline_exploration/sweep2_h16_enc_50
Output directory: experiments/00_baseline_exploration/sweep2_h16_enc_50/attention_analysis_year
Using best checkpoint: experiments/00_baseline_exploration/sweep2_h16_enc_50/checkpoints/tft-epoch=55-val_loss=0.4035.ckpt

Loading data...
Loading test data from: data/splits/fixed/core_proposal_daily_fixed_test.csv
  Train samples: 6066
  Test samples: 1300

Preparing test dataset...
Test dataset size after filtering: 1250

Loading model...
Loading model from: experiments/00_baseline_exploration/sweep2_h16_enc_50/checkpoints/tft-epoch=55-val_loss=0.4035.ckpt
Model moved to device: cuda

Extracting attention patterns...
Extracting attention patterns...
Total batches to process: 10
  Processed 10/10 batches

Total predictions: 1250
Total actuals: 1250
Attention shape: (1250, 50)
Encoder variables shape: (1250, 5)

Prediction period: 2020-10-01T00:00:00.000000000 to 2025-10-06T00:00:00.000000000
Total predictions: 1250

Creating temporal periods:
  2020: 62 samples
  2021: 250 samples
  2022: 249 samples
  2023: 249 samples
  2024: 250 samples
  2025: 190 samples

Attention over 50 encoder timesteps

Analyzing attention patterns by period...

Comparing attention patterns across periods...

Creating visualizations...
Saved attention heatmap: experiments/00_baseline_exploration/sweep2_h16_enc_50/attention_analysis_year/attention_heatmap.png
Saved attention trends: experiments/00_baseline_exploration/sweep2_h16_enc_50/attention_analysis_year/attention_trends.png
Saved feature importance comparison: experiments/00_baseline_exploration/sweep2_h16_enc_50/attention_analysis_year/temporal_attention_comparison.png

Saving results...
Saved results: experiments/00_baseline_exploration/sweep2_h16_enc_50/attention_analysis_year/attention_analysis_results.json

======================================================================
ATTENTION ANALYSIS SUMMARY
======================================================================

Per-Period Statistics:
----------------------------------------------------------------------

2020:
  Samples: 62
  Entropy: 3.8293 ± 0.1325
  Concentration: 0.0203
  Top 5 features:
    t-1                            0.0275
    t-2                            0.0268
    t-3                            0.0257
    t-4                            0.0243
    t-5                            0.0232

2021:
  Samples: 250
  Entropy: 3.8175 ± 0.2545
  Concentration: 0.0203
  Top 5 features:
    t-1                            0.0288
    t-2                            0.0276
    t-3                            0.0257
    t-4                            0.0236
    t-48                           0.0225

2022:
  Samples: 249
  Entropy: 3.5603 ± 0.3115
  Concentration: 0.0204
  Top 5 features:
    t-1                            0.0311
    t-2                            0.0294
    t-3                            0.0277
    t-4                            0.0261
    t-5                            0.0247

2023:
  Samples: 249
  Entropy: 3.8744 ± 0.0658
  Concentration: 0.0201
  Top 5 features:
    t-1                            0.0235
    t-2                            0.0233
    t-3                            0.0229
    t-4                            0.0225
    t-5                            0.0221

2024:
  Samples: 250
  Entropy: 3.8531 ± 0.2666
  Concentration: 0.0201
  Top 5 features:
    t-1                            0.0255
    t-2                            0.0253
    t-3                            0.0243
    t-4                            0.0230
    t-5                            0.0215

2025:
  Samples: 190
  Entropy: 3.7592 ± 0.4485
  Concentration: 0.0207
  Top 5 features:
    t-1                            0.0350
    t-2                            0.0308
    t-3                            0.0288
    t-4                            0.0274
    t-5                            0.0258

----------------------------------------------------------------------
Period Comparisons:
----------------------------------------------------------------------

2020_vs_2021:
  Cosine similarity: 0.9909
  L2 distance: 0.0192
  Entropy change: -0.0117
  Concentration change: -0.0000

2020_vs_2022:
  Cosine similarity: 0.9948
  L2 distance: 0.0146
  Entropy change: -0.2690
  Concentration change: 0.0001

2020_vs_2023:
  Cosine similarity: 0.9943
  L2 distance: 0.0152
  Entropy change: 0.0452
  Concentration change: -0.0002

2020_vs_2024:
  Cosine similarity: 0.9974
  L2 distance: 0.0103
  Entropy change: 0.0238
  Concentration change: -0.0002

2020_vs_2025:
  Cosine similarity: 0.9947
  L2 distance: 0.0148
  Entropy change: -0.0700
  Concentration change: 0.0004

2021_vs_2022:
  Cosine similarity: 0.9976
  L2 distance: 0.0098
  Entropy change: -0.2573
  Concentration change: 0.0001

2021_vs_2023:
  Cosine similarity: 0.9975
  L2 distance: 0.0100
  Entropy change: 0.0569
  Concentration change: -0.0002

2021_vs_2024:
  Cosine similarity: 0.9967
  L2 distance: 0.0116
  Entropy change: 0.0356
  Concentration change: -0.0002

2021_vs_2025:
  Cosine similarity: 0.9925
  L2 distance: 0.0176
  Entropy change: -0.0583
  Concentration change: 0.0004

2022_vs_2023:
  Cosine similarity: 0.9956
  L2 distance: 0.0134
  Entropy change: 0.3142
  Concentration change: -0.0004

2022_vs_2024:
  Cosine similarity: 0.9963
  L2 distance: 0.0123
  Entropy change: 0.2928
  Concentration change: -0.0003

2022_vs_2025:
  Cosine similarity: 0.9977
  L2 distance: 0.0099
  Entropy change: 0.1990
  Concentration change: 0.0003

2023_vs_2024:
  Cosine similarity: 0.9989
  L2 distance: 0.0067
  Entropy change: -0.0213
  Concentration change: 0.0000

2023_vs_2025:
  Cosine similarity: 0.9911
  L2 distance: 0.0192
  Entropy change: -0.1152
  Concentration change: 0.0006

2024_vs_2025:
  Cosine similarity: 0.9931
  L2 distance: 0.0169
  Entropy change: -0.0938
  Concentration change: 0.0006

======================================================================

Analysis complete!
Results saved to: experiments/00_baseline_exploration/sweep2_h16_enc_50/attention_analysis_year
  - attention_analysis_results.json
  - attention_heatmap.png
  - attention_trends.png
  - temporal_attention_comparison.png
