Logging to: experiments/00_baseline_exploration/sweep2_hidden_12/attention_analysis_year/attention_analysis_20251030_130828.log
Analysis started at: 2025-10-30 13:08:28
======================================================================
Experiment: 00_baseline_exploration/sweep2_hidden_12
Output directory: experiments/00_baseline_exploration/sweep2_hidden_12/attention_analysis_year
Using best checkpoint: experiments/00_baseline_exploration/sweep2_hidden_12/checkpoints/tft-epoch=97-val_loss=0.3931.ckpt

Loading data...
Loading test data from: data/splits/fixed/core_proposal_daily_fixed_test.csv
  Train samples: 6066
  Test samples: 1300

Preparing test dataset...
Test dataset size after filtering: 1280

Loading model...
Loading model from: experiments/00_baseline_exploration/sweep2_hidden_12/checkpoints/tft-epoch=97-val_loss=0.3931.ckpt
Model moved to device: cuda

Extracting attention patterns...
Extracting attention patterns...
Total batches to process: 10
  Processed 10/10 batches

Total predictions: 1280
Total actuals: 1280
Attention shape: (1280, 20)
Encoder variables shape: (1280, 5)

Prediction period: 2020-08-19T00:00:00.000000000 to 2025-10-06T00:00:00.000000000
Total predictions: 1280

Creating temporal periods:
  2020: 92 samples
  2021: 250 samples
  2022: 249 samples
  2023: 249 samples
  2024: 250 samples
  2025: 190 samples

Attention over 20 encoder timesteps

Analyzing attention patterns by period...

Comparing attention patterns across periods...

Creating visualizations...
Saved attention heatmap: experiments/00_baseline_exploration/sweep2_hidden_12/attention_analysis_year/attention_heatmap.png
Saved attention trends: experiments/00_baseline_exploration/sweep2_hidden_12/attention_analysis_year/attention_trends.png
Saved feature importance comparison: experiments/00_baseline_exploration/sweep2_hidden_12/attention_analysis_year/temporal_attention_comparison.png

Saving results...
Saved results: experiments/00_baseline_exploration/sweep2_hidden_12/attention_analysis_year/attention_analysis_results.json

======================================================================
ATTENTION ANALYSIS SUMMARY
======================================================================

Per-Period Statistics:
----------------------------------------------------------------------

2020:
  Samples: 92
  Entropy: 2.9307 ± 0.0478
  Concentration: 0.0511
  Top 5 features:
    t-1                            0.0641
    t-2                            0.0622
    t-3                            0.0605
    t-4                            0.0586
    t-5                            0.0567

2021:
  Samples: 250
  Entropy: 2.6928 ± 0.1415
  Concentration: 0.0698
  Top 5 features:
    t-1                            0.1165
    t-2                            0.1074
    t-3                            0.0986
    t-4                            0.0895
    t-5                            0.0795

2022:
  Samples: 249
  Entropy: 2.7682 ± 0.1903
  Concentration: 0.0609
  Top 5 features:
    t-1                            0.0995
    t-2                            0.0923
    t-3                            0.0867
    t-4                            0.0800
    t-5                            0.0722

2023:
  Samples: 249
  Entropy: 2.4114 ± 0.1969
  Concentration: 0.1033
  Top 5 features:
    t-1                            0.1693
    t-2                            0.1491
    t-3                            0.1308
    t-4                            0.1126
    t-5                            0.0939

2024:
  Samples: 250
  Entropy: 2.3561 ± 0.2194
  Concentration: 0.1055
  Top 5 features:
    t-1                            0.1647
    t-2                            0.1476
    t-3                            0.1331
    t-4                            0.1174
    t-5                            0.1000

2025:
  Samples: 190
  Entropy: 2.6651 ± 0.1842
  Concentration: 0.0724
  Top 5 features:
    t-1                            0.1241
    t-2                            0.1129
    t-3                            0.1023
    t-4                            0.0916
    t-5                            0.0801

----------------------------------------------------------------------
Period Comparisons:
----------------------------------------------------------------------

2020_vs_2021:
  Cosine similarity: 0.9132
  L2 distance: 0.1087
  Entropy change: -0.2379
  Concentration change: 0.0187

2020_vs_2022:
  Cosine similarity: 0.9561
  L2 distance: 0.0730
  Entropy change: -0.1625
  Concentration change: 0.0098

2020_vs_2023:
  Cosine similarity: 0.7874
  L2 distance: 0.1999
  Entropy change: -0.5193
  Concentration change: 0.0522

2020_vs_2024:
  Cosine similarity: 0.7816
  L2 distance: 0.2046
  Entropy change: -0.5746
  Concentration change: 0.0545

2020_vs_2025:
  Cosine similarity: 0.9003
  L2 distance: 0.1182
  Entropy change: -0.2656
  Concentration change: 0.0213

2021_vs_2022:
  Cosine similarity: 0.9921
  L2 distance: 0.0365
  Entropy change: 0.0754
  Concentration change: -0.0089

2021_vs_2023:
  Cosine similarity: 0.9686
  L2 distance: 0.0928
  Entropy change: -0.2813
  Concentration change: 0.0335

2021_vs_2024:
  Cosine similarity: 0.9670
  L2 distance: 0.0967
  Entropy change: -0.3366
  Concentration change: 0.0358

2021_vs_2025:
  Cosine similarity: 0.9991
  L2 distance: 0.0124
  Entropy change: -0.0276
  Concentration change: 0.0026

2022_vs_2023:
  Cosine similarity: 0.9328
  L2 distance: 0.1274
  Entropy change: -0.3567
  Concentration change: 0.0424

2022_vs_2024:
  Cosine similarity: 0.9299
  L2 distance: 0.1317
  Entropy change: -0.4121
  Concentration change: 0.0446

2022_vs_2025:
  Cosine similarity: 0.9880
  L2 distance: 0.0457
  Entropy change: -0.1031
  Concentration change: 0.0115

2023_vs_2024:
  Cosine similarity: 0.9991
  L2 distance: 0.0141
  Entropy change: -0.0553
  Concentration change: 0.0022

2023_vs_2025:
  Cosine similarity: 0.9769
  L2 distance: 0.0821
  Entropy change: 0.2537
  Concentration change: -0.0309

2024_vs_2025:
  Cosine similarity: 0.9748
  L2 distance: 0.0867
  Entropy change: 0.3090
  Concentration change: -0.0331

======================================================================

Analysis complete!
Results saved to: experiments/00_baseline_exploration/sweep2_hidden_12/attention_analysis_year
  - attention_analysis_results.json
  - attention_heatmap.png
  - attention_trends.png
  - temporal_attention_comparison.png
