Logging to: experiments/00_baseline_exploration/sweep2_hidden_12/attention_analysis_year/attention_analysis_20251027_191440.log
Analysis started at: 2025-10-27 19:14:40
======================================================================
Experiment: 00_baseline_exploration/sweep2_hidden_12
Output directory: experiments/00_baseline_exploration/sweep2_hidden_12/attention_analysis_year
Using best checkpoint: experiments/00_baseline_exploration/sweep2_hidden_12/checkpoints/tft-epoch=03-val_loss=0.1119.ckpt

Loading data...
Loading test data from: data/splits/fixed/core_proposal_daily_fixed_test.csv
  Train samples: 6066
  Test samples: 1300

Preparing test dataset...
Test dataset size after filtering: 1280

Loading model...
Loading model from: experiments/00_baseline_exploration/sweep2_hidden_12/checkpoints/tft-epoch=03-val_loss=0.1119.ckpt

Extracting attention patterns...
Extracting attention patterns...
Total batches to process: 10
  Processed 10/10 batches

Total predictions: 1280
Total actuals: 1280
Attention shape: (1280, 20)
Encoder variables shape: (1280, 5)

Prediction period: 2020-08-19T00:00:00.000000000 to 2025-10-06T00:00:00.000000000
Total predictions: 1280

Creating temporal periods:
  2020: 92 samples
  2021: 250 samples
  2022: 249 samples
  2023: 249 samples
  2024: 250 samples
  2025: 190 samples

Attention over 20 encoder timesteps

Analyzing attention patterns by period...

Comparing attention patterns across periods...

Creating visualizations...
Saved attention heatmap: experiments/00_baseline_exploration/sweep2_hidden_12/attention_analysis_year/attention_heatmap.png
Saved attention trends: experiments/00_baseline_exploration/sweep2_hidden_12/attention_analysis_year/attention_trends.png
Saved feature importance comparison: experiments/00_baseline_exploration/sweep2_hidden_12/attention_analysis_year/temporal_attention_comparison.png

Saving results...
Saved results: experiments/00_baseline_exploration/sweep2_hidden_12/attention_analysis_year/attention_analysis_results.json

======================================================================
ATTENTION ANALYSIS SUMMARY
======================================================================

Per-Period Statistics:
----------------------------------------------------------------------

2020:
  Samples: 92
  Entropy: 2.9583 ± 0.0250
  Concentration: 0.0530
  Top 5 features:
    t-1                            0.0826
    t-2                            0.0751
    t-3                            0.0682
    t-4                            0.0622
    t-5                            0.0572

2021:
  Samples: 250
  Entropy: 2.9632 ± 0.0306
  Concentration: 0.0518
  Top 5 features:
    t-1                            0.0736
    t-2                            0.0685
    t-3                            0.0640
    t-4                            0.0600
    t-5                            0.0565

2022:
  Samples: 249
  Entropy: 2.9680 ± 0.0228
  Concentration: 0.0510
  Top 5 features:
    t-1                            0.0662
    t-2                            0.0631
    t-3                            0.0603
    t-4                            0.0578
    t-5                            0.0556

2023:
  Samples: 249
  Entropy: 2.9661 ± 0.0145
  Concentration: 0.0529
  Top 5 features:
    t-1                            0.0796
    t-2                            0.0733
    t-3                            0.0677
    t-4                            0.0628
    t-5                            0.0586

2024:
  Samples: 250
  Entropy: 2.9449 ± 0.0425
  Concentration: 0.0537
  Top 5 features:
    t-1                            0.0855
    t-2                            0.0769
    t-3                            0.0698
    t-4                            0.0638
    t-5                            0.0589

2025:
  Samples: 190
  Entropy: 2.9303 ± 0.0421
  Concentration: 0.0547
  Top 5 features:
    t-1                            0.0889
    t-2                            0.0803
    t-3                            0.0726
    t-4                            0.0660
    t-5                            0.0603

----------------------------------------------------------------------
Period Comparisons:
----------------------------------------------------------------------

2020_vs_2021:
  Cosine similarity: 0.9983
  L2 distance: 0.0137
  Entropy change: 0.0048
  Concentration change: -0.0012

2020_vs_2022:
  Cosine similarity: 0.9941
  L2 distance: 0.0252
  Entropy change: 0.0097
  Concentration change: -0.0021

2020_vs_2023:
  Cosine similarity: 0.9995
  L2 distance: 0.0073
  Entropy change: 0.0077
  Concentration change: -0.0001

2020_vs_2024:
  Cosine similarity: 0.9995
  L2 distance: 0.0074
  Entropy change: -0.0135
  Concentration change: 0.0007

2020_vs_2025:
  Cosine similarity: 0.9979
  L2 distance: 0.0155
  Entropy change: -0.0280
  Concentration change: 0.0017

2021_vs_2022:
  Cosine similarity: 0.9987
  L2 distance: 0.0115
  Entropy change: 0.0049
  Concentration change: -0.0008

2021_vs_2023:
  Cosine similarity: 0.9988
  L2 distance: 0.0116
  Entropy change: 0.0029
  Concentration change: 0.0011

2021_vs_2024:
  Cosine similarity: 0.9968
  L2 distance: 0.0190
  Entropy change: -0.0183
  Concentration change: 0.0019

2021_vs_2025:
  Cosine similarity: 0.9937
  L2 distance: 0.0268
  Entropy change: -0.0329
  Concentration change: 0.0030

2022_vs_2023:
  Cosine similarity: 0.9952
  L2 distance: 0.0227
  Entropy change: -0.0020
  Concentration change: 0.0019

2022_vs_2024:
  Cosine similarity: 0.9915
  L2 distance: 0.0304
  Entropy change: -0.0232
  Concentration change: 0.0028

2022_vs_2025:
  Cosine similarity: 0.9870
  L2 distance: 0.0380
  Entropy change: -0.0377
  Concentration change: 0.0038

2023_vs_2024:
  Cosine similarity: 0.9994
  L2 distance: 0.0082
  Entropy change: -0.0212
  Concentration change: 0.0008

2023_vs_2025:
  Cosine similarity: 0.9980
  L2 distance: 0.0153
  Entropy change: -0.0358
  Concentration change: 0.0019

2024_vs_2025:
  Cosine similarity: 0.9994
  L2 distance: 0.0085
  Entropy change: -0.0146
  Concentration change: 0.0010

======================================================================

Analysis complete!
Results saved to: experiments/00_baseline_exploration/sweep2_hidden_12/attention_analysis_year
  - attention_analysis_results.json
  - attention_heatmap.png
  - attention_trends.png
  - temporal_attention_comparison.png
