Logging to: experiments/01_staleness_features_fixed/sweep_stale_h14_drop0.25_lr3/attention_analysis_year/attention_analysis_20251030_131356.log
Analysis started at: 2025-10-30 13:13:56
======================================================================
Experiment: 01_staleness_features_fixed/sweep_stale_h14_drop0.25_lr3
Output directory: experiments/01_staleness_features_fixed/sweep_stale_h14_drop0.25_lr3/attention_analysis_year
Using best checkpoint: experiments/01_staleness_features_fixed/sweep_stale_h14_drop0.25_lr3/checkpoints/tft-epoch=93-val_loss=0.3990.ckpt

Loading data...
Loading test data from: data/splits/fixed/core_proposal_daily_fixed_test.csv
Detected staleness features in config, adding to data...
  Train samples: 6066
  Test samples: 1300

Preparing test dataset...
Test dataset size after filtering: 1280

Loading model...
Loading model from: experiments/01_staleness_features_fixed/sweep_stale_h14_drop0.25_lr3/checkpoints/tft-epoch=93-val_loss=0.3990.ckpt
Model moved to device: cuda

Extracting attention patterns...
Extracting attention patterns...
Total batches to process: 10
  Processed 10/10 batches

Total predictions: 1280
Total actuals: 1280
Attention shape: (1280, 20)
Encoder variables shape: (1280, 7)

Prediction period: 2020-08-19T00:00:00.000000000 to 2025-10-06T00:00:00.000000000
Total predictions: 1280

Creating temporal periods:
  2020: 92 samples
  2021: 250 samples
  2022: 249 samples
  2023: 249 samples
  2024: 250 samples
  2025: 190 samples

Attention over 20 encoder timesteps

Analyzing attention patterns by period...

Comparing attention patterns across periods...

Creating visualizations...
Saved attention heatmap: experiments/01_staleness_features_fixed/sweep_stale_h14_drop0.25_lr3/attention_analysis_year/attention_heatmap.png
Saved attention trends: experiments/01_staleness_features_fixed/sweep_stale_h14_drop0.25_lr3/attention_analysis_year/attention_trends.png
Saved feature importance comparison: experiments/01_staleness_features_fixed/sweep_stale_h14_drop0.25_lr3/attention_analysis_year/temporal_attention_comparison.png

Saving results...
Saved results: experiments/01_staleness_features_fixed/sweep_stale_h14_drop0.25_lr3/attention_analysis_year/attention_analysis_results.json

======================================================================
ATTENTION ANALYSIS SUMMARY
======================================================================

Per-Period Statistics:
----------------------------------------------------------------------

2020:
  Samples: 92
  Entropy: 2.8981 ± 0.0766
  Concentration: 0.0506
  Top 5 features:
    t-16                           0.0567
    t-15                           0.0558
    t-17                           0.0554
    t-14                           0.0544
    t-13                           0.0530

2021:
  Samples: 250
  Entropy: 2.8734 ± 0.1079
  Concentration: 0.0506
  Top 5 features:
    t-1                            0.0594
    t-2                            0.0575
    t-3                            0.0559
    t-4                            0.0546
    t-5                            0.0536

2022:
  Samples: 249
  Entropy: 2.9016 ± 0.0907
  Concentration: 0.0504
  Top 5 features:
    t-1                            0.0566
    t-2                            0.0547
    t-17                           0.0539
    t-16                           0.0539
    t-3                            0.0530

2023:
  Samples: 249
  Entropy: 2.9552 ± 0.0352
  Concentration: 0.0501
  Top 5 features:
    t-1                            0.0520
    t-2                            0.0516
    t-3                            0.0513
    t-14                           0.0512
    t-15                           0.0511

2024:
  Samples: 250
  Entropy: 2.8916 ± 0.1738
  Concentration: 0.0503
  Top 5 features:
    t-1                            0.0576
    t-2                            0.0559
    t-3                            0.0548
    t-4                            0.0540
    t-5                            0.0533

2025:
  Samples: 190
  Entropy: 2.8805 ± 0.1372
  Concentration: 0.0502
  Top 5 features:
    t-1                            0.0553
    t-2                            0.0529
    t-14                           0.0518
    t-15                           0.0518
    t-13                           0.0517

----------------------------------------------------------------------
Period Comparisons:
----------------------------------------------------------------------

2020_vs_2021:
  Cosine similarity: 0.9952
  L2 distance: 0.0220
  Entropy change: -0.0247
  Concentration change: 0.0001

2020_vs_2022:
  Cosine similarity: 0.9988
  L2 distance: 0.0109
  Entropy change: 0.0035
  Concentration change: -0.0001

2020_vs_2023:
  Cosine similarity: 0.9973
  L2 distance: 0.0165
  Entropy change: 0.0571
  Concentration change: -0.0005

2020_vs_2024:
  Cosine similarity: 0.9944
  L2 distance: 0.0237
  Entropy change: -0.0065
  Concentration change: -0.0002

2020_vs_2025:
  Cosine similarity: 0.9980
  L2 distance: 0.0143
  Entropy change: -0.0176
  Concentration change: -0.0004

2021_vs_2022:
  Cosine similarity: 0.9979
  L2 distance: 0.0147
  Entropy change: 0.0282
  Concentration change: -0.0002

2021_vs_2023:
  Cosine similarity: 0.9974
  L2 distance: 0.0163
  Entropy change: 0.0818
  Concentration change: -0.0005

2021_vs_2024:
  Cosine similarity: 0.9993
  L2 distance: 0.0086
  Entropy change: 0.0183
  Concentration change: -0.0003

2021_vs_2025:
  Cosine similarity: 0.9980
  L2 distance: 0.0142
  Entropy change: 0.0071
  Concentration change: -0.0004

2022_vs_2023:
  Cosine similarity: 0.9983
  L2 distance: 0.0132
  Entropy change: 0.0536
  Concentration change: -0.0003

2022_vs_2024:
  Cosine similarity: 0.9974
  L2 distance: 0.0161
  Entropy change: -0.0099
  Concentration change: -0.0001

2022_vs_2025:
  Cosine similarity: 0.9989
  L2 distance: 0.0106
  Entropy change: -0.0211
  Concentration change: -0.0002

2023_vs_2024:
  Cosine similarity: 0.9986
  L2 distance: 0.0117
  Entropy change: -0.0635
  Concentration change: 0.0002

2023_vs_2025:
  Cosine similarity: 0.9997
  L2 distance: 0.0055
  Entropy change: -0.0747
  Concentration change: 0.0001

2024_vs_2025:
  Cosine similarity: 0.9986
  L2 distance: 0.0119
  Entropy change: -0.0112
  Concentration change: -0.0001

======================================================================

Analysis complete!
Results saved to: experiments/01_staleness_features_fixed/sweep_stale_h14_drop0.25_lr3/attention_analysis_year
  - attention_analysis_results.json
  - attention_heatmap.png
  - attention_trends.png
  - temporal_attention_comparison.png
