Logging to: experiments/00_baseline_exploration/sweep2_h16_lr_0.0007/attention_analysis_year/attention_analysis_20251030_130807.log
Analysis started at: 2025-10-30 13:08:07
======================================================================
Experiment: 00_baseline_exploration/sweep2_h16_lr_0.0007
Output directory: experiments/00_baseline_exploration/sweep2_h16_lr_0.0007/attention_analysis_year
Using best checkpoint: experiments/00_baseline_exploration/sweep2_h16_lr_0.0007/checkpoints/tft-epoch=40-val_loss=0.4007.ckpt

Loading data...
Loading test data from: data/splits/fixed/core_proposal_daily_fixed_test.csv
  Train samples: 6066
  Test samples: 1300

Preparing test dataset...
Test dataset size after filtering: 1280

Loading model...
Loading model from: experiments/00_baseline_exploration/sweep2_h16_lr_0.0007/checkpoints/tft-epoch=40-val_loss=0.4007.ckpt
Model moved to device: cuda

Extracting attention patterns...
Extracting attention patterns...
Total batches to process: 10
  Processed 10/10 batches

Total predictions: 1280
Total actuals: 1280
Attention shape: (1280, 20)
Encoder variables shape: (1280, 5)

Prediction period: 2020-08-19T00:00:00.000000000 to 2025-10-06T00:00:00.000000000
Total predictions: 1280

Creating temporal periods:
  2020: 92 samples
  2021: 250 samples
  2022: 249 samples
  2023: 249 samples
  2024: 250 samples
  2025: 190 samples

Attention over 20 encoder timesteps

Analyzing attention patterns by period...

Comparing attention patterns across periods...

Creating visualizations...
Saved attention heatmap: experiments/00_baseline_exploration/sweep2_h16_lr_0.0007/attention_analysis_year/attention_heatmap.png
Saved attention trends: experiments/00_baseline_exploration/sweep2_h16_lr_0.0007/attention_analysis_year/attention_trends.png
Saved feature importance comparison: experiments/00_baseline_exploration/sweep2_h16_lr_0.0007/attention_analysis_year/temporal_attention_comparison.png

Saving results...
Saved results: experiments/00_baseline_exploration/sweep2_h16_lr_0.0007/attention_analysis_year/attention_analysis_results.json

======================================================================
ATTENTION ANALYSIS SUMMARY
======================================================================

Per-Period Statistics:
----------------------------------------------------------------------

2020:
  Samples: 92
  Entropy: 2.7891 ± 0.2441
  Concentration: 0.0511
  Top 5 features:
    t-1                            0.0707
    t-2                            0.0645
    t-3                            0.0597
    t-4                            0.0563
    t-5                            0.0539

2021:
  Samples: 250
  Entropy: 2.7827 ± 0.3749
  Concentration: 0.0505
  Top 5 features:
    t-1                            0.0641
    t-2                            0.0602
    t-3                            0.0559
    t-4                            0.0526
    t-5                            0.0515

2022:
  Samples: 249
  Entropy: 2.5548 ± 0.4187
  Concentration: 0.0530
  Top 5 features:
    t-1                            0.0860
    t-2                            0.0709
    t-3                            0.0630
    t-4                            0.0582
    t-5                            0.0552

2023:
  Samples: 249
  Entropy: 2.9438 ± 0.1269
  Concentration: 0.0501
  Top 5 features:
    t-1                            0.0555
    t-2                            0.0540
    t-3                            0.0529
    t-4                            0.0520
    t-5                            0.0514

2024:
  Samples: 250
  Entropy: 2.9247 ± 0.3177
  Concentration: 0.0501
  Top 5 features:
    t-1                            0.0546
    t-2                            0.0540
    t-3                            0.0535
    t-4                            0.0529
    t-5                            0.0516

2025:
  Samples: 190
  Entropy: 2.8435 ± 0.3679
  Concentration: 0.0501
  Top 5 features:
    t-1                            0.0604
    t-2                            0.0537
    t-3                            0.0514
    t-17                           0.0504
    t-16                           0.0503

----------------------------------------------------------------------
Period Comparisons:
----------------------------------------------------------------------

2020_vs_2021:
  Cosine similarity: 0.9986
  L2 distance: 0.0119
  Entropy change: -0.0064
  Concentration change: -0.0006

2020_vs_2022:
  Cosine similarity: 0.9950
  L2 distance: 0.0232
  Entropy change: -0.2343
  Concentration change: 0.0019

2020_vs_2023:
  Cosine similarity: 0.9946
  L2 distance: 0.0234
  Entropy change: 0.1547
  Concentration change: -0.0010

2020_vs_2024:
  Cosine similarity: 0.9943
  L2 distance: 0.0240
  Entropy change: 0.1356
  Concentration change: -0.0010

2020_vs_2025:
  Cosine similarity: 0.9942
  L2 distance: 0.0243
  Entropy change: 0.0544
  Concentration change: -0.0009

2021_vs_2022:
  Cosine similarity: 0.9893
  L2 distance: 0.0337
  Entropy change: -0.2279
  Concentration change: 0.0025

2021_vs_2023:
  Cosine similarity: 0.9985
  L2 distance: 0.0122
  Entropy change: 0.1611
  Concentration change: -0.0004

2021_vs_2024:
  Cosine similarity: 0.9983
  L2 distance: 0.0131
  Entropy change: 0.1420
  Concentration change: -0.0004

2021_vs_2025:
  Cosine similarity: 0.9982
  L2 distance: 0.0136
  Entropy change: 0.0608
  Concentration change: -0.0003

2022_vs_2023:
  Cosine similarity: 0.9808
  L2 distance: 0.0449
  Entropy change: 0.3890
  Concentration change: -0.0029

2022_vs_2024:
  Cosine similarity: 0.9797
  L2 distance: 0.0462
  Entropy change: 0.3699
  Concentration change: -0.0029

2022_vs_2025:
  Cosine similarity: 0.9798
  L2 distance: 0.0460
  Entropy change: 0.2887
  Concentration change: -0.0028

2023_vs_2024:
  Cosine similarity: 0.9999
  L2 distance: 0.0033
  Entropy change: -0.0191
  Concentration change: -0.0000

2023_vs_2025:
  Cosine similarity: 0.9992
  L2 distance: 0.0090
  Entropy change: -0.1003
  Concentration change: 0.0000

2024_vs_2025:
  Cosine similarity: 0.9992
  L2 distance: 0.0087
  Entropy change: -0.0812
  Concentration change: 0.0001

======================================================================

Analysis complete!
Results saved to: experiments/00_baseline_exploration/sweep2_h16_lr_0.0007/attention_analysis_year
  - attention_analysis_results.json
  - attention_heatmap.png
  - attention_trends.png
  - temporal_attention_comparison.png
