Logging to: experiments/00_baseline_exploration/sweep2_h16_lr_0.0007/attention_analysis_year/attention_analysis_20251027_191432.log
Analysis started at: 2025-10-27 19:14:32
======================================================================
Experiment: 00_baseline_exploration/sweep2_h16_lr_0.0007
Output directory: experiments/00_baseline_exploration/sweep2_h16_lr_0.0007/attention_analysis_year
Using best checkpoint: experiments/00_baseline_exploration/sweep2_h16_lr_0.0007/checkpoints/tft-epoch=01-val_loss=0.1187.ckpt

Loading data...
Loading test data from: data/splits/fixed/core_proposal_daily_fixed_test.csv
  Train samples: 6066
  Test samples: 1300

Preparing test dataset...
Test dataset size after filtering: 1280

Loading model...
Loading model from: experiments/00_baseline_exploration/sweep2_h16_lr_0.0007/checkpoints/tft-epoch=01-val_loss=0.1187.ckpt

Extracting attention patterns...
Extracting attention patterns...
Total batches to process: 10
  Processed 10/10 batches

Total predictions: 1280
Total actuals: 1280
Attention shape: (1280, 20)
Encoder variables shape: (1280, 5)

Prediction period: 2020-08-19T00:00:00.000000000 to 2025-10-06T00:00:00.000000000
Total predictions: 1280

Creating temporal periods:
  2020: 92 samples
  2021: 250 samples
  2022: 249 samples
  2023: 249 samples
  2024: 250 samples
  2025: 190 samples

Attention over 20 encoder timesteps

Analyzing attention patterns by period...

Comparing attention patterns across periods...

Creating visualizations...
Saved attention heatmap: experiments/00_baseline_exploration/sweep2_h16_lr_0.0007/attention_analysis_year/attention_heatmap.png
Saved attention trends: experiments/00_baseline_exploration/sweep2_h16_lr_0.0007/attention_analysis_year/attention_trends.png
Saved feature importance comparison: experiments/00_baseline_exploration/sweep2_h16_lr_0.0007/attention_analysis_year/temporal_attention_comparison.png

Saving results...
Saved results: experiments/00_baseline_exploration/sweep2_h16_lr_0.0007/attention_analysis_year/attention_analysis_results.json

======================================================================
ATTENTION ANALYSIS SUMMARY
======================================================================

Per-Period Statistics:
----------------------------------------------------------------------

2020:
  Samples: 92
  Entropy: 2.9931 ± 0.0018
  Concentration: 0.0502
  Top 5 features:
    t-1                            0.0568
    t-2                            0.0552
    t-20                           0.0544
    t-3                            0.0538
    t-4                            0.0526

2021:
  Samples: 250
  Entropy: 2.9527 ± 0.0277
  Concentration: 0.0501
  Top 5 features:
    t-1                            0.0551
    t-2                            0.0543
    t-20                           0.0543
    t-3                            0.0535
    t-4                            0.0526

2022:
  Samples: 249
  Entropy: 2.9824 ± 0.0086
  Concentration: 0.0507
  Top 5 features:
    t-20                           0.0686
    t-19                           0.0619
    t-18                           0.0578
    t-17                           0.0540
    t-16                           0.0514

2023:
  Samples: 249
  Entropy: 2.9437 ± 0.0457
  Concentration: 0.0507
  Top 5 features:
    t-1                            0.0606
    t-2                            0.0594
    t-3                            0.0580
    t-20                           0.0580
    t-4                            0.0565

2024:
  Samples: 250
  Entropy: 2.8590 ± 0.1209
  Concentration: 0.0534
  Top 5 features:
    t-1                            0.0779
    t-2                            0.0739
    t-3                            0.0699
    t-4                            0.0660
    t-5                            0.0619

2025:
  Samples: 190
  Entropy: 2.8326 ± 0.1258
  Concentration: 0.0512
  Top 5 features:
    t-1                            0.0660
    t-20                           0.0636
    t-2                            0.0627
    t-3                            0.0594
    t-4                            0.0561

----------------------------------------------------------------------
Period Comparisons:
----------------------------------------------------------------------

2020_vs_2021:
  Cosine similarity: 0.9999
  L2 distance: 0.0023
  Entropy change: -0.0404
  Concentration change: -0.0000

2020_vs_2022:
  Cosine similarity: 0.9919
  L2 distance: 0.0286
  Entropy change: -0.0107
  Concentration change: 0.0005

2020_vs_2023:
  Cosine similarity: 0.9980
  L2 distance: 0.0143
  Entropy change: -0.0494
  Concentration change: 0.0005

2020_vs_2024:
  Cosine similarity: 0.9794
  L2 distance: 0.0467
  Entropy change: -0.1341
  Concentration change: 0.0032

2020_vs_2025:
  Cosine similarity: 0.9953
  L2 distance: 0.0219
  Entropy change: -0.1605
  Concentration change: 0.0010

2021_vs_2022:
  Cosine similarity: 0.9926
  L2 distance: 0.0273
  Entropy change: 0.0297
  Concentration change: 0.0006

2021_vs_2023:
  Cosine similarity: 0.9977
  L2 distance: 0.0153
  Entropy change: -0.0090
  Concentration change: 0.0006

2021_vs_2024:
  Cosine similarity: 0.9780
  L2 distance: 0.0483
  Entropy change: -0.0937
  Concentration change: 0.0032

2021_vs_2025:
  Cosine similarity: 0.9948
  L2 distance: 0.0230
  Entropy change: -0.1201
  Concentration change: 0.0010

2022_vs_2023:
  Cosine similarity: 0.9873
  L2 distance: 0.0358
  Entropy change: -0.0387
  Concentration change: 0.0000

2022_vs_2024:
  Cosine similarity: 0.9511
  L2 distance: 0.0716
  Entropy change: -0.1234
  Concentration change: 0.0027

2022_vs_2025:
  Cosine similarity: 0.9868
  L2 distance: 0.0367
  Entropy change: -0.1498
  Concentration change: 0.0005

2023_vs_2024:
  Cosine similarity: 0.9878
  L2 distance: 0.0361
  Entropy change: -0.0847
  Concentration change: 0.0027

2023_vs_2025:
  Cosine similarity: 0.9985
  L2 distance: 0.0124
  Entropy change: -0.1111
  Concentration change: 0.0005

2024_vs_2025:
  Cosine similarity: 0.9868
  L2 distance: 0.0375
  Entropy change: -0.0264
  Concentration change: -0.0022

======================================================================

Analysis complete!
Results saved to: experiments/00_baseline_exploration/sweep2_h16_lr_0.0007/attention_analysis_year
  - attention_analysis_results.json
  - attention_heatmap.png
  - attention_trends.png
  - temporal_attention_comparison.png
