Logging to: experiments/01_staleness_features_fixed/sweep_stale_h14_drop0.30_lr5/attention_analysis_year/attention_analysis_20251030_131418.log
Analysis started at: 2025-10-30 13:14:18
======================================================================
Experiment: 01_staleness_features_fixed/sweep_stale_h14_drop0.30_lr5
Output directory: experiments/01_staleness_features_fixed/sweep_stale_h14_drop0.30_lr5/attention_analysis_year
Using best checkpoint: experiments/01_staleness_features_fixed/sweep_stale_h14_drop0.30_lr5/checkpoints/tft-epoch=94-val_loss=0.3972.ckpt

Loading data...
Loading test data from: data/splits/fixed/core_proposal_daily_fixed_test.csv
Detected staleness features in config, adding to data...
  Train samples: 6066
  Test samples: 1300

Preparing test dataset...
Test dataset size after filtering: 1280

Loading model...
Loading model from: experiments/01_staleness_features_fixed/sweep_stale_h14_drop0.30_lr5/checkpoints/tft-epoch=94-val_loss=0.3972.ckpt
Model moved to device: cuda

Extracting attention patterns...
Extracting attention patterns...
Total batches to process: 10
  Processed 10/10 batches

Total predictions: 1280
Total actuals: 1280
Attention shape: (1280, 20)
Encoder variables shape: (1280, 7)

Prediction period: 2020-08-19T00:00:00.000000000 to 2025-10-06T00:00:00.000000000
Total predictions: 1280

Creating temporal periods:
  2020: 92 samples
  2021: 250 samples
  2022: 249 samples
  2023: 249 samples
  2024: 250 samples
  2025: 190 samples

Attention over 20 encoder timesteps

Analyzing attention patterns by period...

Comparing attention patterns across periods...

Creating visualizations...
Saved attention heatmap: experiments/01_staleness_features_fixed/sweep_stale_h14_drop0.30_lr5/attention_analysis_year/attention_heatmap.png
Saved attention trends: experiments/01_staleness_features_fixed/sweep_stale_h14_drop0.30_lr5/attention_analysis_year/attention_trends.png
Saved feature importance comparison: experiments/01_staleness_features_fixed/sweep_stale_h14_drop0.30_lr5/attention_analysis_year/temporal_attention_comparison.png

Saving results...
Saved results: experiments/01_staleness_features_fixed/sweep_stale_h14_drop0.30_lr5/attention_analysis_year/attention_analysis_results.json

======================================================================
ATTENTION ANALYSIS SUMMARY
======================================================================

Per-Period Statistics:
----------------------------------------------------------------------

2020:
  Samples: 92
  Entropy: 2.8697 ± 0.1066
  Concentration: 0.0509
  Top 5 features:
    t-17                           0.0655
    t-18                           0.0629
    t-16                           0.0623
    t-15                           0.0575
    t-14                           0.0534

2021:
  Samples: 250
  Entropy: 2.8959 ± 0.1338
  Concentration: 0.0501
  Top 5 features:
    t-17                           0.0529
    t-16                           0.0527
    t-1                            0.0526
    t-15                           0.0519
    t-2                            0.0516

2022:
  Samples: 249
  Entropy: 2.8746 ± 0.1212
  Concentration: 0.0503
  Top 5 features:
    t-17                           0.0574
    t-18                           0.0562
    t-1                            0.0556
    t-16                           0.0550
    t-2                            0.0533

2023:
  Samples: 249
  Entropy: 2.9692 ± 0.0238
  Concentration: 0.0500
  Top 5 features:
    t-16                           0.0517
    t-15                           0.0516
    t-14                           0.0513
    t-17                           0.0513
    t-13                           0.0509

2024:
  Samples: 250
  Entropy: 2.9065 ± 0.2081
  Concentration: 0.0501
  Top 5 features:
    t-1                            0.0551
    t-2                            0.0539
    t-3                            0.0530
    t-4                            0.0523
    t-5                            0.0517

2025:
  Samples: 190
  Entropy: 2.8644 ± 0.2223
  Concentration: 0.0501
  Top 5 features:
    t-1                            0.0538
    t-17                           0.0528
    t-16                           0.0527
    t-15                           0.0520
    t-18                           0.0514

----------------------------------------------------------------------
Period Comparisons:
----------------------------------------------------------------------

2020_vs_2021:
  Cosine similarity: 0.9935
  L2 distance: 0.0257
  Entropy change: 0.0262
  Concentration change: -0.0008

2020_vs_2022:
  Cosine similarity: 0.9960
  L2 distance: 0.0203
  Entropy change: 0.0049
  Concentration change: -0.0006

2020_vs_2023:
  Cosine similarity: 0.9925
  L2 distance: 0.0276
  Entropy change: 0.0995
  Concentration change: -0.0009

2020_vs_2024:
  Cosine similarity: 0.9880
  L2 distance: 0.0348
  Entropy change: 0.0368
  Concentration change: -0.0008

2020_vs_2025:
  Cosine similarity: 0.9939
  L2 distance: 0.0249
  Entropy change: -0.0053
  Concentration change: -0.0008

2021_vs_2022:
  Cosine similarity: 0.9989
  L2 distance: 0.0105
  Entropy change: -0.0213
  Concentration change: 0.0002

2021_vs_2023:
  Cosine similarity: 0.9997
  L2 distance: 0.0056
  Entropy change: 0.0732
  Concentration change: -0.0001

2021_vs_2024:
  Cosine similarity: 0.9991
  L2 distance: 0.0097
  Entropy change: 0.0106
  Concentration change: 0.0000

2021_vs_2025:
  Cosine similarity: 0.9998
  L2 distance: 0.0041
  Entropy change: -0.0316
  Concentration change: -0.0000

2022_vs_2023:
  Cosine similarity: 0.9978
  L2 distance: 0.0150
  Entropy change: 0.0946
  Concentration change: -0.0003

2022_vs_2024:
  Cosine similarity: 0.9971
  L2 distance: 0.0170
  Entropy change: 0.0319
  Concentration change: -0.0002

2022_vs_2025:
  Cosine similarity: 0.9989
  L2 distance: 0.0106
  Entropy change: -0.0102
  Concentration change: -0.0002

2023_vs_2024:
  Cosine similarity: 0.9989
  L2 distance: 0.0103
  Entropy change: -0.0627
  Concentration change: 0.0001

2023_vs_2025:
  Cosine similarity: 0.9997
  L2 distance: 0.0057
  Entropy change: -0.1048
  Concentration change: 0.0000

2024_vs_2025:
  Cosine similarity: 0.9988
  L2 distance: 0.0112
  Entropy change: -0.0421
  Concentration change: -0.0000

======================================================================

Analysis complete!
Results saved to: experiments/01_staleness_features_fixed/sweep_stale_h14_drop0.30_lr5/attention_analysis_year
  - attention_analysis_results.json
  - attention_heatmap.png
  - attention_trends.png
  - temporal_attention_comparison.png
