Logging to: experiments/01_staleness_features_fixed/sweep_stale_h16_drop0.25_lr3/attention_analysis_year/attention_analysis_20251030_131510.log
Analysis started at: 2025-10-30 13:15:10
======================================================================
Experiment: 01_staleness_features_fixed/sweep_stale_h16_drop0.25_lr3
Output directory: experiments/01_staleness_features_fixed/sweep_stale_h16_drop0.25_lr3/attention_analysis_year
Using best checkpoint: experiments/01_staleness_features_fixed/sweep_stale_h16_drop0.25_lr3/checkpoints/tft-epoch=99-val_loss=0.3995.ckpt

Loading data...
Loading test data from: data/splits/fixed/core_proposal_daily_fixed_test.csv
Detected staleness features in config, adding to data...
  Train samples: 6066
  Test samples: 1300

Preparing test dataset...
Test dataset size after filtering: 1280

Loading model...
Loading model from: experiments/01_staleness_features_fixed/sweep_stale_h16_drop0.25_lr3/checkpoints/tft-epoch=99-val_loss=0.3995.ckpt
Model moved to device: cuda

Extracting attention patterns...
Extracting attention patterns...
Total batches to process: 10
  Processed 10/10 batches

Total predictions: 1280
Total actuals: 1280
Attention shape: (1280, 20)
Encoder variables shape: (1280, 7)

Prediction period: 2020-08-19T00:00:00.000000000 to 2025-10-06T00:00:00.000000000
Total predictions: 1280

Creating temporal periods:
  2020: 92 samples
  2021: 250 samples
  2022: 249 samples
  2023: 249 samples
  2024: 250 samples
  2025: 190 samples

Attention over 20 encoder timesteps

Analyzing attention patterns by period...

Comparing attention patterns across periods...

Creating visualizations...
Saved attention heatmap: experiments/01_staleness_features_fixed/sweep_stale_h16_drop0.25_lr3/attention_analysis_year/attention_heatmap.png
Saved attention trends: experiments/01_staleness_features_fixed/sweep_stale_h16_drop0.25_lr3/attention_analysis_year/attention_trends.png
Saved feature importance comparison: experiments/01_staleness_features_fixed/sweep_stale_h16_drop0.25_lr3/attention_analysis_year/temporal_attention_comparison.png

Saving results...
Saved results: experiments/01_staleness_features_fixed/sweep_stale_h16_drop0.25_lr3/attention_analysis_year/attention_analysis_results.json

======================================================================
ATTENTION ANALYSIS SUMMARY
======================================================================

Per-Period Statistics:
----------------------------------------------------------------------

2020:
  Samples: 92
  Entropy: 2.7562 ± 0.2469
  Concentration: 0.0529
  Top 5 features:
    t-1                            0.0781
    t-2                            0.0705
    t-3                            0.0645
    t-4                            0.0604
    t-5                            0.0573

2021:
  Samples: 250
  Entropy: 2.7587 ± 0.2742
  Concentration: 0.0508
  Top 5 features:
    t-1                            0.0631
    t-2                            0.0592
    t-3                            0.0562
    t-4                            0.0541
    t-5                            0.0530

2022:
  Samples: 249
  Entropy: 2.7859 ± 0.2143
  Concentration: 0.0530
  Top 5 features:
    t-1                            0.0735
    t-2                            0.0680
    t-3                            0.0640
    t-4                            0.0611
    t-5                            0.0589

2023:
  Samples: 249
  Entropy: 2.9455 ± 0.0691
  Concentration: 0.0501
  Top 5 features:
    t-1                            0.0522
    t-11                           0.0520
    t-10                           0.0519
    t-2                            0.0518
    t-9                            0.0518

2024:
  Samples: 250
  Entropy: 2.8734 ± 0.3274
  Concentration: 0.0502
  Top 5 features:
    t-1                            0.0553
    t-2                            0.0540
    t-3                            0.0533
    t-4                            0.0528
    t-5                            0.0523

2025:
  Samples: 190
  Entropy: 2.8067 ± 0.3896
  Concentration: 0.0502
  Top 5 features:
    t-1                            0.0583
    t-13                           0.0523
    t-2                            0.0523
    t-12                           0.0521
    t-14                           0.0520

----------------------------------------------------------------------
Period Comparisons:
----------------------------------------------------------------------

2020_vs_2021:
  Cosine similarity: 0.9930
  L2 distance: 0.0273
  Entropy change: 0.0025
  Concentration change: -0.0022

2020_vs_2022:
  Cosine similarity: 0.9991
  L2 distance: 0.0097
  Entropy change: 0.0297
  Concentration change: 0.0000

2020_vs_2023:
  Cosine similarity: 0.9805
  L2 distance: 0.0452
  Entropy change: 0.1893
  Concentration change: -0.0028

2020_vs_2024:
  Cosine similarity: 0.9832
  L2 distance: 0.0421
  Entropy change: 0.1172
  Concentration change: -0.0028

2020_vs_2025:
  Cosine similarity: 0.9803
  L2 distance: 0.0455
  Entropy change: 0.0505
  Concentration change: -0.0028

2021_vs_2022:
  Cosine similarity: 0.9927
  L2 distance: 0.0279
  Entropy change: 0.0272
  Concentration change: 0.0022

2021_vs_2023:
  Cosine similarity: 0.9968
  L2 distance: 0.0182
  Entropy change: 0.1868
  Concentration change: -0.0006

2021_vs_2024:
  Cosine similarity: 0.9974
  L2 distance: 0.0163
  Entropy change: 0.1147
  Concentration change: -0.0006

2021_vs_2025:
  Cosine similarity: 0.9964
  L2 distance: 0.0191
  Entropy change: 0.0480
  Concentration change: -0.0006

2022_vs_2023:
  Cosine similarity: 0.9809
  L2 distance: 0.0448
  Entropy change: 0.1596
  Concentration change: -0.0028

2022_vs_2024:
  Cosine similarity: 0.9830
  L2 distance: 0.0423
  Entropy change: 0.0875
  Concentration change: -0.0028

2022_vs_2025:
  Cosine similarity: 0.9792
  L2 distance: 0.0467
  Entropy change: 0.0208
  Concentration change: -0.0028

2023_vs_2024:
  Cosine similarity: 0.9995
  L2 distance: 0.0071
  Entropy change: -0.0721
  Concentration change: 0.0000

2023_vs_2025:
  Cosine similarity: 0.9992
  L2 distance: 0.0092
  Entropy change: -0.1388
  Concentration change: 0.0000

2024_vs_2025:
  Cosine similarity: 0.9989
  L2 distance: 0.0107
  Entropy change: -0.0667
  Concentration change: 0.0000

======================================================================

Analysis complete!
Results saved to: experiments/01_staleness_features_fixed/sweep_stale_h16_drop0.25_lr3/attention_analysis_year
  - attention_analysis_results.json
  - attention_heatmap.png
  - attention_trends.png
  - temporal_attention_comparison.png
