Logging to: experiments/01_staleness_features_fixed/sweep_stale_h22_drop0.20_lr3/attention_analysis_year/attention_analysis_20251030_131841.log
Analysis started at: 2025-10-30 13:18:41
======================================================================
Experiment: 01_staleness_features_fixed/sweep_stale_h22_drop0.20_lr3
Output directory: experiments/01_staleness_features_fixed/sweep_stale_h22_drop0.20_lr3/attention_analysis_year
Using best checkpoint: experiments/01_staleness_features_fixed/sweep_stale_h22_drop0.20_lr3/checkpoints/tft-epoch=85-val_loss=0.3985.ckpt

Loading data...
Loading test data from: data/splits/fixed/core_proposal_daily_fixed_test.csv
Detected staleness features in config, adding to data...
  Train samples: 6066
  Test samples: 1300

Preparing test dataset...
Test dataset size after filtering: 1280

Loading model...
Loading model from: experiments/01_staleness_features_fixed/sweep_stale_h22_drop0.20_lr3/checkpoints/tft-epoch=85-val_loss=0.3985.ckpt
Model moved to device: cuda

Extracting attention patterns...
Extracting attention patterns...
Total batches to process: 10
  Processed 10/10 batches

Total predictions: 1280
Total actuals: 1280
Attention shape: (1280, 20)
Encoder variables shape: (1280, 7)

Prediction period: 2020-08-19T00:00:00.000000000 to 2025-10-06T00:00:00.000000000
Total predictions: 1280

Creating temporal periods:
  2020: 92 samples
  2021: 250 samples
  2022: 249 samples
  2023: 249 samples
  2024: 250 samples
  2025: 190 samples

Attention over 20 encoder timesteps

Analyzing attention patterns by period...

Comparing attention patterns across periods...

Creating visualizations...
Saved attention heatmap: experiments/01_staleness_features_fixed/sweep_stale_h22_drop0.20_lr3/attention_analysis_year/attention_heatmap.png
Saved attention trends: experiments/01_staleness_features_fixed/sweep_stale_h22_drop0.20_lr3/attention_analysis_year/attention_trends.png
Saved feature importance comparison: experiments/01_staleness_features_fixed/sweep_stale_h22_drop0.20_lr3/attention_analysis_year/temporal_attention_comparison.png

Saving results...
Saved results: experiments/01_staleness_features_fixed/sweep_stale_h22_drop0.20_lr3/attention_analysis_year/attention_analysis_results.json

======================================================================
ATTENTION ANALYSIS SUMMARY
======================================================================

Per-Period Statistics:
----------------------------------------------------------------------

2020:
  Samples: 92
  Entropy: 2.6748 ± 0.1929
  Concentration: 0.0700
  Top 5 features:
    t-1                            0.1233
    t-2                            0.1062
    t-3                            0.0928
    t-4                            0.0824
    t-5                            0.0740

2021:
  Samples: 250
  Entropy: 2.4385 ± 0.3139
  Concentration: 0.0907
  Top 5 features:
    t-1                            0.1686
    t-2                            0.1385
    t-3                            0.1144
    t-4                            0.0946
    t-5                            0.0785

2022:
  Samples: 249
  Entropy: 2.5770 ± 0.2776
  Concentration: 0.0710
  Top 5 features:
    t-1                            0.1238
    t-2                            0.1063
    t-3                            0.0935
    t-4                            0.0835
    t-5                            0.0755

2023:
  Samples: 249
  Entropy: 2.4843 ± 0.2130
  Concentration: 0.0918
  Top 5 features:
    t-1                            0.1583
    t-2                            0.1354
    t-3                            0.1163
    t-4                            0.1000
    t-5                            0.0858

2024:
  Samples: 250
  Entropy: 2.4443 ± 0.2759
  Concentration: 0.0898
  Top 5 features:
    t-1                            0.1502
    t-2                            0.1305
    t-3                            0.1147
    t-4                            0.1010
    t-5                            0.0885

2025:
  Samples: 190
  Entropy: 2.4065 ± 0.2499
  Concentration: 0.0967
  Top 5 features:
    t-1                            0.1661
    t-2                            0.1415
    t-3                            0.1205
    t-4                            0.1024
    t-5                            0.0864

----------------------------------------------------------------------
Period Comparisons:
----------------------------------------------------------------------

2020_vs_2021:
  Cosine similarity: 0.9783
  L2 distance: 0.0694
  Entropy change: -0.2362
  Concentration change: 0.0208

2020_vs_2022:
  Cosine similarity: 0.9996
  L2 distance: 0.0077
  Entropy change: -0.0978
  Concentration change: 0.0011

2020_vs_2023:
  Cosine similarity: 0.9811
  L2 distance: 0.0671
  Entropy change: -0.1905
  Concentration change: 0.0218

2020_vs_2024:
  Cosine similarity: 0.9839
  L2 distance: 0.0616
  Entropy change: -0.2304
  Concentration change: 0.0198

2020_vs_2025:
  Cosine similarity: 0.9750
  L2 distance: 0.0792
  Entropy change: -0.2683
  Concentration change: 0.0267

2021_vs_2022:
  Cosine similarity: 0.9784
  L2 distance: 0.0684
  Entropy change: 0.1385
  Concentration change: -0.0197

2021_vs_2023:
  Cosine similarity: 0.9968
  L2 distance: 0.0240
  Entropy change: 0.0458
  Concentration change: 0.0010

2021_vs_2024:
  Cosine similarity: 0.9936
  L2 distance: 0.0340
  Entropy change: 0.0058
  Concentration change: -0.0010

2021_vs_2025:
  Cosine similarity: 0.9970
  L2 distance: 0.0256
  Entropy change: -0.0321
  Concentration change: 0.0059

2022_vs_2023:
  Cosine similarity: 0.9830
  L2 distance: 0.0639
  Entropy change: -0.0927
  Concentration change: 0.0207

2022_vs_2024:
  Cosine similarity: 0.9861
  L2 distance: 0.0576
  Entropy change: -0.1327
  Concentration change: 0.0188

2022_vs_2025:
  Cosine similarity: 0.9770
  L2 distance: 0.0761
  Entropy change: -0.1705
  Concentration change: 0.0257

2023_vs_2024:
  Cosine similarity: 0.9993
  L2 distance: 0.0119
  Entropy change: -0.0400
  Concentration change: -0.0020

2023_vs_2025:
  Cosine similarity: 0.9995
  L2 distance: 0.0126
  Entropy change: -0.0778
  Concentration change: 0.0049

2024_vs_2025:
  Cosine similarity: 0.9979
  L2 distance: 0.0228
  Entropy change: -0.0378
  Concentration change: 0.0069

======================================================================

Analysis complete!
Results saved to: experiments/01_staleness_features_fixed/sweep_stale_h22_drop0.20_lr3/attention_analysis_year
  - attention_analysis_results.json
  - attention_heatmap.png
  - attention_trends.png
  - temporal_attention_comparison.png
