Logging to: experiments/01_staleness_features_fixed/sweep_stale_h22_drop0.25_lr5/attention_analysis_year/attention_analysis_20251027_194013.log
Analysis started at: 2025-10-27 19:40:13
======================================================================
Experiment: 01_staleness_features_fixed/sweep_stale_h22_drop0.25_lr5
Output directory: experiments/01_staleness_features_fixed/sweep_stale_h22_drop0.25_lr5/attention_analysis_year
Using best checkpoint: experiments/01_staleness_features_fixed/sweep_stale_h22_drop0.25_lr5/checkpoints/tft-epoch=02-val_loss=0.1447.ckpt

Loading data...
Loading test data from: data/splits/fixed/core_proposal_daily_fixed_test.csv
Detected staleness features in config, adding to data...
  Train samples: 6066
  Test samples: 1300

Preparing test dataset...
Test dataset size after filtering: 1280

Loading model...
Loading model from: experiments/01_staleness_features_fixed/sweep_stale_h22_drop0.25_lr5/checkpoints/tft-epoch=02-val_loss=0.1447.ckpt

Extracting attention patterns...
Extracting attention patterns...
Total batches to process: 10
  Processed 10/10 batches

Total predictions: 1280
Total actuals: 1280
Attention shape: (1280, 20)
Encoder variables shape: (1280, 7)

Prediction period: 2020-08-19T00:00:00.000000000 to 2025-10-06T00:00:00.000000000
Total predictions: 1280

Creating temporal periods:
  2020: 92 samples
  2021: 250 samples
  2022: 249 samples
  2023: 249 samples
  2024: 250 samples
  2025: 190 samples

Attention over 20 encoder timesteps

Analyzing attention patterns by period...

Comparing attention patterns across periods...

Creating visualizations...
Saved attention heatmap: experiments/01_staleness_features_fixed/sweep_stale_h22_drop0.25_lr5/attention_analysis_year/attention_heatmap.png
Saved attention trends: experiments/01_staleness_features_fixed/sweep_stale_h22_drop0.25_lr5/attention_analysis_year/attention_trends.png
Saved feature importance comparison: experiments/01_staleness_features_fixed/sweep_stale_h22_drop0.25_lr5/attention_analysis_year/temporal_attention_comparison.png

Saving results...
Saved results: experiments/01_staleness_features_fixed/sweep_stale_h22_drop0.25_lr5/attention_analysis_year/attention_analysis_results.json

======================================================================
ATTENTION ANALYSIS SUMMARY
======================================================================

Per-Period Statistics:
----------------------------------------------------------------------

2020:
  Samples: 92
  Entropy: 2.9456 ± 0.0503
  Concentration: 0.0501
  Top 5 features:
    t-20                           0.0566
    t-1                            0.0521
    t-2                            0.0516
    t-3                            0.0511
    t-4                            0.0507

2021:
  Samples: 250
  Entropy: 2.9595 ± 0.0328
  Concentration: 0.0501
  Top 5 features:
    t-1                            0.0532
    t-20                           0.0528
    t-2                            0.0527
    t-3                            0.0523
    t-4                            0.0520

2022:
  Samples: 249
  Entropy: 2.9771 ± 0.0112
  Concentration: 0.0502
  Top 5 features:
    t-1                            0.0558
    t-2                            0.0550
    t-3                            0.0543
    t-4                            0.0535
    t-20                           0.0535

2023:
  Samples: 249
  Entropy: 2.9866 ± 0.0041
  Concentration: 0.0501
  Top 5 features:
    t-20                           0.0539
    t-1                            0.0523
    t-2                            0.0520
    t-3                            0.0517
    t-4                            0.0514

2024:
  Samples: 250
  Entropy: 2.9892 ± 0.0034
  Concentration: 0.0500
  Top 5 features:
    t-20                           0.0534
    t-1                            0.0515
    t-2                            0.0513
    t-3                            0.0511
    t-4                            0.0509

2025:
  Samples: 190
  Entropy: 2.9868 ± 0.0045
  Concentration: 0.0500
  Top 5 features:
    t-20                           0.0545
    t-1                            0.0512
    t-2                            0.0510
    t-3                            0.0508
    t-4                            0.0506

----------------------------------------------------------------------
Period Comparisons:
----------------------------------------------------------------------

2020_vs_2021:
  Cosine similarity: 0.9996
  L2 distance: 0.0066
  Entropy change: 0.0140
  Concentration change: 0.0000

2020_vs_2022:
  Cosine similarity: 0.9988
  L2 distance: 0.0108
  Entropy change: 0.0316
  Concentration change: 0.0002

2020_vs_2023:
  Cosine similarity: 0.9999
  L2 distance: 0.0038
  Entropy change: 0.0410
  Concentration change: -0.0000

2020_vs_2024:
  Cosine similarity: 0.9999
  L2 distance: 0.0037
  Entropy change: 0.0437
  Concentration change: -0.0000

2020_vs_2025:
  Cosine similarity: 0.9999
  L2 distance: 0.0027
  Entropy change: 0.0413
  Concentration change: -0.0000

2021_vs_2022:
  Cosine similarity: 0.9996
  L2 distance: 0.0061
  Entropy change: 0.0176
  Concentration change: 0.0001

2021_vs_2023:
  Cosine similarity: 0.9999
  L2 distance: 0.0031
  Entropy change: 0.0270
  Concentration change: -0.0000

2021_vs_2024:
  Cosine similarity: 0.9998
  L2 distance: 0.0050
  Entropy change: 0.0297
  Concentration change: -0.0001

2021_vs_2025:
  Cosine similarity: 0.9996
  L2 distance: 0.0064
  Entropy change: 0.0273
  Concentration change: -0.0001

2022_vs_2023:
  Cosine similarity: 0.9993
  L2 distance: 0.0082
  Entropy change: 0.0094
  Concentration change: -0.0002

2022_vs_2024:
  Cosine similarity: 0.9989
  L2 distance: 0.0105
  Entropy change: 0.0121
  Concentration change: -0.0002

2022_vs_2025:
  Cosine similarity: 0.9987
  L2 distance: 0.0116
  Entropy change: 0.0097
  Concentration change: -0.0002

2023_vs_2024:
  Cosine similarity: 0.9999
  L2 distance: 0.0024
  Entropy change: 0.0027
  Concentration change: -0.0000

2023_vs_2025:
  Cosine similarity: 0.9999
  L2 distance: 0.0035
  Entropy change: 0.0003
  Concentration change: -0.0000

2024_vs_2025:
  Cosine similarity: 1.0000
  L2 distance: 0.0017
  Entropy change: -0.0024
  Concentration change: 0.0000

======================================================================

Analysis complete!
Results saved to: experiments/01_staleness_features_fixed/sweep_stale_h22_drop0.25_lr5/attention_analysis_year
  - attention_analysis_results.json
  - attention_heatmap.png
  - attention_trends.png
  - temporal_attention_comparison.png
