Logging to: experiments/01_staleness_features_fixed/sweep_stale_h22_drop0.25_lr5/attention_analysis_year/attention_analysis_20251030_131904.log
Analysis started at: 2025-10-30 13:19:04
======================================================================
Experiment: 01_staleness_features_fixed/sweep_stale_h22_drop0.25_lr5
Output directory: experiments/01_staleness_features_fixed/sweep_stale_h22_drop0.25_lr5/attention_analysis_year
Using best checkpoint: experiments/01_staleness_features_fixed/sweep_stale_h22_drop0.25_lr5/checkpoints/tft-epoch=56-val_loss=0.3960.ckpt

Loading data...
Loading test data from: data/splits/fixed/core_proposal_daily_fixed_test.csv
Detected staleness features in config, adding to data...
  Train samples: 6066
  Test samples: 1300

Preparing test dataset...
Test dataset size after filtering: 1280

Loading model...
Loading model from: experiments/01_staleness_features_fixed/sweep_stale_h22_drop0.25_lr5/checkpoints/tft-epoch=56-val_loss=0.3960.ckpt
Model moved to device: cuda

Extracting attention patterns...
Extracting attention patterns...
Total batches to process: 10
  Processed 10/10 batches

Total predictions: 1280
Total actuals: 1280
Attention shape: (1280, 20)
Encoder variables shape: (1280, 7)

Prediction period: 2020-08-19T00:00:00.000000000 to 2025-10-06T00:00:00.000000000
Total predictions: 1280

Creating temporal periods:
  2020: 92 samples
  2021: 250 samples
  2022: 249 samples
  2023: 249 samples
  2024: 250 samples
  2025: 190 samples

Attention over 20 encoder timesteps

Analyzing attention patterns by period...

Comparing attention patterns across periods...

Creating visualizations...
Saved attention heatmap: experiments/01_staleness_features_fixed/sweep_stale_h22_drop0.25_lr5/attention_analysis_year/attention_heatmap.png
Saved attention trends: experiments/01_staleness_features_fixed/sweep_stale_h22_drop0.25_lr5/attention_analysis_year/attention_trends.png
Saved feature importance comparison: experiments/01_staleness_features_fixed/sweep_stale_h22_drop0.25_lr5/attention_analysis_year/temporal_attention_comparison.png

Saving results...
Saved results: experiments/01_staleness_features_fixed/sweep_stale_h22_drop0.25_lr5/attention_analysis_year/attention_analysis_results.json

======================================================================
ATTENTION ANALYSIS SUMMARY
======================================================================

Per-Period Statistics:
----------------------------------------------------------------------

2020:
  Samples: 92
  Entropy: 2.7790 ± 0.1504
  Concentration: 0.0582
  Top 5 features:
    t-1                            0.0903
    t-2                            0.0827
    t-3                            0.0764
    t-4                            0.0713
    t-5                            0.0670

2021:
  Samples: 250
  Entropy: 2.5476 ± 0.2895
  Concentration: 0.0768
  Top 5 features:
    t-1                            0.1361
    t-2                            0.1182
    t-3                            0.1032
    t-4                            0.0902
    t-5                            0.0791

2022:
  Samples: 249
  Entropy: 2.5495 ± 0.2686
  Concentration: 0.0813
  Top 5 features:
    t-1                            0.1575
    t-2                            0.1270
    t-3                            0.1040
    t-4                            0.0861
    t-5                            0.0723

2023:
  Samples: 249
  Entropy: 2.5958 ± 0.1790
  Concentration: 0.0774
  Top 5 features:
    t-1                            0.1234
    t-2                            0.1133
    t-3                            0.1036
    t-4                            0.0943
    t-5                            0.0852

2024:
  Samples: 250
  Entropy: 2.5752 ± 0.2804
  Concentration: 0.0726
  Top 5 features:
    t-1                            0.1190
    t-2                            0.1062
    t-3                            0.0966
    t-4                            0.0882
    t-5                            0.0806

2025:
  Samples: 190
  Entropy: 2.5621 ± 0.2396
  Concentration: 0.0757
  Top 5 features:
    t-1                            0.1263
    t-2                            0.1123
    t-3                            0.1004
    t-4                            0.0900
    t-5                            0.0805

----------------------------------------------------------------------
Period Comparisons:
----------------------------------------------------------------------

2020_vs_2021:
  Cosine similarity: 0.9617
  L2 distance: 0.0801
  Entropy change: -0.2314
  Concentration change: 0.0186

2020_vs_2022:
  Cosine similarity: 0.9460
  L2 distance: 0.0967
  Entropy change: -0.2295
  Concentration change: 0.0231

2020_vs_2023:
  Cosine similarity: 0.9637
  L2 distance: 0.0790
  Entropy change: -0.1832
  Concentration change: 0.0193

2020_vs_2024:
  Cosine similarity: 0.9758
  L2 distance: 0.0628
  Entropy change: -0.2039
  Concentration change: 0.0144

2020_vs_2025:
  Cosine similarity: 0.9686
  L2 distance: 0.0729
  Entropy change: -0.2170
  Concentration change: 0.0175

2021_vs_2022:
  Cosine similarity: 0.9957
  L2 distance: 0.0274
  Entropy change: 0.0019
  Concentration change: 0.0045

2021_vs_2023:
  Cosine similarity: 0.9957
  L2 distance: 0.0257
  Entropy change: 0.0482
  Concentration change: 0.0007

2021_vs_2024:
  Cosine similarity: 0.9946
  L2 distance: 0.0294
  Entropy change: 0.0275
  Concentration change: -0.0042

2021_vs_2025:
  Cosine similarity: 0.9966
  L2 distance: 0.0227
  Entropy change: 0.0144
  Concentration change: -0.0011

2022_vs_2023:
  Cosine similarity: 0.9844
  L2 distance: 0.0502
  Entropy change: 0.0463
  Concentration change: -0.0039

2022_vs_2024:
  Cosine similarity: 0.9831
  L2 distance: 0.0533
  Entropy change: 0.0256
  Concentration change: -0.0087

2022_vs_2025:
  Cosine similarity: 0.9875
  L2 distance: 0.0454
  Entropy change: 0.0125
  Concentration change: -0.0056

2023_vs_2024:
  Cosine similarity: 0.9985
  L2 distance: 0.0173
  Entropy change: -0.0206
  Concentration change: -0.0049

2023_vs_2025:
  Cosine similarity: 0.9992
  L2 distance: 0.0112
  Entropy change: -0.0338
  Concentration change: -0.0017

2024_vs_2025:
  Cosine similarity: 0.9992
  L2 distance: 0.0125
  Entropy change: -0.0131
  Concentration change: 0.0031

======================================================================

Analysis complete!
Results saved to: experiments/01_staleness_features_fixed/sweep_stale_h22_drop0.25_lr5/attention_analysis_year
  - attention_analysis_results.json
  - attention_heatmap.png
  - attention_trends.png
  - temporal_attention_comparison.png
