Logging to: experiments/01_staleness_features_fixed/sweep_stale_h16_drop0.15_lr5/attention_analysis_year/attention_analysis_20251027_193840.log
Analysis started at: 2025-10-27 19:38:40
======================================================================
Experiment: 01_staleness_features_fixed/sweep_stale_h16_drop0.15_lr5
Output directory: experiments/01_staleness_features_fixed/sweep_stale_h16_drop0.15_lr5/attention_analysis_year
Using best checkpoint: experiments/01_staleness_features_fixed/sweep_stale_h16_drop0.15_lr5/checkpoints/tft-epoch=01-val_loss=0.1464.ckpt

Loading data...
Loading test data from: data/splits/fixed/core_proposal_daily_fixed_test.csv
Detected staleness features in config, adding to data...
  Train samples: 6066
  Test samples: 1300

Preparing test dataset...
Test dataset size after filtering: 1280

Loading model...
Loading model from: experiments/01_staleness_features_fixed/sweep_stale_h16_drop0.15_lr5/checkpoints/tft-epoch=01-val_loss=0.1464.ckpt

Extracting attention patterns...
Extracting attention patterns...
Total batches to process: 10
  Processed 10/10 batches

Total predictions: 1280
Total actuals: 1280
Attention shape: (1280, 20)
Encoder variables shape: (1280, 7)

Prediction period: 2020-08-19T00:00:00.000000000 to 2025-10-06T00:00:00.000000000
Total predictions: 1280

Creating temporal periods:
  2020: 92 samples
  2021: 250 samples
  2022: 249 samples
  2023: 249 samples
  2024: 250 samples
  2025: 190 samples

Attention over 20 encoder timesteps

Analyzing attention patterns by period...

Comparing attention patterns across periods...

Creating visualizations...
Saved attention heatmap: experiments/01_staleness_features_fixed/sweep_stale_h16_drop0.15_lr5/attention_analysis_year/attention_heatmap.png
Saved attention trends: experiments/01_staleness_features_fixed/sweep_stale_h16_drop0.15_lr5/attention_analysis_year/attention_trends.png
Saved feature importance comparison: experiments/01_staleness_features_fixed/sweep_stale_h16_drop0.15_lr5/attention_analysis_year/temporal_attention_comparison.png

Saving results...
Saved results: experiments/01_staleness_features_fixed/sweep_stale_h16_drop0.15_lr5/attention_analysis_year/attention_analysis_results.json

======================================================================
ATTENTION ANALYSIS SUMMARY
======================================================================

Per-Period Statistics:
----------------------------------------------------------------------

2020:
  Samples: 92
  Entropy: 2.9948 ± 0.0003
  Concentration: 0.0500
  Top 5 features:
    t-20                           0.0519
    t-19                           0.0511
    t-18                           0.0503
    t-17                           0.0500
    t-12                           0.0500

2021:
  Samples: 250
  Entropy: 2.9935 ± 0.0026
  Concentration: 0.0500
  Top 5 features:
    t-20                           0.0543
    t-19                           0.0523
    t-18                           0.0511
    t-17                           0.0505
    t-16                           0.0502

2022:
  Samples: 249
  Entropy: 2.9925 ± 0.0014
  Concentration: 0.0500
  Top 5 features:
    t-20                           0.0541
    t-19                           0.0519
    t-18                           0.0510
    t-17                           0.0506
    t-16                           0.0505

2023:
  Samples: 249
  Entropy: 2.9855 ± 0.0044
  Concentration: 0.0500
  Top 5 features:
    t-20                           0.0533
    t-19                           0.0512
    t-18                           0.0502
    t-14                           0.0500
    t-15                           0.0499

2024:
  Samples: 250
  Entropy: 2.9853 ± 0.0067
  Concentration: 0.0500
  Top 5 features:
    t-20                           0.0538
    t-19                           0.0518
    t-18                           0.0509
    t-17                           0.0506
    t-16                           0.0506

2025:
  Samples: 190
  Entropy: 2.9897 ± 0.0027
  Concentration: 0.0500
  Top 5 features:
    t-20                           0.0527
    t-19                           0.0510
    t-18                           0.0502
    t-15                           0.0500
    t-14                           0.0500

----------------------------------------------------------------------
Period Comparisons:
----------------------------------------------------------------------

2020_vs_2021:
  Cosine similarity: 0.9999
  L2 distance: 0.0033
  Entropy change: -0.0013
  Concentration change: 0.0000

2020_vs_2022:
  Cosine similarity: 0.9999
  L2 distance: 0.0032
  Entropy change: -0.0024
  Concentration change: 0.0000

2020_vs_2023:
  Cosine similarity: 1.0000
  L2 distance: 0.0015
  Entropy change: -0.0093
  Concentration change: 0.0000

2020_vs_2024:
  Cosine similarity: 0.9999
  L2 distance: 0.0033
  Entropy change: -0.0096
  Concentration change: 0.0000

2020_vs_2025:
  Cosine similarity: 1.0000
  L2 distance: 0.0010
  Entropy change: -0.0052
  Concentration change: 0.0000

2021_vs_2022:
  Cosine similarity: 1.0000
  L2 distance: 0.0008
  Entropy change: -0.0011
  Concentration change: -0.0000

2021_vs_2023:
  Cosine similarity: 0.9999
  L2 distance: 0.0023
  Entropy change: -0.0080
  Concentration change: -0.0000

2021_vs_2024:
  Cosine similarity: 1.0000
  L2 distance: 0.0015
  Entropy change: -0.0083
  Concentration change: -0.0000

2021_vs_2025:
  Cosine similarity: 0.9999
  L2 distance: 0.0028
  Entropy change: -0.0039
  Concentration change: -0.0000

2022_vs_2023:
  Cosine similarity: 0.9999
  L2 distance: 0.0023
  Entropy change: -0.0069
  Concentration change: -0.0000

2022_vs_2024:
  Cosine similarity: 1.0000
  L2 distance: 0.0008
  Entropy change: -0.0072
  Concentration change: 0.0000

2022_vs_2025:
  Cosine similarity: 0.9999
  L2 distance: 0.0028
  Entropy change: -0.0028
  Concentration change: -0.0000

2023_vs_2024:
  Cosine similarity: 0.9999
  L2 distance: 0.0026
  Entropy change: -0.0003
  Concentration change: 0.0000

2023_vs_2025:
  Cosine similarity: 1.0000
  L2 distance: 0.0008
  Entropy change: 0.0041
  Concentration change: -0.0000

2024_vs_2025:
  Cosine similarity: 0.9999
  L2 distance: 0.0030
  Entropy change: 0.0044
  Concentration change: -0.0000

======================================================================

Analysis complete!
Results saved to: experiments/01_staleness_features_fixed/sweep_stale_h16_drop0.15_lr5/attention_analysis_year
  - attention_analysis_results.json
  - attention_heatmap.png
  - attention_trends.png
  - temporal_attention_comparison.png
