Logging to: experiments/01_staleness_features_fixed/sweep_stale_h16_drop0.15_lr5/attention_analysis_year/attention_analysis_20251030_131448.log
Analysis started at: 2025-10-30 13:14:48
======================================================================
Experiment: 01_staleness_features_fixed/sweep_stale_h16_drop0.15_lr5
Output directory: experiments/01_staleness_features_fixed/sweep_stale_h16_drop0.15_lr5/attention_analysis_year
Using best checkpoint: experiments/01_staleness_features_fixed/sweep_stale_h16_drop0.15_lr5/checkpoints/tft-epoch=98-val_loss=0.3969.ckpt

Loading data...
Loading test data from: data/splits/fixed/core_proposal_daily_fixed_test.csv
Detected staleness features in config, adding to data...
  Train samples: 6066
  Test samples: 1300

Preparing test dataset...
Test dataset size after filtering: 1280

Loading model...
Loading model from: experiments/01_staleness_features_fixed/sweep_stale_h16_drop0.15_lr5/checkpoints/tft-epoch=98-val_loss=0.3969.ckpt
Model moved to device: cuda

Extracting attention patterns...
Extracting attention patterns...
Total batches to process: 10
  Processed 10/10 batches

Total predictions: 1280
Total actuals: 1280
Attention shape: (1280, 20)
Encoder variables shape: (1280, 7)

Prediction period: 2020-08-19T00:00:00.000000000 to 2025-10-06T00:00:00.000000000
Total predictions: 1280

Creating temporal periods:
  2020: 92 samples
  2021: 250 samples
  2022: 249 samples
  2023: 249 samples
  2024: 250 samples
  2025: 190 samples

Attention over 20 encoder timesteps

Analyzing attention patterns by period...

Comparing attention patterns across periods...

Creating visualizations...
Saved attention heatmap: experiments/01_staleness_features_fixed/sweep_stale_h16_drop0.15_lr5/attention_analysis_year/attention_heatmap.png
Saved attention trends: experiments/01_staleness_features_fixed/sweep_stale_h16_drop0.15_lr5/attention_analysis_year/attention_trends.png
Saved feature importance comparison: experiments/01_staleness_features_fixed/sweep_stale_h16_drop0.15_lr5/attention_analysis_year/temporal_attention_comparison.png

Saving results...
Saved results: experiments/01_staleness_features_fixed/sweep_stale_h16_drop0.15_lr5/attention_analysis_year/attention_analysis_results.json

======================================================================
ATTENTION ANALYSIS SUMMARY
======================================================================

Per-Period Statistics:
----------------------------------------------------------------------

2020:
  Samples: 92
  Entropy: 2.6192 ± 0.3407
  Concentration: 0.0686
  Top 5 features:
    t-1                            0.1458
    t-2                            0.1104
    t-3                            0.0837
    t-4                            0.0656
    t-5                            0.0539

2021:
  Samples: 250
  Entropy: 2.6597 ± 0.4067
  Concentration: 0.0543
  Top 5 features:
    t-1                            0.0920
    t-2                            0.0771
    t-3                            0.0658
    t-4                            0.0578
    t-5                            0.0530

2022:
  Samples: 249
  Entropy: 2.6932 ± 0.3132
  Concentration: 0.0599
  Top 5 features:
    t-1                            0.1127
    t-2                            0.0926
    t-3                            0.0773
    t-4                            0.0658
    t-5                            0.0573

2023:
  Samples: 249
  Entropy: 2.8668 ± 0.1693
  Concentration: 0.0507
  Top 5 features:
    t-1                            0.0601
    t-2                            0.0575
    t-3                            0.0554
    t-4                            0.0540
    t-5                            0.0528

2024:
  Samples: 250
  Entropy: 2.7999 ± 0.4264
  Concentration: 0.0514
  Top 5 features:
    t-1                            0.0698
    t-2                            0.0653
    t-3                            0.0622
    t-4                            0.0591
    t-5                            0.0561

2025:
  Samples: 190
  Entropy: 2.7656 ± 0.4014
  Concentration: 0.0512
  Top 5 features:
    t-1                            0.0733
    t-2                            0.0620
    t-3                            0.0564
    t-4                            0.0527
    t-13                           0.0522

----------------------------------------------------------------------
Period Comparisons:
----------------------------------------------------------------------

2020_vs_2021:
  Cosine similarity: 0.9632
  L2 distance: 0.0729
  Entropy change: 0.0405
  Concentration change: -0.0142

2020_vs_2022:
  Cosine similarity: 0.9891
  L2 distance: 0.0411
  Entropy change: 0.0740
  Concentration change: -0.0086

2020_vs_2023:
  Cosine similarity: 0.8964
  L2 distance: 0.1164
  Entropy change: 0.2477
  Concentration change: -0.0179

2020_vs_2024:
  Cosine similarity: 0.9231
  L2 distance: 0.1018
  Entropy change: 0.1807
  Concentration change: -0.0171

2020_vs_2025:
  Cosine similarity: 0.9199
  L2 distance: 0.1037
  Entropy change: 0.1464
  Concentration change: -0.0173

2021_vs_2022:
  Cosine similarity: 0.9902
  L2 distance: 0.0355
  Entropy change: 0.0335
  Concentration change: 0.0056

2021_vs_2023:
  Cosine similarity: 0.9822
  L2 distance: 0.0439
  Entropy change: 0.2072
  Concentration change: -0.0037

2021_vs_2024:
  Cosine similarity: 0.9902
  L2 distance: 0.0327
  Entropy change: 0.1402
  Concentration change: -0.0029

2021_vs_2025:
  Cosine similarity: 0.9906
  L2 distance: 0.0322
  Entropy change: 0.1059
  Concentration change: -0.0031

2022_vs_2023:
  Cosine similarity: 0.9483
  L2 distance: 0.0780
  Entropy change: 0.1737
  Concentration change: -0.0092

2022_vs_2024:
  Cosine similarity: 0.9665
  L2 distance: 0.0636
  Entropy change: 0.1067
  Concentration change: -0.0085

2022_vs_2025:
  Cosine similarity: 0.9623
  L2 distance: 0.0672
  Entropy change: 0.0724
  Concentration change: -0.0087

2023_vs_2024:
  Cosine similarity: 0.9961
  L2 distance: 0.0201
  Entropy change: -0.0669
  Concentration change: 0.0007

2023_vs_2025:
  Cosine similarity: 0.9975
  L2 distance: 0.0160
  Entropy change: -0.1012
  Concentration change: 0.0006

2024_vs_2025:
  Cosine similarity: 0.9965
  L2 distance: 0.0188
  Entropy change: -0.0343
  Concentration change: -0.0002

======================================================================

Analysis complete!
Results saved to: experiments/01_staleness_features_fixed/sweep_stale_h16_drop0.15_lr5/attention_analysis_year
  - attention_analysis_results.json
  - attention_heatmap.png
  - attention_trends.png
  - temporal_attention_comparison.png
