Logging to: experiments/01_staleness_features_fixed/sweep_stale_h12_drop0.30_lr5/attention_analysis_year/attention_analysis_20251030_131302.log
Analysis started at: 2025-10-30 13:13:02
======================================================================
Experiment: 01_staleness_features_fixed/sweep_stale_h12_drop0.30_lr5
Output directory: experiments/01_staleness_features_fixed/sweep_stale_h12_drop0.30_lr5/attention_analysis_year
Using best checkpoint: experiments/01_staleness_features_fixed/sweep_stale_h12_drop0.30_lr5/checkpoints/tft-epoch=89-val_loss=0.3974.ckpt

Loading data...
Loading test data from: data/splits/fixed/core_proposal_daily_fixed_test.csv
Detected staleness features in config, adding to data...
  Train samples: 6066
  Test samples: 1300

Preparing test dataset...
Test dataset size after filtering: 1280

Loading model...
Loading model from: experiments/01_staleness_features_fixed/sweep_stale_h12_drop0.30_lr5/checkpoints/tft-epoch=89-val_loss=0.3974.ckpt
Model moved to device: cuda

Extracting attention patterns...
Extracting attention patterns...
Total batches to process: 10
  Processed 10/10 batches

Total predictions: 1280
Total actuals: 1280
Attention shape: (1280, 20)
Encoder variables shape: (1280, 7)

Prediction period: 2020-08-19T00:00:00.000000000 to 2025-10-06T00:00:00.000000000
Total predictions: 1280

Creating temporal periods:
  2020: 92 samples
  2021: 250 samples
  2022: 249 samples
  2023: 249 samples
  2024: 250 samples
  2025: 190 samples

Attention over 20 encoder timesteps

Analyzing attention patterns by period...

Comparing attention patterns across periods...

Creating visualizations...
Saved attention heatmap: experiments/01_staleness_features_fixed/sweep_stale_h12_drop0.30_lr5/attention_analysis_year/attention_heatmap.png
Saved attention trends: experiments/01_staleness_features_fixed/sweep_stale_h12_drop0.30_lr5/attention_analysis_year/attention_trends.png
Saved feature importance comparison: experiments/01_staleness_features_fixed/sweep_stale_h12_drop0.30_lr5/attention_analysis_year/temporal_attention_comparison.png

Saving results...
Saved results: experiments/01_staleness_features_fixed/sweep_stale_h12_drop0.30_lr5/attention_analysis_year/attention_analysis_results.json

======================================================================
ATTENTION ANALYSIS SUMMARY
======================================================================

Per-Period Statistics:
----------------------------------------------------------------------

2020:
  Samples: 92
  Entropy: 2.9763 ± 0.0215
  Concentration: 0.0501
  Top 5 features:
    t-1                            0.0514
    t-2                            0.0511
    t-3                            0.0509
    t-4                            0.0508
    t-15                           0.0507

2021:
  Samples: 250
  Entropy: 2.9662 ± 0.0516
  Concentration: 0.0501
  Top 5 features:
    t-1                            0.0529
    t-2                            0.0523
    t-3                            0.0518
    t-4                            0.0513
    t-5                            0.0510

2022:
  Samples: 249
  Entropy: 2.9031 ± 0.0737
  Concentration: 0.0507
  Top 5 features:
    t-1                            0.0625
    t-2                            0.0601
    t-3                            0.0581
    t-4                            0.0563
    t-5                            0.0548

2023:
  Samples: 249
  Entropy: 2.9814 ± 0.0191
  Concentration: 0.0500
  Top 5 features:
    t-15                           0.0513
    t-14                           0.0512
    t-16                           0.0511
    t-13                           0.0509
    t-12                           0.0507

2024:
  Samples: 250
  Entropy: 2.9660 ± 0.0888
  Concentration: 0.0500
  Top 5 features:
    t-1                            0.0523
    t-2                            0.0520
    t-3                            0.0517
    t-4                            0.0514
    t-5                            0.0511

2025:
  Samples: 190
  Entropy: 2.9117 ± 0.2028
  Concentration: 0.0500
  Top 5 features:
    t-1                            0.0526
    t-2                            0.0511
    t-14                           0.0505
    t-13                           0.0505
    t-15                           0.0505

----------------------------------------------------------------------
Period Comparisons:
----------------------------------------------------------------------

2020_vs_2021:
  Cosine similarity: 0.9999
  L2 distance: 0.0028
  Entropy change: -0.0101
  Concentration change: 0.0000

2020_vs_2022:
  Cosine similarity: 0.9951
  L2 distance: 0.0224
  Entropy change: -0.0732
  Concentration change: 0.0007

2020_vs_2023:
  Cosine similarity: 0.9998
  L2 distance: 0.0046
  Entropy change: 0.0051
  Concentration change: -0.0000

2020_vs_2024:
  Cosine similarity: 0.9998
  L2 distance: 0.0043
  Entropy change: -0.0103
  Concentration change: -0.0000

2020_vs_2025:
  Cosine similarity: 0.9998
  L2 distance: 0.0040
  Entropy change: -0.0646
  Concentration change: -0.0000

2021_vs_2022:
  Cosine similarity: 0.9962
  L2 distance: 0.0197
  Entropy change: -0.0631
  Concentration change: 0.0006

2021_vs_2023:
  Cosine similarity: 0.9995
  L2 distance: 0.0072
  Entropy change: 0.0152
  Concentration change: -0.0001

2021_vs_2024:
  Cosine similarity: 0.9998
  L2 distance: 0.0040
  Entropy change: -0.0003
  Concentration change: -0.0000

2021_vs_2025:
  Cosine similarity: 0.9997
  L2 distance: 0.0052
  Entropy change: -0.0545
  Concentration change: -0.0001

2022_vs_2023:
  Cosine similarity: 0.9930
  L2 distance: 0.0267
  Entropy change: 0.0783
  Concentration change: -0.0007

2022_vs_2024:
  Cosine similarity: 0.9957
  L2 distance: 0.0210
  Entropy change: 0.0629
  Concentration change: -0.0007

2022_vs_2025:
  Cosine similarity: 0.9944
  L2 distance: 0.0237
  Entropy change: 0.0086
  Concentration change: -0.0007

2023_vs_2024:
  Cosine similarity: 0.9996
  L2 distance: 0.0064
  Entropy change: -0.0154
  Concentration change: 0.0000

2023_vs_2025:
  Cosine similarity: 0.9999
  L2 distance: 0.0038
  Entropy change: -0.0696
  Concentration change: 0.0000

2024_vs_2025:
  Cosine similarity: 0.9999
  L2 distance: 0.0039
  Entropy change: -0.0542
  Concentration change: -0.0000

======================================================================

Analysis complete!
Results saved to: experiments/01_staleness_features_fixed/sweep_stale_h12_drop0.30_lr5/attention_analysis_year
  - attention_analysis_results.json
  - attention_heatmap.png
  - attention_trends.png
  - temporal_attention_comparison.png
