Logging to: experiments/01_staleness_features_fixed/sweep_stale_h20_drop0.35_lr3/attention_analysis_year/attention_analysis_20251027_193954.log
Analysis started at: 2025-10-27 19:39:54
======================================================================
Experiment: 01_staleness_features_fixed/sweep_stale_h20_drop0.35_lr3
Output directory: experiments/01_staleness_features_fixed/sweep_stale_h20_drop0.35_lr3/attention_analysis_year
Using best checkpoint: experiments/01_staleness_features_fixed/sweep_stale_h20_drop0.35_lr3/checkpoints/tft-epoch=03-val_loss=0.1762.ckpt

Loading data...
Loading test data from: data/splits/fixed/core_proposal_daily_fixed_test.csv
Detected staleness features in config, adding to data...
  Train samples: 6066
  Test samples: 1300

Preparing test dataset...
Test dataset size after filtering: 1280

Loading model...
Loading model from: experiments/01_staleness_features_fixed/sweep_stale_h20_drop0.35_lr3/checkpoints/tft-epoch=03-val_loss=0.1762.ckpt

Extracting attention patterns...
Extracting attention patterns...
Total batches to process: 10
  Processed 10/10 batches

Total predictions: 1280
Total actuals: 1280
Attention shape: (1280, 20)
Encoder variables shape: (1280, 7)

Prediction period: 2020-08-19T00:00:00.000000000 to 2025-10-06T00:00:00.000000000
Total predictions: 1280

Creating temporal periods:
  2020: 92 samples
  2021: 250 samples
  2022: 249 samples
  2023: 249 samples
  2024: 250 samples
  2025: 190 samples

Attention over 20 encoder timesteps

Analyzing attention patterns by period...

Comparing attention patterns across periods...

Creating visualizations...
Saved attention heatmap: experiments/01_staleness_features_fixed/sweep_stale_h20_drop0.35_lr3/attention_analysis_year/attention_heatmap.png
Saved attention trends: experiments/01_staleness_features_fixed/sweep_stale_h20_drop0.35_lr3/attention_analysis_year/attention_trends.png
Saved feature importance comparison: experiments/01_staleness_features_fixed/sweep_stale_h20_drop0.35_lr3/attention_analysis_year/temporal_attention_comparison.png

Saving results...
Saved results: experiments/01_staleness_features_fixed/sweep_stale_h20_drop0.35_lr3/attention_analysis_year/attention_analysis_results.json

======================================================================
ATTENTION ANALYSIS SUMMARY
======================================================================

Per-Period Statistics:
----------------------------------------------------------------------

2020:
  Samples: 92
  Entropy: 2.9839 ± 0.0108
  Concentration: 0.0500
  Top 5 features:
    t-20                           0.0518
    t-19                           0.0515
    t-18                           0.0512
    t-17                           0.0507
    t-16                           0.0503

2021:
  Samples: 250
  Entropy: 2.9907 ± 0.0040
  Concentration: 0.0501
  Top 5 features:
    t-20                           0.0544
    t-19                           0.0536
    t-18                           0.0527
    t-17                           0.0519
    t-16                           0.0514

2022:
  Samples: 249
  Entropy: 2.9829 ± 0.0096
  Concentration: 0.0503
  Top 5 features:
    t-20                           0.0604
    t-19                           0.0580
    t-18                           0.0555
    t-17                           0.0536
    t-16                           0.0523

2023:
  Samples: 249
  Entropy: 2.9902 ± 0.0028
  Concentration: 0.0501
  Top 5 features:
    t-20                           0.0563
    t-19                           0.0539
    t-18                           0.0521
    t-17                           0.0510
    t-16                           0.0503

2024:
  Samples: 250
  Entropy: 2.9927 ± 0.0019
  Concentration: 0.0501
  Top 5 features:
    t-20                           0.0556
    t-19                           0.0533
    t-18                           0.0518
    t-17                           0.0509
    t-16                           0.0503

2025:
  Samples: 190
  Entropy: 2.9851 ± 0.0227
  Concentration: 0.0501
  Top 5 features:
    t-20                           0.0562
    t-19                           0.0537
    t-18                           0.0520
    t-17                           0.0509
    t-16                           0.0501

----------------------------------------------------------------------
Period Comparisons:
----------------------------------------------------------------------

2020_vs_2021:
  Cosine similarity: 0.9997
  L2 distance: 0.0058
  Entropy change: 0.0068
  Concentration change: 0.0001

2020_vs_2022:
  Cosine similarity: 0.9977
  L2 distance: 0.0152
  Entropy change: -0.0010
  Concentration change: 0.0003

2020_vs_2023:
  Cosine similarity: 0.9997
  L2 distance: 0.0056
  Entropy change: 0.0063
  Concentration change: 0.0001

2020_vs_2024:
  Cosine similarity: 0.9998
  L2 distance: 0.0046
  Entropy change: 0.0088
  Concentration change: 0.0000

2020_vs_2025:
  Cosine similarity: 0.9997
  L2 distance: 0.0058
  Entropy change: 0.0012
  Concentration change: 0.0001

2021_vs_2022:
  Cosine similarity: 0.9991
  L2 distance: 0.0097
  Entropy change: -0.0077
  Concentration change: 0.0003

2021_vs_2023:
  Cosine similarity: 0.9998
  L2 distance: 0.0040
  Entropy change: -0.0005
  Concentration change: -0.0000

2021_vs_2024:
  Cosine similarity: 0.9998
  L2 distance: 0.0039
  Entropy change: 0.0020
  Concentration change: -0.0000

2021_vs_2025:
  Cosine similarity: 0.9997
  L2 distance: 0.0059
  Entropy change: -0.0056
  Concentration change: -0.0000

2022_vs_2023:
  Cosine similarity: 0.9989
  L2 distance: 0.0106
  Entropy change: 0.0073
  Concentration change: -0.0003

2022_vs_2024:
  Cosine similarity: 0.9987
  L2 distance: 0.0116
  Entropy change: 0.0097
  Concentration change: -0.0003

2022_vs_2025:
  Cosine similarity: 0.9985
  L2 distance: 0.0123
  Entropy change: 0.0022
  Concentration change: -0.0003

2023_vs_2024:
  Cosine similarity: 1.0000
  L2 distance: 0.0011
  Entropy change: 0.0025
  Concentration change: -0.0000

2023_vs_2025:
  Cosine similarity: 0.9999
  L2 distance: 0.0024
  Entropy change: -0.0051
  Concentration change: -0.0000

2024_vs_2025:
  Cosine similarity: 0.9999
  L2 distance: 0.0023
  Entropy change: -0.0076
  Concentration change: 0.0000

======================================================================

Analysis complete!
Results saved to: experiments/01_staleness_features_fixed/sweep_stale_h20_drop0.35_lr3/attention_analysis_year
  - attention_analysis_results.json
  - attention_heatmap.png
  - attention_trends.png
  - temporal_attention_comparison.png
