Logging to: experiments/01_staleness_features_fixed/sweep_stale_h20_drop0.35_lr3/attention_analysis_year/attention_analysis_20251030_131811.log
Analysis started at: 2025-10-30 13:18:11
======================================================================
Experiment: 01_staleness_features_fixed/sweep_stale_h20_drop0.35_lr3
Output directory: experiments/01_staleness_features_fixed/sweep_stale_h20_drop0.35_lr3/attention_analysis_year
Using best checkpoint: experiments/01_staleness_features_fixed/sweep_stale_h20_drop0.35_lr3/checkpoints/tft-epoch=72-val_loss=0.4039.ckpt

Loading data...
Loading test data from: data/splits/fixed/core_proposal_daily_fixed_test.csv
Detected staleness features in config, adding to data...
  Train samples: 6066
  Test samples: 1300

Preparing test dataset...
Test dataset size after filtering: 1280

Loading model...
Loading model from: experiments/01_staleness_features_fixed/sweep_stale_h20_drop0.35_lr3/checkpoints/tft-epoch=72-val_loss=0.4039.ckpt
Model moved to device: cuda

Extracting attention patterns...
Extracting attention patterns...
Total batches to process: 10
  Processed 10/10 batches

Total predictions: 1280
Total actuals: 1280
Attention shape: (1280, 20)
Encoder variables shape: (1280, 7)

Prediction period: 2020-08-19T00:00:00.000000000 to 2025-10-06T00:00:00.000000000
Total predictions: 1280

Creating temporal periods:
  2020: 92 samples
  2021: 250 samples
  2022: 249 samples
  2023: 249 samples
  2024: 250 samples
  2025: 190 samples

Attention over 20 encoder timesteps

Analyzing attention patterns by period...

Comparing attention patterns across periods...

Creating visualizations...
Saved attention heatmap: experiments/01_staleness_features_fixed/sweep_stale_h20_drop0.35_lr3/attention_analysis_year/attention_heatmap.png
Saved attention trends: experiments/01_staleness_features_fixed/sweep_stale_h20_drop0.35_lr3/attention_analysis_year/attention_trends.png
Saved feature importance comparison: experiments/01_staleness_features_fixed/sweep_stale_h20_drop0.35_lr3/attention_analysis_year/temporal_attention_comparison.png

Saving results...
Saved results: experiments/01_staleness_features_fixed/sweep_stale_h20_drop0.35_lr3/attention_analysis_year/attention_analysis_results.json

======================================================================
ATTENTION ANALYSIS SUMMARY
======================================================================

Per-Period Statistics:
----------------------------------------------------------------------

2020:
  Samples: 92
  Entropy: 2.9727 ± 0.0346
  Concentration: 0.0504
  Top 5 features:
    t-1                            0.0566
    t-2                            0.0556
    t-3                            0.0548
    t-4                            0.0541
    t-5                            0.0535

2021:
  Samples: 250
  Entropy: 2.9444 ± 0.0984
  Concentration: 0.0503
  Top 5 features:
    t-1                            0.0565
    t-2                            0.0552
    t-3                            0.0541
    t-4                            0.0532
    t-5                            0.0527

2022:
  Samples: 249
  Entropy: 2.8806 ± 0.0962
  Concentration: 0.0518
  Top 5 features:
    t-1                            0.0668
    t-2                            0.0628
    t-3                            0.0598
    t-4                            0.0577
    t-5                            0.0561

2023:
  Samples: 249
  Entropy: 2.9759 ± 0.0273
  Concentration: 0.0501
  Top 5 features:
    t-1                            0.0532
    t-2                            0.0528
    t-3                            0.0524
    t-4                            0.0521
    t-5                            0.0518

2024:
  Samples: 250
  Entropy: 2.9650 ± 0.0937
  Concentration: 0.0502
  Top 5 features:
    t-1                            0.0557
    t-2                            0.0550
    t-3                            0.0544
    t-4                            0.0537
    t-5                            0.0530

2025:
  Samples: 190
  Entropy: 2.9497 ± 0.1177
  Concentration: 0.0502
  Top 5 features:
    t-1                            0.0569
    t-2                            0.0543
    t-3                            0.0532
    t-4                            0.0526
    t-5                            0.0520

----------------------------------------------------------------------
Period Comparisons:
----------------------------------------------------------------------

2020_vs_2021:
  Cosine similarity: 1.0000
  L2 distance: 0.0021
  Entropy change: -0.0283
  Concentration change: -0.0001

2020_vs_2022:
  Cosine similarity: 0.9948
  L2 distance: 0.0233
  Entropy change: -0.0921
  Concentration change: 0.0014

2020_vs_2023:
  Cosine similarity: 0.9993
  L2 distance: 0.0084
  Entropy change: 0.0032
  Concentration change: -0.0003

2020_vs_2024:
  Cosine similarity: 0.9991
  L2 distance: 0.0097
  Entropy change: -0.0078
  Concentration change: -0.0002

2020_vs_2025:
  Cosine similarity: 0.9995
  L2 distance: 0.0073
  Entropy change: -0.0231
  Concentration change: -0.0002

2021_vs_2022:
  Cosine similarity: 0.9941
  L2 distance: 0.0247
  Entropy change: -0.0638
  Concentration change: 0.0015

2021_vs_2023:
  Cosine similarity: 0.9995
  L2 distance: 0.0067
  Entropy change: 0.0315
  Concentration change: -0.0002

2021_vs_2024:
  Cosine similarity: 0.9992
  L2 distance: 0.0091
  Entropy change: 0.0206
  Concentration change: -0.0001

2021_vs_2025:
  Cosine similarity: 0.9997
  L2 distance: 0.0059
  Entropy change: 0.0053
  Concentration change: -0.0001

2022_vs_2023:
  Cosine similarity: 0.9905
  L2 distance: 0.0313
  Entropy change: 0.0953
  Concentration change: -0.0017

2022_vs_2024:
  Cosine similarity: 0.9906
  L2 distance: 0.0312
  Entropy change: 0.0844
  Concentration change: -0.0016

2022_vs_2025:
  Cosine similarity: 0.9915
  L2 distance: 0.0296
  Entropy change: 0.0691
  Concentration change: -0.0016

2023_vs_2024:
  Cosine similarity: 0.9994
  L2 distance: 0.0080
  Entropy change: -0.0110
  Concentration change: 0.0001

2023_vs_2025:
  Cosine similarity: 0.9997
  L2 distance: 0.0050
  Entropy change: -0.0263
  Concentration change: 0.0000

2024_vs_2025:
  Cosine similarity: 0.9998
  L2 distance: 0.0048
  Entropy change: -0.0153
  Concentration change: -0.0000

======================================================================

Analysis complete!
Results saved to: experiments/01_staleness_features_fixed/sweep_stale_h20_drop0.35_lr3/attention_analysis_year
  - attention_analysis_results.json
  - attention_heatmap.png
  - attention_trends.png
  - temporal_attention_comparison.png
