Logging to: experiments/01_staleness_features_fixed/sweep_stale_h20_drop0.30_lr3/attention_analysis_year/attention_analysis_20251030_131756.log
Analysis started at: 2025-10-30 13:17:56
======================================================================
Experiment: 01_staleness_features_fixed/sweep_stale_h20_drop0.30_lr3
Output directory: experiments/01_staleness_features_fixed/sweep_stale_h20_drop0.30_lr3/attention_analysis_year
Using best checkpoint: experiments/01_staleness_features_fixed/sweep_stale_h20_drop0.30_lr3/checkpoints/tft-epoch=63-val_loss=0.4037.ckpt

Loading data...
Loading test data from: data/splits/fixed/core_proposal_daily_fixed_test.csv
Detected staleness features in config, adding to data...
  Train samples: 6066
  Test samples: 1300

Preparing test dataset...
Test dataset size after filtering: 1280

Loading model...
Loading model from: experiments/01_staleness_features_fixed/sweep_stale_h20_drop0.30_lr3/checkpoints/tft-epoch=63-val_loss=0.4037.ckpt
Model moved to device: cuda

Extracting attention patterns...
Extracting attention patterns...
Total batches to process: 10
  Processed 10/10 batches

Total predictions: 1280
Total actuals: 1280
Attention shape: (1280, 20)
Encoder variables shape: (1280, 7)

Prediction period: 2020-08-19T00:00:00.000000000 to 2025-10-06T00:00:00.000000000
Total predictions: 1280

Creating temporal periods:
  2020: 92 samples
  2021: 250 samples
  2022: 249 samples
  2023: 249 samples
  2024: 250 samples
  2025: 190 samples

Attention over 20 encoder timesteps

Analyzing attention patterns by period...

Comparing attention patterns across periods...

Creating visualizations...
Saved attention heatmap: experiments/01_staleness_features_fixed/sweep_stale_h20_drop0.30_lr3/attention_analysis_year/attention_heatmap.png
Saved attention trends: experiments/01_staleness_features_fixed/sweep_stale_h20_drop0.30_lr3/attention_analysis_year/attention_trends.png
Saved feature importance comparison: experiments/01_staleness_features_fixed/sweep_stale_h20_drop0.30_lr3/attention_analysis_year/temporal_attention_comparison.png

Saving results...
Saved results: experiments/01_staleness_features_fixed/sweep_stale_h20_drop0.30_lr3/attention_analysis_year/attention_analysis_results.json

======================================================================
ATTENTION ANALYSIS SUMMARY
======================================================================

Per-Period Statistics:
----------------------------------------------------------------------

2020:
  Samples: 92
  Entropy: 2.9808 ± 0.0205
  Concentration: 0.0504
  Top 5 features:
    t-1                            0.0569
    t-2                            0.0561
    t-3                            0.0553
    t-4                            0.0546
    t-5                            0.0540

2021:
  Samples: 250
  Entropy: 2.9610 ± 0.0588
  Concentration: 0.0504
  Top 5 features:
    t-1                            0.0571
    t-2                            0.0561
    t-3                            0.0551
    t-4                            0.0542
    t-5                            0.0535

2022:
  Samples: 249
  Entropy: 2.9451 ± 0.0579
  Concentration: 0.0511
  Top 5 features:
    t-1                            0.0638
    t-2                            0.0609
    t-3                            0.0585
    t-4                            0.0566
    t-5                            0.0552

2023:
  Samples: 249
  Entropy: 2.9822 ± 0.0115
  Concentration: 0.0503
  Top 5 features:
    t-1                            0.0553
    t-2                            0.0547
    t-3                            0.0542
    t-4                            0.0537
    t-5                            0.0531

2024:
  Samples: 250
  Entropy: 2.9672 ± 0.0804
  Concentration: 0.0504
  Top 5 features:
    t-1                            0.0582
    t-2                            0.0574
    t-3                            0.0564
    t-4                            0.0554
    t-5                            0.0544

2025:
  Samples: 190
  Entropy: 2.9569 ± 0.0925
  Concentration: 0.0502
  Top 5 features:
    t-1                            0.0577
    t-2                            0.0551
    t-3                            0.0539
    t-4                            0.0532
    t-5                            0.0525

----------------------------------------------------------------------
Period Comparisons:
----------------------------------------------------------------------

2020_vs_2021:
  Cosine similarity: 1.0000
  L2 distance: 0.0014
  Entropy change: -0.0198
  Concentration change: -0.0000

2020_vs_2022:
  Cosine similarity: 0.9985
  L2 distance: 0.0125
  Entropy change: -0.0356
  Concentration change: 0.0006

2020_vs_2023:
  Cosine similarity: 0.9998
  L2 distance: 0.0047
  Entropy change: 0.0014
  Concentration change: -0.0002

2020_vs_2024:
  Cosine similarity: 0.9995
  L2 distance: 0.0074
  Entropy change: -0.0135
  Concentration change: -0.0000

2020_vs_2025:
  Cosine similarity: 0.9995
  L2 distance: 0.0071
  Entropy change: -0.0239
  Concentration change: -0.0002

2021_vs_2022:
  Cosine similarity: 0.9984
  L2 distance: 0.0129
  Entropy change: -0.0158
  Concentration change: 0.0007

2021_vs_2023:
  Cosine similarity: 0.9998
  L2 distance: 0.0041
  Entropy change: 0.0212
  Concentration change: -0.0001

2021_vs_2024:
  Cosine similarity: 0.9994
  L2 distance: 0.0076
  Entropy change: 0.0063
  Concentration change: 0.0000

2021_vs_2025:
  Cosine similarity: 0.9996
  L2 distance: 0.0063
  Entropy change: -0.0041
  Concentration change: -0.0002

2022_vs_2023:
  Cosine similarity: 0.9972
  L2 distance: 0.0168
  Entropy change: 0.0370
  Concentration change: -0.0008

2022_vs_2024:
  Cosine similarity: 0.9977
  L2 distance: 0.0154
  Entropy change: 0.0221
  Concentration change: -0.0007

2022_vs_2025:
  Cosine similarity: 0.9969
  L2 distance: 0.0178
  Entropy change: 0.0117
  Concentration change: -0.0008

2023_vs_2024:
  Cosine similarity: 0.9994
  L2 distance: 0.0075
  Entropy change: -0.0149
  Concentration change: 0.0001

2023_vs_2025:
  Cosine similarity: 0.9998
  L2 distance: 0.0040
  Entropy change: -0.0253
  Concentration change: -0.0000

2024_vs_2025:
  Cosine similarity: 0.9995
  L2 distance: 0.0068
  Entropy change: -0.0104
  Concentration change: -0.0002

======================================================================

Analysis complete!
Results saved to: experiments/01_staleness_features_fixed/sweep_stale_h20_drop0.30_lr3/attention_analysis_year
  - attention_analysis_results.json
  - attention_heatmap.png
  - attention_trends.png
  - temporal_attention_comparison.png
