Logging to: experiments/01_staleness_features_fixed/sweep_stale_h20_drop0.30_lr3/attention_analysis_year/attention_analysis_20251027_193948.log
Analysis started at: 2025-10-27 19:39:48
======================================================================
Experiment: 01_staleness_features_fixed/sweep_stale_h20_drop0.30_lr3
Output directory: experiments/01_staleness_features_fixed/sweep_stale_h20_drop0.30_lr3/attention_analysis_year
Using best checkpoint: experiments/01_staleness_features_fixed/sweep_stale_h20_drop0.30_lr3/checkpoints/tft-epoch=02-val_loss=0.1731.ckpt

Loading data...
Loading test data from: data/splits/fixed/core_proposal_daily_fixed_test.csv
Detected staleness features in config, adding to data...
  Train samples: 6066
  Test samples: 1300

Preparing test dataset...
Test dataset size after filtering: 1280

Loading model...
Loading model from: experiments/01_staleness_features_fixed/sweep_stale_h20_drop0.30_lr3/checkpoints/tft-epoch=02-val_loss=0.1731.ckpt

Extracting attention patterns...
Extracting attention patterns...
Total batches to process: 10
  Processed 10/10 batches

Total predictions: 1280
Total actuals: 1280
Attention shape: (1280, 20)
Encoder variables shape: (1280, 7)

Prediction period: 2020-08-19T00:00:00.000000000 to 2025-10-06T00:00:00.000000000
Total predictions: 1280

Creating temporal periods:
  2020: 92 samples
  2021: 250 samples
  2022: 249 samples
  2023: 249 samples
  2024: 250 samples
  2025: 190 samples

Attention over 20 encoder timesteps

Analyzing attention patterns by period...

Comparing attention patterns across periods...

Creating visualizations...
Saved attention heatmap: experiments/01_staleness_features_fixed/sweep_stale_h20_drop0.30_lr3/attention_analysis_year/attention_heatmap.png
Saved attention trends: experiments/01_staleness_features_fixed/sweep_stale_h20_drop0.30_lr3/attention_analysis_year/attention_trends.png
Saved feature importance comparison: experiments/01_staleness_features_fixed/sweep_stale_h20_drop0.30_lr3/attention_analysis_year/temporal_attention_comparison.png

Saving results...
Saved results: experiments/01_staleness_features_fixed/sweep_stale_h20_drop0.30_lr3/attention_analysis_year/attention_analysis_results.json

======================================================================
ATTENTION ANALYSIS SUMMARY
======================================================================

Per-Period Statistics:
----------------------------------------------------------------------

2020:
  Samples: 92
  Entropy: 2.9869 ± 0.0087
  Concentration: 0.0500
  Top 5 features:
    t-20                           0.0511
    t-19                           0.0510
    t-18                           0.0507
    t-17                           0.0504
    t-16                           0.0501

2021:
  Samples: 250
  Entropy: 2.9922 ± 0.0031
  Concentration: 0.0500
  Top 5 features:
    t-20                           0.0531
    t-19                           0.0524
    t-18                           0.0518
    t-17                           0.0512
    t-16                           0.0508

2022:
  Samples: 249
  Entropy: 2.9866 ± 0.0073
  Concentration: 0.0502
  Top 5 features:
    t-20                           0.0586
    t-19                           0.0566
    t-18                           0.0546
    t-17                           0.0530
    t-16                           0.0518

2023:
  Samples: 249
  Entropy: 2.9925 ± 0.0020
  Concentration: 0.0500
  Top 5 features:
    t-20                           0.0552
    t-19                           0.0531
    t-18                           0.0518
    t-17                           0.0509
    t-16                           0.0503

2024:
  Samples: 250
  Entropy: 2.9942 ± 0.0012
  Concentration: 0.0500
  Top 5 features:
    t-20                           0.0545
    t-19                           0.0526
    t-18                           0.0516
    t-17                           0.0508
    t-16                           0.0503

2025:
  Samples: 190
  Entropy: 2.9876 ± 0.0193
  Concentration: 0.0501
  Top 5 features:
    t-20                           0.0553
    t-19                           0.0532
    t-18                           0.0519
    t-17                           0.0510
    t-16                           0.0503

----------------------------------------------------------------------
Period Comparisons:
----------------------------------------------------------------------

2020_vs_2021:
  Cosine similarity: 0.9998
  L2 distance: 0.0040
  Entropy change: 0.0052
  Concentration change: 0.0000

2020_vs_2022:
  Cosine similarity: 0.9983
  L2 distance: 0.0132
  Entropy change: -0.0004
  Concentration change: 0.0002

2020_vs_2023:
  Cosine similarity: 0.9997
  L2 distance: 0.0052
  Entropy change: 0.0056
  Concentration change: 0.0000

2020_vs_2024:
  Cosine similarity: 0.9998
  L2 distance: 0.0044
  Entropy change: 0.0073
  Concentration change: 0.0000

2020_vs_2025:
  Cosine similarity: 0.9997
  L2 distance: 0.0056
  Entropy change: 0.0006
  Concentration change: 0.0000

2021_vs_2022:
  Cosine similarity: 0.9991
  L2 distance: 0.0093
  Entropy change: -0.0056
  Concentration change: 0.0002

2021_vs_2023:
  Cosine similarity: 0.9999
  L2 distance: 0.0030
  Entropy change: 0.0004
  Concentration change: 0.0000

2021_vs_2024:
  Cosine similarity: 0.9999
  L2 distance: 0.0023
  Entropy change: 0.0021
  Concentration change: 0.0000

2021_vs_2025:
  Cosine similarity: 0.9998
  L2 distance: 0.0040
  Entropy change: -0.0046
  Concentration change: 0.0000

2022_vs_2023:
  Cosine similarity: 0.9993
  L2 distance: 0.0087
  Entropy change: 0.0060
  Concentration change: -0.0002

2022_vs_2024:
  Cosine similarity: 0.9991
  L2 distance: 0.0093
  Entropy change: 0.0077
  Concentration change: -0.0002

2022_vs_2025:
  Cosine similarity: 0.9992
  L2 distance: 0.0092
  Entropy change: 0.0010
  Concentration change: -0.0002

2023_vs_2024:
  Cosine similarity: 1.0000
  L2 distance: 0.0010
  Entropy change: 0.0017
  Concentration change: -0.0000

2023_vs_2025:
  Cosine similarity: 1.0000
  L2 distance: 0.0014
  Entropy change: -0.0050
  Concentration change: 0.0000

2024_vs_2025:
  Cosine similarity: 1.0000
  L2 distance: 0.0019
  Entropy change: -0.0067
  Concentration change: 0.0000

======================================================================

Analysis complete!
Results saved to: experiments/01_staleness_features_fixed/sweep_stale_h20_drop0.30_lr3/attention_analysis_year
  - attention_analysis_results.json
  - attention_heatmap.png
  - attention_trends.png
  - temporal_attention_comparison.png
