Logging to: experiments/01_staleness_features_fixed/sweep_stale_h22_drop0.30_lr3/attention_analysis_year/attention_analysis_20251030_131912.log
Analysis started at: 2025-10-30 13:19:12
======================================================================
Experiment: 01_staleness_features_fixed/sweep_stale_h22_drop0.30_lr3
Output directory: experiments/01_staleness_features_fixed/sweep_stale_h22_drop0.30_lr3/attention_analysis_year
Using best checkpoint: experiments/01_staleness_features_fixed/sweep_stale_h22_drop0.30_lr3/checkpoints/tft-epoch=85-val_loss=0.3986.ckpt

Loading data...
Loading test data from: data/splits/fixed/core_proposal_daily_fixed_test.csv
Detected staleness features in config, adding to data...
  Train samples: 6066
  Test samples: 1300

Preparing test dataset...
Test dataset size after filtering: 1280

Loading model...
Loading model from: experiments/01_staleness_features_fixed/sweep_stale_h22_drop0.30_lr3/checkpoints/tft-epoch=85-val_loss=0.3986.ckpt
Model moved to device: cuda

Extracting attention patterns...
Extracting attention patterns...
Total batches to process: 10
  Processed 10/10 batches

Total predictions: 1280
Total actuals: 1280
Attention shape: (1280, 20)
Encoder variables shape: (1280, 7)

Prediction period: 2020-08-19T00:00:00.000000000 to 2025-10-06T00:00:00.000000000
Total predictions: 1280

Creating temporal periods:
  2020: 92 samples
  2021: 250 samples
  2022: 249 samples
  2023: 249 samples
  2024: 250 samples
  2025: 190 samples

Attention over 20 encoder timesteps

Analyzing attention patterns by period...

Comparing attention patterns across periods...

Creating visualizations...
Saved attention heatmap: experiments/01_staleness_features_fixed/sweep_stale_h22_drop0.30_lr3/attention_analysis_year/attention_heatmap.png
Saved attention trends: experiments/01_staleness_features_fixed/sweep_stale_h22_drop0.30_lr3/attention_analysis_year/attention_trends.png
Saved feature importance comparison: experiments/01_staleness_features_fixed/sweep_stale_h22_drop0.30_lr3/attention_analysis_year/temporal_attention_comparison.png

Saving results...
Saved results: experiments/01_staleness_features_fixed/sweep_stale_h22_drop0.30_lr3/attention_analysis_year/attention_analysis_results.json

======================================================================
ATTENTION ANALYSIS SUMMARY
======================================================================

Per-Period Statistics:
----------------------------------------------------------------------

2020:
  Samples: 92
  Entropy: 2.7833 ± 0.1366
  Concentration: 0.0615
  Top 5 features:
    t-1                            0.1026
    t-2                            0.0910
    t-3                            0.0815
    t-4                            0.0740
    t-5                            0.0678

2021:
  Samples: 250
  Entropy: 2.5982 ± 0.2857
  Concentration: 0.0717
  Top 5 features:
    t-1                            0.1231
    t-2                            0.1092
    t-3                            0.0973
    t-4                            0.0870
    t-5                            0.0781

2022:
  Samples: 249
  Entropy: 2.6972 ± 0.2236
  Concentration: 0.0595
  Top 5 features:
    t-1                            0.0917
    t-2                            0.0820
    t-3                            0.0748
    t-4                            0.0694
    t-5                            0.0653

2023:
  Samples: 249
  Entropy: 2.6858 ± 0.1864
  Concentration: 0.0700
  Top 5 features:
    t-1                            0.1120
    t-2                            0.1029
    t-3                            0.0944
    t-4                            0.0864
    t-5                            0.0788

2024:
  Samples: 250
  Entropy: 2.6556 ± 0.2595
  Concentration: 0.0675
  Top 5 features:
    t-1                            0.1053
    t-2                            0.0965
    t-3                            0.0896
    t-4                            0.0835
    t-5                            0.0777

2025:
  Samples: 190
  Entropy: 2.6388 ± 0.2266
  Concentration: 0.0710
  Top 5 features:
    t-1                            0.1120
    t-2                            0.1027
    t-3                            0.0941
    t-4                            0.0863
    t-5                            0.0790

----------------------------------------------------------------------
Period Comparisons:
----------------------------------------------------------------------

2020_vs_2021:
  Cosine similarity: 0.9869
  L2 distance: 0.0462
  Entropy change: -0.1851
  Concentration change: 0.0102

2020_vs_2022:
  Cosine similarity: 0.9958
  L2 distance: 0.0229
  Entropy change: -0.0861
  Concentration change: -0.0020

2020_vs_2023:
  Cosine similarity: 0.9893
  L2 distance: 0.0411
  Entropy change: -0.0976
  Concentration change: 0.0085

2020_vs_2024:
  Cosine similarity: 0.9912
  L2 distance: 0.0357
  Entropy change: -0.1277
  Concentration change: 0.0060

2020_vs_2025:
  Cosine similarity: 0.9872
  L2 distance: 0.0451
  Entropy change: -0.1445
  Concentration change: 0.0095

2021_vs_2022:
  Cosine similarity: 0.9703
  L2 distance: 0.0667
  Entropy change: 0.0990
  Concentration change: -0.0122

2021_vs_2023:
  Cosine similarity: 0.9971
  L2 distance: 0.0204
  Entropy change: 0.0875
  Concentration change: -0.0017

2021_vs_2024:
  Cosine similarity: 0.9934
  L2 distance: 0.0313
  Entropy change: 0.0574
  Concentration change: -0.0042

2021_vs_2025:
  Cosine similarity: 0.9951
  L2 distance: 0.0265
  Entropy change: 0.0406
  Concentration change: -0.0007

2022_vs_2023:
  Cosine similarity: 0.9780
  L2 distance: 0.0571
  Entropy change: -0.0114
  Concentration change: 0.0105

2022_vs_2024:
  Cosine similarity: 0.9836
  L2 distance: 0.0483
  Entropy change: -0.0416
  Concentration change: 0.0080

2022_vs_2025:
  Cosine similarity: 0.9772
  L2 distance: 0.0590
  Entropy change: -0.0584
  Concentration change: 0.0115

2023_vs_2024:
  Cosine similarity: 0.9990
  L2 distance: 0.0128
  Entropy change: -0.0301
  Concentration change: -0.0025

2023_vs_2025:
  Cosine similarity: 0.9996
  L2 distance: 0.0081
  Entropy change: -0.0469
  Concentration change: 0.0010

2024_vs_2025:
  Cosine similarity: 0.9989
  L2 distance: 0.0138
  Entropy change: -0.0168
  Concentration change: 0.0035

======================================================================

Analysis complete!
Results saved to: experiments/01_staleness_features_fixed/sweep_stale_h22_drop0.30_lr3/attention_analysis_year
  - attention_analysis_results.json
  - attention_heatmap.png
  - attention_trends.png
  - temporal_attention_comparison.png
