Logging to: experiments/01_staleness_features_fixed/sweep_stale_h20_drop0.25_lr5/attention_analysis_year/attention_analysis_20251030_131748.log
Analysis started at: 2025-10-30 13:17:48
======================================================================
Experiment: 01_staleness_features_fixed/sweep_stale_h20_drop0.25_lr5
Output directory: experiments/01_staleness_features_fixed/sweep_stale_h20_drop0.25_lr5/attention_analysis_year
Using best checkpoint: experiments/01_staleness_features_fixed/sweep_stale_h20_drop0.25_lr5/checkpoints/tft-epoch=63-val_loss=0.4013.ckpt

Loading data...
Loading test data from: data/splits/fixed/core_proposal_daily_fixed_test.csv
Detected staleness features in config, adding to data...
  Train samples: 6066
  Test samples: 1300

Preparing test dataset...
Test dataset size after filtering: 1280

Loading model...
Loading model from: experiments/01_staleness_features_fixed/sweep_stale_h20_drop0.25_lr5/checkpoints/tft-epoch=63-val_loss=0.4013.ckpt
Model moved to device: cuda

Extracting attention patterns...
Extracting attention patterns...
Total batches to process: 10
  Processed 10/10 batches

Total predictions: 1280
Total actuals: 1280
Attention shape: (1280, 20)
Encoder variables shape: (1280, 7)

Prediction period: 2020-08-19T00:00:00.000000000 to 2025-10-06T00:00:00.000000000
Total predictions: 1280

Creating temporal periods:
  2020: 92 samples
  2021: 250 samples
  2022: 249 samples
  2023: 249 samples
  2024: 250 samples
  2025: 190 samples

Attention over 20 encoder timesteps

Analyzing attention patterns by period...

Comparing attention patterns across periods...

Creating visualizations...
Saved attention heatmap: experiments/01_staleness_features_fixed/sweep_stale_h20_drop0.25_lr5/attention_analysis_year/attention_heatmap.png
Saved attention trends: experiments/01_staleness_features_fixed/sweep_stale_h20_drop0.25_lr5/attention_analysis_year/attention_trends.png
Saved feature importance comparison: experiments/01_staleness_features_fixed/sweep_stale_h20_drop0.25_lr5/attention_analysis_year/temporal_attention_comparison.png

Saving results...
Saved results: experiments/01_staleness_features_fixed/sweep_stale_h20_drop0.25_lr5/attention_analysis_year/attention_analysis_results.json

======================================================================
ATTENTION ANALYSIS SUMMARY
======================================================================

Per-Period Statistics:
----------------------------------------------------------------------

2020:
  Samples: 92
  Entropy: 2.9596 ± 0.0407
  Concentration: 0.0506
  Top 5 features:
    t-1                            0.0625
    t-2                            0.0600
    t-3                            0.0579
    t-4                            0.0561
    t-5                            0.0546

2021:
  Samples: 250
  Entropy: 2.9094 ± 0.1287
  Concentration: 0.0513
  Top 5 features:
    t-1                            0.0651
    t-2                            0.0625
    t-3                            0.0600
    t-4                            0.0579
    t-5                            0.0564

2022:
  Samples: 249
  Entropy: 2.8333 ± 0.1325
  Concentration: 0.0549
  Top 5 features:
    t-1                            0.0778
    t-2                            0.0711
    t-3                            0.0666
    t-4                            0.0636
    t-5                            0.0613

2023:
  Samples: 249
  Entropy: 2.9593 ± 0.0387
  Concentration: 0.0506
  Top 5 features:
    t-1                            0.0583
    t-2                            0.0572
    t-3                            0.0563
    t-4                            0.0555
    t-5                            0.0546

2024:
  Samples: 250
  Entropy: 2.9522 ± 0.1081
  Concentration: 0.0503
  Top 5 features:
    t-1                            0.0574
    t-2                            0.0564
    t-3                            0.0553
    t-4                            0.0543
    t-5                            0.0533

2025:
  Samples: 190
  Entropy: 2.9401 ± 0.1233
  Concentration: 0.0502
  Top 5 features:
    t-1                            0.0592
    t-2                            0.0552
    t-3                            0.0537
    t-4                            0.0528
    t-5                            0.0520

----------------------------------------------------------------------
Period Comparisons:
----------------------------------------------------------------------

2020_vs_2021:
  Cosine similarity: 0.9983
  L2 distance: 0.0132
  Entropy change: -0.0501
  Concentration change: 0.0007

2020_vs_2022:
  Cosine similarity: 0.9790
  L2 distance: 0.0480
  Entropy change: -0.1263
  Concentration change: 0.0043

2020_vs_2023:
  Cosine similarity: 0.9992
  L2 distance: 0.0092
  Entropy change: -0.0003
  Concentration change: -0.0001

2020_vs_2024:
  Cosine similarity: 0.9986
  L2 distance: 0.0121
  Entropy change: -0.0073
  Concentration change: -0.0004

2020_vs_2025:
  Cosine similarity: 0.9988
  L2 distance: 0.0112
  Entropy change: -0.0195
  Concentration change: -0.0004

2021_vs_2022:
  Cosine similarity: 0.9889
  L2 distance: 0.0351
  Entropy change: -0.0761
  Concentration change: 0.0036

2021_vs_2023:
  Cosine similarity: 0.9984
  L2 distance: 0.0127
  Entropy change: 0.0499
  Concentration change: -0.0007

2021_vs_2024:
  Cosine similarity: 0.9947
  L2 distance: 0.0232
  Entropy change: 0.0428
  Concentration change: -0.0010

2021_vs_2025:
  Cosine similarity: 0.9951
  L2 distance: 0.0224
  Entropy change: 0.0306
  Concentration change: -0.0011

2022_vs_2023:
  Cosine similarity: 0.9803
  L2 distance: 0.0465
  Entropy change: 0.1260
  Concentration change: -0.0044

2022_vs_2024:
  Cosine similarity: 0.9689
  L2 distance: 0.0580
  Entropy change: 0.1189
  Concentration change: -0.0047

2022_vs_2025:
  Cosine similarity: 0.9701
  L2 distance: 0.0570
  Entropy change: 0.1067
  Concentration change: -0.0047

2023_vs_2024:
  Cosine similarity: 0.9982
  L2 distance: 0.0135
  Entropy change: -0.0071
  Concentration change: -0.0003

2023_vs_2025:
  Cosine similarity: 0.9986
  L2 distance: 0.0120
  Entropy change: -0.0193
  Concentration change: -0.0004

2024_vs_2025:
  Cosine similarity: 0.9996
  L2 distance: 0.0060
  Entropy change: -0.0122
  Concentration change: -0.0000

======================================================================

Analysis complete!
Results saved to: experiments/01_staleness_features_fixed/sweep_stale_h20_drop0.25_lr5/attention_analysis_year
  - attention_analysis_results.json
  - attention_heatmap.png
  - attention_trends.png
  - temporal_attention_comparison.png
