Logging to: experiments/01_staleness_features_fixed/sweep_stale_h18_drop0.30_lr5/attention_analysis_year/attention_analysis_20251030_131649.log
Analysis started at: 2025-10-30 13:16:49
======================================================================
Experiment: 01_staleness_features_fixed/sweep_stale_h18_drop0.30_lr5
Output directory: experiments/01_staleness_features_fixed/sweep_stale_h18_drop0.30_lr5/attention_analysis_year
Using best checkpoint: experiments/01_staleness_features_fixed/sweep_stale_h18_drop0.30_lr5/checkpoints/tft-epoch=96-val_loss=0.3925.ckpt

Loading data...
Loading test data from: data/splits/fixed/core_proposal_daily_fixed_test.csv
Detected staleness features in config, adding to data...
  Train samples: 6066
  Test samples: 1300

Preparing test dataset...
Test dataset size after filtering: 1280

Loading model...
Loading model from: experiments/01_staleness_features_fixed/sweep_stale_h18_drop0.30_lr5/checkpoints/tft-epoch=96-val_loss=0.3925.ckpt
Model moved to device: cuda

Extracting attention patterns...
Extracting attention patterns...
Total batches to process: 10
  Processed 10/10 batches

Total predictions: 1280
Total actuals: 1280
Attention shape: (1280, 20)
Encoder variables shape: (1280, 7)

Prediction period: 2020-08-19T00:00:00.000000000 to 2025-10-06T00:00:00.000000000
Total predictions: 1280

Creating temporal periods:
  2020: 92 samples
  2021: 250 samples
  2022: 249 samples
  2023: 249 samples
  2024: 250 samples
  2025: 190 samples

Attention over 20 encoder timesteps

Analyzing attention patterns by period...

Comparing attention patterns across periods...

Creating visualizations...
Saved attention heatmap: experiments/01_staleness_features_fixed/sweep_stale_h18_drop0.30_lr5/attention_analysis_year/attention_heatmap.png
Saved attention trends: experiments/01_staleness_features_fixed/sweep_stale_h18_drop0.30_lr5/attention_analysis_year/attention_trends.png
Saved feature importance comparison: experiments/01_staleness_features_fixed/sweep_stale_h18_drop0.30_lr5/attention_analysis_year/temporal_attention_comparison.png

Saving results...
Saved results: experiments/01_staleness_features_fixed/sweep_stale_h18_drop0.30_lr5/attention_analysis_year/attention_analysis_results.json

======================================================================
ATTENTION ANALYSIS SUMMARY
======================================================================

Per-Period Statistics:
----------------------------------------------------------------------

2020:
  Samples: 92
  Entropy: 2.8539 ± 0.1168
  Concentration: 0.0502
  Top 5 features:
    t-1                            0.0569
    t-20                           0.0551
    t-2                            0.0550
    t-3                            0.0533
    t-19                           0.0531

2021:
  Samples: 250
  Entropy: 2.8458 ± 0.1983
  Concentration: 0.0501
  Top 5 features:
    t-1                            0.0562
    t-2                            0.0549
    t-3                            0.0537
    t-4                            0.0527
    t-5                            0.0520

2022:
  Samples: 249
  Entropy: 2.7861 ± 0.1899
  Concentration: 0.0503
  Top 5 features:
    t-1                            0.0576
    t-18                           0.0551
    t-19                           0.0544
    t-17                           0.0543
    t-20                           0.0538

2023:
  Samples: 249
  Entropy: 2.9679 ± 0.0422
  Concentration: 0.0500
  Top 5 features:
    t-1                            0.0515
    t-20                           0.0514
    t-2                            0.0512
    t-3                            0.0510
    t-4                            0.0508

2024:
  Samples: 250
  Entropy: 2.9334 ± 0.1831
  Concentration: 0.0500
  Top 5 features:
    t-1                            0.0517
    t-2                            0.0513
    t-3                            0.0512
    t-4                            0.0511
    t-5                            0.0510

2025:
  Samples: 190
  Entropy: 2.8839 ± 0.2182
  Concentration: 0.0500
  Top 5 features:
    t-1                            0.0539
    t-20                           0.0523
    t-19                           0.0518
    t-2                            0.0517
    t-18                           0.0514

----------------------------------------------------------------------
Period Comparisons:
----------------------------------------------------------------------

2020_vs_2021:
  Cosine similarity: 0.9988
  L2 distance: 0.0109
  Entropy change: -0.0082
  Concentration change: -0.0001

2020_vs_2022:
  Cosine similarity: 0.9987
  L2 distance: 0.0116
  Entropy change: -0.0678
  Concentration change: 0.0001

2020_vs_2023:
  Cosine similarity: 0.9988
  L2 distance: 0.0108
  Entropy change: 0.1139
  Concentration change: -0.0002

2020_vs_2024:
  Cosine similarity: 0.9980
  L2 distance: 0.0140
  Entropy change: 0.0795
  Concentration change: -0.0002

2020_vs_2025:
  Cosine similarity: 0.9994
  L2 distance: 0.0080
  Entropy change: 0.0300
  Concentration change: -0.0002

2021_vs_2022:
  Cosine similarity: 0.9965
  L2 distance: 0.0188
  Entropy change: -0.0597
  Concentration change: 0.0001

2021_vs_2023:
  Cosine similarity: 0.9991
  L2 distance: 0.0093
  Entropy change: 0.1221
  Concentration change: -0.0001

2021_vs_2024:
  Cosine similarity: 0.9993
  L2 distance: 0.0082
  Entropy change: 0.0876
  Concentration change: -0.0001

2021_vs_2025:
  Cosine similarity: 0.9991
  L2 distance: 0.0097
  Entropy change: 0.0382
  Concentration change: -0.0001

2022_vs_2023:
  Cosine similarity: 0.9979
  L2 distance: 0.0147
  Entropy change: 0.1818
  Concentration change: -0.0003

2022_vs_2024:
  Cosine similarity: 0.9968
  L2 distance: 0.0180
  Entropy change: 0.1473
  Concentration change: -0.0003

2022_vs_2025:
  Cosine similarity: 0.9987
  L2 distance: 0.0116
  Entropy change: 0.0979
  Concentration change: -0.0002

2023_vs_2024:
  Cosine similarity: 0.9998
  L2 distance: 0.0048
  Entropy change: -0.0345
  Concentration change: 0.0000

2023_vs_2025:
  Cosine similarity: 0.9999
  L2 distance: 0.0037
  Entropy change: -0.0839
  Concentration change: 0.0000

2024_vs_2025:
  Cosine similarity: 0.9994
  L2 distance: 0.0077
  Entropy change: -0.0494
  Concentration change: 0.0000

======================================================================

Analysis complete!
Results saved to: experiments/01_staleness_features_fixed/sweep_stale_h18_drop0.30_lr5/attention_analysis_year
  - attention_analysis_results.json
  - attention_heatmap.png
  - attention_trends.png
  - temporal_attention_comparison.png
