Logging to: experiments/00_baseline_exploration/exp003_large/attention_analysis_year/attention_analysis_20251027_191331.log
Analysis started at: 2025-10-27 19:13:31
======================================================================
Experiment: 00_baseline_exploration/exp003_large
Output directory: experiments/00_baseline_exploration/exp003_large/attention_analysis_year
Using best checkpoint: experiments/00_baseline_exploration/exp003_large/checkpoints/tft-epoch=00-val_loss=0.1477.ckpt

Loading data...
Loading test data from: data/splits/fixed/core_proposal_daily_fixed_test.csv
  Train samples: 6066
  Test samples: 1300

Preparing test dataset...
Test dataset size after filtering: 1280

Loading model...
Loading model from: experiments/00_baseline_exploration/exp003_large/checkpoints/tft-epoch=00-val_loss=0.1477.ckpt

Extracting attention patterns...
Extracting attention patterns...
Total batches to process: 10
  Processed 10/10 batches

Total predictions: 1280
Total actuals: 1280
Attention shape: (1280, 20)
Encoder variables shape: (1280, 5)

Prediction period: 2020-08-19T00:00:00.000000000 to 2025-10-06T00:00:00.000000000
Total predictions: 1280

Creating temporal periods:
  2020: 92 samples
  2021: 250 samples
  2022: 249 samples
  2023: 249 samples
  2024: 250 samples
  2025: 190 samples

Attention over 20 encoder timesteps

Analyzing attention patterns by period...

Comparing attention patterns across periods...

Creating visualizations...
Saved attention heatmap: experiments/00_baseline_exploration/exp003_large/attention_analysis_year/attention_heatmap.png
Saved attention trends: experiments/00_baseline_exploration/exp003_large/attention_analysis_year/attention_trends.png
Saved feature importance comparison: experiments/00_baseline_exploration/exp003_large/attention_analysis_year/temporal_attention_comparison.png

Saving results...
Saved results: experiments/00_baseline_exploration/exp003_large/attention_analysis_year/attention_analysis_results.json

======================================================================
ATTENTION ANALYSIS SUMMARY
======================================================================

Per-Period Statistics:
----------------------------------------------------------------------

2020:
  Samples: 92
  Entropy: 2.9516 ± 0.0155
  Concentration: 0.0544
  Top 5 features:
    t-1                            0.0878
    t-2                            0.0779
    t-3                            0.0701
    t-4                            0.0640
    t-5                            0.0592

2021:
  Samples: 250
  Entropy: 2.9501 ± 0.0153
  Concentration: 0.0543
  Top 5 features:
    t-1                            0.0823
    t-2                            0.0758
    t-3                            0.0703
    t-4                            0.0655
    t-5                            0.0613

2022:
  Samples: 249
  Entropy: 2.9445 ± 0.0118
  Concentration: 0.0549
  Top 5 features:
    t-1                            0.0802
    t-2                            0.0755
    t-3                            0.0712
    t-4                            0.0673
    t-5                            0.0637

2023:
  Samples: 249
  Entropy: 2.9743 ± 0.0137
  Concentration: 0.0518
  Top 5 features:
    t-1                            0.0689
    t-2                            0.0655
    t-3                            0.0626
    t-4                            0.0599
    t-5                            0.0576

2024:
  Samples: 250
  Entropy: 2.9813 ± 0.0116
  Concentration: 0.0511
  Top 5 features:
    t-1                            0.0617
    t-2                            0.0599
    t-3                            0.0584
    t-4                            0.0570
    t-5                            0.0558

2025:
  Samples: 190
  Entropy: 2.9696 ± 0.0260
  Concentration: 0.0516
  Top 5 features:
    t-1                            0.0655
    t-2                            0.0629
    t-3                            0.0607
    t-4                            0.0588
    t-5                            0.0571

----------------------------------------------------------------------
Period Comparisons:
----------------------------------------------------------------------

2020_vs_2021:
  Cosine similarity: 0.9993
  L2 distance: 0.0087
  Entropy change: -0.0014
  Concentration change: -0.0001

2020_vs_2022:
  Cosine similarity: 0.9975
  L2 distance: 0.0165
  Entropy change: -0.0071
  Concentration change: 0.0005

2020_vs_2023:
  Cosine similarity: 0.9933
  L2 distance: 0.0272
  Entropy change: 0.0227
  Concentration change: -0.0026

2020_vs_2024:
  Cosine similarity: 0.9857
  L2 distance: 0.0395
  Entropy change: 0.0297
  Concentration change: -0.0033

2020_vs_2025:
  Cosine similarity: 0.9903
  L2 distance: 0.0327
  Entropy change: 0.0180
  Concentration change: -0.0028

2021_vs_2022:
  Cosine similarity: 0.9993
  L2 distance: 0.0085
  Entropy change: -0.0056
  Concentration change: 0.0006

2021_vs_2023:
  Cosine similarity: 0.9949
  L2 distance: 0.0240
  Entropy change: 0.0241
  Concentration change: -0.0025

2021_vs_2024:
  Cosine similarity: 0.9878
  L2 distance: 0.0365
  Entropy change: 0.0312
  Concentration change: -0.0032

2021_vs_2025:
  Cosine similarity: 0.9924
  L2 distance: 0.0290
  Entropy change: 0.0195
  Concentration change: -0.0027

2022_vs_2023:
  Cosine similarity: 0.9932
  L2 distance: 0.0278
  Entropy change: 0.0297
  Concentration change: -0.0030

2022_vs_2024:
  Cosine similarity: 0.9858
  L2 distance: 0.0397
  Entropy change: 0.0368
  Concentration change: -0.0038

2022_vs_2025:
  Cosine similarity: 0.9909
  L2 distance: 0.0319
  Entropy change: 0.0251
  Concentration change: -0.0033

2023_vs_2024:
  Cosine similarity: 0.9985
  L2 distance: 0.0126
  Entropy change: 0.0070
  Concentration change: -0.0008

2023_vs_2025:
  Cosine similarity: 0.9997
  L2 distance: 0.0059
  Entropy change: -0.0047
  Concentration change: -0.0003

2024_vs_2025:
  Cosine similarity: 0.9994
  L2 distance: 0.0079
  Entropy change: -0.0117
  Concentration change: 0.0005

======================================================================

Analysis complete!
Results saved to: experiments/00_baseline_exploration/exp003_large/attention_analysis_year
  - attention_analysis_results.json
  - attention_heatmap.png
  - attention_trends.png
  - temporal_attention_comparison.png
