Logging to: experiments/00_baseline_exploration/sweep_dropout_0.3/attention_analysis_year/attention_analysis_20251030_131002.log
Analysis started at: 2025-10-30 13:10:02
======================================================================
Experiment: 00_baseline_exploration/sweep_dropout_0.3
Output directory: experiments/00_baseline_exploration/sweep_dropout_0.3/attention_analysis_year
Using best checkpoint: experiments/00_baseline_exploration/sweep_dropout_0.3/checkpoints/tft-epoch=65-val_loss=0.3944.ckpt

Loading data...
Loading test data from: data/splits/fixed/core_proposal_daily_fixed_test.csv
  Train samples: 6066
  Test samples: 1300

Preparing test dataset...
Test dataset size after filtering: 1280

Loading model...
Loading model from: experiments/00_baseline_exploration/sweep_dropout_0.3/checkpoints/tft-epoch=65-val_loss=0.3944.ckpt
Model moved to device: cuda

Extracting attention patterns...
Extracting attention patterns...
Total batches to process: 10
  Processed 10/10 batches

Total predictions: 1280
Total actuals: 1280
Attention shape: (1280, 20)
Encoder variables shape: (1280, 5)

Prediction period: 2020-08-19T00:00:00.000000000 to 2025-10-06T00:00:00.000000000
Total predictions: 1280

Creating temporal periods:
  2020: 92 samples
  2021: 250 samples
  2022: 249 samples
  2023: 249 samples
  2024: 250 samples
  2025: 190 samples

Attention over 20 encoder timesteps

Analyzing attention patterns by period...

Comparing attention patterns across periods...

Creating visualizations...
Saved attention heatmap: experiments/00_baseline_exploration/sweep_dropout_0.3/attention_analysis_year/attention_heatmap.png
Saved attention trends: experiments/00_baseline_exploration/sweep_dropout_0.3/attention_analysis_year/attention_trends.png
Saved feature importance comparison: experiments/00_baseline_exploration/sweep_dropout_0.3/attention_analysis_year/temporal_attention_comparison.png

Saving results...
Saved results: experiments/00_baseline_exploration/sweep_dropout_0.3/attention_analysis_year/attention_analysis_results.json

======================================================================
ATTENTION ANALYSIS SUMMARY
======================================================================

Per-Period Statistics:
----------------------------------------------------------------------

2020:
  Samples: 92
  Entropy: 2.9358 ± 0.0593
  Concentration: 0.0527
  Top 5 features:
    t-20                           0.0958
    t-19                           0.0657
    t-18                           0.0559
    t-17                           0.0507
    t-16                           0.0481

2021:
  Samples: 250
  Entropy: 2.9694 ± 0.0414
  Concentration: 0.0504
  Top 5 features:
    t-20                           0.0693
    t-19                           0.0514
    t-3                            0.0502
    t-5                            0.0502
    t-4                            0.0502

2022:
  Samples: 249
  Entropy: 2.9650 ± 0.0499
  Concentration: 0.0512
  Top 5 features:
    t-20                           0.0776
    t-19                           0.0612
    t-18                           0.0562
    t-17                           0.0534
    t-16                           0.0518

2023:
  Samples: 249
  Entropy: 2.9848 ± 0.0102
  Concentration: 0.0505
  Top 5 features:
    t-20                           0.0712
    t-1                            0.0504
    t-2                            0.0504
    t-3                            0.0503
    t-4                            0.0501

2024:
  Samples: 250
  Entropy: 2.9659 ± 0.0288
  Concentration: 0.0522
  Top 5 features:
    t-20                           0.0940
    t-1                            0.0512
    t-2                            0.0512
    t-3                            0.0507
    t-4                            0.0503

2025:
  Samples: 190
  Entropy: 2.9585 ± 0.0364
  Concentration: 0.0518
  Top 5 features:
    t-20                           0.0898
    t-19                           0.0529
    t-4                            0.0508
    t-3                            0.0507
    t-5                            0.0507

----------------------------------------------------------------------
Period Comparisons:
----------------------------------------------------------------------

2020_vs_2021:
  Cosine similarity: 0.9885
  L2 distance: 0.0348
  Entropy change: 0.0336
  Concentration change: -0.0023

2020_vs_2022:
  Cosine similarity: 0.9958
  L2 distance: 0.0212
  Entropy change: 0.0292
  Concentration change: -0.0015

2020_vs_2023:
  Cosine similarity: 0.9884
  L2 distance: 0.0350
  Entropy change: 0.0490
  Concentration change: -0.0022

2020_vs_2024:
  Cosine similarity: 0.9921
  L2 distance: 0.0289
  Entropy change: 0.0301
  Concentration change: -0.0005

2020_vs_2025:
  Cosine similarity: 0.9942
  L2 distance: 0.0247
  Entropy change: 0.0227
  Concentration change: -0.0009

2021_vs_2022:
  Cosine similarity: 0.9942
  L2 distance: 0.0242
  Entropy change: -0.0043
  Concentration change: 0.0008

2021_vs_2023:
  Cosine similarity: 0.9999
  L2 distance: 0.0035
  Entropy change: 0.0154
  Concentration change: 0.0001

2021_vs_2024:
  Cosine similarity: 0.9932
  L2 distance: 0.0267
  Entropy change: -0.0035
  Concentration change: 0.0018

2021_vs_2025:
  Cosine similarity: 0.9953
  L2 distance: 0.0222
  Entropy change: -0.0108
  Concentration change: 0.0014

2022_vs_2023:
  Cosine similarity: 0.9937
  L2 distance: 0.0254
  Entropy change: 0.0198
  Concentration change: -0.0007

2022_vs_2024:
  Cosine similarity: 0.9884
  L2 distance: 0.0348
  Entropy change: 0.0009
  Concentration change: 0.0010

2022_vs_2025:
  Cosine similarity: 0.9913
  L2 distance: 0.0300
  Entropy change: -0.0065
  Concentration change: 0.0006

2023_vs_2024:
  Cosine similarity: 0.9943
  L2 distance: 0.0244
  Entropy change: -0.0189
  Concentration change: 0.0017

2023_vs_2025:
  Cosine similarity: 0.9959
  L2 distance: 0.0207
  Entropy change: -0.0263
  Concentration change: 0.0013

2024_vs_2025:
  Cosine similarity: 0.9993
  L2 distance: 0.0083
  Entropy change: -0.0074
  Concentration change: -0.0004

======================================================================

Analysis complete!
Results saved to: experiments/00_baseline_exploration/sweep_dropout_0.3/attention_analysis_year
  - attention_analysis_results.json
  - attention_heatmap.png
  - attention_trends.png
  - temporal_attention_comparison.png
