Logging to: experiments/00_baseline_exploration/sweep_dropout_0.3/attention_analysis_year/attention_analysis_20251027_191515.log
Analysis started at: 2025-10-27 19:15:15
======================================================================
Experiment: 00_baseline_exploration/sweep_dropout_0.3
Output directory: experiments/00_baseline_exploration/sweep_dropout_0.3/attention_analysis_year
Using best checkpoint: experiments/00_baseline_exploration/sweep_dropout_0.3/checkpoints/tft-epoch=01-val_loss=0.1507.ckpt

Loading data...
Loading test data from: data/splits/fixed/core_proposal_daily_fixed_test.csv
  Train samples: 6066
  Test samples: 1300

Preparing test dataset...
Test dataset size after filtering: 1280

Loading model...
Loading model from: experiments/00_baseline_exploration/sweep_dropout_0.3/checkpoints/tft-epoch=01-val_loss=0.1507.ckpt

Extracting attention patterns...
Extracting attention patterns...
Total batches to process: 10
  Processed 10/10 batches

Total predictions: 1280
Total actuals: 1280
Attention shape: (1280, 20)
Encoder variables shape: (1280, 5)

Prediction period: 2020-08-19T00:00:00.000000000 to 2025-10-06T00:00:00.000000000
Total predictions: 1280

Creating temporal periods:
  2020: 92 samples
  2021: 250 samples
  2022: 249 samples
  2023: 249 samples
  2024: 250 samples
  2025: 190 samples

Attention over 20 encoder timesteps

Analyzing attention patterns by period...

Comparing attention patterns across periods...

Creating visualizations...
Saved attention heatmap: experiments/00_baseline_exploration/sweep_dropout_0.3/attention_analysis_year/attention_heatmap.png
Saved attention trends: experiments/00_baseline_exploration/sweep_dropout_0.3/attention_analysis_year/attention_trends.png
Saved feature importance comparison: experiments/00_baseline_exploration/sweep_dropout_0.3/attention_analysis_year/temporal_attention_comparison.png

Saving results...
Saved results: experiments/00_baseline_exploration/sweep_dropout_0.3/attention_analysis_year/attention_analysis_results.json

======================================================================
ATTENTION ANALYSIS SUMMARY
======================================================================

Per-Period Statistics:
----------------------------------------------------------------------

2020:
  Samples: 92
  Entropy: 2.9945 ± 0.0010
  Concentration: 0.0501
  Top 5 features:
    t-19                           0.0530
    t-20                           0.0529
    t-18                           0.0524
    t-17                           0.0518
    t-16                           0.0513

2021:
  Samples: 250
  Entropy: 2.9854 ± 0.0087
  Concentration: 0.0504
  Top 5 features:
    t-20                           0.0574
    t-19                           0.0561
    t-18                           0.0552
    t-17                           0.0544
    t-16                           0.0538

2022:
  Samples: 249
  Entropy: 2.9602 ± 0.0346
  Concentration: 0.0513
  Top 5 features:
    t-20                           0.0652
    t-19                           0.0624
    t-18                           0.0607
    t-17                           0.0591
    t-16                           0.0575

2023:
  Samples: 249
  Entropy: 2.9822 ± 0.0138
  Concentration: 0.0503
  Top 5 features:
    t-20                           0.0562
    t-19                           0.0541
    t-18                           0.0534
    t-17                           0.0530
    t-16                           0.0527

2024:
  Samples: 250
  Entropy: 2.9803 ± 0.0156
  Concentration: 0.0501
  Top 5 features:
    t-20                           0.0530
    t-13                           0.0517
    t-12                           0.0517
    t-14                           0.0516
    t-11                           0.0516

2025:
  Samples: 190
  Entropy: 2.9675 ± 0.0346
  Concentration: 0.0505
  Top 5 features:
    t-20                           0.0568
    t-19                           0.0551
    t-18                           0.0547
    t-17                           0.0544
    t-16                           0.0543

----------------------------------------------------------------------
Period Comparisons:
----------------------------------------------------------------------

2020_vs_2021:
  Cosine similarity: 0.9982
  L2 distance: 0.0137
  Entropy change: -0.0091
  Concentration change: 0.0004

2020_vs_2022:
  Cosine similarity: 0.9917
  L2 distance: 0.0291
  Entropy change: -0.0343
  Concentration change: 0.0013

2020_vs_2023:
  Cosine similarity: 0.9990
  L2 distance: 0.0101
  Entropy change: -0.0123
  Concentration change: 0.0002

2020_vs_2024:
  Cosine similarity: 0.9995
  L2 distance: 0.0067
  Entropy change: -0.0142
  Concentration change: 0.0001

2020_vs_2025:
  Cosine similarity: 0.9973
  L2 distance: 0.0165
  Entropy change: -0.0270
  Concentration change: 0.0005

2021_vs_2022:
  Cosine similarity: 0.9972
  L2 distance: 0.0170
  Entropy change: -0.0252
  Concentration change: 0.0009

2021_vs_2023:
  Cosine similarity: 0.9998
  L2 distance: 0.0044
  Entropy change: -0.0032
  Concentration change: -0.0001

2021_vs_2024:
  Cosine similarity: 0.9987
  L2 distance: 0.0115
  Entropy change: -0.0050
  Concentration change: -0.0003

2021_vs_2025:
  Cosine similarity: 0.9998
  L2 distance: 0.0041
  Entropy change: -0.0178
  Concentration change: 0.0001

2022_vs_2023:
  Cosine similarity: 0.9956
  L2 distance: 0.0213
  Entropy change: 0.0220
  Concentration change: -0.0010

2022_vs_2024:
  Cosine similarity: 0.9921
  L2 distance: 0.0284
  Entropy change: 0.0201
  Concentration change: -0.0012

2022_vs_2025:
  Cosine similarity: 0.9972
  L2 distance: 0.0169
  Entropy change: 0.0073
  Concentration change: -0.0008

2023_vs_2024:
  Cosine similarity: 0.9995
  L2 distance: 0.0071
  Entropy change: -0.0019
  Concentration change: -0.0002

2023_vs_2025:
  Cosine similarity: 0.9996
  L2 distance: 0.0067
  Entropy change: -0.0147
  Concentration change: 0.0002

2024_vs_2025:
  Cosine similarity: 0.9983
  L2 distance: 0.0130
  Entropy change: -0.0128
  Concentration change: 0.0004

======================================================================

Analysis complete!
Results saved to: experiments/00_baseline_exploration/sweep_dropout_0.3/attention_analysis_year
  - attention_analysis_results.json
  - attention_heatmap.png
  - attention_trends.png
  - temporal_attention_comparison.png
