Logging to: experiments/00_baseline_exploration/sweep2_combo2/attention_analysis_year/attention_analysis_20251030_130547.log
Analysis started at: 2025-10-30 13:05:47
======================================================================
Experiment: 00_baseline_exploration/sweep2_combo2
Output directory: experiments/00_baseline_exploration/sweep2_combo2/attention_analysis_year
Using best checkpoint: experiments/00_baseline_exploration/sweep2_combo2/checkpoints/tft-epoch=80-val_loss=0.4025.ckpt

Loading data...
Loading test data from: data/splits/fixed/core_proposal_daily_fixed_test.csv
  Train samples: 6066
  Test samples: 1300

Preparing test dataset...
Test dataset size after filtering: 1270

Loading model...
Loading model from: experiments/00_baseline_exploration/sweep2_combo2/checkpoints/tft-epoch=80-val_loss=0.4025.ckpt
Model moved to device: cuda

Extracting attention patterns...
Extracting attention patterns...
Total batches to process: 10
  Processed 10/10 batches

Total predictions: 1270
Total actuals: 1270
Attention shape: (1270, 30)
Encoder variables shape: (1270, 5)

Prediction period: 2020-09-02T00:00:00.000000000 to 2025-10-06T00:00:00.000000000
Total predictions: 1270

Creating temporal periods:
  2020: 82 samples
  2021: 250 samples
  2022: 249 samples
  2023: 249 samples
  2024: 250 samples
  2025: 190 samples

Attention over 30 encoder timesteps

Analyzing attention patterns by period...

Comparing attention patterns across periods...

Creating visualizations...
Saved attention heatmap: experiments/00_baseline_exploration/sweep2_combo2/attention_analysis_year/attention_heatmap.png
Saved attention trends: experiments/00_baseline_exploration/sweep2_combo2/attention_analysis_year/attention_trends.png
Saved feature importance comparison: experiments/00_baseline_exploration/sweep2_combo2/attention_analysis_year/temporal_attention_comparison.png

Saving results...
Saved results: experiments/00_baseline_exploration/sweep2_combo2/attention_analysis_year/attention_analysis_results.json

======================================================================
ATTENTION ANALYSIS SUMMARY
======================================================================

Per-Period Statistics:
----------------------------------------------------------------------

2020:
  Samples: 82
  Entropy: 3.3505 ± 0.0411
  Concentration: 0.0334
  Top 5 features:
    t-27                           0.0363
    t-28                           0.0356
    t-1                            0.0355
    t-26                           0.0354
    t-2                            0.0351

2021:
  Samples: 250
  Entropy: 3.3719 ± 0.0517
  Concentration: 0.0334
  Top 5 features:
    t-1                            0.0360
    t-2                            0.0354
    t-3                            0.0348
    t-4                            0.0344
    t-5                            0.0341

2022:
  Samples: 249
  Entropy: 3.2680 ± 0.0846
  Concentration: 0.0337
  Top 5 features:
    t-1                            0.0397
    t-2                            0.0382
    t-3                            0.0370
    t-4                            0.0360
    t-25                           0.0354

2023:
  Samples: 249
  Entropy: 3.3942 ± 0.0078
  Concentration: 0.0333
  Top 5 features:
    t-1                            0.0342
    t-2                            0.0341
    t-29                           0.0340
    t-3                            0.0340
    t-4                            0.0339

2024:
  Samples: 250
  Entropy: 3.3909 ± 0.0186
  Concentration: 0.0334
  Top 5 features:
    t-30                           0.0359
    t-29                           0.0358
    t-28                           0.0348
    t-27                           0.0339
    t-1                            0.0337

2025:
  Samples: 190
  Entropy: 3.3294 ± 0.1606
  Concentration: 0.0333
  Top 5 features:
    t-1                            0.0364
    t-2                            0.0348
    t-3                            0.0340
    t-29                           0.0338
    t-4                            0.0337

----------------------------------------------------------------------
Period Comparisons:
----------------------------------------------------------------------

2020_vs_2021:
  Cosine similarity: 0.9994
  L2 distance: 0.0066
  Entropy change: 0.0214
  Concentration change: -0.0000

2020_vs_2022:
  Cosine similarity: 0.9956
  L2 distance: 0.0171
  Entropy change: -0.0825
  Concentration change: 0.0003

2020_vs_2023:
  Cosine similarity: 0.9995
  L2 distance: 0.0058
  Entropy change: 0.0437
  Concentration change: -0.0000

2020_vs_2024:
  Cosine similarity: 0.9992
  L2 distance: 0.0074
  Entropy change: 0.0404
  Concentration change: -0.0000

2020_vs_2025:
  Cosine similarity: 0.9996
  L2 distance: 0.0055
  Entropy change: -0.0211
  Concentration change: -0.0000

2021_vs_2022:
  Cosine similarity: 0.9956
  L2 distance: 0.0171
  Entropy change: -0.1040
  Concentration change: 0.0003

2021_vs_2023:
  Cosine similarity: 0.9998
  L2 distance: 0.0035
  Entropy change: 0.0223
  Concentration change: -0.0000

2021_vs_2024:
  Cosine similarity: 0.9993
  L2 distance: 0.0071
  Entropy change: 0.0190
  Concentration change: -0.0000

2021_vs_2025:
  Cosine similarity: 0.9998
  L2 distance: 0.0034
  Entropy change: -0.0425
  Concentration change: -0.0000

2022_vs_2023:
  Cosine similarity: 0.9949
  L2 distance: 0.0186
  Entropy change: 0.1263
  Concentration change: -0.0004

2022_vs_2024:
  Cosine similarity: 0.9926
  L2 distance: 0.0222
  Entropy change: 0.1230
  Concentration change: -0.0003

2022_vs_2025:
  Cosine similarity: 0.9953
  L2 distance: 0.0179
  Entropy change: 0.0614
  Concentration change: -0.0003

2023_vs_2024:
  Cosine similarity: 0.9997
  L2 distance: 0.0042
  Entropy change: -0.0033
  Concentration change: 0.0000

2023_vs_2025:
  Cosine similarity: 0.9999
  L2 distance: 0.0024
  Entropy change: -0.0648
  Concentration change: 0.0000

2024_vs_2025:
  Cosine similarity: 0.9996
  L2 distance: 0.0049
  Entropy change: -0.0615
  Concentration change: -0.0000

======================================================================

Analysis complete!
Results saved to: experiments/00_baseline_exploration/sweep2_combo2/attention_analysis_year
  - attention_analysis_results.json
  - attention_heatmap.png
  - attention_trends.png
  - temporal_attention_comparison.png
