Logging to: experiments/00_baseline_exploration/sweep2_combo2/attention_analysis_year/attention_analysis_20251027_191345.log
Analysis started at: 2025-10-27 19:13:45
======================================================================
Experiment: 00_baseline_exploration/sweep2_combo2
Output directory: experiments/00_baseline_exploration/sweep2_combo2/attention_analysis_year
Using best checkpoint: experiments/00_baseline_exploration/sweep2_combo2/checkpoints/tft-epoch=03-val_loss=0.1249.ckpt

Loading data...
Loading test data from: data/splits/fixed/core_proposal_daily_fixed_test.csv
  Train samples: 6066
  Test samples: 1300

Preparing test dataset...
Test dataset size after filtering: 1270

Loading model...
Loading model from: experiments/00_baseline_exploration/sweep2_combo2/checkpoints/tft-epoch=03-val_loss=0.1249.ckpt

Extracting attention patterns...
Extracting attention patterns...
Total batches to process: 10
  Processed 10/10 batches

Total predictions: 1270
Total actuals: 1270
Attention shape: (1270, 30)
Encoder variables shape: (1270, 5)

Prediction period: 2020-09-02T00:00:00.000000000 to 2025-10-06T00:00:00.000000000
Total predictions: 1270

Creating temporal periods:
  2020: 82 samples
  2021: 250 samples
  2022: 249 samples
  2023: 249 samples
  2024: 250 samples
  2025: 190 samples

Attention over 30 encoder timesteps

Analyzing attention patterns by period...

Comparing attention patterns across periods...

Creating visualizations...
Saved attention heatmap: experiments/00_baseline_exploration/sweep2_combo2/attention_analysis_year/attention_heatmap.png
Saved attention trends: experiments/00_baseline_exploration/sweep2_combo2/attention_analysis_year/attention_trends.png
Saved feature importance comparison: experiments/00_baseline_exploration/sweep2_combo2/attention_analysis_year/temporal_attention_comparison.png

Saving results...
Saved results: experiments/00_baseline_exploration/sweep2_combo2/attention_analysis_year/attention_analysis_results.json

======================================================================
ATTENTION ANALYSIS SUMMARY
======================================================================

Per-Period Statistics:
----------------------------------------------------------------------

2020:
  Samples: 82
  Entropy: 3.3999 ± 0.0008
  Concentration: 0.0334
  Top 5 features:
    t-1                            0.0366
    t-2                            0.0362
    t-3                            0.0358
    t-4                            0.0355
    t-5                            0.0351

2021:
  Samples: 250
  Entropy: 3.3966 ± 0.0036
  Concentration: 0.0334
  Top 5 features:
    t-1                            0.0364
    t-2                            0.0360
    t-3                            0.0356
    t-4                            0.0353
    t-5                            0.0349

2022:
  Samples: 249
  Entropy: 3.3919 ± 0.0065
  Concentration: 0.0336
  Top 5 features:
    t-1                            0.0404
    t-2                            0.0395
    t-3                            0.0387
    t-4                            0.0379
    t-5                            0.0371

2023:
  Samples: 249
  Entropy: 3.3919 ± 0.0065
  Concentration: 0.0335
  Top 5 features:
    t-1                            0.0391
    t-2                            0.0384
    t-3                            0.0377
    t-4                            0.0371
    t-5                            0.0365

2024:
  Samples: 250
  Entropy: 3.3918 ± 0.0087
  Concentration: 0.0334
  Top 5 features:
    t-30                           0.0395
    t-29                           0.0364
    t-1                            0.0356
    t-2                            0.0352
    t-3                            0.0347

2025:
  Samples: 190
  Entropy: 3.3905 ± 0.0065
  Concentration: 0.0334
  Top 5 features:
    t-30                           0.0394
    t-1                            0.0366
    t-29                           0.0362
    t-2                            0.0361
    t-3                            0.0356

----------------------------------------------------------------------
Period Comparisons:
----------------------------------------------------------------------

2020_vs_2021:
  Cosine similarity: 1.0000
  L2 distance: 0.0015
  Entropy change: -0.0032
  Concentration change: -0.0000

2020_vs_2022:
  Cosine similarity: 0.9990
  L2 distance: 0.0083
  Entropy change: -0.0079
  Concentration change: 0.0002

2020_vs_2023:
  Cosine similarity: 0.9995
  L2 distance: 0.0058
  Entropy change: -0.0079
  Concentration change: 0.0001

2020_vs_2024:
  Cosine similarity: 0.9993
  L2 distance: 0.0068
  Entropy change: -0.0081
  Concentration change: 0.0000

2020_vs_2025:
  Cosine similarity: 0.9995
  L2 distance: 0.0060
  Entropy change: -0.0094
  Concentration change: 0.0000

2021_vs_2022:
  Cosine similarity: 0.9987
  L2 distance: 0.0093
  Entropy change: -0.0047
  Concentration change: 0.0002

2021_vs_2023:
  Cosine similarity: 0.9993
  L2 distance: 0.0069
  Entropy change: -0.0047
  Concentration change: 0.0001

2021_vs_2024:
  Cosine similarity: 0.9995
  L2 distance: 0.0060
  Entropy change: -0.0048
  Concentration change: 0.0000

2021_vs_2025:
  Cosine similarity: 0.9996
  L2 distance: 0.0054
  Entropy change: -0.0061
  Concentration change: 0.0001

2022_vs_2023:
  Cosine similarity: 0.9999
  L2 distance: 0.0029
  Entropy change: -0.0000
  Concentration change: -0.0001

2022_vs_2024:
  Cosine similarity: 0.9973
  L2 distance: 0.0134
  Entropy change: -0.0002
  Concentration change: -0.0002

2022_vs_2025:
  Cosine similarity: 0.9981
  L2 distance: 0.0114
  Entropy change: -0.0015
  Concentration change: -0.0002

2023_vs_2024:
  Cosine similarity: 0.9982
  L2 distance: 0.0110
  Entropy change: -0.0001
  Concentration change: -0.0001

2023_vs_2025:
  Cosine similarity: 0.9987
  L2 distance: 0.0092
  Entropy change: -0.0015
  Concentration change: -0.0001

2024_vs_2025:
  Cosine similarity: 0.9999
  L2 distance: 0.0025
  Entropy change: -0.0013
  Concentration change: 0.0000

======================================================================

Analysis complete!
Results saved to: experiments/00_baseline_exploration/sweep2_combo2/attention_analysis_year
  - attention_analysis_results.json
  - attention_heatmap.png
  - attention_trends.png
  - temporal_attention_comparison.png
