Logging to: experiments/01_staleness_features_fixed/sweep_stale_h12_drop0.25_lr5/attention_analysis_year/attention_analysis_20251030_131247.log
Analysis started at: 2025-10-30 13:12:47
======================================================================
Experiment: 01_staleness_features_fixed/sweep_stale_h12_drop0.25_lr5
Output directory: experiments/01_staleness_features_fixed/sweep_stale_h12_drop0.25_lr5/attention_analysis_year
Using best checkpoint: experiments/01_staleness_features_fixed/sweep_stale_h12_drop0.25_lr5/checkpoints/tft-epoch=89-val_loss=0.3975.ckpt

Loading data...
Loading test data from: data/splits/fixed/core_proposal_daily_fixed_test.csv
Detected staleness features in config, adding to data...
  Train samples: 6066
  Test samples: 1300

Preparing test dataset...
Test dataset size after filtering: 1280

Loading model...
Loading model from: experiments/01_staleness_features_fixed/sweep_stale_h12_drop0.25_lr5/checkpoints/tft-epoch=89-val_loss=0.3975.ckpt
Model moved to device: cuda

Extracting attention patterns...
Extracting attention patterns...
Total batches to process: 10
  Processed 10/10 batches

Total predictions: 1280
Total actuals: 1280
Attention shape: (1280, 20)
Encoder variables shape: (1280, 7)

Prediction period: 2020-08-19T00:00:00.000000000 to 2025-10-06T00:00:00.000000000
Total predictions: 1280

Creating temporal periods:
  2020: 92 samples
  2021: 250 samples
  2022: 249 samples
  2023: 249 samples
  2024: 250 samples
  2025: 190 samples

Attention over 20 encoder timesteps

Analyzing attention patterns by period...

Comparing attention patterns across periods...

Creating visualizations...
Saved attention heatmap: experiments/01_staleness_features_fixed/sweep_stale_h12_drop0.25_lr5/attention_analysis_year/attention_heatmap.png
Saved attention trends: experiments/01_staleness_features_fixed/sweep_stale_h12_drop0.25_lr5/attention_analysis_year/attention_trends.png
Saved feature importance comparison: experiments/01_staleness_features_fixed/sweep_stale_h12_drop0.25_lr5/attention_analysis_year/temporal_attention_comparison.png

Saving results...
Saved results: experiments/01_staleness_features_fixed/sweep_stale_h12_drop0.25_lr5/attention_analysis_year/attention_analysis_results.json

======================================================================
ATTENTION ANALYSIS SUMMARY
======================================================================

Per-Period Statistics:
----------------------------------------------------------------------

2020:
  Samples: 92
  Entropy: 2.9753 ± 0.0219
  Concentration: 0.0501
  Top 5 features:
    t-1                            0.0527
    t-2                            0.0524
    t-3                            0.0521
    t-4                            0.0519
    t-5                            0.0517

2021:
  Samples: 250
  Entropy: 2.9649 ± 0.0514
  Concentration: 0.0502
  Top 5 features:
    t-1                            0.0542
    t-2                            0.0535
    t-3                            0.0529
    t-4                            0.0523
    t-5                            0.0518

2022:
  Samples: 249
  Entropy: 2.9157 ± 0.0690
  Concentration: 0.0509
  Top 5 features:
    t-1                            0.0629
    t-2                            0.0606
    t-3                            0.0587
    t-4                            0.0569
    t-5                            0.0554

2023:
  Samples: 249
  Entropy: 2.9833 ± 0.0165
  Concentration: 0.0500
  Top 5 features:
    t-14                           0.0511
    t-15                           0.0511
    t-13                           0.0510
    t-12                           0.0508
    t-16                           0.0507

2024:
  Samples: 250
  Entropy: 2.9705 ± 0.0734
  Concentration: 0.0501
  Top 5 features:
    t-1                            0.0531
    t-2                            0.0526
    t-3                            0.0522
    t-4                            0.0518
    t-5                            0.0515

2025:
  Samples: 190
  Entropy: 2.9097 ± 0.2110
  Concentration: 0.0500
  Top 5 features:
    t-1                            0.0534
    t-2                            0.0518
    t-3                            0.0509
    t-4                            0.0505
    t-10                           0.0505

----------------------------------------------------------------------
Period Comparisons:
----------------------------------------------------------------------

2020_vs_2021:
  Cosine similarity: 0.9999
  L2 distance: 0.0025
  Entropy change: -0.0104
  Concentration change: 0.0000

2020_vs_2022:
  Cosine similarity: 0.9958
  L2 distance: 0.0206
  Entropy change: -0.0596
  Concentration change: 0.0008

2020_vs_2023:
  Cosine similarity: 0.9995
  L2 distance: 0.0070
  Entropy change: 0.0081
  Concentration change: -0.0001

2020_vs_2024:
  Cosine similarity: 0.9997
  L2 distance: 0.0056
  Entropy change: -0.0047
  Concentration change: -0.0001

2020_vs_2025:
  Cosine similarity: 0.9997
  L2 distance: 0.0059
  Entropy change: -0.0656
  Concentration change: -0.0001

2021_vs_2022:
  Cosine similarity: 0.9967
  L2 distance: 0.0183
  Entropy change: -0.0492
  Concentration change: 0.0007

2021_vs_2023:
  Cosine similarity: 0.9992
  L2 distance: 0.0092
  Entropy change: 0.0184
  Concentration change: -0.0001

2021_vs_2024:
  Cosine similarity: 0.9996
  L2 distance: 0.0063
  Entropy change: 0.0057
  Concentration change: -0.0001

2021_vs_2025:
  Cosine similarity: 0.9995
  L2 distance: 0.0071
  Entropy change: -0.0552
  Concentration change: -0.0001

2022_vs_2023:
  Cosine similarity: 0.9927
  L2 distance: 0.0272
  Entropy change: 0.0677
  Concentration change: -0.0009

2022_vs_2024:
  Cosine similarity: 0.9951
  L2 distance: 0.0224
  Entropy change: 0.0549
  Concentration change: -0.0009

2022_vs_2025:
  Cosine similarity: 0.9941
  L2 distance: 0.0244
  Entropy change: -0.0060
  Concentration change: -0.0009

2023_vs_2024:
  Cosine similarity: 0.9996
  L2 distance: 0.0063
  Entropy change: -0.0128
  Concentration change: 0.0000

2023_vs_2025:
  Cosine similarity: 0.9998
  L2 distance: 0.0040
  Entropy change: -0.0736
  Concentration change: 0.0000

2024_vs_2025:
  Cosine similarity: 0.9999
  L2 distance: 0.0036
  Entropy change: -0.0609
  Concentration change: -0.0000

======================================================================

Analysis complete!
Results saved to: experiments/01_staleness_features_fixed/sweep_stale_h12_drop0.25_lr5/attention_analysis_year
  - attention_analysis_results.json
  - attention_heatmap.png
  - attention_trends.png
  - temporal_attention_comparison.png
