Logging to: experiments/00_baseline_exploration/sweep2_combo1/attention_analysis_year/attention_analysis_20251030_130539.log
Analysis started at: 2025-10-30 13:05:39
======================================================================
Experiment: 00_baseline_exploration/sweep2_combo1
Output directory: experiments/00_baseline_exploration/sweep2_combo1/attention_analysis_year
Using best checkpoint: experiments/00_baseline_exploration/sweep2_combo1/checkpoints/tft-epoch=99-val_loss=0.3974.ckpt

Loading data...
Loading test data from: data/splits/fixed/core_proposal_daily_fixed_test.csv
  Train samples: 6066
  Test samples: 1300

Preparing test dataset...
Test dataset size after filtering: 1260

Loading model...
Loading model from: experiments/00_baseline_exploration/sweep2_combo1/checkpoints/tft-epoch=99-val_loss=0.3974.ckpt
Model moved to device: cuda

Extracting attention patterns...
Extracting attention patterns...
Total batches to process: 10
  Processed 10/10 batches

Total predictions: 1260
Total actuals: 1260
Attention shape: (1260, 40)
Encoder variables shape: (1260, 5)

Prediction period: 2020-09-17T00:00:00.000000000 to 2025-10-06T00:00:00.000000000
Total predictions: 1260

Creating temporal periods:
  2020: 72 samples
  2021: 250 samples
  2022: 249 samples
  2023: 249 samples
  2024: 250 samples
  2025: 190 samples

Attention over 40 encoder timesteps

Analyzing attention patterns by period...

Comparing attention patterns across periods...

Creating visualizations...
Saved attention heatmap: experiments/00_baseline_exploration/sweep2_combo1/attention_analysis_year/attention_heatmap.png
Saved attention trends: experiments/00_baseline_exploration/sweep2_combo1/attention_analysis_year/attention_trends.png
Saved feature importance comparison: experiments/00_baseline_exploration/sweep2_combo1/attention_analysis_year/temporal_attention_comparison.png

Saving results...
Saved results: experiments/00_baseline_exploration/sweep2_combo1/attention_analysis_year/attention_analysis_results.json

======================================================================
ATTENTION ANALYSIS SUMMARY
======================================================================

Per-Period Statistics:
----------------------------------------------------------------------

2020:
  Samples: 72
  Entropy: 3.6344 ± 0.0503
  Concentration: 0.0254
  Top 5 features:
    t-1                            0.0328
    t-2                            0.0319
    t-3                            0.0311
    t-4                            0.0303
    t-5                            0.0295

2021:
  Samples: 250
  Entropy: 3.5730 ± 0.0636
  Concentration: 0.0269
  Top 5 features:
    t-1                            0.0368
    t-2                            0.0362
    t-3                            0.0356
    t-4                            0.0351
    t-5                            0.0346

2022:
  Samples: 249
  Entropy: 3.6249 ± 0.0559
  Concentration: 0.0260
  Top 5 features:
    t-5                            0.0316
    t-6                            0.0316
    t-4                            0.0316
    t-7                            0.0315
    t-3                            0.0314

2023:
  Samples: 249
  Entropy: 3.5262 ± 0.0851
  Concentration: 0.0304
  Top 5 features:
    t-1                            0.0461
    t-2                            0.0448
    t-3                            0.0436
    t-4                            0.0424
    t-5                            0.0414

2024:
  Samples: 250
  Entropy: 3.5698 ± 0.0398
  Concentration: 0.0284
  Top 5 features:
    t-1                            0.0372
    t-2                            0.0369
    t-3                            0.0366
    t-4                            0.0363
    t-5                            0.0360

2025:
  Samples: 190
  Entropy: 3.5882 ± 0.0662
  Concentration: 0.0262
  Top 5 features:
    t-1                            0.0342
    t-2                            0.0337
    t-3                            0.0332
    t-4                            0.0327
    t-5                            0.0323

----------------------------------------------------------------------
Period Comparisons:
----------------------------------------------------------------------

2020_vs_2021:
  Cosine similarity: 0.9844
  L2 distance: 0.0289
  Entropy change: -0.0614
  Concentration change: 0.0015

2020_vs_2022:
  Cosine similarity: 0.9933
  L2 distance: 0.0187
  Entropy change: -0.0095
  Concentration change: 0.0006

2020_vs_2023:
  Cosine similarity: 0.9448
  L2 distance: 0.0574
  Entropy change: -0.1082
  Concentration change: 0.0050

2020_vs_2024:
  Cosine similarity: 0.9628
  L2 distance: 0.0456
  Entropy change: -0.0647
  Concentration change: 0.0030

2020_vs_2025:
  Cosine similarity: 0.9913
  L2 distance: 0.0214
  Entropy change: -0.0463
  Concentration change: 0.0008

2021_vs_2022:
  Cosine similarity: 0.9964
  L2 distance: 0.0140
  Entropy change: 0.0519
  Concentration change: -0.0009

2021_vs_2023:
  Cosine similarity: 0.9862
  L2 distance: 0.0299
  Entropy change: -0.0468
  Concentration change: 0.0035

2021_vs_2024:
  Cosine similarity: 0.9945
  L2 distance: 0.0180
  Entropy change: -0.0032
  Concentration change: 0.0015

2021_vs_2025:
  Cosine similarity: 0.9981
  L2 distance: 0.0103
  Entropy change: 0.0152
  Concentration change: -0.0007

2022_vs_2023:
  Cosine similarity: 0.9701
  L2 distance: 0.0430
  Entropy change: -0.0987
  Concentration change: 0.0044

2022_vs_2024:
  Cosine similarity: 0.9861
  L2 distance: 0.0284
  Entropy change: -0.0551
  Concentration change: 0.0024

2022_vs_2025:
  Cosine similarity: 0.9989
  L2 distance: 0.0077
  Entropy change: -0.0367
  Concentration change: 0.0002

2023_vs_2024:
  Cosine similarity: 0.9931
  L2 distance: 0.0210
  Entropy change: 0.0436
  Concentration change: -0.0020

2023_vs_2025:
  Cosine similarity: 0.9750
  L2 distance: 0.0395
  Entropy change: 0.0620
  Concentration change: -0.0042

2024_vs_2025:
  Cosine similarity: 0.9895
  L2 distance: 0.0248
  Entropy change: 0.0184
  Concentration change: -0.0022

======================================================================

Analysis complete!
Results saved to: experiments/00_baseline_exploration/sweep2_combo1/attention_analysis_year
  - attention_analysis_results.json
  - attention_heatmap.png
  - attention_trends.png
  - temporal_attention_comparison.png
