Logging to: experiments/00_baseline_exploration/sweep2_combo1/attention_analysis_year/attention_analysis_20251027_191342.log
Analysis started at: 2025-10-27 19:13:42
======================================================================
Experiment: 00_baseline_exploration/sweep2_combo1
Output directory: experiments/00_baseline_exploration/sweep2_combo1/attention_analysis_year
Using best checkpoint: experiments/00_baseline_exploration/sweep2_combo1/checkpoints/tft-epoch=04-val_loss=0.1253.ckpt

Loading data...
Loading test data from: data/splits/fixed/core_proposal_daily_fixed_test.csv
  Train samples: 6066
  Test samples: 1300

Preparing test dataset...
Test dataset size after filtering: 1260

Loading model...
Loading model from: experiments/00_baseline_exploration/sweep2_combo1/checkpoints/tft-epoch=04-val_loss=0.1253.ckpt

Extracting attention patterns...
Extracting attention patterns...
Total batches to process: 10
  Processed 10/10 batches

Total predictions: 1260
Total actuals: 1260
Attention shape: (1260, 40)
Encoder variables shape: (1260, 5)

Prediction period: 2020-09-17T00:00:00.000000000 to 2025-10-06T00:00:00.000000000
Total predictions: 1260

Creating temporal periods:
  2020: 72 samples
  2021: 250 samples
  2022: 249 samples
  2023: 249 samples
  2024: 250 samples
  2025: 190 samples

Attention over 40 encoder timesteps

Analyzing attention patterns by period...

Comparing attention patterns across periods...

Creating visualizations...
Saved attention heatmap: experiments/00_baseline_exploration/sweep2_combo1/attention_analysis_year/attention_heatmap.png
Saved attention trends: experiments/00_baseline_exploration/sweep2_combo1/attention_analysis_year/attention_trends.png
Saved feature importance comparison: experiments/00_baseline_exploration/sweep2_combo1/attention_analysis_year/temporal_attention_comparison.png

Saving results...
Saved results: experiments/00_baseline_exploration/sweep2_combo1/attention_analysis_year/attention_analysis_results.json

======================================================================
ATTENTION ANALYSIS SUMMARY
======================================================================

Per-Period Statistics:
----------------------------------------------------------------------

2020:
  Samples: 72
  Entropy: 3.6521 ± 0.0203
  Concentration: 0.0261
  Top 5 features:
    t-1                            0.0388
    t-2                            0.0374
    t-3                            0.0361
    t-4                            0.0349
    t-5                            0.0339

2021:
  Samples: 250
  Entropy: 3.6487 ± 0.0303
  Concentration: 0.0260
  Top 5 features:
    t-1                            0.0377
    t-2                            0.0364
    t-3                            0.0351
    t-4                            0.0339
    t-5                            0.0328

2022:
  Samples: 249
  Entropy: 3.6487 ± 0.0233
  Concentration: 0.0255
  Top 5 features:
    t-1                            0.0341
    t-2                            0.0331
    t-3                            0.0322
    t-4                            0.0314
    t-5                            0.0307

2023:
  Samples: 249
  Entropy: 3.6588 ± 0.0123
  Concentration: 0.0264
  Top 5 features:
    t-1                            0.0402
    t-2                            0.0386
    t-3                            0.0371
    t-4                            0.0357
    t-5                            0.0344

2024:
  Samples: 250
  Entropy: 3.6328 ± 0.0480
  Concentration: 0.0268
  Top 5 features:
    t-1                            0.0433
    t-2                            0.0410
    t-3                            0.0390
    t-4                            0.0372
    t-5                            0.0356

2025:
  Samples: 190
  Entropy: 3.6132 ± 0.0425
  Concentration: 0.0270
  Top 5 features:
    t-1                            0.0433
    t-2                            0.0412
    t-3                            0.0393
    t-4                            0.0375
    t-5                            0.0357

----------------------------------------------------------------------
Period Comparisons:
----------------------------------------------------------------------

2020_vs_2021:
  Cosine similarity: 0.9997
  L2 distance: 0.0041
  Entropy change: -0.0033
  Concentration change: -0.0001

2020_vs_2022:
  Cosine similarity: 0.9976
  L2 distance: 0.0112
  Entropy change: -0.0034
  Concentration change: -0.0006

2020_vs_2023:
  Cosine similarity: 0.9994
  L2 distance: 0.0058
  Entropy change: 0.0068
  Concentration change: 0.0003

2020_vs_2024:
  Cosine similarity: 0.9985
  L2 distance: 0.0093
  Entropy change: -0.0193
  Concentration change: 0.0007

2020_vs_2025:
  Cosine similarity: 0.9976
  L2 distance: 0.0116
  Entropy change: -0.0388
  Concentration change: 0.0008

2021_vs_2022:
  Cosine similarity: 0.9985
  L2 distance: 0.0089
  Entropy change: -0.0000
  Concentration change: -0.0005

2021_vs_2023:
  Cosine similarity: 0.9993
  L2 distance: 0.0063
  Entropy change: 0.0101
  Concentration change: 0.0004

2021_vs_2024:
  Cosine similarity: 0.9978
  L2 distance: 0.0111
  Entropy change: -0.0160
  Concentration change: 0.0008

2021_vs_2025:
  Cosine similarity: 0.9971
  L2 distance: 0.0127
  Entropy change: -0.0355
  Concentration change: 0.0010

2022_vs_2023:
  Cosine similarity: 0.9958
  L2 distance: 0.0150
  Entropy change: 0.0101
  Concentration change: 0.0009

2022_vs_2024:
  Cosine similarity: 0.9928
  L2 distance: 0.0198
  Entropy change: -0.0159
  Concentration change: 0.0013

2022_vs_2025:
  Cosine similarity: 0.9915
  L2 distance: 0.0216
  Entropy change: -0.0354
  Concentration change: 0.0014

2023_vs_2024:
  Cosine similarity: 0.9995
  L2 distance: 0.0055
  Entropy change: -0.0261
  Concentration change: 0.0004

2023_vs_2025:
  Cosine similarity: 0.9992
  L2 distance: 0.0066
  Entropy change: -0.0456
  Concentration change: 0.0005

2024_vs_2025:
  Cosine similarity: 0.9998
  L2 distance: 0.0035
  Entropy change: -0.0195
  Concentration change: 0.0002

======================================================================

Analysis complete!
Results saved to: experiments/00_baseline_exploration/sweep2_combo1/attention_analysis_year
  - attention_analysis_results.json
  - attention_heatmap.png
  - attention_trends.png
  - temporal_attention_comparison.png
