Logging to: experiments/00_baseline_exploration/sweep2_h16_lr_0.0003/attention_analysis_year/attention_analysis_20251030_130737.log
Analysis started at: 2025-10-30 13:07:37
======================================================================
Experiment: 00_baseline_exploration/sweep2_h16_lr_0.0003
Output directory: experiments/00_baseline_exploration/sweep2_h16_lr_0.0003/attention_analysis_year
Using best checkpoint: experiments/00_baseline_exploration/sweep2_h16_lr_0.0003/checkpoints/tft-epoch=70-val_loss=0.4035.ckpt

Loading data...
Loading test data from: data/splits/fixed/core_proposal_daily_fixed_test.csv
  Train samples: 6066
  Test samples: 1300

Preparing test dataset...
Test dataset size after filtering: 1280

Loading model...
Loading model from: experiments/00_baseline_exploration/sweep2_h16_lr_0.0003/checkpoints/tft-epoch=70-val_loss=0.4035.ckpt
Model moved to device: cuda

Extracting attention patterns...
Extracting attention patterns...
Total batches to process: 10
  Processed 10/10 batches

Total predictions: 1280
Total actuals: 1280
Attention shape: (1280, 20)
Encoder variables shape: (1280, 5)

Prediction period: 2020-08-19T00:00:00.000000000 to 2025-10-06T00:00:00.000000000
Total predictions: 1280

Creating temporal periods:
  2020: 92 samples
  2021: 250 samples
  2022: 249 samples
  2023: 249 samples
  2024: 250 samples
  2025: 190 samples

Attention over 20 encoder timesteps

Analyzing attention patterns by period...

Comparing attention patterns across periods...

Creating visualizations...
Saved attention heatmap: experiments/00_baseline_exploration/sweep2_h16_lr_0.0003/attention_analysis_year/attention_heatmap.png
Saved attention trends: experiments/00_baseline_exploration/sweep2_h16_lr_0.0003/attention_analysis_year/attention_trends.png
Saved feature importance comparison: experiments/00_baseline_exploration/sweep2_h16_lr_0.0003/attention_analysis_year/temporal_attention_comparison.png

Saving results...
Saved results: experiments/00_baseline_exploration/sweep2_h16_lr_0.0003/attention_analysis_year/attention_analysis_results.json

======================================================================
ATTENTION ANALYSIS SUMMARY
======================================================================

Per-Period Statistics:
----------------------------------------------------------------------

2020:
  Samples: 92
  Entropy: 2.8058 ± 0.2451
  Concentration: 0.0518
  Top 5 features:
    t-1                            0.0724
    t-2                            0.0668
    t-3                            0.0623
    t-4                            0.0591
    t-5                            0.0568

2021:
  Samples: 250
  Entropy: 2.8396 ± 0.3014
  Concentration: 0.0505
  Top 5 features:
    t-1                            0.0633
    t-2                            0.0602
    t-3                            0.0567
    t-4                            0.0538
    t-5                            0.0526

2022:
  Samples: 249
  Entropy: 2.6486 ± 0.3598
  Concentration: 0.0539
  Top 5 features:
    t-1                            0.0828
    t-2                            0.0722
    t-3                            0.0655
    t-4                            0.0613
    t-5                            0.0586

2023:
  Samples: 249
  Entropy: 2.9616 ± 0.0875
  Concentration: 0.0501
  Top 5 features:
    t-1                            0.0551
    t-2                            0.0542
    t-3                            0.0534
    t-4                            0.0527
    t-5                            0.0522

2024:
  Samples: 250
  Entropy: 2.9437 ± 0.2566
  Concentration: 0.0501
  Top 5 features:
    t-1                            0.0544
    t-2                            0.0542
    t-3                            0.0536
    t-4                            0.0527
    t-5                            0.0514

2025:
  Samples: 190
  Entropy: 2.8689 ± 0.3493
  Concentration: 0.0502
  Top 5 features:
    t-1                            0.0610
    t-2                            0.0554
    t-3                            0.0531
    t-4                            0.0519
    t-5                            0.0508

----------------------------------------------------------------------
Period Comparisons:
----------------------------------------------------------------------

2020_vs_2021:
  Cosine similarity: 0.9964
  L2 distance: 0.0194
  Entropy change: 0.0338
  Concentration change: -0.0012

2020_vs_2022:
  Cosine similarity: 0.9954
  L2 distance: 0.0226
  Entropy change: -0.1572
  Concentration change: 0.0021

2020_vs_2023:
  Cosine similarity: 0.9911
  L2 distance: 0.0304
  Entropy change: 0.1558
  Concentration change: -0.0016

2020_vs_2024:
  Cosine similarity: 0.9892
  L2 distance: 0.0334
  Entropy change: 0.1379
  Concentration change: -0.0017

2020_vs_2025:
  Cosine similarity: 0.9916
  L2 distance: 0.0295
  Entropy change: 0.0631
  Concentration change: -0.0016

2021_vs_2022:
  Cosine similarity: 0.9850
  L2 distance: 0.0403
  Entropy change: -0.1910
  Concentration change: 0.0034

2021_vs_2023:
  Cosine similarity: 0.9986
  L2 distance: 0.0120
  Entropy change: 0.1220
  Concentration change: -0.0004

2021_vs_2024:
  Cosine similarity: 0.9979
  L2 distance: 0.0146
  Entropy change: 0.1041
  Concentration change: -0.0004

2021_vs_2025:
  Cosine similarity: 0.9988
  L2 distance: 0.0108
  Entropy change: 0.0293
  Concentration change: -0.0003

2022_vs_2023:
  Cosine similarity: 0.9761
  L2 distance: 0.0506
  Entropy change: 0.3130
  Concentration change: -0.0038

2022_vs_2024:
  Cosine similarity: 0.9722
  L2 distance: 0.0544
  Entropy change: 0.2951
  Concentration change: -0.0038

2022_vs_2025:
  Cosine similarity: 0.9761
  L2 distance: 0.0505
  Entropy change: 0.2203
  Concentration change: -0.0037

2023_vs_2024:
  Cosine similarity: 0.9997
  L2 distance: 0.0057
  Entropy change: -0.0180
  Concentration change: -0.0001

2023_vs_2025:
  Cosine similarity: 0.9993
  L2 distance: 0.0083
  Entropy change: -0.0927
  Concentration change: 0.0001

2024_vs_2025:
  Cosine similarity: 0.9995
  L2 distance: 0.0071
  Entropy change: -0.0748
  Concentration change: 0.0001

======================================================================

Analysis complete!
Results saved to: experiments/00_baseline_exploration/sweep2_h16_lr_0.0003/attention_analysis_year
  - attention_analysis_results.json
  - attention_heatmap.png
  - attention_trends.png
  - temporal_attention_comparison.png
