Logging to: experiments/00_baseline_exploration/sweep2_h16_lr_0.0003/attention_analysis_year/attention_analysis_20251027_191422.log
Analysis started at: 2025-10-27 19:14:22
======================================================================
Experiment: 00_baseline_exploration/sweep2_h16_lr_0.0003
Output directory: experiments/00_baseline_exploration/sweep2_h16_lr_0.0003/attention_analysis_year
Using best checkpoint: experiments/00_baseline_exploration/sweep2_h16_lr_0.0003/checkpoints/tft-epoch=02-val_loss=0.1227.ckpt

Loading data...
Loading test data from: data/splits/fixed/core_proposal_daily_fixed_test.csv
  Train samples: 6066
  Test samples: 1300

Preparing test dataset...
Test dataset size after filtering: 1280

Loading model...
Loading model from: experiments/00_baseline_exploration/sweep2_h16_lr_0.0003/checkpoints/tft-epoch=02-val_loss=0.1227.ckpt

Extracting attention patterns...
Extracting attention patterns...
Total batches to process: 10
  Processed 10/10 batches

Total predictions: 1280
Total actuals: 1280
Attention shape: (1280, 20)
Encoder variables shape: (1280, 5)

Prediction period: 2020-08-19T00:00:00.000000000 to 2025-10-06T00:00:00.000000000
Total predictions: 1280

Creating temporal periods:
  2020: 92 samples
  2021: 250 samples
  2022: 249 samples
  2023: 249 samples
  2024: 250 samples
  2025: 190 samples

Attention over 20 encoder timesteps

Analyzing attention patterns by period...

Comparing attention patterns across periods...

Creating visualizations...
Saved attention heatmap: experiments/00_baseline_exploration/sweep2_h16_lr_0.0003/attention_analysis_year/attention_heatmap.png
Saved attention trends: experiments/00_baseline_exploration/sweep2_h16_lr_0.0003/attention_analysis_year/attention_trends.png
Saved feature importance comparison: experiments/00_baseline_exploration/sweep2_h16_lr_0.0003/attention_analysis_year/temporal_attention_comparison.png

Saving results...
Saved results: experiments/00_baseline_exploration/sweep2_h16_lr_0.0003/attention_analysis_year/attention_analysis_results.json

======================================================================
ATTENTION ANALYSIS SUMMARY
======================================================================

Per-Period Statistics:
----------------------------------------------------------------------

2020:
  Samples: 92
  Entropy: 2.9916 ± 0.0026
  Concentration: 0.0503
  Top 5 features:
    t-1                            0.0596
    t-2                            0.0574
    t-3                            0.0554
    t-20                           0.0544
    t-4                            0.0537

2021:
  Samples: 250
  Entropy: 2.9524 ± 0.0276
  Concentration: 0.0502
  Top 5 features:
    t-1                            0.0564
    t-2                            0.0555
    t-20                           0.0551
    t-3                            0.0544
    t-4                            0.0534

2022:
  Samples: 249
  Entropy: 2.9832 ± 0.0081
  Concentration: 0.0507
  Top 5 features:
    t-20                           0.0683
    t-19                           0.0616
    t-18                           0.0574
    t-17                           0.0535
    t-16                           0.0509

2023:
  Samples: 249
  Entropy: 2.9393 ± 0.0479
  Concentration: 0.0509
  Top 5 features:
    t-1                            0.0616
    t-2                            0.0604
    t-3                            0.0589
    t-20                           0.0584
    t-4                            0.0573

2024:
  Samples: 250
  Entropy: 2.8431 ± 0.1247
  Concentration: 0.0545
  Top 5 features:
    t-1                            0.0821
    t-2                            0.0776
    t-3                            0.0730
    t-4                            0.0684
    t-5                            0.0637

2025:
  Samples: 190
  Entropy: 2.8226 ± 0.1295
  Concentration: 0.0517
  Top 5 features:
    t-1                            0.0697
    t-2                            0.0657
    t-20                           0.0645
    t-3                            0.0617
    t-4                            0.0578

----------------------------------------------------------------------
Period Comparisons:
----------------------------------------------------------------------

2020_vs_2021:
  Cosine similarity: 0.9998
  L2 distance: 0.0043
  Entropy change: -0.0392
  Concentration change: -0.0001

2020_vs_2022:
  Cosine similarity: 0.9909
  L2 distance: 0.0303
  Entropy change: -0.0084
  Concentration change: 0.0003

2020_vs_2023:
  Cosine similarity: 0.9983
  L2 distance: 0.0132
  Entropy change: -0.0523
  Concentration change: 0.0006

2020_vs_2024:
  Cosine similarity: 0.9760
  L2 distance: 0.0509
  Entropy change: -0.1485
  Concentration change: 0.0042

2020_vs_2025:
  Cosine similarity: 0.9944
  L2 distance: 0.0241
  Entropy change: -0.1690
  Concentration change: 0.0014

2021_vs_2022:
  Cosine similarity: 0.9928
  L2 distance: 0.0271
  Entropy change: 0.0309
  Concentration change: 0.0004

2021_vs_2023:
  Cosine similarity: 0.9978
  L2 distance: 0.0151
  Entropy change: -0.0131
  Concentration change: 0.0006

2021_vs_2024:
  Cosine similarity: 0.9727
  L2 distance: 0.0543
  Entropy change: -0.1093
  Concentration change: 0.0043

2021_vs_2025:
  Cosine similarity: 0.9932
  L2 distance: 0.0266
  Entropy change: -0.1297
  Concentration change: 0.0015

2022_vs_2023:
  Cosine similarity: 0.9869
  L2 distance: 0.0365
  Entropy change: -0.0439
  Concentration change: 0.0002

2022_vs_2024:
  Cosine similarity: 0.9427
  L2 distance: 0.0781
  Entropy change: -0.1401
  Concentration change: 0.0038

2022_vs_2025:
  Cosine similarity: 0.9830
  L2 distance: 0.0418
  Entropy change: -0.1606
  Concentration change: 0.0010

2023_vs_2024:
  Cosine similarity: 0.9839
  L2 distance: 0.0419
  Entropy change: -0.0962
  Concentration change: 0.0036

2023_vs_2025:
  Cosine similarity: 0.9977
  L2 distance: 0.0156
  Entropy change: -0.1167
  Concentration change: 0.0008

2024_vs_2025:
  Cosine similarity: 0.9854
  L2 distance: 0.0399
  Entropy change: -0.0204
  Concentration change: -0.0028

======================================================================

Analysis complete!
Results saved to: experiments/00_baseline_exploration/sweep2_h16_lr_0.0003/attention_analysis_year
  - attention_analysis_results.json
  - attention_heatmap.png
  - attention_trends.png
  - temporal_attention_comparison.png
