Logging to: experiments/01_staleness_features_fixed/sweep_stale_h12_drop0.20_lr3/attention_analysis_year/attention_analysis_20251027_193748.log
Analysis started at: 2025-10-27 19:37:48
======================================================================
Experiment: 01_staleness_features_fixed/sweep_stale_h12_drop0.20_lr3
Output directory: experiments/01_staleness_features_fixed/sweep_stale_h12_drop0.20_lr3/attention_analysis_year
Using best checkpoint: experiments/01_staleness_features_fixed/sweep_stale_h12_drop0.20_lr3/checkpoints/tft-epoch=04-val_loss=0.1416.ckpt

Loading data...
Loading test data from: data/splits/fixed/core_proposal_daily_fixed_test.csv
Detected staleness features in config, adding to data...
  Train samples: 6066
  Test samples: 1300

Preparing test dataset...
Test dataset size after filtering: 1280

Loading model...
Loading model from: experiments/01_staleness_features_fixed/sweep_stale_h12_drop0.20_lr3/checkpoints/tft-epoch=04-val_loss=0.1416.ckpt

Extracting attention patterns...
Extracting attention patterns...
Total batches to process: 10
  Processed 10/10 batches

Total predictions: 1280
Total actuals: 1280
Attention shape: (1280, 20)
Encoder variables shape: (1280, 7)

Prediction period: 2020-08-19T00:00:00.000000000 to 2025-10-06T00:00:00.000000000
Total predictions: 1280

Creating temporal periods:
  2020: 92 samples
  2021: 250 samples
  2022: 249 samples
  2023: 249 samples
  2024: 250 samples
  2025: 190 samples

Attention over 20 encoder timesteps

Analyzing attention patterns by period...

Comparing attention patterns across periods...

Creating visualizations...
Saved attention heatmap: experiments/01_staleness_features_fixed/sweep_stale_h12_drop0.20_lr3/attention_analysis_year/attention_heatmap.png
Saved attention trends: experiments/01_staleness_features_fixed/sweep_stale_h12_drop0.20_lr3/attention_analysis_year/attention_trends.png
Saved feature importance comparison: experiments/01_staleness_features_fixed/sweep_stale_h12_drop0.20_lr3/attention_analysis_year/temporal_attention_comparison.png

Saving results...
Saved results: experiments/01_staleness_features_fixed/sweep_stale_h12_drop0.20_lr3/attention_analysis_year/attention_analysis_results.json

======================================================================
ATTENTION ANALYSIS SUMMARY
======================================================================

Per-Period Statistics:
----------------------------------------------------------------------

2020:
  Samples: 92
  Entropy: 2.9834 ± 0.0041
  Concentration: 0.0500
  Top 5 features:
    t-1                            0.0521
    t-2                            0.0517
    t-3                            0.0514
    t-4                            0.0512
    t-5                            0.0509

2021:
  Samples: 250
  Entropy: 2.9760 ± 0.0071
  Concentration: 0.0500
  Top 5 features:
    t-1                            0.0526
    t-2                            0.0523
    t-3                            0.0519
    t-4                            0.0516
    t-5                            0.0512

2022:
  Samples: 249
  Entropy: 2.9835 ± 0.0055
  Concentration: 0.0500
  Top 5 features:
    t-1                            0.0529
    t-2                            0.0525
    t-3                            0.0521
    t-4                            0.0517
    t-5                            0.0514

2023:
  Samples: 249
  Entropy: 2.9355 ± 0.0330
  Concentration: 0.0500
  Top 5 features:
    t-1                            0.0512
    t-2                            0.0511
    t-3                            0.0509
    t-4                            0.0508
    t-5                            0.0506

2024:
  Samples: 250
  Entropy: 2.9294 ± 0.0296
  Concentration: 0.0500
  Top 5 features:
    t-1                            0.0517
    t-2                            0.0514
    t-3                            0.0512
    t-6                            0.0511
    t-4                            0.0510

2025:
  Samples: 190
  Entropy: 2.9550 ± 0.0202
  Concentration: 0.0500
  Top 5 features:
    t-1                            0.0513
    t-2                            0.0510
    t-3                            0.0506
    t-4                            0.0504
    t-7                            0.0503

----------------------------------------------------------------------
Period Comparisons:
----------------------------------------------------------------------

2020_vs_2021:
  Cosine similarity: 1.0000
  L2 distance: 0.0022
  Entropy change: -0.0075
  Concentration change: 0.0000

2020_vs_2022:
  Cosine similarity: 0.9999
  L2 distance: 0.0031
  Entropy change: 0.0001
  Concentration change: 0.0000

2020_vs_2023:
  Cosine similarity: 1.0000
  L2 distance: 0.0021
  Entropy change: -0.0479
  Concentration change: -0.0000

2020_vs_2024:
  Cosine similarity: 1.0000
  L2 distance: 0.0012
  Entropy change: -0.0540
  Concentration change: -0.0000

2020_vs_2025:
  Cosine similarity: 0.9999
  L2 distance: 0.0025
  Entropy change: -0.0284
  Concentration change: -0.0000

2021_vs_2022:
  Cosine similarity: 1.0000
  L2 distance: 0.0010
  Entropy change: 0.0075
  Concentration change: 0.0000

2021_vs_2023:
  Cosine similarity: 0.9999
  L2 distance: 0.0037
  Entropy change: -0.0404
  Concentration change: -0.0000

2021_vs_2024:
  Cosine similarity: 1.0000
  L2 distance: 0.0021
  Entropy change: -0.0465
  Concentration change: -0.0000

2021_vs_2025:
  Cosine similarity: 0.9998
  L2 distance: 0.0040
  Entropy change: -0.0210
  Concentration change: -0.0000

2022_vs_2023:
  Cosine similarity: 0.9998
  L2 distance: 0.0044
  Entropy change: -0.0480
  Concentration change: -0.0000

2022_vs_2024:
  Cosine similarity: 0.9999
  L2 distance: 0.0029
  Entropy change: -0.0541
  Concentration change: -0.0000

2022_vs_2025:
  Cosine similarity: 0.9998
  L2 distance: 0.0047
  Entropy change: -0.0285
  Concentration change: -0.0000

2023_vs_2024:
  Cosine similarity: 1.0000
  L2 distance: 0.0020
  Entropy change: -0.0061
  Concentration change: 0.0000

2023_vs_2025:
  Cosine similarity: 1.0000
  L2 distance: 0.0010
  Entropy change: 0.0195
  Concentration change: -0.0000

2024_vs_2025:
  Cosine similarity: 1.0000
  L2 distance: 0.0022
  Entropy change: 0.0256
  Concentration change: -0.0000

======================================================================

Analysis complete!
Results saved to: experiments/01_staleness_features_fixed/sweep_stale_h12_drop0.20_lr3/attention_analysis_year
  - attention_analysis_results.json
  - attention_heatmap.png
  - attention_trends.png
  - temporal_attention_comparison.png
