Logging to: experiments/01_staleness_features_fixed/sweep_stale_h12_drop0.20_lr3/attention_analysis_year/attention_analysis_20251030_131225.log
Analysis started at: 2025-10-30 13:12:25
======================================================================
Experiment: 01_staleness_features_fixed/sweep_stale_h12_drop0.20_lr3
Output directory: experiments/01_staleness_features_fixed/sweep_stale_h12_drop0.20_lr3/attention_analysis_year
Using best checkpoint: experiments/01_staleness_features_fixed/sweep_stale_h12_drop0.20_lr3/checkpoints/tft-epoch=99-val_loss=0.4012.ckpt

Loading data...
Loading test data from: data/splits/fixed/core_proposal_daily_fixed_test.csv
Detected staleness features in config, adding to data...
  Train samples: 6066
  Test samples: 1300

Preparing test dataset...
Test dataset size after filtering: 1280

Loading model...
Loading model from: experiments/01_staleness_features_fixed/sweep_stale_h12_drop0.20_lr3/checkpoints/tft-epoch=99-val_loss=0.4012.ckpt
Model moved to device: cuda

Extracting attention patterns...
Extracting attention patterns...
Total batches to process: 10
  Processed 10/10 batches

Total predictions: 1280
Total actuals: 1280
Attention shape: (1280, 20)
Encoder variables shape: (1280, 7)

Prediction period: 2020-08-19T00:00:00.000000000 to 2025-10-06T00:00:00.000000000
Total predictions: 1280

Creating temporal periods:
  2020: 92 samples
  2021: 250 samples
  2022: 249 samples
  2023: 249 samples
  2024: 250 samples
  2025: 190 samples

Attention over 20 encoder timesteps

Analyzing attention patterns by period...

Comparing attention patterns across periods...

Creating visualizations...
Saved attention heatmap: experiments/01_staleness_features_fixed/sweep_stale_h12_drop0.20_lr3/attention_analysis_year/attention_heatmap.png
Saved attention trends: experiments/01_staleness_features_fixed/sweep_stale_h12_drop0.20_lr3/attention_analysis_year/attention_trends.png
Saved feature importance comparison: experiments/01_staleness_features_fixed/sweep_stale_h12_drop0.20_lr3/attention_analysis_year/temporal_attention_comparison.png

Saving results...
Saved results: experiments/01_staleness_features_fixed/sweep_stale_h12_drop0.20_lr3/attention_analysis_year/attention_analysis_results.json

======================================================================
ATTENTION ANALYSIS SUMMARY
======================================================================

Per-Period Statistics:
----------------------------------------------------------------------

2020:
  Samples: 92
  Entropy: 2.9439 ± 0.0601
  Concentration: 0.0501
  Top 5 features:
    t-1                            0.0538
    t-2                            0.0530
    t-3                            0.0524
    t-4                            0.0519
    t-5                            0.0516

2021:
  Samples: 250
  Entropy: 2.9399 ± 0.0802
  Concentration: 0.0502
  Top 5 features:
    t-1                            0.0558
    t-2                            0.0548
    t-3                            0.0538
    t-4                            0.0529
    t-5                            0.0523

2022:
  Samples: 249
  Entropy: 2.9068 ± 0.0786
  Concentration: 0.0508
  Top 5 features:
    t-1                            0.0633
    t-2                            0.0606
    t-3                            0.0584
    t-4                            0.0565
    t-5                            0.0548

2023:
  Samples: 249
  Entropy: 2.9792 ± 0.0236
  Concentration: 0.0500
  Top 5 features:
    t-15                           0.0511
    t-14                           0.0511
    t-16                           0.0510
    t-13                           0.0508
    t-12                           0.0507

2024:
  Samples: 250
  Entropy: 2.9570 ± 0.1250
  Concentration: 0.0501
  Top 5 features:
    t-1                            0.0533
    t-2                            0.0528
    t-3                            0.0523
    t-4                            0.0519
    t-5                            0.0515

2025:
  Samples: 190
  Entropy: 2.8866 ± 0.2649
  Concentration: 0.0500
  Top 5 features:
    t-1                            0.0541
    t-2                            0.0518
    t-3                            0.0507
    t-15                           0.0504
    t-14                           0.0503

----------------------------------------------------------------------
Period Comparisons:
----------------------------------------------------------------------

2020_vs_2021:
  Cosine similarity: 0.9997
  L2 distance: 0.0057
  Entropy change: -0.0039
  Concentration change: 0.0001

2020_vs_2022:
  Cosine similarity: 0.9966
  L2 distance: 0.0185
  Entropy change: -0.0371
  Concentration change: 0.0007

2020_vs_2023:
  Cosine similarity: 0.9995
  L2 distance: 0.0073
  Entropy change: 0.0354
  Concentration change: -0.0001

2020_vs_2024:
  Cosine similarity: 1.0000
  L2 distance: 0.0014
  Entropy change: 0.0131
  Concentration change: -0.0000

2020_vs_2025:
  Cosine similarity: 0.9997
  L2 distance: 0.0053
  Entropy change: -0.0573
  Concentration change: -0.0001

2021_vs_2022:
  Cosine similarity: 0.9981
  L2 distance: 0.0139
  Entropy change: -0.0331
  Concentration change: 0.0005

2021_vs_2023:
  Cosine similarity: 0.9985
  L2 distance: 0.0121
  Entropy change: 0.0393
  Concentration change: -0.0002

2021_vs_2024:
  Cosine similarity: 0.9995
  L2 distance: 0.0070
  Entropy change: 0.0171
  Concentration change: -0.0002

2021_vs_2025:
  Cosine similarity: 0.9990
  L2 distance: 0.0102
  Entropy change: -0.0533
  Concentration change: -0.0002

2022_vs_2023:
  Cosine similarity: 0.9936
  L2 distance: 0.0255
  Entropy change: 0.0724
  Concentration change: -0.0007

2022_vs_2024:
  Cosine similarity: 0.9963
  L2 distance: 0.0195
  Entropy change: 0.0502
  Concentration change: -0.0007

2022_vs_2025:
  Cosine similarity: 0.9949
  L2 distance: 0.0227
  Entropy change: -0.0202
  Concentration change: -0.0007

2023_vs_2024:
  Cosine similarity: 0.9995
  L2 distance: 0.0067
  Entropy change: -0.0222
  Concentration change: 0.0000

2023_vs_2025:
  Cosine similarity: 0.9998
  L2 distance: 0.0046
  Entropy change: -0.0926
  Concentration change: 0.0000

2024_vs_2025:
  Cosine similarity: 0.9998
  L2 distance: 0.0047
  Entropy change: -0.0704
  Concentration change: -0.0000

======================================================================

Analysis complete!
Results saved to: experiments/01_staleness_features_fixed/sweep_stale_h12_drop0.20_lr3/attention_analysis_year
  - attention_analysis_results.json
  - attention_heatmap.png
  - attention_trends.png
  - temporal_attention_comparison.png
