Logging to: experiments/01_staleness_features_fixed/sweep_stale_h12_drop0.15_lr3/attention_analysis_year/attention_analysis_20251027_193743.log
Analysis started at: 2025-10-27 19:37:43
======================================================================
Experiment: 01_staleness_features_fixed/sweep_stale_h12_drop0.15_lr3
Output directory: experiments/01_staleness_features_fixed/sweep_stale_h12_drop0.15_lr3/attention_analysis_year
Using best checkpoint: experiments/01_staleness_features_fixed/sweep_stale_h12_drop0.15_lr3/checkpoints/tft-epoch=04-val_loss=0.1419.ckpt

Loading data...
Loading test data from: data/splits/fixed/core_proposal_daily_fixed_test.csv
Detected staleness features in config, adding to data...
  Train samples: 6066
  Test samples: 1300

Preparing test dataset...
Test dataset size after filtering: 1280

Loading model...
Loading model from: experiments/01_staleness_features_fixed/sweep_stale_h12_drop0.15_lr3/checkpoints/tft-epoch=04-val_loss=0.1419.ckpt

Extracting attention patterns...
Extracting attention patterns...
Total batches to process: 10
  Processed 10/10 batches

Total predictions: 1280
Total actuals: 1280
Attention shape: (1280, 20)
Encoder variables shape: (1280, 7)

Prediction period: 2020-08-19T00:00:00.000000000 to 2025-10-06T00:00:00.000000000
Total predictions: 1280

Creating temporal periods:
  2020: 92 samples
  2021: 250 samples
  2022: 249 samples
  2023: 249 samples
  2024: 250 samples
  2025: 190 samples

Attention over 20 encoder timesteps

Analyzing attention patterns by period...

Comparing attention patterns across periods...

Creating visualizations...
Saved attention heatmap: experiments/01_staleness_features_fixed/sweep_stale_h12_drop0.15_lr3/attention_analysis_year/attention_heatmap.png
Saved attention trends: experiments/01_staleness_features_fixed/sweep_stale_h12_drop0.15_lr3/attention_analysis_year/attention_trends.png
Saved feature importance comparison: experiments/01_staleness_features_fixed/sweep_stale_h12_drop0.15_lr3/attention_analysis_year/temporal_attention_comparison.png

Saving results...
Saved results: experiments/01_staleness_features_fixed/sweep_stale_h12_drop0.15_lr3/attention_analysis_year/attention_analysis_results.json

======================================================================
ATTENTION ANALYSIS SUMMARY
======================================================================

Per-Period Statistics:
----------------------------------------------------------------------

2020:
  Samples: 92
  Entropy: 2.9846 ± 0.0038
  Concentration: 0.0500
  Top 5 features:
    t-1                            0.0520
    t-2                            0.0517
    t-3                            0.0514
    t-4                            0.0512
    t-5                            0.0509

2021:
  Samples: 250
  Entropy: 2.9775 ± 0.0066
  Concentration: 0.0500
  Top 5 features:
    t-1                            0.0526
    t-2                            0.0522
    t-3                            0.0519
    t-4                            0.0515
    t-5                            0.0512

2022:
  Samples: 249
  Entropy: 2.9845 ± 0.0050
  Concentration: 0.0500
  Top 5 features:
    t-1                            0.0528
    t-2                            0.0524
    t-3                            0.0520
    t-4                            0.0516
    t-5                            0.0513

2023:
  Samples: 249
  Entropy: 2.9376 ± 0.0323
  Concentration: 0.0500
  Top 5 features:
    t-1                            0.0511
    t-2                            0.0510
    t-3                            0.0509
    t-4                            0.0507
    t-5                            0.0506

2024:
  Samples: 250
  Entropy: 2.9315 ± 0.0288
  Concentration: 0.0500
  Top 5 features:
    t-1                            0.0516
    t-2                            0.0514
    t-3                            0.0511
    t-6                            0.0511
    t-4                            0.0509

2025:
  Samples: 190
  Entropy: 2.9571 ± 0.0193
  Concentration: 0.0500
  Top 5 features:
    t-1                            0.0512
    t-2                            0.0509
    t-3                            0.0506
    t-4                            0.0503
    t-9                            0.0503

----------------------------------------------------------------------
Period Comparisons:
----------------------------------------------------------------------

2020_vs_2021:
  Cosine similarity: 1.0000
  L2 distance: 0.0021
  Entropy change: -0.0071
  Concentration change: 0.0000

2020_vs_2022:
  Cosine similarity: 0.9999
  L2 distance: 0.0028
  Entropy change: -0.0001
  Concentration change: 0.0000

2020_vs_2023:
  Cosine similarity: 1.0000
  L2 distance: 0.0022
  Entropy change: -0.0470
  Concentration change: -0.0000

2020_vs_2024:
  Cosine similarity: 1.0000
  L2 distance: 0.0011
  Entropy change: -0.0531
  Concentration change: -0.0000

2020_vs_2025:
  Cosine similarity: 0.9999
  L2 distance: 0.0026
  Entropy change: -0.0275
  Concentration change: -0.0000

2021_vs_2022:
  Cosine similarity: 1.0000
  L2 distance: 0.0009
  Entropy change: 0.0070
  Concentration change: 0.0000

2021_vs_2023:
  Cosine similarity: 0.9999
  L2 distance: 0.0038
  Entropy change: -0.0399
  Concentration change: -0.0000

2021_vs_2024:
  Cosine similarity: 1.0000
  L2 distance: 0.0022
  Entropy change: -0.0460
  Concentration change: -0.0000

2021_vs_2025:
  Cosine similarity: 0.9998
  L2 distance: 0.0042
  Entropy change: -0.0204
  Concentration change: -0.0000

2022_vs_2023:
  Cosine similarity: 0.9998
  L2 distance: 0.0044
  Entropy change: -0.0469
  Concentration change: -0.0000

2022_vs_2024:
  Cosine similarity: 0.9999
  L2 distance: 0.0029
  Entropy change: -0.0530
  Concentration change: -0.0000

2022_vs_2025:
  Cosine similarity: 0.9998
  L2 distance: 0.0047
  Entropy change: -0.0274
  Concentration change: -0.0000

2023_vs_2024:
  Cosine similarity: 1.0000
  L2 distance: 0.0020
  Entropy change: -0.0061
  Concentration change: 0.0000

2023_vs_2025:
  Cosine similarity: 1.0000
  L2 distance: 0.0009
  Entropy change: 0.0195
  Concentration change: -0.0000

2024_vs_2025:
  Cosine similarity: 0.9999
  L2 distance: 0.0022
  Entropy change: 0.0256
  Concentration change: -0.0000

======================================================================

Analysis complete!
Results saved to: experiments/01_staleness_features_fixed/sweep_stale_h12_drop0.15_lr3/attention_analysis_year
  - attention_analysis_results.json
  - attention_heatmap.png
  - attention_trends.png
  - temporal_attention_comparison.png
