Logging to: experiments/01_staleness_features_fixed/sweep_stale_h12_drop0.15_lr3/attention_analysis_year/attention_analysis_20251030_131210.log
Analysis started at: 2025-10-30 13:12:10
======================================================================
Experiment: 01_staleness_features_fixed/sweep_stale_h12_drop0.15_lr3
Output directory: experiments/01_staleness_features_fixed/sweep_stale_h12_drop0.15_lr3/attention_analysis_year
Using best checkpoint: experiments/01_staleness_features_fixed/sweep_stale_h12_drop0.15_lr3/checkpoints/tft-epoch=99-val_loss=0.4016.ckpt

Loading data...
Loading test data from: data/splits/fixed/core_proposal_daily_fixed_test.csv
Detected staleness features in config, adding to data...
  Train samples: 6066
  Test samples: 1300

Preparing test dataset...
Test dataset size after filtering: 1280

Loading model...
Loading model from: experiments/01_staleness_features_fixed/sweep_stale_h12_drop0.15_lr3/checkpoints/tft-epoch=99-val_loss=0.4016.ckpt
Model moved to device: cuda

Extracting attention patterns...
Extracting attention patterns...
Total batches to process: 10
  Processed 10/10 batches

Total predictions: 1280
Total actuals: 1280
Attention shape: (1280, 20)
Encoder variables shape: (1280, 7)

Prediction period: 2020-08-19T00:00:00.000000000 to 2025-10-06T00:00:00.000000000
Total predictions: 1280

Creating temporal periods:
  2020: 92 samples
  2021: 250 samples
  2022: 249 samples
  2023: 249 samples
  2024: 250 samples
  2025: 190 samples

Attention over 20 encoder timesteps

Analyzing attention patterns by period...

Comparing attention patterns across periods...

Creating visualizations...
Saved attention heatmap: experiments/01_staleness_features_fixed/sweep_stale_h12_drop0.15_lr3/attention_analysis_year/attention_heatmap.png
Saved attention trends: experiments/01_staleness_features_fixed/sweep_stale_h12_drop0.15_lr3/attention_analysis_year/attention_trends.png
Saved feature importance comparison: experiments/01_staleness_features_fixed/sweep_stale_h12_drop0.15_lr3/attention_analysis_year/temporal_attention_comparison.png

Saving results...
Saved results: experiments/01_staleness_features_fixed/sweep_stale_h12_drop0.15_lr3/attention_analysis_year/attention_analysis_results.json

======================================================================
ATTENTION ANALYSIS SUMMARY
======================================================================

Per-Period Statistics:
----------------------------------------------------------------------

2020:
  Samples: 92
  Entropy: 2.9171 ± 0.0914
  Concentration: 0.0502
  Top 5 features:
    t-1                            0.0559
    t-2                            0.0547
    t-3                            0.0536
    t-4                            0.0529
    t-5                            0.0524

2021:
  Samples: 250
  Entropy: 2.9026 ± 0.1361
  Concentration: 0.0505
  Top 5 features:
    t-1                            0.0584
    t-2                            0.0568
    t-3                            0.0553
    t-4                            0.0540
    t-5                            0.0532

2022:
  Samples: 249
  Entropy: 2.8613 ± 0.1221
  Concentration: 0.0515
  Top 5 features:
    t-1                            0.0683
    t-2                            0.0643
    t-3                            0.0611
    t-4                            0.0584
    t-5                            0.0562

2023:
  Samples: 249
  Entropy: 2.9646 ± 0.0517
  Concentration: 0.0501
  Top 5 features:
    t-1                            0.0516
    t-14                           0.0514
    t-15                           0.0514
    t-2                            0.0512
    t-13                           0.0512

2024:
  Samples: 250
  Entropy: 2.9291 ± 0.2211
  Concentration: 0.0501
  Top 5 features:
    t-1                            0.0543
    t-2                            0.0536
    t-3                            0.0531
    t-4                            0.0526
    t-5                            0.0520

2025:
  Samples: 190
  Entropy: 2.8501 ± 0.3468
  Concentration: 0.0501
  Top 5 features:
    t-1                            0.0556
    t-2                            0.0521
    t-3                            0.0507
    t-14                           0.0506
    t-15                           0.0506

----------------------------------------------------------------------
Period Comparisons:
----------------------------------------------------------------------

2020_vs_2021:
  Cosine similarity: 0.9994
  L2 distance: 0.0080
  Entropy change: -0.0145
  Concentration change: 0.0003

2020_vs_2022:
  Cosine similarity: 0.9942
  L2 distance: 0.0244
  Entropy change: -0.0558
  Concentration change: 0.0013

2020_vs_2023:
  Cosine similarity: 0.9991
  L2 distance: 0.0097
  Entropy change: 0.0475
  Concentration change: -0.0001

2020_vs_2024:
  Cosine similarity: 0.9999
  L2 distance: 0.0035
  Entropy change: 0.0120
  Concentration change: -0.0001

2020_vs_2025:
  Cosine similarity: 0.9992
  L2 distance: 0.0090
  Entropy change: -0.0670
  Concentration change: -0.0001

2021_vs_2022:
  Cosine similarity: 0.9968
  L2 distance: 0.0181
  Entropy change: -0.0413
  Concentration change: 0.0010

2021_vs_2023:
  Cosine similarity: 0.9979
  L2 distance: 0.0146
  Entropy change: 0.0620
  Concentration change: -0.0004

2021_vs_2024:
  Cosine similarity: 0.9988
  L2 distance: 0.0108
  Entropy change: 0.0265
  Concentration change: -0.0004

2021_vs_2025:
  Cosine similarity: 0.9977
  L2 distance: 0.0152
  Entropy change: -0.0525
  Concentration change: -0.0004

2022_vs_2023:
  Cosine similarity: 0.9899
  L2 distance: 0.0323
  Entropy change: 0.1033
  Concentration change: -0.0014

2022_vs_2024:
  Cosine similarity: 0.9928
  L2 distance: 0.0273
  Entropy change: 0.0678
  Concentration change: -0.0014

2022_vs_2025:
  Cosine similarity: 0.9902
  L2 distance: 0.0317
  Entropy change: -0.0112
  Concentration change: -0.0014

2023_vs_2024:
  Cosine similarity: 0.9995
  L2 distance: 0.0073
  Entropy change: -0.0355
  Concentration change: 0.0000

2023_vs_2025:
  Cosine similarity: 0.9996
  L2 distance: 0.0060
  Entropy change: -0.1145
  Concentration change: -0.0000

2024_vs_2025:
  Cosine similarity: 0.9995
  L2 distance: 0.0068
  Entropy change: -0.0790
  Concentration change: -0.0001

======================================================================

Analysis complete!
Results saved to: experiments/01_staleness_features_fixed/sweep_stale_h12_drop0.15_lr3/attention_analysis_year
  - attention_analysis_results.json
  - attention_heatmap.png
  - attention_trends.png
  - temporal_attention_comparison.png
