Logging to: experiments/00_baseline_exploration/sweep2_h16_enc_60/attention_analysis_year/attention_analysis_20251030_130722.log
Analysis started at: 2025-10-30 13:07:22
======================================================================
Experiment: 00_baseline_exploration/sweep2_h16_enc_60
Output directory: experiments/00_baseline_exploration/sweep2_h16_enc_60/attention_analysis_year
Using best checkpoint: experiments/00_baseline_exploration/sweep2_h16_enc_60/checkpoints/tft-epoch=43-val_loss=0.4054.ckpt

Loading data...
Loading test data from: data/splits/fixed/core_proposal_daily_fixed_test.csv
  Train samples: 6066
  Test samples: 1300

Preparing test dataset...
Test dataset size after filtering: 1240

Loading model...
Loading model from: experiments/00_baseline_exploration/sweep2_h16_enc_60/checkpoints/tft-epoch=43-val_loss=0.4054.ckpt
Model moved to device: cuda

Extracting attention patterns...
Extracting attention patterns...
Total batches to process: 10
  Processed 10/10 batches

Total predictions: 1240
Total actuals: 1240
Attention shape: (1240, 60)
Encoder variables shape: (1240, 5)

Prediction period: 2020-10-16T00:00:00.000000000 to 2025-10-06T00:00:00.000000000
Total predictions: 1240

Creating temporal periods:
  2020: 52 samples
  2021: 250 samples
  2022: 249 samples
  2023: 249 samples
  2024: 250 samples
  2025: 190 samples

Attention over 60 encoder timesteps

Analyzing attention patterns by period...

Comparing attention patterns across periods...

Creating visualizations...
Saved attention heatmap: experiments/00_baseline_exploration/sweep2_h16_enc_60/attention_analysis_year/attention_heatmap.png
Saved attention trends: experiments/00_baseline_exploration/sweep2_h16_enc_60/attention_analysis_year/attention_trends.png
Saved feature importance comparison: experiments/00_baseline_exploration/sweep2_h16_enc_60/attention_analysis_year/temporal_attention_comparison.png

Saving results...
Saved results: experiments/00_baseline_exploration/sweep2_h16_enc_60/attention_analysis_year/attention_analysis_results.json

======================================================================
ATTENTION ANALYSIS SUMMARY
======================================================================

Per-Period Statistics:
----------------------------------------------------------------------

2020:
  Samples: 52
  Entropy: 4.0492 ± 0.0915
  Concentration: 0.0170
  Top 5 features:
    t-1                            0.0240
    t-2                            0.0238
    t-3                            0.0231
    t-4                            0.0220
    t-5                            0.0210

2021:
  Samples: 250
  Entropy: 4.0414 ± 0.1420
  Concentration: 0.0168
  Top 5 features:
    t-1                            0.0229
    t-2                            0.0222
    t-3                            0.0210
    t-4                            0.0198
    t-5                            0.0187

2022:
  Samples: 249
  Entropy: 3.9139 ± 0.2208
  Concentration: 0.0170
  Top 5 features:
    t-1                            0.0252
    t-2                            0.0246
    t-3                            0.0235
    t-4                            0.0224
    t-5                            0.0215

2023:
  Samples: 249
  Entropy: 4.0649 ± 0.0308
  Concentration: 0.0167
  Top 5 features:
    t-1                            0.0196
    t-2                            0.0195
    t-3                            0.0192
    t-4                            0.0188
    t-5                            0.0186

2024:
  Samples: 250
  Entropy: 4.0432 ± 0.2173
  Concentration: 0.0168
  Top 5 features:
    t-1                            0.0221
    t-2                            0.0217
    t-3                            0.0206
    t-4                            0.0189
    t-5                            0.0178

2025:
  Samples: 190
  Entropy: 3.9340 ± 0.3917
  Concentration: 0.0176
  Top 5 features:
    t-1                            0.0317
    t-2                            0.0294
    t-3                            0.0274
    t-4                            0.0259
    t-5                            0.0243

----------------------------------------------------------------------
Period Comparisons:
----------------------------------------------------------------------

2020_vs_2021:
  Cosine similarity: 0.9935
  L2 distance: 0.0149
  Entropy change: -0.0077
  Concentration change: -0.0002

2020_vs_2022:
  Cosine similarity: 0.9989
  L2 distance: 0.0061
  Entropy change: -0.1353
  Concentration change: 0.0000

2020_vs_2023:
  Cosine similarity: 0.9946
  L2 distance: 0.0135
  Entropy change: 0.0157
  Concentration change: -0.0003

2020_vs_2024:
  Cosine similarity: 0.9962
  L2 distance: 0.0114
  Entropy change: -0.0060
  Concentration change: -0.0002

2020_vs_2025:
  Cosine similarity: 0.9939
  L2 distance: 0.0147
  Entropy change: -0.1152
  Concentration change: 0.0006

2021_vs_2022:
  Cosine similarity: 0.9955
  L2 distance: 0.0124
  Entropy change: -0.1276
  Concentration change: 0.0002

2021_vs_2023:
  Cosine similarity: 0.9983
  L2 distance: 0.0075
  Entropy change: 0.0234
  Concentration change: -0.0001

2021_vs_2024:
  Cosine similarity: 0.9981
  L2 distance: 0.0079
  Entropy change: 0.0017
  Concentration change: -0.0000

2021_vs_2025:
  Cosine similarity: 0.9839
  L2 distance: 0.0238
  Entropy change: -0.1074
  Concentration change: 0.0008

2022_vs_2023:
  Cosine similarity: 0.9952
  L2 distance: 0.0128
  Entropy change: 0.1510
  Concentration change: -0.0003

2022_vs_2024:
  Cosine similarity: 0.9961
  L2 distance: 0.0116
  Entropy change: 0.1293
  Concentration change: -0.0003

2022_vs_2025:
  Cosine similarity: 0.9951
  L2 distance: 0.0132
  Entropy change: 0.0201
  Concentration change: 0.0006

2023_vs_2024:
  Cosine similarity: 0.9988
  L2 distance: 0.0063
  Entropy change: -0.0217
  Concentration change: 0.0000

2023_vs_2025:
  Cosine similarity: 0.9830
  L2 distance: 0.0244
  Entropy change: -0.1309
  Concentration change: 0.0009

2024_vs_2025:
  Cosine similarity: 0.9858
  L2 distance: 0.0224
  Entropy change: -0.1092
  Concentration change: 0.0009

======================================================================

Analysis complete!
Results saved to: experiments/00_baseline_exploration/sweep2_h16_enc_60/attention_analysis_year
  - attention_analysis_results.json
  - attention_heatmap.png
  - attention_trends.png
  - temporal_attention_comparison.png
