Logging to: experiments/00_baseline_exploration/sweep2_h16_enc_60/attention_analysis_year/attention_analysis_20251027_191416.log
Analysis started at: 2025-10-27 19:14:16
======================================================================
Experiment: 00_baseline_exploration/sweep2_h16_enc_60
Output directory: experiments/00_baseline_exploration/sweep2_h16_enc_60/attention_analysis_year
Using best checkpoint: experiments/00_baseline_exploration/sweep2_h16_enc_60/checkpoints/tft-epoch=01-val_loss=0.1357.ckpt

Loading data...
Loading test data from: data/splits/fixed/core_proposal_daily_fixed_test.csv
  Train samples: 6066
  Test samples: 1300

Preparing test dataset...
Test dataset size after filtering: 1240

Loading model...
Loading model from: experiments/00_baseline_exploration/sweep2_h16_enc_60/checkpoints/tft-epoch=01-val_loss=0.1357.ckpt

Extracting attention patterns...
Extracting attention patterns...
Total batches to process: 10
  Processed 10/10 batches

Total predictions: 1240
Total actuals: 1240
Attention shape: (1240, 60)
Encoder variables shape: (1240, 5)

Prediction period: 2020-10-16T00:00:00.000000000 to 2025-10-06T00:00:00.000000000
Total predictions: 1240

Creating temporal periods:
  2020: 52 samples
  2021: 250 samples
  2022: 249 samples
  2023: 249 samples
  2024: 250 samples
  2025: 190 samples

Attention over 60 encoder timesteps

Analyzing attention patterns by period...

Comparing attention patterns across periods...

Creating visualizations...
Saved attention heatmap: experiments/00_baseline_exploration/sweep2_h16_enc_60/attention_analysis_year/attention_heatmap.png
Saved attention trends: experiments/00_baseline_exploration/sweep2_h16_enc_60/attention_analysis_year/attention_trends.png
Saved feature importance comparison: experiments/00_baseline_exploration/sweep2_h16_enc_60/attention_analysis_year/temporal_attention_comparison.png

Saving results...
Saved results: experiments/00_baseline_exploration/sweep2_h16_enc_60/attention_analysis_year/attention_analysis_results.json

======================================================================
ATTENTION ANALYSIS SUMMARY
======================================================================

Per-Period Statistics:
----------------------------------------------------------------------

2020:
  Samples: 52
  Entropy: 4.0899 ± 0.0010
  Concentration: 0.0168
  Top 5 features:
    t-1                            0.0208
    t-2                            0.0204
    t-3                            0.0201
    t-4                            0.0198
    t-5                            0.0195

2021:
  Samples: 250
  Entropy: 4.0263 ± 0.0394
  Concentration: 0.0167
  Top 5 features:
    t-60                           0.0204
    t-1                            0.0189
    t-2                            0.0187
    t-3                            0.0186
    t-4                            0.0185

2022:
  Samples: 249
  Entropy: 4.0726 ± 0.0284
  Concentration: 0.0167
  Top 5 features:
    t-60                           0.0206
    t-59                           0.0188
    t-58                           0.0179
    t-11                           0.0171
    t-10                           0.0171

2023:
  Samples: 249
  Entropy: 4.0157 ± 0.0624
  Concentration: 0.0168
  Top 5 features:
    t-60                           0.0239
    t-59                           0.0212
    t-58                           0.0195
    t-1                            0.0188
    t-2                            0.0187

2024:
  Samples: 250
  Entropy: 3.8627 ± 0.1284
  Concentration: 0.0185
  Top 5 features:
    t-1                            0.0295
    t-2                            0.0289
    t-3                            0.0283
    t-4                            0.0277
    t-5                            0.0271

2025:
  Samples: 190
  Entropy: 3.7523 ± 0.1599
  Concentration: 0.0176
  Top 5 features:
    t-60                           0.0324
    t-59                           0.0267
    t-58                           0.0241
    t-1                            0.0222
    t-57                           0.0218

----------------------------------------------------------------------
Period Comparisons:
----------------------------------------------------------------------

2020_vs_2021:
  Cosine similarity: 0.9989
  L2 distance: 0.0061
  Entropy change: -0.0636
  Concentration change: -0.0000

2020_vs_2022:
  Cosine similarity: 0.9975
  L2 distance: 0.0092
  Entropy change: -0.0173
  Concentration change: -0.0001

2020_vs_2023:
  Cosine similarity: 0.9978
  L2 distance: 0.0086
  Entropy change: -0.0742
  Concentration change: 0.0001

2020_vs_2024:
  Cosine similarity: 0.9710
  L2 distance: 0.0326
  Entropy change: -0.2273
  Concentration change: 0.0017

2020_vs_2025:
  Cosine similarity: 0.9816
  L2 distance: 0.0253
  Entropy change: -0.3377
  Concentration change: 0.0008

2021_vs_2022:
  Cosine similarity: 0.9984
  L2 distance: 0.0073
  Entropy change: 0.0463
  Concentration change: -0.0000

2021_vs_2023:
  Cosine similarity: 0.9987
  L2 distance: 0.0066
  Entropy change: -0.0106
  Concentration change: 0.0001

2021_vs_2024:
  Cosine similarity: 0.9620
  L2 distance: 0.0371
  Entropy change: -0.1637
  Concentration change: 0.0017

2021_vs_2025:
  Cosine similarity: 0.9860
  L2 distance: 0.0221
  Entropy change: -0.2741
  Concentration change: 0.0008

2022_vs_2023:
  Cosine similarity: 0.9980
  L2 distance: 0.0083
  Entropy change: -0.0569
  Concentration change: 0.0001

2022_vs_2024:
  Cosine similarity: 0.9550
  L2 distance: 0.0404
  Entropy change: -0.2100
  Concentration change: 0.0018

2022_vs_2025:
  Cosine similarity: 0.9785
  L2 distance: 0.0274
  Entropy change: -0.3204
  Concentration change: 0.0009

2023_vs_2024:
  Cosine similarity: 0.9646
  L2 distance: 0.0359
  Entropy change: -0.1531
  Concentration change: 0.0016

2023_vs_2025:
  Cosine similarity: 0.9878
  L2 distance: 0.0207
  Entropy change: -0.2635
  Concentration change: 0.0007

2024_vs_2025:
  Cosine similarity: 0.9503
  L2 distance: 0.0425
  Entropy change: -0.1104
  Concentration change: -0.0009

======================================================================

Analysis complete!
Results saved to: experiments/00_baseline_exploration/sweep2_h16_enc_60/attention_analysis_year
  - attention_analysis_results.json
  - attention_heatmap.png
  - attention_trends.png
  - temporal_attention_comparison.png
