Logging to: experiments/00_baseline_exploration/sweep2_h16_drop_0.3/attention_analysis_year/attention_analysis_20251030_130638.log
Analysis started at: 2025-10-30 13:06:38
======================================================================
Experiment: 00_baseline_exploration/sweep2_h16_drop_0.3
Output directory: experiments/00_baseline_exploration/sweep2_h16_drop_0.3/attention_analysis_year
Using best checkpoint: experiments/00_baseline_exploration/sweep2_h16_drop_0.3/checkpoints/tft-epoch=70-val_loss=0.3997.ckpt

Loading data...
Loading test data from: data/splits/fixed/core_proposal_daily_fixed_test.csv
  Train samples: 6066
  Test samples: 1300

Preparing test dataset...
Test dataset size after filtering: 1280

Loading model...
Loading model from: experiments/00_baseline_exploration/sweep2_h16_drop_0.3/checkpoints/tft-epoch=70-val_loss=0.3997.ckpt
Model moved to device: cuda

Extracting attention patterns...
Extracting attention patterns...
Total batches to process: 10
  Processed 10/10 batches

Total predictions: 1280
Total actuals: 1280
Attention shape: (1280, 20)
Encoder variables shape: (1280, 5)

Prediction period: 2020-08-19T00:00:00.000000000 to 2025-10-06T00:00:00.000000000
Total predictions: 1280

Creating temporal periods:
  2020: 92 samples
  2021: 250 samples
  2022: 249 samples
  2023: 249 samples
  2024: 250 samples
  2025: 190 samples

Attention over 20 encoder timesteps

Analyzing attention patterns by period...

Comparing attention patterns across periods...

Creating visualizations...
Saved attention heatmap: experiments/00_baseline_exploration/sweep2_h16_drop_0.3/attention_analysis_year/attention_heatmap.png
Saved attention trends: experiments/00_baseline_exploration/sweep2_h16_drop_0.3/attention_analysis_year/attention_trends.png
Saved feature importance comparison: experiments/00_baseline_exploration/sweep2_h16_drop_0.3/attention_analysis_year/temporal_attention_comparison.png

Saving results...
Saved results: experiments/00_baseline_exploration/sweep2_h16_drop_0.3/attention_analysis_year/attention_analysis_results.json

======================================================================
ATTENTION ANALYSIS SUMMARY
======================================================================

Per-Period Statistics:
----------------------------------------------------------------------

2020:
  Samples: 92
  Entropy: 2.9051 ± 0.1278
  Concentration: 0.0504
  Top 5 features:
    t-1                            0.0612
    t-2                            0.0587
    t-3                            0.0564
    t-4                            0.0543
    t-5                            0.0527

2021:
  Samples: 250
  Entropy: 2.8968 ± 0.1993
  Concentration: 0.0501
  Top 5 features:
    t-1                            0.0554
    t-2                            0.0536
    t-3                            0.0517
    t-4                            0.0501
    t-16                           0.0499

2022:
  Samples: 249
  Entropy: 2.6661 ± 0.3253
  Concentration: 0.0513
  Top 5 features:
    t-1                            0.0760
    t-2                            0.0657
    t-3                            0.0594
    t-4                            0.0548
    t-5                            0.0518

2023:
  Samples: 249
  Entropy: 2.9713 ± 0.0456
  Concentration: 0.0500
  Top 5 features:
    t-1                            0.0528
    t-2                            0.0522
    t-3                            0.0517
    t-4                            0.0512
    t-5                            0.0508

2024:
  Samples: 250
  Entropy: 2.9584 ± 0.1656
  Concentration: 0.0501
  Top 5 features:
    t-1                            0.0541
    t-2                            0.0537
    t-3                            0.0532
    t-4                            0.0525
    t-5                            0.0515

2025:
  Samples: 190
  Entropy: 2.8823 ± 0.3432
  Concentration: 0.0501
  Top 5 features:
    t-1                            0.0590
    t-2                            0.0536
    t-3                            0.0519
    t-4                            0.0512
    t-5                            0.0502

----------------------------------------------------------------------
Period Comparisons:
----------------------------------------------------------------------

2020_vs_2021:
  Cosine similarity: 0.9980
  L2 distance: 0.0142
  Entropy change: -0.0082
  Concentration change: -0.0004

2020_vs_2022:
  Cosine similarity: 0.9966
  L2 distance: 0.0186
  Entropy change: -0.2390
  Concentration change: 0.0009

2020_vs_2023:
  Cosine similarity: 0.9978
  L2 distance: 0.0150
  Entropy change: 0.0662
  Concentration change: -0.0004

2020_vs_2024:
  Cosine similarity: 0.9988
  L2 distance: 0.0111
  Entropy change: 0.0534
  Concentration change: -0.0003

2020_vs_2025:
  Cosine similarity: 0.9986
  L2 distance: 0.0119
  Entropy change: -0.0227
  Concentration change: -0.0003

2021_vs_2022:
  Cosine similarity: 0.9918
  L2 distance: 0.0290
  Entropy change: -0.2308
  Concentration change: 0.0013

2021_vs_2023:
  Cosine similarity: 0.9998
  L2 distance: 0.0041
  Entropy change: 0.0744
  Concentration change: -0.0000

2021_vs_2024:
  Cosine similarity: 0.9996
  L2 distance: 0.0061
  Entropy change: 0.0616
  Concentration change: 0.0000

2021_vs_2025:
  Cosine similarity: 0.9998
  L2 distance: 0.0042
  Entropy change: -0.0145
  Concentration change: 0.0001

2022_vs_2023:
  Cosine similarity: 0.9904
  L2 distance: 0.0313
  Entropy change: 0.3052
  Concentration change: -0.0013

2022_vs_2024:
  Cosine similarity: 0.9920
  L2 distance: 0.0285
  Entropy change: 0.2924
  Concentration change: -0.0012

2022_vs_2025:
  Cosine similarity: 0.9936
  L2 distance: 0.0256
  Entropy change: 0.2163
  Concentration change: -0.0012

2023_vs_2024:
  Cosine similarity: 0.9998
  L2 distance: 0.0044
  Entropy change: -0.0128
  Concentration change: 0.0001

2023_vs_2025:
  Cosine similarity: 0.9995
  L2 distance: 0.0069
  Entropy change: -0.0889
  Concentration change: 0.0001

2024_vs_2025:
  Cosine similarity: 0.9995
  L2 distance: 0.0071
  Entropy change: -0.0761
  Concentration change: 0.0000

======================================================================

Analysis complete!
Results saved to: experiments/00_baseline_exploration/sweep2_h16_drop_0.3/attention_analysis_year
  - attention_analysis_results.json
  - attention_heatmap.png
  - attention_trends.png
  - temporal_attention_comparison.png
