Logging to: experiments/00_baseline_exploration/sweep2_h16_drop_0.3/attention_analysis_year/attention_analysis_20251027_191401.log
Analysis started at: 2025-10-27 19:14:01
======================================================================
Experiment: 00_baseline_exploration/sweep2_h16_drop_0.3
Output directory: experiments/00_baseline_exploration/sweep2_h16_drop_0.3/attention_analysis_year
Using best checkpoint: experiments/00_baseline_exploration/sweep2_h16_drop_0.3/checkpoints/tft-epoch=01-val_loss=0.1280.ckpt

Loading data...
Loading test data from: data/splits/fixed/core_proposal_daily_fixed_test.csv
  Train samples: 6066
  Test samples: 1300

Preparing test dataset...
Test dataset size after filtering: 1280

Loading model...
Loading model from: experiments/00_baseline_exploration/sweep2_h16_drop_0.3/checkpoints/tft-epoch=01-val_loss=0.1280.ckpt

Extracting attention patterns...
Extracting attention patterns...
Total batches to process: 10
  Processed 10/10 batches

Total predictions: 1280
Total actuals: 1280
Attention shape: (1280, 20)
Encoder variables shape: (1280, 5)

Prediction period: 2020-08-19T00:00:00.000000000 to 2025-10-06T00:00:00.000000000
Total predictions: 1280

Creating temporal periods:
  2020: 92 samples
  2021: 250 samples
  2022: 249 samples
  2023: 249 samples
  2024: 250 samples
  2025: 190 samples

Attention over 20 encoder timesteps

Analyzing attention patterns by period...

Comparing attention patterns across periods...

Creating visualizations...
Saved attention heatmap: experiments/00_baseline_exploration/sweep2_h16_drop_0.3/attention_analysis_year/attention_heatmap.png
Saved attention trends: experiments/00_baseline_exploration/sweep2_h16_drop_0.3/attention_analysis_year/attention_trends.png
Saved feature importance comparison: experiments/00_baseline_exploration/sweep2_h16_drop_0.3/attention_analysis_year/temporal_attention_comparison.png

Saving results...
Saved results: experiments/00_baseline_exploration/sweep2_h16_drop_0.3/attention_analysis_year/attention_analysis_results.json

======================================================================
ATTENTION ANALYSIS SUMMARY
======================================================================

Per-Period Statistics:
----------------------------------------------------------------------

2020:
  Samples: 92
  Entropy: 2.9901 ± 0.0031
  Concentration: 0.0505
  Top 5 features:
    t-1                            0.0623
    t-2                            0.0594
    t-3                            0.0569
    t-4                            0.0547
    t-20                           0.0533

2021:
  Samples: 250
  Entropy: 2.9417 ± 0.0348
  Concentration: 0.0505
  Top 5 features:
    t-1                            0.0607
    t-2                            0.0590
    t-3                            0.0572
    t-4                            0.0554
    t-20                           0.0546

2022:
  Samples: 249
  Entropy: 2.9838 ± 0.0109
  Concentration: 0.0504
  Top 5 features:
    t-20                           0.0651
    t-19                           0.0594
    t-18                           0.0558
    t-17                           0.0522
    t-16                           0.0498

2023:
  Samples: 249
  Entropy: 2.9139 ± 0.0730
  Concentration: 0.0516
  Top 5 features:
    t-1                            0.0673
    t-2                            0.0654
    t-3                            0.0633
    t-4                            0.0609
    t-5                            0.0584

2024:
  Samples: 250
  Entropy: 2.7879 ± 0.1491
  Concentration: 0.0567
  Top 5 features:
    t-1                            0.0910
    t-2                            0.0845
    t-3                            0.0782
    t-4                            0.0719
    t-5                            0.0656

2025:
  Samples: 190
  Entropy: 2.7884 ± 0.1486
  Concentration: 0.0519
  Top 5 features:
    t-1                            0.0718
    t-2                            0.0669
    t-20                           0.0667
    t-3                            0.0619
    t-4                            0.0572

----------------------------------------------------------------------
Period Comparisons:
----------------------------------------------------------------------

2020_vs_2021:
  Cosine similarity: 0.9999
  L2 distance: 0.0030
  Entropy change: -0.0484
  Concentration change: 0.0000

2020_vs_2022:
  Cosine similarity: 0.9919
  L2 distance: 0.0287
  Entropy change: -0.0062
  Concentration change: -0.0001

2020_vs_2023:
  Cosine similarity: 0.9961
  L2 distance: 0.0200
  Entropy change: -0.0761
  Concentration change: 0.0012

2020_vs_2024:
  Cosine similarity: 0.9673
  L2 distance: 0.0606
  Entropy change: -0.2022
  Concentration change: 0.0062

2020_vs_2025:
  Cosine similarity: 0.9942
  L2 distance: 0.0245
  Entropy change: -0.2016
  Concentration change: 0.0014

2021_vs_2022:
  Cosine similarity: 0.9925
  L2 distance: 0.0276
  Entropy change: 0.0422
  Concentration change: -0.0001

2021_vs_2023:
  Cosine similarity: 0.9965
  L2 distance: 0.0191
  Entropy change: -0.0277
  Concentration change: 0.0012

2021_vs_2024:
  Cosine similarity: 0.9672
  L2 distance: 0.0607
  Entropy change: -0.1538
  Concentration change: 0.0062

2021_vs_2025:
  Cosine similarity: 0.9945
  L2 distance: 0.0238
  Entropy change: -0.1532
  Concentration change: 0.0014

2022_vs_2023:
  Cosine similarity: 0.9811
  L2 distance: 0.0440
  Entropy change: -0.0699
  Concentration change: 0.0012

2022_vs_2024:
  Cosine similarity: 0.9321
  L2 distance: 0.0863
  Entropy change: -0.1960
  Concentration change: 0.0063

2022_vs_2025:
  Cosine similarity: 0.9852
  L2 distance: 0.0390
  Entropy change: -0.1954
  Concentration change: 0.0015

2023_vs_2024:
  Cosine similarity: 0.9837
  L2 distance: 0.0433
  Entropy change: -0.1260
  Concentration change: 0.0050

2023_vs_2025:
  Cosine similarity: 0.9957
  L2 distance: 0.0211
  Entropy change: -0.1255
  Concentration change: 0.0003

2024_vs_2025:
  Cosine similarity: 0.9761
  L2 distance: 0.0519
  Entropy change: 0.0005
  Concentration change: -0.0048

======================================================================

Analysis complete!
Results saved to: experiments/00_baseline_exploration/sweep2_h16_drop_0.3/attention_analysis_year
  - attention_analysis_results.json
  - attention_heatmap.png
  - attention_trends.png
  - temporal_attention_comparison.png
