nohup: ignoring input
Evaluating small models from sweeps...
Started at Thu Oct 16 23:54:29 MST 2025
======================================================================
Evaluating TFT: sweep_hidden_16
======================================================================

Using best checkpoint from training:
  experiments/sweep_hidden_16/checkpoints/tft-epoch=01-val_loss=0.1324.ckpt
  Validation loss: 0.132447

Loading configuration...
Loading test data...
Test samples: 1300
Preparing test dataset...
Expected test predictions: 1281 (test samples - encoder length + 1)
Loading model from checkpoint...
Generating predictions...
Total predictions: 1280, Total actuals: 1280
Computing metrics...
Predictions - min: -0.1032, max: 0.1524, mean: -0.0035
Negative predictions: 694/1280
Creating diagnostic plots...
Saving results...

======================================================================
EVALUATION RESULTS
======================================================================

STATISTICAL METRICS:
  MSE:              1.183202
  RMSE:             1.087751
  MAE:              0.773713
  Out-of-sample R²: -0.0055

FINANCIAL METRICS:
  Directional Acc:  52.42%
  Sharpe Ratio:     0.8480
  Total Return:     52.05%
  Max Drawdown:     -18.90%
  Hit Rate:         25.94%
  Number of Trades: 586

CLASSIFICATION METRICS (Binary Up/Down):
  Precision:        0.5666
  Recall:           0.4833
  F1 Score:         0.5216
  AUC-ROC:          0.5439

  Confusion Matrix:
                   Predicted Down  Predicted Up
  Actual Down:        339             254
  Actual Up:          355             332

ALPHA (vs Buy-and-Hold):
  Excess Return:    -40.11%

======================================================================

Results saved to: experiments/sweep_hidden_16/evaluation
  - predictions.csv
  - evaluation_metrics.json
  - diagnostic_plots.png
  - performance_plots.png
======================================================================
Evaluating TFT: sweep2_hidden_8
======================================================================

Using best checkpoint from training:
  experiments/sweep2_hidden_8/checkpoints/tft-epoch=04-val_loss=0.1451.ckpt
  Validation loss: 0.145136

Loading configuration...
Loading test data...
Test samples: 1300
Preparing test dataset...
Expected test predictions: 1281 (test samples - encoder length + 1)
Loading model from checkpoint...
Generating predictions...
Total predictions: 1280, Total actuals: 1280
Computing metrics...
Predictions - min: -0.1647, max: -0.0897, mean: -0.0991
Negative predictions: 1280/1280
Creating diagnostic plots...
Saving results...

======================================================================
EVALUATION RESULTS
======================================================================

STATISTICAL METRICS:
  MSE:              1.202224
  RMSE:             1.096460
  MAE:              0.788696
  Out-of-sample R²: -0.0216

FINANCIAL METRICS:
  Directional Acc:  46.33%
  Sharpe Ratio:     0.0000
  Total Return:     0.00%
  Max Drawdown:     0.00%
  Hit Rate:         0.00%
  Number of Trades: 0

CLASSIFICATION METRICS (Binary Up/Down):
  Precision:        0.0000
  Recall:           0.0000
  F1 Score:         0.0000
  AUC-ROC:          0.4901

  Confusion Matrix:
                   Predicted Down  Predicted Up
  Actual Down:        593               0
  Actual Up:          687               0

ALPHA (vs Buy-and-Hold):
  Excess Return:    -92.16%

======================================================================

Results saved to: experiments/sweep2_hidden_8/evaluation
  - predictions.csv
  - evaluation_metrics.json
  - diagnostic_plots.png
  - performance_plots.png
======================================================================
Evaluating TFT: sweep2_hidden_10
======================================================================

Using best checkpoint from training:
  experiments/sweep2_hidden_10/checkpoints/tft-epoch=03-val_loss=0.1229.ckpt
  Validation loss: 0.122900

Loading configuration...
Loading test data...
Test samples: 1300
Preparing test dataset...
Expected test predictions: 1281 (test samples - encoder length + 1)
Loading model from checkpoint...
Generating predictions...
Total predictions: 1280, Total actuals: 1280
Computing metrics...
Predictions - min: -0.0727, max: -0.0229, mean: -0.0419
Negative predictions: 1280/1280
Creating diagnostic plots...
Saving results...

======================================================================
EVALUATION RESULTS
======================================================================

STATISTICAL METRICS:
  MSE:              1.186440
  RMSE:             1.089238
  MAE:              0.778930
  Out-of-sample R²: -0.0082

FINANCIAL METRICS:
  Directional Acc:  46.33%
  Sharpe Ratio:     0.0000
  Total Return:     0.00%
  Max Drawdown:     0.00%
  Hit Rate:         0.00%
  Number of Trades: 0

CLASSIFICATION METRICS (Binary Up/Down):
  Precision:        0.0000
  Recall:           0.0000
  F1 Score:         0.0000
  AUC-ROC:          0.5312

  Confusion Matrix:
                   Predicted Down  Predicted Up
  Actual Down:        593               0
  Actual Up:          687               0

ALPHA (vs Buy-and-Hold):
  Excess Return:    -92.16%

======================================================================

Results saved to: experiments/sweep2_hidden_10/evaluation
  - predictions.csv
  - evaluation_metrics.json
  - diagnostic_plots.png
  - performance_plots.png
======================================================================
Evaluating TFT: sweep2_hidden_12
======================================================================

Using best checkpoint from training:
  experiments/sweep2_hidden_12/checkpoints/tft-epoch=03-val_loss=0.1119.ckpt
  Validation loss: 0.111938

Loading configuration...
Loading test data...
Test samples: 1300
Preparing test dataset...
Expected test predictions: 1281 (test samples - encoder length + 1)
Loading model from checkpoint...
Generating predictions...
Total predictions: 1280, Total actuals: 1280
Computing metrics...
Predictions - min: 0.0255, max: 0.1302, mean: 0.0751
Negative predictions: 0/1280
Creating diagnostic plots...
Saving results...

======================================================================
EVALUATION RESULTS
======================================================================

STATISTICAL METRICS:
  MSE:              1.178435
  RMSE:             1.085557
  MAE:              0.772422
  Out-of-sample R²: -0.0014

FINANCIAL METRICS:
  Directional Acc:  53.67%
  Sharpe Ratio:     0.8330
  Total Return:     92.16%
  Max Drawdown:     -25.25%
  Hit Rate:         53.67%
  Number of Trades: 1280

CLASSIFICATION METRICS (Binary Up/Down):
  Precision:        0.5367
  Recall:           1.0000
  F1 Score:         0.6985
  AUC-ROC:          0.5004

  Confusion Matrix:
                   Predicted Down  Predicted Up
  Actual Down:          0             593
  Actual Up:            0             687

ALPHA (vs Buy-and-Hold):
  Excess Return:    0.00%

======================================================================

Results saved to: experiments/sweep2_hidden_12/evaluation
  - predictions.csv
  - evaluation_metrics.json
  - diagnostic_plots.png
  - performance_plots.png
======================================================================
Evaluating TFT: sweep2_hidden_14
======================================================================

Using best checkpoint from training:
  experiments/sweep2_hidden_14/checkpoints/tft-epoch=01-val_loss=0.1377.ckpt
  Validation loss: 0.137691

Loading configuration...
Loading test data...
Test samples: 1300
Preparing test dataset...
Expected test predictions: 1281 (test samples - encoder length + 1)
Loading model from checkpoint...
Generating predictions...
Total predictions: 1280, Total actuals: 1280
Computing metrics...
Predictions - min: -0.2898, max: -0.2308, mean: -0.2674
Negative predictions: 1280/1280
Creating diagnostic plots...
Saving results...

======================================================================
EVALUATION RESULTS
======================================================================

STATISTICAL METRICS:
  MSE:              1.281640
  RMSE:             1.132096
  MAE:              0.836103
  Out-of-sample R²: -0.0891

FINANCIAL METRICS:
  Directional Acc:  46.33%
  Sharpe Ratio:     0.0000
  Total Return:     0.00%
  Max Drawdown:     0.00%
  Hit Rate:         0.00%
  Number of Trades: 0

CLASSIFICATION METRICS (Binary Up/Down):
  Precision:        0.0000
  Recall:           0.0000
  F1 Score:         0.0000
  AUC-ROC:          0.4853

  Confusion Matrix:
                   Predicted Down  Predicted Up
  Actual Down:        593               0
  Actual Up:          687               0

ALPHA (vs Buy-and-Hold):
  Excess Return:    -92.16%

======================================================================

Results saved to: experiments/sweep2_hidden_14/evaluation
  - predictions.csv
  - evaluation_metrics.json
  - diagnostic_plots.png
  - performance_plots.png
======================================================================
Evaluating TFT: sweep2_hidden_16
======================================================================

Using best checkpoint from training:
  experiments/sweep2_hidden_16/checkpoints/tft-epoch=01-val_loss=0.1324.ckpt
  Validation loss: 0.132447

Loading configuration...
Loading test data...
Test samples: 1300
Preparing test dataset...
Expected test predictions: 1281 (test samples - encoder length + 1)
Loading model from checkpoint...
Generating predictions...
Total predictions: 1280, Total actuals: 1280
Computing metrics...
Predictions - min: -0.1032, max: 0.1524, mean: -0.0035
Negative predictions: 694/1280
Creating diagnostic plots...
Saving results...

======================================================================
EVALUATION RESULTS
======================================================================

STATISTICAL METRICS:
  MSE:              1.183202
  RMSE:             1.087751
  MAE:              0.773713
  Out-of-sample R²: -0.0055

FINANCIAL METRICS:
  Directional Acc:  52.42%
  Sharpe Ratio:     0.8480
  Total Return:     52.05%
  Max Drawdown:     -18.90%
  Hit Rate:         25.94%
  Number of Trades: 586

CLASSIFICATION METRICS (Binary Up/Down):
  Precision:        0.5666
  Recall:           0.4833
  F1 Score:         0.5216
  AUC-ROC:          0.5439

  Confusion Matrix:
                   Predicted Down  Predicted Up
  Actual Down:        339             254
  Actual Up:          355             332

ALPHA (vs Buy-and-Hold):
  Excess Return:    -40.11%

======================================================================

Results saved to: experiments/sweep2_hidden_16/evaluation
  - predictions.csv
  - evaluation_metrics.json
  - diagnostic_plots.png
  - performance_plots.png
======================================================================
Evaluating TFT: sweep2_hidden_18
======================================================================

Using best checkpoint from training:
  experiments/sweep2_hidden_18/checkpoints/tft-epoch=03-val_loss=0.1477.ckpt
  Validation loss: 0.147669

Loading configuration...
Loading test data...
Test samples: 1300
Preparing test dataset...
Expected test predictions: 1281 (test samples - encoder length + 1)
Loading model from checkpoint...
Generating predictions...
Total predictions: 1280, Total actuals: 1280
Computing metrics...
Predictions - min: -0.0346, max: 0.3174, mean: 0.0746
Negative predictions: 518/1280
Creating diagnostic plots...
Saving results...

======================================================================
EVALUATION RESULTS
======================================================================

STATISTICAL METRICS:
  MSE:              1.185299
  RMSE:             1.088714
  MAE:              0.778657
  Out-of-sample R²: -0.0073

FINANCIAL METRICS:
  Directional Acc:  48.98%
  Sharpe Ratio:     0.5427
  Total Return:     44.95%
  Max Drawdown:     -25.25%
  Hit Rate:         31.09%
  Number of Trades: 762

CLASSIFICATION METRICS (Binary Up/Down):
  Precision:        0.5223
  Recall:           0.5793
  F1 Score:         0.5493
  AUC-ROC:          0.4797

  Confusion Matrix:
                   Predicted Down  Predicted Up
  Actual Down:        229             364
  Actual Up:          289             398

ALPHA (vs Buy-and-Hold):
  Excess Return:    -47.21%

======================================================================

Results saved to: experiments/sweep2_hidden_18/evaluation
  - predictions.csv
  - evaluation_metrics.json
  - diagnostic_plots.png
  - performance_plots.png
======================================================================
Evaluating TFT: sweep2_hidden_20
======================================================================

Using best checkpoint from training:
  experiments/sweep2_hidden_20/checkpoints/tft-epoch=01-val_loss=0.0671.ckpt
  Validation loss: 0.067114

Loading configuration...
Loading test data...
Test samples: 1300
Preparing test dataset...
Expected test predictions: 1281 (test samples - encoder length + 1)
Loading model from checkpoint...
Generating predictions...
Total predictions: 1280, Total actuals: 1280
Computing metrics...
Predictions - min: 0.1919, max: 0.3939, mean: 0.2460
Negative predictions: 0/1280
Creating diagnostic plots...
Saving results...

======================================================================
EVALUATION RESULTS
======================================================================

STATISTICAL METRICS:
  MSE:              1.215272
  RMSE:             1.102394
  MAE:              0.787636
  Out-of-sample R²: -0.0327

FINANCIAL METRICS:
  Directional Acc:  53.67%
  Sharpe Ratio:     0.8330
  Total Return:     92.16%
  Max Drawdown:     -25.25%
  Hit Rate:         53.67%
  Number of Trades: 1280

CLASSIFICATION METRICS (Binary Up/Down):
  Precision:        0.5367
  Recall:           1.0000
  F1 Score:         0.6985
  AUC-ROC:          0.4737

  Confusion Matrix:
                   Predicted Down  Predicted Up
  Actual Down:          0             593
  Actual Up:            0             687

ALPHA (vs Buy-and-Hold):
  Excess Return:    0.00%

======================================================================

Results saved to: experiments/sweep2_hidden_20/evaluation
  - predictions.csv
  - evaluation_metrics.json
  - diagnostic_plots.png
  - performance_plots.png
======================================================================
Evaluating TFT: sweep2_combo1
======================================================================

Using best checkpoint from training:
  experiments/sweep2_combo1/checkpoints/tft-epoch=04-val_loss=0.1253.ckpt
  Validation loss: 0.125286

Loading configuration...
Loading test data...
Test samples: 1300
Preparing test dataset...
Expected test predictions: 1261 (test samples - encoder length + 1)
Loading model from checkpoint...
Generating predictions...
Total predictions: 1260, Total actuals: 1260
Computing metrics...
Predictions - min: 0.0265, max: 0.1262, mean: 0.0753
Negative predictions: 0/1260
Creating diagnostic plots...
Saving results...

======================================================================
EVALUATION RESULTS
======================================================================

STATISTICAL METRICS:
  MSE:              1.168689
  RMSE:             1.081059
  MAE:              0.769293
  Out-of-sample R²: -0.0016

FINANCIAL METRICS:
  Directional Acc:  53.49%
  Sharpe Ratio:     0.8492
  Total Return:     92.40%
  Max Drawdown:     -25.25%
  Hit Rate:         53.49%
  Number of Trades: 1260

CLASSIFICATION METRICS (Binary Up/Down):
  Precision:        0.5349
  Recall:           1.0000
  F1 Score:         0.6970
  AUC-ROC:          0.4990

  Confusion Matrix:
                   Predicted Down  Predicted Up
  Actual Down:          0             586
  Actual Up:            0             674

ALPHA (vs Buy-and-Hold):
  Excess Return:    0.00%

======================================================================

Results saved to: experiments/sweep2_combo1/evaluation
  - predictions.csv
  - evaluation_metrics.json
  - diagnostic_plots.png
  - performance_plots.png
======================================================================
Evaluating TFT: sweep2_combo2
======================================================================

Using best checkpoint from training:
  experiments/sweep2_combo2/checkpoints/tft-epoch=03-val_loss=0.1249.ckpt
  Validation loss: 0.124887

Loading configuration...
Loading test data...
Test samples: 1300
Preparing test dataset...
Expected test predictions: 1271 (test samples - encoder length + 1)
Loading model from checkpoint...
Generating predictions...
Total predictions: 1270, Total actuals: 1270
Computing metrics...
Predictions - min: -0.0716, max: -0.0242, mean: -0.0442
Negative predictions: 1270/1270
Creating diagnostic plots...
Saving results...

======================================================================
EVALUATION RESULTS
======================================================================

STATISTICAL METRICS:
  MSE:              1.192757
  RMSE:             1.092134
  MAE:              0.780820
  Out-of-sample R²: -0.0079

FINANCIAL METRICS:
  Directional Acc:  46.54%
  Sharpe Ratio:     0.0000
  Total Return:     0.00%
  Max Drawdown:     0.00%
  Hit Rate:         0.00%
  Number of Trades: 0

CLASSIFICATION METRICS (Binary Up/Down):
  Precision:        0.0000
  Recall:           0.0000
  F1 Score:         0.0000
  AUC-ROC:          0.5398

  Confusion Matrix:
                   Predicted Down  Predicted Up
  Actual Down:        591               0
  Actual Up:          679               0

ALPHA (vs Buy-and-Hold):
  Excess Return:    -84.70%

======================================================================

Results saved to: experiments/sweep2_combo2/evaluation
  - predictions.csv
  - evaluation_metrics.json
  - diagnostic_plots.png
  - performance_plots.png
======================================================================
Evaluating TFT: sweep2_combo3
======================================================================

Using best checkpoint from training:
  experiments/sweep2_combo3/checkpoints/tft-epoch=03-val_loss=0.1409.ckpt
  Validation loss: 0.140893

Loading configuration...
Loading test data...
Test samples: 1300
Preparing test dataset...
Expected test predictions: 1271 (test samples - encoder length + 1)
Loading model from checkpoint...
Generating predictions...
Total predictions: 1270, Total actuals: 1270
Computing metrics...
Predictions - min: 0.0812, max: 0.5080, mean: 0.1921
Negative predictions: 0/1270
Creating diagnostic plots...
Saving results...

======================================================================
EVALUATION RESULTS
======================================================================

STATISTICAL METRICS:
  MSE:              1.212385
  RMSE:             1.101084
  MAE:              0.785103
  Out-of-sample R²: -0.0245

FINANCIAL METRICS:
  Directional Acc:  53.46%
  Sharpe Ratio:     0.7915
  Total Return:     84.70%
  Max Drawdown:     -25.25%
  Hit Rate:         53.46%
  Number of Trades: 1270

CLASSIFICATION METRICS (Binary Up/Down):
  Precision:        0.5346
  Recall:           1.0000
  F1 Score:         0.6968
  AUC-ROC:          0.4733

  Confusion Matrix:
                   Predicted Down  Predicted Up
  Actual Down:          0             591
  Actual Up:            0             679

ALPHA (vs Buy-and-Hold):
  Excess Return:    0.00%

======================================================================

Results saved to: experiments/sweep2_combo3/evaluation
  - predictions.csv
  - evaluation_metrics.json
  - diagnostic_plots.png
  - performance_plots.png
======================================================================
Evaluating TFT: sweep2_h16_enc_40
======================================================================

Using best checkpoint from training:
  experiments/sweep2_h16_enc_40/checkpoints/tft-epoch=01-val_loss=0.1277.ckpt
  Validation loss: 0.127670

Loading configuration...
Loading test data...
Test samples: 1300
Preparing test dataset...
Expected test predictions: 1261 (test samples - encoder length + 1)
Loading model from checkpoint...
Generating predictions...
Total predictions: 1260, Total actuals: 1260
Computing metrics...
Predictions - min: -0.0965, max: 0.1321, mean: -0.0082
Negative predictions: 723/1260
Creating diagnostic plots...
Saving results...

======================================================================
EVALUATION RESULTS
======================================================================

STATISTICAL METRICS:
  MSE:              1.172904
  RMSE:             1.083007
  MAE:              0.770170
  Out-of-sample R²: -0.0052

FINANCIAL METRICS:
  Directional Acc:  52.46%
  Sharpe Ratio:     0.8151
  Total Return:     47.55%
  Max Drawdown:     -18.90%
  Hit Rate:         24.29%
  Number of Trades: 537

CLASSIFICATION METRICS (Binary Up/Down):
  Precision:        0.5698
  Recall:           0.4540
  F1 Score:         0.5054
  AUC-ROC:          0.5443

  Confusion Matrix:
                   Predicted Down  Predicted Up
  Actual Down:        355             231
  Actual Up:          368             306

ALPHA (vs Buy-and-Hold):
  Excess Return:    -44.86%

======================================================================

Results saved to: experiments/sweep2_h16_enc_40/evaluation
  - predictions.csv
  - evaluation_metrics.json
  - diagnostic_plots.png
  - performance_plots.png
======================================================================
Evaluating TFT: sweep2_h16_enc_50
======================================================================

Using best checkpoint from training:
  experiments/sweep2_h16_enc_50/checkpoints/tft-epoch=01-val_loss=0.1314.ckpt
  Validation loss: 0.131412

Loading configuration...
Loading test data...
Test samples: 1300
Preparing test dataset...
Expected test predictions: 1251 (test samples - encoder length + 1)
Loading model from checkpoint...
Generating predictions...
Total predictions: 1250, Total actuals: 1250
Computing metrics...
Predictions - min: -0.1045, max: 0.1277, mean: -0.0151
Negative predictions: 744/1250
Creating diagnostic plots...
Saving results...

======================================================================
EVALUATION RESULTS
======================================================================

STATISTICAL METRICS:
  MSE:              1.170961
  RMSE:             1.082109
  MAE:              0.768010
  Out-of-sample R²: -0.0067

FINANCIAL METRICS:
  Directional Acc:  52.72%
  Sharpe Ratio:     0.9140
  Total Return:     53.48%
  Max Drawdown:     -18.90%
  Hit Rate:         23.36%
  Number of Trades: 506

CLASSIFICATION METRICS (Binary Up/Down):
  Precision:        0.5771
  Recall:           0.4365
  F1 Score:         0.4970
  AUC-ROC:          0.5424

  Confusion Matrix:
                   Predicted Down  Predicted Up
  Actual Down:        367             214
  Actual Up:          377             292

ALPHA (vs Buy-and-Hold):
  Excess Return:    -40.21%

======================================================================

Results saved to: experiments/sweep2_h16_enc_50/evaluation
  - predictions.csv
  - evaluation_metrics.json
  - diagnostic_plots.png
  - performance_plots.png
======================================================================
Evaluating TFT: sweep2_h16_drop_0.2
======================================================================

Using best checkpoint from training:
  experiments/sweep2_h16_drop_0.2/checkpoints/tft-epoch=01-val_loss=0.1284.ckpt
  Validation loss: 0.128439

Loading configuration...
Loading test data...
Test samples: 1300
Preparing test dataset...
Expected test predictions: 1281 (test samples - encoder length + 1)
Loading model from checkpoint...
Generating predictions...
Total predictions: 1280, Total actuals: 1280
Computing metrics...
Predictions - min: -0.0833, max: 0.1702, mean: 0.0172
Negative predictions: 646/1280
Creating diagnostic plots...
Saving results...

======================================================================
EVALUATION RESULTS
======================================================================

STATISTICAL METRICS:
  MSE:              1.181262
  RMSE:             1.086859
  MAE:              0.772644
  Out-of-sample R²: -0.0038

FINANCIAL METRICS:
  Directional Acc:  53.05%
  Sharpe Ratio:     0.9282
  Total Return:     60.09%
  Max Drawdown:     -18.90%
  Hit Rate:         28.12%
  Number of Trades: 634

CLASSIFICATION METRICS (Binary Up/Down):
  Precision:        0.5678
  Recall:           0.5240
  F1 Score:         0.5450
  AUC-ROC:          0.5435

  Confusion Matrix:
                   Predicted Down  Predicted Up
  Actual Down:        319             274
  Actual Up:          327             360

ALPHA (vs Buy-and-Hold):
  Excess Return:    -32.08%

======================================================================

Results saved to: experiments/sweep2_h16_drop_0.2/evaluation
  - predictions.csv
  - evaluation_metrics.json
  - diagnostic_plots.png
  - performance_plots.png
======================================================================
Evaluating TFT: sweep2_h16_drop_0.25
======================================================================

Using best checkpoint from training:
  experiments/sweep2_h16_drop_0.25/checkpoints/tft-epoch=01-val_loss=0.1260.ckpt
  Validation loss: 0.125999

Loading configuration...
Loading test data...
Test samples: 1300
Preparing test dataset...
Expected test predictions: 1281 (test samples - encoder length + 1)
Loading model from checkpoint...
Generating predictions...
Total predictions: 1280, Total actuals: 1280
Computing metrics...
Predictions - min: -0.0607, max: 0.1934, mean: 0.0399
Negative predictions: 582/1280
Creating diagnostic plots...
Saving results...

======================================================================
EVALUATION RESULTS
======================================================================

STATISTICAL METRICS:
  MSE:              1.180080
  RMSE:             1.086315
  MAE:              0.772187
  Out-of-sample R²: -0.0028

FINANCIAL METRICS:
  Directional Acc:  53.67%
  Sharpe Ratio:     1.0193
  Total Return:     69.87%
  Max Drawdown:     -18.90%
  Hit Rate:         30.94%
  Number of Trades: 698

CLASSIFICATION METRICS (Binary Up/Down):
  Precision:        0.5673
  Recall:           0.5764
  F1 Score:         0.5718
  AUC-ROC:          0.5429

  Confusion Matrix:
                   Predicted Down  Predicted Up
  Actual Down:        291             302
  Actual Up:          291             396

ALPHA (vs Buy-and-Hold):
  Excess Return:    -22.29%

======================================================================

Results saved to: experiments/sweep2_h16_drop_0.25/evaluation
  - predictions.csv
  - evaluation_metrics.json
  - diagnostic_plots.png
  - performance_plots.png
Completed at Thu Oct 16 23:55:34 MST 2025

Now analyze with: python scripts/compare_evaluations.py
