Logging to: experiments/01_staleness_features_fixed/sweep_stale_h20_drop0.30_lr5/attention_analysis_year/attention_analysis_20251027_193951.log
Analysis started at: 2025-10-27 19:39:51
======================================================================
Experiment: 01_staleness_features_fixed/sweep_stale_h20_drop0.30_lr5
Output directory: experiments/01_staleness_features_fixed/sweep_stale_h20_drop0.30_lr5/attention_analysis_year
Using best checkpoint: experiments/01_staleness_features_fixed/sweep_stale_h20_drop0.30_lr5/checkpoints/tft-epoch=02-val_loss=0.1727.ckpt

Loading data...
Loading test data from: data/splits/fixed/core_proposal_daily_fixed_test.csv
Detected staleness features in config, adding to data...
  Train samples: 6066
  Test samples: 1300

Preparing test dataset...
Test dataset size after filtering: 1280

Loading model...
Loading model from: experiments/01_staleness_features_fixed/sweep_stale_h20_drop0.30_lr5/checkpoints/tft-epoch=02-val_loss=0.1727.ckpt

Extracting attention patterns...
Extracting attention patterns...
Total batches to process: 10
  Processed 10/10 batches

Total predictions: 1280
Total actuals: 1280
Attention shape: (1280, 20)
Encoder variables shape: (1280, 7)

Prediction period: 2020-08-19T00:00:00.000000000 to 2025-10-06T00:00:00.000000000
Total predictions: 1280

Creating temporal periods:
  2020: 92 samples
  2021: 250 samples
  2022: 249 samples
  2023: 249 samples
  2024: 250 samples
  2025: 190 samples

Attention over 20 encoder timesteps

Analyzing attention patterns by period...

Comparing attention patterns across periods...

Creating visualizations...
Saved attention heatmap: experiments/01_staleness_features_fixed/sweep_stale_h20_drop0.30_lr5/attention_analysis_year/attention_heatmap.png
Saved attention trends: experiments/01_staleness_features_fixed/sweep_stale_h20_drop0.30_lr5/attention_analysis_year/attention_trends.png
Saved feature importance comparison: experiments/01_staleness_features_fixed/sweep_stale_h20_drop0.30_lr5/attention_analysis_year/temporal_attention_comparison.png

Saving results...
Saved results: experiments/01_staleness_features_fixed/sweep_stale_h20_drop0.30_lr5/attention_analysis_year/attention_analysis_results.json

======================================================================
ATTENTION ANALYSIS SUMMARY
======================================================================

Per-Period Statistics:
----------------------------------------------------------------------

2020:
  Samples: 92
  Entropy: 2.9860 ± 0.0092
  Concentration: 0.0500
  Top 5 features:
    t-20                           0.0518
    t-19                           0.0515
    t-18                           0.0511
    t-17                           0.0506
    t-16                           0.0502

2021:
  Samples: 250
  Entropy: 2.9903 ± 0.0040
  Concentration: 0.0501
  Top 5 features:
    t-20                           0.0544
    t-19                           0.0536
    t-18                           0.0526
    t-17                           0.0518
    t-16                           0.0512

2022:
  Samples: 249
  Entropy: 2.9794 ± 0.0121
  Concentration: 0.0504
  Top 5 features:
    t-20                           0.0615
    t-19                           0.0588
    t-18                           0.0560
    t-17                           0.0539
    t-16                           0.0524

2023:
  Samples: 249
  Entropy: 2.9886 ± 0.0036
  Concentration: 0.0501
  Top 5 features:
    t-20                           0.0567
    t-19                           0.0541
    t-18                           0.0523
    t-17                           0.0511
    t-16                           0.0503

2024:
  Samples: 250
  Entropy: 2.9919 ± 0.0025
  Concentration: 0.0501
  Top 5 features:
    t-20                           0.0556
    t-19                           0.0533
    t-18                           0.0519
    t-17                           0.0509
    t-16                           0.0503

2025:
  Samples: 190
  Entropy: 2.9838 ± 0.0242
  Concentration: 0.0501
  Top 5 features:
    t-20                           0.0561
    t-19                           0.0537
    t-18                           0.0520
    t-17                           0.0509
    t-16                           0.0501

----------------------------------------------------------------------
Period Comparisons:
----------------------------------------------------------------------

2020_vs_2021:
  Cosine similarity: 0.9997
  L2 distance: 0.0055
  Entropy change: 0.0043
  Concentration change: 0.0001

2020_vs_2022:
  Cosine similarity: 0.9971
  L2 distance: 0.0171
  Entropy change: -0.0066
  Concentration change: 0.0004

2020_vs_2023:
  Cosine similarity: 0.9996
  L2 distance: 0.0062
  Entropy change: 0.0025
  Concentration change: 0.0001

2020_vs_2024:
  Cosine similarity: 0.9998
  L2 distance: 0.0047
  Entropy change: 0.0058
  Concentration change: 0.0000

2020_vs_2025:
  Cosine similarity: 0.9997
  L2 distance: 0.0057
  Entropy change: -0.0022
  Concentration change: 0.0001

2021_vs_2022:
  Cosine similarity: 0.9986
  L2 distance: 0.0117
  Entropy change: -0.0109
  Concentration change: 0.0003

2021_vs_2023:
  Cosine similarity: 0.9999
  L2 distance: 0.0037
  Entropy change: -0.0018
  Concentration change: 0.0000

2021_vs_2024:
  Cosine similarity: 0.9999
  L2 distance: 0.0034
  Entropy change: 0.0015
  Concentration change: -0.0000

2021_vs_2025:
  Cosine similarity: 0.9997
  L2 distance: 0.0055
  Entropy change: -0.0066
  Concentration change: -0.0000

2022_vs_2023:
  Cosine similarity: 0.9986
  L2 distance: 0.0119
  Entropy change: 0.0092
  Concentration change: -0.0003

2022_vs_2024:
  Cosine similarity: 0.9983
  L2 distance: 0.0131
  Entropy change: 0.0125
  Concentration change: -0.0003

2022_vs_2025:
  Cosine similarity: 0.9981
  L2 distance: 0.0139
  Entropy change: 0.0044
  Concentration change: -0.0003

2023_vs_2024:
  Cosine similarity: 1.0000
  L2 distance: 0.0015
  Entropy change: 0.0033
  Concentration change: -0.0000

2023_vs_2025:
  Cosine similarity: 0.9999
  L2 distance: 0.0026
  Entropy change: -0.0048
  Concentration change: -0.0000

2024_vs_2025:
  Cosine similarity: 0.9999
  L2 distance: 0.0024
  Entropy change: -0.0081
  Concentration change: 0.0000

======================================================================

Analysis complete!
Results saved to: experiments/01_staleness_features_fixed/sweep_stale_h20_drop0.30_lr5/attention_analysis_year
  - attention_analysis_results.json
  - attention_heatmap.png
  - attention_trends.png
  - temporal_attention_comparison.png
