Logging to: experiments/01_staleness_features_fixed/sweep_stale_h20_drop0.30_lr5/attention_analysis_year/attention_analysis_20251030_131803.log
Analysis started at: 2025-10-30 13:18:03
======================================================================
Experiment: 01_staleness_features_fixed/sweep_stale_h20_drop0.30_lr5
Output directory: experiments/01_staleness_features_fixed/sweep_stale_h20_drop0.30_lr5/attention_analysis_year
Using best checkpoint: experiments/01_staleness_features_fixed/sweep_stale_h20_drop0.30_lr5/checkpoints/tft-epoch=60-val_loss=0.3999.ckpt

Loading data...
Loading test data from: data/splits/fixed/core_proposal_daily_fixed_test.csv
Detected staleness features in config, adding to data...
  Train samples: 6066
  Test samples: 1300

Preparing test dataset...
Test dataset size after filtering: 1280

Loading model...
Loading model from: experiments/01_staleness_features_fixed/sweep_stale_h20_drop0.30_lr5/checkpoints/tft-epoch=60-val_loss=0.3999.ckpt
Model moved to device: cuda

Extracting attention patterns...
Extracting attention patterns...
Total batches to process: 10
  Processed 10/10 batches

Total predictions: 1280
Total actuals: 1280
Attention shape: (1280, 20)
Encoder variables shape: (1280, 7)

Prediction period: 2020-08-19T00:00:00.000000000 to 2025-10-06T00:00:00.000000000
Total predictions: 1280

Creating temporal periods:
  2020: 92 samples
  2021: 250 samples
  2022: 249 samples
  2023: 249 samples
  2024: 250 samples
  2025: 190 samples

Attention over 20 encoder timesteps

Analyzing attention patterns by period...

Comparing attention patterns across periods...

Creating visualizations...
Saved attention heatmap: experiments/01_staleness_features_fixed/sweep_stale_h20_drop0.30_lr5/attention_analysis_year/attention_heatmap.png
Saved attention trends: experiments/01_staleness_features_fixed/sweep_stale_h20_drop0.30_lr5/attention_analysis_year/attention_trends.png
Saved feature importance comparison: experiments/01_staleness_features_fixed/sweep_stale_h20_drop0.30_lr5/attention_analysis_year/temporal_attention_comparison.png

Saving results...
Saved results: experiments/01_staleness_features_fixed/sweep_stale_h20_drop0.30_lr5/attention_analysis_year/attention_analysis_results.json

======================================================================
ATTENTION ANALYSIS SUMMARY
======================================================================

Per-Period Statistics:
----------------------------------------------------------------------

2020:
  Samples: 92
  Entropy: 2.9600 ± 0.0294
  Concentration: 0.0507
  Top 5 features:
    t-1                            0.0616
    t-2                            0.0599
    t-3                            0.0583
    t-4                            0.0570
    t-5                            0.0557

2021:
  Samples: 250
  Entropy: 2.9153 ± 0.0769
  Concentration: 0.0506
  Top 5 features:
    t-1                            0.0595
    t-2                            0.0579
    t-3                            0.0565
    t-4                            0.0553
    t-5                            0.0543

2022:
  Samples: 249
  Entropy: 2.9143 ± 0.0736
  Concentration: 0.0518
  Top 5 features:
    t-1                            0.0663
    t-2                            0.0624
    t-3                            0.0596
    t-4                            0.0577
    t-5                            0.0562

2023:
  Samples: 249
  Entropy: 2.9597 ± 0.0272
  Concentration: 0.0502
  Top 5 features:
    t-1                            0.0554
    t-2                            0.0546
    t-3                            0.0538
    t-4                            0.0532
    t-5                            0.0526

2024:
  Samples: 250
  Entropy: 2.9507 ± 0.0873
  Concentration: 0.0502
  Top 5 features:
    t-1                            0.0565
    t-2                            0.0555
    t-3                            0.0546
    t-4                            0.0536
    t-20                           0.0535

2025:
  Samples: 190
  Entropy: 2.9424 ± 0.1064
  Concentration: 0.0501
  Top 5 features:
    t-1                            0.0571
    t-2                            0.0538
    t-3                            0.0525
    t-4                            0.0518
    t-5                            0.0512

----------------------------------------------------------------------
Period Comparisons:
----------------------------------------------------------------------

2020_vs_2021:
  Cosine similarity: 0.9995
  L2 distance: 0.0069
  Entropy change: -0.0447
  Concentration change: -0.0001

2020_vs_2022:
  Cosine similarity: 0.9957
  L2 distance: 0.0211
  Entropy change: -0.0456
  Concentration change: 0.0011

2020_vs_2023:
  Cosine similarity: 0.9982
  L2 distance: 0.0136
  Entropy change: -0.0003
  Concentration change: -0.0005

2020_vs_2024:
  Cosine similarity: 0.9972
  L2 distance: 0.0169
  Entropy change: -0.0092
  Concentration change: -0.0005

2020_vs_2025:
  Cosine similarity: 0.9968
  L2 distance: 0.0180
  Entropy change: -0.0176
  Concentration change: -0.0006

2021_vs_2022:
  Cosine similarity: 0.9965
  L2 distance: 0.0190
  Entropy change: -0.0009
  Concentration change: 0.0012

2021_vs_2023:
  Cosine similarity: 0.9991
  L2 distance: 0.0098
  Entropy change: 0.0444
  Concentration change: -0.0004

2021_vs_2024:
  Cosine similarity: 0.9969
  L2 distance: 0.0177
  Entropy change: 0.0354
  Concentration change: -0.0004

2021_vs_2025:
  Cosine similarity: 0.9972
  L2 distance: 0.0169
  Entropy change: 0.0271
  Concentration change: -0.0005

2022_vs_2023:
  Cosine similarity: 0.9923
  L2 distance: 0.0282
  Entropy change: 0.0453
  Concentration change: -0.0016

2022_vs_2024:
  Cosine similarity: 0.9873
  L2 distance: 0.0362
  Entropy change: 0.0364
  Concentration change: -0.0015

2022_vs_2025:
  Cosine similarity: 0.9878
  L2 distance: 0.0355
  Entropy change: 0.0280
  Concentration change: -0.0017

2023_vs_2024:
  Cosine similarity: 0.9987
  L2 distance: 0.0116
  Entropy change: -0.0089
  Concentration change: 0.0000

2023_vs_2025:
  Cosine similarity: 0.9992
  L2 distance: 0.0089
  Entropy change: -0.0173
  Concentration change: -0.0001

2024_vs_2025:
  Cosine similarity: 0.9996
  L2 distance: 0.0063
  Entropy change: -0.0083
  Concentration change: -0.0001

======================================================================

Analysis complete!
Results saved to: experiments/01_staleness_features_fixed/sweep_stale_h20_drop0.30_lr5/attention_analysis_year
  - attention_analysis_results.json
  - attention_heatmap.png
  - attention_trends.png
  - temporal_attention_comparison.png
