Logging to: experiments/00_baseline_exploration/sweep_lr_0.0007/attention_analysis_year/attention_analysis_20251027_191546.log
Analysis started at: 2025-10-27 19:15:46
======================================================================
Experiment: 00_baseline_exploration/sweep_lr_0.0007
Output directory: experiments/00_baseline_exploration/sweep_lr_0.0007/attention_analysis_year
Using best checkpoint: experiments/00_baseline_exploration/sweep_lr_0.0007/checkpoints/tft-epoch=00-val_loss=0.1466.ckpt

Loading data...
Loading test data from: data/splits/fixed/core_proposal_daily_fixed_test.csv
  Train samples: 6066
  Test samples: 1300

Preparing test dataset...
Test dataset size after filtering: 1280

Loading model...
Loading model from: experiments/00_baseline_exploration/sweep_lr_0.0007/checkpoints/tft-epoch=00-val_loss=0.1466.ckpt

Extracting attention patterns...
Extracting attention patterns...
Total batches to process: 10
  Processed 10/10 batches

Total predictions: 1280
Total actuals: 1280
Attention shape: (1280, 20)
Encoder variables shape: (1280, 5)

Prediction period: 2020-08-19T00:00:00.000000000 to 2025-10-06T00:00:00.000000000
Total predictions: 1280

Creating temporal periods:
  2020: 92 samples
  2021: 250 samples
  2022: 249 samples
  2023: 249 samples
  2024: 250 samples
  2025: 190 samples

Attention over 20 encoder timesteps

Analyzing attention patterns by period...

Comparing attention patterns across periods...

Creating visualizations...
Saved attention heatmap: experiments/00_baseline_exploration/sweep_lr_0.0007/attention_analysis_year/attention_heatmap.png
Saved attention trends: experiments/00_baseline_exploration/sweep_lr_0.0007/attention_analysis_year/attention_trends.png
Saved feature importance comparison: experiments/00_baseline_exploration/sweep_lr_0.0007/attention_analysis_year/temporal_attention_comparison.png

Saving results...
Saved results: experiments/00_baseline_exploration/sweep_lr_0.0007/attention_analysis_year/attention_analysis_results.json

======================================================================
ATTENTION ANALYSIS SUMMARY
======================================================================

Per-Period Statistics:
----------------------------------------------------------------------

2020:
  Samples: 92
  Entropy: 2.9941 ± 0.0012
  Concentration: 0.0501
  Top 5 features:
    t-19                           0.0532
    t-18                           0.0528
    t-17                           0.0523
    t-20                           0.0523
    t-16                           0.0518

2021:
  Samples: 250
  Entropy: 2.9877 ± 0.0066
  Concentration: 0.0504
  Top 5 features:
    t-19                           0.0551
    t-18                           0.0548
    t-20                           0.0547
    t-17                           0.0544
    t-16                           0.0540

2022:
  Samples: 249
  Entropy: 2.9773 ± 0.0176
  Concentration: 0.0509
  Top 5 features:
    t-20                           0.0604
    t-19                           0.0602
    t-18                           0.0596
    t-17                           0.0584
    t-16                           0.0570

2023:
  Samples: 249
  Entropy: 2.9889 ± 0.0065
  Concentration: 0.0502
  Top 5 features:
    t-20                           0.0536
    t-19                           0.0528
    t-18                           0.0525
    t-17                           0.0523
    t-16                           0.0522

2024:
  Samples: 250
  Entropy: 2.9881 ± 0.0079
  Concentration: 0.0501
  Top 5 features:
    t-20                           0.0518
    t-12                           0.0514
    t-11                           0.0514
    t-13                           0.0513
    t-10                           0.0513

2025:
  Samples: 190
  Entropy: 2.9816 ± 0.0191
  Concentration: 0.0503
  Top 5 features:
    t-20                           0.0536
    t-19                           0.0530
    t-18                           0.0529
    t-15                           0.0529
    t-14                           0.0529

----------------------------------------------------------------------
Period Comparisons:
----------------------------------------------------------------------

2020_vs_2021:
  Cosine similarity: 0.9986
  L2 distance: 0.0120
  Entropy change: -0.0065
  Concentration change: 0.0003

2020_vs_2022:
  Cosine similarity: 0.9952
  L2 distance: 0.0221
  Entropy change: -0.0168
  Concentration change: 0.0009

2020_vs_2023:
  Cosine similarity: 0.9997
  L2 distance: 0.0054
  Entropy change: -0.0052
  Concentration change: 0.0001

2020_vs_2024:
  Cosine similarity: 0.9997
  L2 distance: 0.0055
  Entropy change: -0.0061
  Concentration change: -0.0000

2020_vs_2025:
  Cosine similarity: 0.9992
  L2 distance: 0.0092
  Entropy change: -0.0126
  Concentration change: 0.0002

2021_vs_2022:
  Cosine similarity: 0.9982
  L2 distance: 0.0134
  Entropy change: -0.0103
  Concentration change: 0.0005

2021_vs_2023:
  Cosine similarity: 0.9994
  L2 distance: 0.0077
  Entropy change: 0.0013
  Concentration change: -0.0002

2021_vs_2024:
  Cosine similarity: 0.9984
  L2 distance: 0.0128
  Entropy change: 0.0004
  Concentration change: -0.0003

2021_vs_2025:
  Cosine similarity: 0.9998
  L2 distance: 0.0046
  Entropy change: -0.0061
  Concentration change: -0.0001

2022_vs_2023:
  Cosine similarity: 0.9962
  L2 distance: 0.0196
  Entropy change: 0.0116
  Concentration change: -0.0008

2022_vs_2024:
  Cosine similarity: 0.9939
  L2 distance: 0.0250
  Entropy change: 0.0107
  Concentration change: -0.0009

2022_vs_2025:
  Cosine similarity: 0.9970
  L2 distance: 0.0176
  Entropy change: 0.0043
  Concentration change: -0.0007

2023_vs_2024:
  Cosine similarity: 0.9997
  L2 distance: 0.0054
  Entropy change: -0.0009
  Concentration change: -0.0001

2023_vs_2025:
  Cosine similarity: 0.9998
  L2 distance: 0.0040
  Entropy change: -0.0073
  Concentration change: 0.0001

2024_vs_2025:
  Cosine similarity: 0.9993
  L2 distance: 0.0086
  Entropy change: -0.0065
  Concentration change: 0.0002

======================================================================

Analysis complete!
Results saved to: experiments/00_baseline_exploration/sweep_lr_0.0007/attention_analysis_year
  - attention_analysis_results.json
  - attention_heatmap.png
  - attention_trends.png
  - temporal_attention_comparison.png
