Logging to: experiments/00_baseline_exploration/sweep_lr_0.0007/attention_analysis_year/attention_analysis_20251030_131128.log
Analysis started at: 2025-10-30 13:11:28
======================================================================
Experiment: 00_baseline_exploration/sweep_lr_0.0007
Output directory: experiments/00_baseline_exploration/sweep_lr_0.0007/attention_analysis_year
Using best checkpoint: experiments/00_baseline_exploration/sweep_lr_0.0007/checkpoints/tft-epoch=41-val_loss=0.3952.ckpt

Loading data...
Loading test data from: data/splits/fixed/core_proposal_daily_fixed_test.csv
  Train samples: 6066
  Test samples: 1300

Preparing test dataset...
Test dataset size after filtering: 1280

Loading model...
Loading model from: experiments/00_baseline_exploration/sweep_lr_0.0007/checkpoints/tft-epoch=41-val_loss=0.3952.ckpt
Model moved to device: cuda

Extracting attention patterns...
Extracting attention patterns...
Total batches to process: 10
  Processed 10/10 batches

Total predictions: 1280
Total actuals: 1280
Attention shape: (1280, 20)
Encoder variables shape: (1280, 5)

Prediction period: 2020-08-19T00:00:00.000000000 to 2025-10-06T00:00:00.000000000
Total predictions: 1280

Creating temporal periods:
  2020: 92 samples
  2021: 250 samples
  2022: 249 samples
  2023: 249 samples
  2024: 250 samples
  2025: 190 samples

Attention over 20 encoder timesteps

Analyzing attention patterns by period...

Comparing attention patterns across periods...

Creating visualizations...
Saved attention heatmap: experiments/00_baseline_exploration/sweep_lr_0.0007/attention_analysis_year/attention_heatmap.png
Saved attention trends: experiments/00_baseline_exploration/sweep_lr_0.0007/attention_analysis_year/attention_trends.png
Saved feature importance comparison: experiments/00_baseline_exploration/sweep_lr_0.0007/attention_analysis_year/temporal_attention_comparison.png

Saving results...
Saved results: experiments/00_baseline_exploration/sweep_lr_0.0007/attention_analysis_year/attention_analysis_results.json

======================================================================
ATTENTION ANALYSIS SUMMARY
======================================================================

Per-Period Statistics:
----------------------------------------------------------------------

2020:
  Samples: 92
  Entropy: 2.7078 ± 0.1690
  Concentration: 0.0616
  Top 5 features:
    t-20                           0.1467
    t-19                           0.0795
    t-18                           0.0562
    t-1                            0.0513
    t-2                            0.0489

2021:
  Samples: 250
  Entropy: 2.5530 ± 0.2892
  Concentration: 0.0558
  Top 5 features:
    t-20                           0.1223
    t-19                           0.0597
    t-1                            0.0529
    t-2                            0.0495
    t-18                           0.0494

2022:
  Samples: 249
  Entropy: 2.6761 ± 0.2107
  Concentration: 0.0596
  Top 5 features:
    t-20                           0.1381
    t-19                           0.0776
    t-18                           0.0577
    t-17                           0.0490
    t-1                            0.0489

2023:
  Samples: 249
  Entropy: 2.8644 ± 0.1387
  Concentration: 0.0542
  Top 5 features:
    t-20                           0.1131
    t-19                           0.0520
    t-1                            0.0485
    t-2                            0.0477
    t-3                            0.0472

2024:
  Samples: 250
  Entropy: 2.7942 ± 0.3354
  Concentration: 0.0557
  Top 5 features:
    t-20                           0.1205
    t-1                            0.0557
    t-2                            0.0532
    t-19                           0.0526
    t-3                            0.0519

2025:
  Samples: 190
  Entropy: 2.6900 ± 0.3199
  Concentration: 0.0576
  Top 5 features:
    t-20                           0.1313
    t-19                           0.0605
    t-1                            0.0576
    t-2                            0.0528
    t-3                            0.0503

----------------------------------------------------------------------
Period Comparisons:
----------------------------------------------------------------------

2020_vs_2021:
  Cosine similarity: 0.9905
  L2 distance: 0.0354
  Entropy change: -0.1548
  Concentration change: -0.0058

2020_vs_2022:
  Cosine similarity: 0.9985
  L2 distance: 0.0141
  Entropy change: -0.0316
  Concentration change: -0.0020

2020_vs_2023:
  Cosine similarity: 0.9803
  L2 distance: 0.0502
  Entropy change: 0.1566
  Concentration change: -0.0074

2020_vs_2024:
  Cosine similarity: 0.9830
  L2 distance: 0.0463
  Entropy change: 0.0864
  Concentration change: -0.0059

2020_vs_2025:
  Cosine similarity: 0.9928
  L2 distance: 0.0304
  Entropy change: -0.0178
  Concentration change: -0.0040

2021_vs_2022:
  Cosine similarity: 0.9937
  L2 distance: 0.0281
  Entropy change: 0.1231
  Concentration change: 0.0038

2021_vs_2023:
  Cosine similarity: 0.9978
  L2 distance: 0.0158
  Entropy change: 0.3113
  Concentration change: -0.0016

2021_vs_2024:
  Cosine similarity: 0.9966
  L2 distance: 0.0195
  Entropy change: 0.2412
  Concentration change: -0.0001

2021_vs_2025:
  Cosine similarity: 0.9979
  L2 distance: 0.0160
  Entropy change: 0.1370
  Concentration change: 0.0018

2022_vs_2023:
  Cosine similarity: 0.9856
  L2 distance: 0.0419
  Entropy change: 0.1882
  Concentration change: -0.0054

2022_vs_2024:
  Cosine similarity: 0.9843
  L2 distance: 0.0434
  Entropy change: 0.1180
  Concentration change: -0.0039

2022_vs_2025:
  Cosine similarity: 0.9927
  L2 distance: 0.0295
  Entropy change: 0.0139
  Concentration change: -0.0020

2023_vs_2024:
  Cosine similarity: 0.9966
  L2 distance: 0.0195
  Entropy change: -0.0702
  Concentration change: 0.0015

2023_vs_2025:
  Cosine similarity: 0.9937
  L2 distance: 0.0275
  Entropy change: -0.1744
  Concentration change: 0.0034

2024_vs_2025:
  Cosine similarity: 0.9975
  L2 distance: 0.0174
  Entropy change: -0.1042
  Concentration change: 0.0019

======================================================================

Analysis complete!
Results saved to: experiments/00_baseline_exploration/sweep_lr_0.0007/attention_analysis_year
  - attention_analysis_results.json
  - attention_heatmap.png
  - attention_trends.png
  - temporal_attention_comparison.png
