Logging to: experiments/00_baseline_exploration/sweep_hidden_48/attention_analysis_year/attention_analysis_20251027_191536.log
Analysis started at: 2025-10-27 19:15:36
======================================================================
Experiment: 00_baseline_exploration/sweep_hidden_48
Output directory: experiments/00_baseline_exploration/sweep_hidden_48/attention_analysis_year
Using best checkpoint: experiments/00_baseline_exploration/sweep_hidden_48/checkpoints/tft-epoch=01-val_loss=0.1530.ckpt

Loading data...
Loading test data from: data/splits/fixed/core_proposal_daily_fixed_test.csv
  Train samples: 6066
  Test samples: 1300

Preparing test dataset...
Test dataset size after filtering: 1280

Loading model...
Loading model from: experiments/00_baseline_exploration/sweep_hidden_48/checkpoints/tft-epoch=01-val_loss=0.1530.ckpt

Extracting attention patterns...
Extracting attention patterns...
Total batches to process: 10
  Processed 10/10 batches

Total predictions: 1280
Total actuals: 1280
Attention shape: (1280, 20)
Encoder variables shape: (1280, 5)

Prediction period: 2020-08-19T00:00:00.000000000 to 2025-10-06T00:00:00.000000000
Total predictions: 1280

Creating temporal periods:
  2020: 92 samples
  2021: 250 samples
  2022: 249 samples
  2023: 249 samples
  2024: 250 samples
  2025: 190 samples

Attention over 20 encoder timesteps

Analyzing attention patterns by period...

Comparing attention patterns across periods...

Creating visualizations...
Saved attention heatmap: experiments/00_baseline_exploration/sweep_hidden_48/attention_analysis_year/attention_heatmap.png
Saved attention trends: experiments/00_baseline_exploration/sweep_hidden_48/attention_analysis_year/attention_trends.png
Saved feature importance comparison: experiments/00_baseline_exploration/sweep_hidden_48/attention_analysis_year/temporal_attention_comparison.png

Saving results...
Saved results: experiments/00_baseline_exploration/sweep_hidden_48/attention_analysis_year/attention_analysis_results.json

======================================================================
ATTENTION ANALYSIS SUMMARY
======================================================================

Per-Period Statistics:
----------------------------------------------------------------------

2020:
  Samples: 92
  Entropy: 2.9709 ± 0.0076
  Concentration: 0.0522
  Top 5 features:
    t-20                           0.0701
    t-19                           0.0649
    t-18                           0.0618
    t-17                           0.0599
    t-16                           0.0586

2021:
  Samples: 250
  Entropy: 2.9673 ± 0.0126
  Concentration: 0.0525
  Top 5 features:
    t-20                           0.0741
    t-19                           0.0676
    t-18                           0.0637
    t-17                           0.0611
    t-16                           0.0591

2022:
  Samples: 249
  Entropy: 2.9774 ± 0.0086
  Concentration: 0.0517
  Top 5 features:
    t-20                           0.0724
    t-19                           0.0652
    t-18                           0.0612
    t-17                           0.0587
    t-16                           0.0568

2023:
  Samples: 249
  Entropy: 2.9735 ± 0.0093
  Concentration: 0.0521
  Top 5 features:
    t-20                           0.0729
    t-19                           0.0670
    t-18                           0.0633
    t-17                           0.0606
    t-16                           0.0584

2024:
  Samples: 250
  Entropy: 2.9758 ± 0.0154
  Concentration: 0.0516
  Top 5 features:
    t-20                           0.0694
    t-19                           0.0645
    t-18                           0.0616
    t-17                           0.0594
    t-16                           0.0576

2025:
  Samples: 190
  Entropy: 2.9618 ± 0.0281
  Concentration: 0.0526
  Top 5 features:
    t-20                           0.0758
    t-19                           0.0693
    t-18                           0.0653
    t-17                           0.0622
    t-16                           0.0596

----------------------------------------------------------------------
Period Comparisons:
----------------------------------------------------------------------

2020_vs_2021:
  Cosine similarity: 0.9995
  L2 distance: 0.0073
  Entropy change: -0.0036
  Concentration change: 0.0003

2020_vs_2022:
  Cosine similarity: 0.9987
  L2 distance: 0.0117
  Entropy change: 0.0065
  Concentration change: -0.0005

2020_vs_2023:
  Cosine similarity: 0.9991
  L2 distance: 0.0094
  Entropy change: 0.0026
  Concentration change: -0.0001

2020_vs_2024:
  Cosine similarity: 0.9991
  L2 distance: 0.0099
  Entropy change: 0.0049
  Concentration change: -0.0006

2020_vs_2025:
  Cosine similarity: 0.9985
  L2 distance: 0.0128
  Entropy change: -0.0090
  Concentration change: 0.0004

2021_vs_2022:
  Cosine similarity: 0.9991
  L2 distance: 0.0098
  Entropy change: 0.0101
  Concentration change: -0.0008

2021_vs_2023:
  Cosine similarity: 0.9998
  L2 distance: 0.0049
  Entropy change: 0.0062
  Concentration change: -0.0004

2021_vs_2024:
  Cosine similarity: 0.9992
  L2 distance: 0.0095
  Entropy change: 0.0085
  Concentration change: -0.0008

2021_vs_2025:
  Cosine similarity: 0.9997
  L2 distance: 0.0057
  Entropy change: -0.0054
  Concentration change: 0.0001

2022_vs_2023:
  Cosine similarity: 0.9997
  L2 distance: 0.0056
  Entropy change: -0.0039
  Concentration change: 0.0004

2022_vs_2024:
  Cosine similarity: 0.9999
  L2 distance: 0.0038
  Entropy change: -0.0016
  Concentration change: -0.0001

2022_vs_2025:
  Cosine similarity: 0.9989
  L2 distance: 0.0108
  Entropy change: -0.0156
  Concentration change: 0.0009

2023_vs_2024:
  Cosine similarity: 0.9997
  L2 distance: 0.0058
  Entropy change: 0.0023
  Concentration change: -0.0005

2023_vs_2025:
  Cosine similarity: 0.9997
  L2 distance: 0.0058
  Entropy change: -0.0117
  Concentration change: 0.0005

2024_vs_2025:
  Cosine similarity: 0.9988
  L2 distance: 0.0114
  Entropy change: -0.0139
  Concentration change: 0.0010

======================================================================

Analysis complete!
Results saved to: experiments/00_baseline_exploration/sweep_hidden_48/attention_analysis_year
  - attention_analysis_results.json
  - attention_heatmap.png
  - attention_trends.png
  - temporal_attention_comparison.png
