Logging to: experiments/00_baseline_exploration/sweep_hidden_48/attention_analysis_year/attention_analysis_20251030_131059.log
Analysis started at: 2025-10-30 13:10:59
======================================================================
Experiment: 00_baseline_exploration/sweep_hidden_48
Output directory: experiments/00_baseline_exploration/sweep_hidden_48/attention_analysis_year
Using best checkpoint: experiments/00_baseline_exploration/sweep_hidden_48/checkpoints/tft-epoch=51-val_loss=0.3957.ckpt

Loading data...
Loading test data from: data/splits/fixed/core_proposal_daily_fixed_test.csv
  Train samples: 6066
  Test samples: 1300

Preparing test dataset...
Test dataset size after filtering: 1280

Loading model...
Loading model from: experiments/00_baseline_exploration/sweep_hidden_48/checkpoints/tft-epoch=51-val_loss=0.3957.ckpt
Model moved to device: cuda

Extracting attention patterns...
Extracting attention patterns...
Total batches to process: 10
  Processed 10/10 batches

Total predictions: 1280
Total actuals: 1280
Attention shape: (1280, 20)
Encoder variables shape: (1280, 5)

Prediction period: 2020-08-19T00:00:00.000000000 to 2025-10-06T00:00:00.000000000
Total predictions: 1280

Creating temporal periods:
  2020: 92 samples
  2021: 250 samples
  2022: 249 samples
  2023: 249 samples
  2024: 250 samples
  2025: 190 samples

Attention over 20 encoder timesteps

Analyzing attention patterns by period...

Comparing attention patterns across periods...

Creating visualizations...
Saved attention heatmap: experiments/00_baseline_exploration/sweep_hidden_48/attention_analysis_year/attention_heatmap.png
Saved attention trends: experiments/00_baseline_exploration/sweep_hidden_48/attention_analysis_year/attention_trends.png
Saved feature importance comparison: experiments/00_baseline_exploration/sweep_hidden_48/attention_analysis_year/temporal_attention_comparison.png

Saving results...
Saved results: experiments/00_baseline_exploration/sweep_hidden_48/attention_analysis_year/attention_analysis_results.json

======================================================================
ATTENTION ANALYSIS SUMMARY
======================================================================

Per-Period Statistics:
----------------------------------------------------------------------

2020:
  Samples: 92
  Entropy: 2.2214 ± 0.4469
  Concentration: 0.1431
  Top 5 features:
    t-1                            0.2819
    t-2                            0.1765
    t-3                            0.1190
    t-4                            0.0851
    t-5                            0.0630

2021:
  Samples: 250
  Entropy: 2.3808 ± 0.3656
  Concentration: 0.1210
  Top 5 features:
    t-1                            0.2418
    t-2                            0.1659
    t-3                            0.1191
    t-4                            0.0884
    t-5                            0.0669

2022:
  Samples: 249
  Entropy: 1.7409 ± 0.4431
  Concentration: 0.2342
  Top 5 features:
    t-1                            0.3948
    t-2                            0.2246
    t-3                            0.1320
    t-4                            0.0793
    t-5                            0.0488

2023:
  Samples: 249
  Entropy: 2.2969 ± 0.1895
  Concentration: 0.1476
  Top 5 features:
    t-1                            0.2841
    t-2                            0.1855
    t-3                            0.1243
    t-4                            0.0858
    t-5                            0.0609

2024:
  Samples: 250
  Entropy: 2.3568 ± 0.1760
  Concentration: 0.1312
  Top 5 features:
    t-1                            0.2553
    t-2                            0.1751
    t-3                            0.1233
    t-4                            0.0889
    t-5                            0.0660

2025:
  Samples: 190
  Entropy: 2.4376 ± 0.3630
  Concentration: 0.1129
  Top 5 features:
    t-1                            0.2297
    t-2                            0.1586
    t-3                            0.1140
    t-4                            0.0855
    t-5                            0.0661

----------------------------------------------------------------------
Period Comparisons:
----------------------------------------------------------------------

2020_vs_2021:
  Cosine similarity: 0.9962
  L2 distance: 0.0438
  Entropy change: 0.1594
  Concentration change: -0.0220

2020_vs_2022:
  Cosine similarity: 0.9831
  L2 distance: 0.1317
  Entropy change: -0.4805
  Concentration change: 0.0912

2020_vs_2023:
  Cosine similarity: 0.9994
  L2 distance: 0.0144
  Entropy change: 0.0755
  Concentration change: 0.0046

2020_vs_2024:
  Cosine similarity: 0.9981
  L2 distance: 0.0280
  Entropy change: 0.1355
  Concentration change: -0.0118

2020_vs_2025:
  Cosine similarity: 0.9934
  L2 distance: 0.0588
  Entropy change: 0.2162
  Concentration change: -0.0302

2021_vs_2022:
  Cosine similarity: 0.9652
  L2 distance: 0.1739
  Entropy change: -0.6399
  Concentration change: 0.1132

2021_vs_2023:
  Cosine similarity: 0.9956
  L2 distance: 0.0499
  Entropy change: -0.0839
  Concentration change: 0.0266

2021_vs_2024:
  Cosine similarity: 0.9993
  L2 distance: 0.0196
  Entropy change: -0.0239
  Concentration change: 0.0102

2021_vs_2025:
  Cosine similarity: 0.9989
  L2 distance: 0.0201
  Entropy change: 0.0568
  Concentration change: -0.0082

2022_vs_2023:
  Cosine similarity: 0.9853
  L2 distance: 0.1242
  Entropy change: 0.5560
  Concentration change: -0.0866

2022_vs_2024:
  Cosine similarity: 0.9717
  L2 distance: 0.1573
  Entropy change: 0.6160
  Concentration change: -0.1030

2022_vs_2025:
  Cosine similarity: 0.9562
  L2 distance: 0.1902
  Entropy change: 0.6967
  Concentration change: -0.1214

2023_vs_2024:
  Cosine similarity: 0.9976
  L2 distance: 0.0338
  Entropy change: 0.0600
  Concentration change: -0.0164

2023_vs_2025:
  Cosine similarity: 0.9917
  L2 distance: 0.0669
  Entropy change: 0.1407
  Concentration change: -0.0348

2024_vs_2025:
  Cosine similarity: 0.9977
  L2 distance: 0.0353
  Entropy change: 0.0808
  Concentration change: -0.0183

======================================================================

Analysis complete!
Results saved to: experiments/00_baseline_exploration/sweep_hidden_48/attention_analysis_year
  - attention_analysis_results.json
  - attention_heatmap.png
  - attention_trends.png
  - temporal_attention_comparison.png
