Logging to: experiments/01_staleness_features_fixed/sweep_stale_h12_drop0.35_lr5/attention_analysis_year/attention_analysis_20251030_131317.log
Analysis started at: 2025-10-30 13:13:17
======================================================================
Experiment: 01_staleness_features_fixed/sweep_stale_h12_drop0.35_lr5
Output directory: experiments/01_staleness_features_fixed/sweep_stale_h12_drop0.35_lr5/attention_analysis_year
Using best checkpoint: experiments/01_staleness_features_fixed/sweep_stale_h12_drop0.35_lr5/checkpoints/tft-epoch=99-val_loss=0.3968.ckpt

Loading data...
Loading test data from: data/splits/fixed/core_proposal_daily_fixed_test.csv
Detected staleness features in config, adding to data...
  Train samples: 6066
  Test samples: 1300

Preparing test dataset...
Test dataset size after filtering: 1280

Loading model...
Loading model from: experiments/01_staleness_features_fixed/sweep_stale_h12_drop0.35_lr5/checkpoints/tft-epoch=99-val_loss=0.3968.ckpt
Model moved to device: cuda

Extracting attention patterns...
Extracting attention patterns...
Total batches to process: 10
  Processed 10/10 batches

Total predictions: 1280
Total actuals: 1280
Attention shape: (1280, 20)
Encoder variables shape: (1280, 7)

Prediction period: 2020-08-19T00:00:00.000000000 to 2025-10-06T00:00:00.000000000
Total predictions: 1280

Creating temporal periods:
  2020: 92 samples
  2021: 250 samples
  2022: 249 samples
  2023: 249 samples
  2024: 250 samples
  2025: 190 samples

Attention over 20 encoder timesteps

Analyzing attention patterns by period...

Comparing attention patterns across periods...

Creating visualizations...
Saved attention heatmap: experiments/01_staleness_features_fixed/sweep_stale_h12_drop0.35_lr5/attention_analysis_year/attention_heatmap.png
Saved attention trends: experiments/01_staleness_features_fixed/sweep_stale_h12_drop0.35_lr5/attention_analysis_year/attention_trends.png
Saved feature importance comparison: experiments/01_staleness_features_fixed/sweep_stale_h12_drop0.35_lr5/attention_analysis_year/temporal_attention_comparison.png

Saving results...
Saved results: experiments/01_staleness_features_fixed/sweep_stale_h12_drop0.35_lr5/attention_analysis_year/attention_analysis_results.json

======================================================================
ATTENTION ANALYSIS SUMMARY
======================================================================

Per-Period Statistics:
----------------------------------------------------------------------

2020:
  Samples: 92
  Entropy: 2.9856 ± 0.0105
  Concentration: 0.0500
  Top 5 features:
    t-1                            0.0512
    t-2                            0.0510
    t-3                            0.0508
    t-4                            0.0507
    t-5                            0.0507

2021:
  Samples: 250
  Entropy: 2.9811 ± 0.0218
  Concentration: 0.0500
  Top 5 features:
    t-1                            0.0515
    t-2                            0.0513
    t-3                            0.0510
    t-4                            0.0508
    t-5                            0.0507

2022:
  Samples: 249
  Entropy: 2.9423 ± 0.0404
  Concentration: 0.0503
  Top 5 features:
    t-1                            0.0574
    t-2                            0.0560
    t-3                            0.0548
    t-4                            0.0538
    t-5                            0.0529

2023:
  Samples: 249
  Entropy: 2.9876 ± 0.0079
  Concentration: 0.0500
  Top 5 features:
    t-14                           0.0512
    t-15                           0.0512
    t-13                           0.0511
    t-16                           0.0509
    t-12                           0.0509

2024:
  Samples: 250
  Entropy: 2.9787 ± 0.0450
  Concentration: 0.0500
  Top 5 features:
    t-1                            0.0515
    t-2                            0.0513
    t-3                            0.0511
    t-4                            0.0510
    t-5                            0.0509

2025:
  Samples: 190
  Entropy: 2.9388 ± 0.1371
  Concentration: 0.0500
  Top 5 features:
    t-1                            0.0517
    t-2                            0.0507
    t-13                           0.0506
    t-14                           0.0505
    t-12                           0.0505

----------------------------------------------------------------------
Period Comparisons:
----------------------------------------------------------------------

2020_vs_2021:
  Cosine similarity: 1.0000
  L2 distance: 0.0009
  Entropy change: -0.0045
  Concentration change: 0.0000

2020_vs_2022:
  Cosine similarity: 0.9984
  L2 distance: 0.0126
  Entropy change: -0.0433
  Concentration change: 0.0003

2020_vs_2023:
  Cosine similarity: 0.9998
  L2 distance: 0.0047
  Entropy change: 0.0020
  Concentration change: -0.0000

2020_vs_2024:
  Cosine similarity: 0.9999
  L2 distance: 0.0029
  Entropy change: -0.0069
  Concentration change: -0.0000

2020_vs_2025:
  Cosine similarity: 0.9999
  L2 distance: 0.0028
  Entropy change: -0.0468
  Concentration change: -0.0000

2021_vs_2022:
  Cosine similarity: 0.9986
  L2 distance: 0.0119
  Entropy change: -0.0388
  Concentration change: 0.0003

2021_vs_2023:
  Cosine similarity: 0.9997
  L2 distance: 0.0054
  Entropy change: 0.0065
  Concentration change: -0.0000

2021_vs_2024:
  Cosine similarity: 0.9999
  L2 distance: 0.0030
  Entropy change: -0.0024
  Concentration change: -0.0000

2021_vs_2025:
  Cosine similarity: 0.9999
  L2 distance: 0.0032
  Entropy change: -0.0423
  Concentration change: -0.0000

2022_vs_2023:
  Cosine similarity: 0.9970
  L2 distance: 0.0172
  Entropy change: 0.0453
  Concentration change: -0.0003

2022_vs_2024:
  Cosine similarity: 0.9984
  L2 distance: 0.0127
  Entropy change: 0.0364
  Concentration change: -0.0003

2022_vs_2025:
  Cosine similarity: 0.9980
  L2 distance: 0.0142
  Entropy change: -0.0035
  Concentration change: -0.0003

2023_vs_2024:
  Cosine similarity: 0.9997
  L2 distance: 0.0054
  Entropy change: -0.0089
  Concentration change: 0.0000

2023_vs_2025:
  Cosine similarity: 0.9999
  L2 distance: 0.0035
  Entropy change: -0.0488
  Concentration change: 0.0000

2024_vs_2025:
  Cosine similarity: 0.9999
  L2 distance: 0.0027
  Entropy change: -0.0399
  Concentration change: -0.0000

======================================================================

Analysis complete!
Results saved to: experiments/01_staleness_features_fixed/sweep_stale_h12_drop0.35_lr5/attention_analysis_year
  - attention_analysis_results.json
  - attention_heatmap.png
  - attention_trends.png
  - temporal_attention_comparison.png
