Logging to: experiments/00_baseline_exploration/sweep2_h16_enc_15/attention_analysis_year/attention_analysis_20251030_130645.log
Analysis started at: 2025-10-30 13:06:45
======================================================================
Experiment: 00_baseline_exploration/sweep2_h16_enc_15
Output directory: experiments/00_baseline_exploration/sweep2_h16_enc_15/attention_analysis_year
Using best checkpoint: experiments/00_baseline_exploration/sweep2_h16_enc_15/checkpoints/tft-epoch=45-val_loss=0.4031.ckpt

Loading data...
Loading test data from: data/splits/fixed/core_proposal_daily_fixed_test.csv
  Train samples: 6066
  Test samples: 1300

Preparing test dataset...
Test dataset size after filtering: 1285

Loading model...
Loading model from: experiments/00_baseline_exploration/sweep2_h16_enc_15/checkpoints/tft-epoch=45-val_loss=0.4031.ckpt
Model moved to device: cuda

Extracting attention patterns...
Extracting attention patterns...
Total batches to process: 11
  Processed 10/11 batches

Total predictions: 1285
Total actuals: 1285
Attention shape: (1285, 15)
Encoder variables shape: (1285, 5)

Prediction period: 2020-08-12T00:00:00.000000000 to 2025-10-06T00:00:00.000000000
Total predictions: 1285

Creating temporal periods:
  2020: 97 samples
  2021: 250 samples
  2022: 249 samples
  2023: 249 samples
  2024: 250 samples
  2025: 190 samples

Attention over 15 encoder timesteps

Analyzing attention patterns by period...

Comparing attention patterns across periods...

Creating visualizations...
Saved attention heatmap: experiments/00_baseline_exploration/sweep2_h16_enc_15/attention_analysis_year/attention_heatmap.png
Saved attention trends: experiments/00_baseline_exploration/sweep2_h16_enc_15/attention_analysis_year/attention_trends.png
Saved feature importance comparison: experiments/00_baseline_exploration/sweep2_h16_enc_15/attention_analysis_year/temporal_attention_comparison.png

Saving results...
Saved results: experiments/00_baseline_exploration/sweep2_h16_enc_15/attention_analysis_year/attention_analysis_results.json

======================================================================
ATTENTION ANALYSIS SUMMARY
======================================================================

Per-Period Statistics:
----------------------------------------------------------------------

2020:
  Samples: 97
  Entropy: 2.5288 ± 0.2442
  Concentration: 0.0678
  Top 5 features:
    t-1                            0.0883
    t-2                            0.0806
    t-3                            0.0750
    t-4                            0.0715
    t-5                            0.0693

2021:
  Samples: 250
  Entropy: 2.5313 ± 0.3089
  Concentration: 0.0670
  Top 5 features:
    t-1                            0.0788
    t-2                            0.0747
    t-3                            0.0706
    t-4                            0.0676
    t-5                            0.0665

2022:
  Samples: 249
  Entropy: 2.3801 ± 0.3377
  Concentration: 0.0700
  Top 5 features:
    t-1                            0.1028
    t-2                            0.0877
    t-3                            0.0792
    t-4                            0.0743
    t-5                            0.0714

2023:
  Samples: 249
  Entropy: 2.6730 ± 0.0983
  Concentration: 0.0667
  Top 5 features:
    t-1                            0.0717
    t-2                            0.0702
    t-3                            0.0690
    t-4                            0.0681
    t-15                           0.0677

2024:
  Samples: 250
  Entropy: 2.6370 ± 0.2775
  Concentration: 0.0668
  Top 5 features:
    t-1                            0.0724
    t-2                            0.0710
    t-3                            0.0701
    t-4                            0.0692
    t-5                            0.0681

2025:
  Samples: 190
  Entropy: 2.5841 ± 0.3145
  Concentration: 0.0668
  Top 5 features:
    t-1                            0.0779
    t-15                           0.0698
    t-2                            0.0696
    t-14                           0.0672
    t-3                            0.0669

----------------------------------------------------------------------
Period Comparisons:
----------------------------------------------------------------------

2020_vs_2021:
  Cosine similarity: 0.9973
  L2 distance: 0.0190
  Entropy change: 0.0025
  Concentration change: -0.0008

2020_vs_2022:
  Cosine similarity: 0.9955
  L2 distance: 0.0252
  Entropy change: -0.1487
  Concentration change: 0.0022

2020_vs_2023:
  Cosine similarity: 0.9948
  L2 distance: 0.0266
  Entropy change: 0.1442
  Concentration change: -0.0011

2020_vs_2024:
  Cosine similarity: 0.9956
  L2 distance: 0.0243
  Entropy change: 0.1081
  Concentration change: -0.0010

2020_vs_2025:
  Cosine similarity: 0.9943
  L2 distance: 0.0278
  Entropy change: 0.0553
  Concentration change: -0.0010

2021_vs_2022:
  Cosine similarity: 0.9862
  L2 distance: 0.0439
  Entropy change: -0.1512
  Concentration change: 0.0031

2021_vs_2023:
  Cosine similarity: 0.9993
  L2 distance: 0.0094
  Entropy change: 0.1417
  Concentration change: -0.0002

2021_vs_2024:
  Cosine similarity: 0.9995
  L2 distance: 0.0082
  Entropy change: 0.1057
  Concentration change: -0.0002

2021_vs_2025:
  Cosine similarity: 0.9993
  L2 distance: 0.0098
  Entropy change: 0.0528
  Concentration change: -0.0001

2022_vs_2023:
  Cosine similarity: 0.9811
  L2 distance: 0.0513
  Entropy change: 0.2929
  Concentration change: -0.0033

2022_vs_2024:
  Cosine similarity: 0.9828
  L2 distance: 0.0490
  Entropy change: 0.2569
  Concentration change: -0.0032

2022_vs_2025:
  Cosine similarity: 0.9804
  L2 distance: 0.0521
  Entropy change: 0.2040
  Concentration change: -0.0032

2023_vs_2024:
  Cosine similarity: 0.9999
  L2 distance: 0.0031
  Entropy change: -0.0360
  Concentration change: 0.0000

2023_vs_2025:
  Cosine similarity: 0.9994
  L2 distance: 0.0091
  Entropy change: -0.0888
  Concentration change: 0.0001

2024_vs_2025:
  Cosine similarity: 0.9991
  L2 distance: 0.0109
  Entropy change: -0.0528
  Concentration change: 0.0001

======================================================================

Analysis complete!
Results saved to: experiments/00_baseline_exploration/sweep2_h16_enc_15/attention_analysis_year
  - attention_analysis_results.json
  - attention_heatmap.png
  - attention_trends.png
  - temporal_attention_comparison.png
