Logging to: experiments/00_baseline_exploration/sweep2_h16_enc_15/attention_analysis_year/attention_analysis_20251027_191403.log
Analysis started at: 2025-10-27 19:14:03
======================================================================
Experiment: 00_baseline_exploration/sweep2_h16_enc_15
Output directory: experiments/00_baseline_exploration/sweep2_h16_enc_15/attention_analysis_year
Using best checkpoint: experiments/00_baseline_exploration/sweep2_h16_enc_15/checkpoints/tft-epoch=01-val_loss=0.1319.ckpt

Loading data...
Loading test data from: data/splits/fixed/core_proposal_daily_fixed_test.csv
  Train samples: 6066
  Test samples: 1300

Preparing test dataset...
Test dataset size after filtering: 1285

Loading model...
Loading model from: experiments/00_baseline_exploration/sweep2_h16_enc_15/checkpoints/tft-epoch=01-val_loss=0.1319.ckpt

Extracting attention patterns...
Extracting attention patterns...
Total batches to process: 11
  Processed 10/11 batches

Total predictions: 1285
Total actuals: 1285
Attention shape: (1285, 15)
Encoder variables shape: (1285, 5)

Prediction period: 2020-08-12T00:00:00.000000000 to 2025-10-06T00:00:00.000000000
Total predictions: 1285

Creating temporal periods:
  2020: 97 samples
  2021: 250 samples
  2022: 249 samples
  2023: 249 samples
  2024: 250 samples
  2025: 190 samples

Attention over 15 encoder timesteps

Analyzing attention patterns by period...

Comparing attention patterns across periods...

Creating visualizations...
Saved attention heatmap: experiments/00_baseline_exploration/sweep2_h16_enc_15/attention_analysis_year/attention_heatmap.png
Saved attention trends: experiments/00_baseline_exploration/sweep2_h16_enc_15/attention_analysis_year/attention_trends.png
Saved feature importance comparison: experiments/00_baseline_exploration/sweep2_h16_enc_15/attention_analysis_year/temporal_attention_comparison.png

Saving results...
Saved results: experiments/00_baseline_exploration/sweep2_h16_enc_15/attention_analysis_year/attention_analysis_results.json

======================================================================
ATTENTION ANALYSIS SUMMARY
======================================================================

Per-Period Statistics:
----------------------------------------------------------------------

2020:
  Samples: 97
  Entropy: 2.7028 ± 0.0030
  Concentration: 0.0672
  Top 5 features:
    t-1                            0.0817
    t-2                            0.0769
    t-3                            0.0728
    t-15                           0.0711
    t-4                            0.0694

2021:
  Samples: 250
  Entropy: 2.6719 ± 0.0240
  Concentration: 0.0670
  Top 5 features:
    t-1                            0.0765
    t-2                            0.0744
    t-15                           0.0725
    t-3                            0.0722
    t-4                            0.0699

2022:
  Samples: 249
  Entropy: 2.6969 ± 0.0067
  Concentration: 0.0676
  Top 5 features:
    t-15                           0.0885
    t-14                           0.0797
    t-13                           0.0741
    t-12                           0.0689
    t-11                           0.0655

2023:
  Samples: 249
  Entropy: 2.6494 ± 0.0488
  Concentration: 0.0680
  Top 5 features:
    t-1                            0.0841
    t-2                            0.0815
    t-3                            0.0784
    t-4                            0.0748
    t-15                           0.0731

2024:
  Samples: 250
  Entropy: 2.5471 ± 0.1224
  Concentration: 0.0748
  Top 5 features:
    t-1                            0.1156
    t-2                            0.1061
    t-3                            0.0962
    t-4                            0.0864
    t-5                            0.0769

2025:
  Samples: 190
  Entropy: 2.5358 ± 0.1307
  Concentration: 0.0700
  Top 5 features:
    t-1                            0.0978
    t-2                            0.0900
    t-15                           0.0835
    t-3                            0.0817
    t-4                            0.0736

----------------------------------------------------------------------
Period Comparisons:
----------------------------------------------------------------------

2020_vs_2021:
  Cosine similarity: 0.9997
  L2 distance: 0.0064
  Entropy change: -0.0310
  Concentration change: -0.0002

2020_vs_2022:
  Cosine similarity: 0.9889
  L2 distance: 0.0387
  Entropy change: -0.0059
  Concentration change: 0.0003

2020_vs_2023:
  Cosine similarity: 0.9982
  L2 distance: 0.0157
  Entropy change: -0.0534
  Concentration change: 0.0008

2020_vs_2024:
  Cosine similarity: 0.9684
  L2 distance: 0.0684
  Entropy change: -0.1558
  Concentration change: 0.0075

2020_vs_2025:
  Cosine similarity: 0.9916
  L2 distance: 0.0343
  Entropy change: -0.1671
  Concentration change: 0.0027

2021_vs_2022:
  Cosine similarity: 0.9913
  L2 distance: 0.0342
  Entropy change: 0.0250
  Concentration change: 0.0005

2021_vs_2023:
  Cosine similarity: 0.9975
  L2 distance: 0.0184
  Entropy change: -0.0225
  Concentration change: 0.0010

2021_vs_2024:
  Cosine similarity: 0.9638
  L2 distance: 0.0731
  Entropy change: -0.1248
  Concentration change: 0.0077

2021_vs_2025:
  Cosine similarity: 0.9895
  L2 distance: 0.0384
  Entropy change: -0.1361
  Concentration change: 0.0029

2022_vs_2023:
  Cosine similarity: 0.9823
  L2 distance: 0.0489
  Entropy change: -0.0475
  Concentration change: 0.0005

2022_vs_2024:
  Cosine similarity: 0.9250
  L2 distance: 0.1042
  Entropy change: -0.1499
  Concentration change: 0.0072

2022_vs_2025:
  Cosine similarity: 0.9743
  L2 distance: 0.0597
  Entropy change: -0.1612
  Concentration change: 0.0024

2023_vs_2024:
  Cosine similarity: 0.9791
  L2 distance: 0.0561
  Entropy change: -0.1024
  Concentration change: 0.0068

2023_vs_2025:
  Cosine similarity: 0.9953
  L2 distance: 0.0258
  Entropy change: -0.1136
  Concentration change: 0.0019

2024_vs_2025:
  Cosine similarity: 0.9828
  L2 distance: 0.0507
  Entropy change: -0.0113
  Concentration change: -0.0048

======================================================================

Analysis complete!
Results saved to: experiments/00_baseline_exploration/sweep2_h16_enc_15/attention_analysis_year
  - attention_analysis_results.json
  - attention_heatmap.png
  - attention_trends.png
  - temporal_attention_comparison.png
