Logging to: experiments/01_staleness_features_fixed/sweep_stale_h16_drop0.35_lr3/attention_analysis_year/attention_analysis_20251030_131541.log
Analysis started at: 2025-10-30 13:15:41
======================================================================
Experiment: 01_staleness_features_fixed/sweep_stale_h16_drop0.35_lr3
Output directory: experiments/01_staleness_features_fixed/sweep_stale_h16_drop0.35_lr3/attention_analysis_year
Using best checkpoint: experiments/01_staleness_features_fixed/sweep_stale_h16_drop0.35_lr3/checkpoints/tft-epoch=99-val_loss=0.3977.ckpt

Loading data...
Loading test data from: data/splits/fixed/core_proposal_daily_fixed_test.csv
Detected staleness features in config, adding to data...
  Train samples: 6066
  Test samples: 1300

Preparing test dataset...
Test dataset size after filtering: 1280

Loading model...
Loading model from: experiments/01_staleness_features_fixed/sweep_stale_h16_drop0.35_lr3/checkpoints/tft-epoch=99-val_loss=0.3977.ckpt
Model moved to device: cuda

Extracting attention patterns...
Extracting attention patterns...
Total batches to process: 10
  Processed 10/10 batches

Total predictions: 1280
Total actuals: 1280
Attention shape: (1280, 20)
Encoder variables shape: (1280, 7)

Prediction period: 2020-08-19T00:00:00.000000000 to 2025-10-06T00:00:00.000000000
Total predictions: 1280

Creating temporal periods:
  2020: 92 samples
  2021: 250 samples
  2022: 249 samples
  2023: 249 samples
  2024: 250 samples
  2025: 190 samples

Attention over 20 encoder timesteps

Analyzing attention patterns by period...

Comparing attention patterns across periods...

Creating visualizations...
Saved attention heatmap: experiments/01_staleness_features_fixed/sweep_stale_h16_drop0.35_lr3/attention_analysis_year/attention_heatmap.png
Saved attention trends: experiments/01_staleness_features_fixed/sweep_stale_h16_drop0.35_lr3/attention_analysis_year/attention_trends.png
Saved feature importance comparison: experiments/01_staleness_features_fixed/sweep_stale_h16_drop0.35_lr3/attention_analysis_year/temporal_attention_comparison.png

Saving results...
Saved results: experiments/01_staleness_features_fixed/sweep_stale_h16_drop0.35_lr3/attention_analysis_year/attention_analysis_results.json

======================================================================
ATTENTION ANALYSIS SUMMARY
======================================================================

Per-Period Statistics:
----------------------------------------------------------------------

2020:
  Samples: 92
  Entropy: 2.8048 ± 0.1906
  Concentration: 0.0512
  Top 5 features:
    t-1                            0.0652
    t-2                            0.0610
    t-3                            0.0577
    t-4                            0.0555
    t-5                            0.0540

2021:
  Samples: 250
  Entropy: 2.8060 ± 0.2030
  Concentration: 0.0505
  Top 5 features:
    t-1                            0.0591
    t-2                            0.0564
    t-3                            0.0543
    t-4                            0.0529
    t-5                            0.0521

2022:
  Samples: 249
  Entropy: 2.8426 ± 0.1504
  Concentration: 0.0515
  Top 5 features:
    t-1                            0.0627
    t-2                            0.0596
    t-3                            0.0574
    t-4                            0.0557
    t-5                            0.0547

2023:
  Samples: 249
  Entropy: 2.9540 ± 0.0478
  Concentration: 0.0501
  Top 5 features:
    t-12                           0.0519
    t-11                           0.0518
    t-13                           0.0518
    t-10                           0.0516
    t-14                           0.0515

2024:
  Samples: 250
  Entropy: 2.8887 ± 0.2783
  Concentration: 0.0501
  Top 5 features:
    t-1                            0.0545
    t-2                            0.0533
    t-3                            0.0526
    t-4                            0.0521
    t-5                            0.0516

2025:
  Samples: 190
  Entropy: 2.8182 ± 0.3494
  Concentration: 0.0501
  Top 5 features:
    t-1                            0.0565
    t-2                            0.0517
    t-14                           0.0517
    t-15                           0.0516
    t-13                           0.0516

----------------------------------------------------------------------
Period Comparisons:
----------------------------------------------------------------------

2020_vs_2021:
  Cosine similarity: 0.9983
  L2 distance: 0.0131
  Entropy change: 0.0012
  Concentration change: -0.0007

2020_vs_2022:
  Cosine similarity: 0.9994
  L2 distance: 0.0081
  Entropy change: 0.0378
  Concentration change: 0.0003

2020_vs_2023:
  Cosine similarity: 0.9925
  L2 distance: 0.0276
  Entropy change: 0.1492
  Concentration change: -0.0011

2020_vs_2024:
  Cosine similarity: 0.9935
  L2 distance: 0.0257
  Entropy change: 0.0839
  Concentration change: -0.0011

2020_vs_2025:
  Cosine similarity: 0.9918
  L2 distance: 0.0289
  Entropy change: 0.0134
  Concentration change: -0.0011

2021_vs_2022:
  Cosine similarity: 0.9972
  L2 distance: 0.0171
  Entropy change: 0.0366
  Concentration change: 0.0010

2021_vs_2023:
  Cosine similarity: 0.9979
  L2 distance: 0.0147
  Entropy change: 0.1481
  Concentration change: -0.0004

2021_vs_2024:
  Cosine similarity: 0.9982
  L2 distance: 0.0133
  Entropy change: 0.0827
  Concentration change: -0.0004

2021_vs_2025:
  Cosine similarity: 0.9972
  L2 distance: 0.0167
  Entropy change: 0.0122
  Concentration change: -0.0004

2022_vs_2023:
  Cosine similarity: 0.9910
  L2 distance: 0.0303
  Entropy change: 0.1114
  Concentration change: -0.0014

2022_vs_2024:
  Cosine similarity: 0.9912
  L2 distance: 0.0300
  Entropy change: 0.0461
  Concentration change: -0.0014

2022_vs_2025:
  Cosine similarity: 0.9892
  L2 distance: 0.0333
  Entropy change: -0.0244
  Concentration change: -0.0014

2023_vs_2024:
  Cosine similarity: 0.9993
  L2 distance: 0.0082
  Entropy change: -0.0653
  Concentration change: -0.0000

2023_vs_2025:
  Cosine similarity: 0.9992
  L2 distance: 0.0088
  Entropy change: -0.1358
  Concentration change: 0.0000

2024_vs_2025:
  Cosine similarity: 0.9991
  L2 distance: 0.0095
  Entropy change: -0.0705
  Concentration change: 0.0000

======================================================================

Analysis complete!
Results saved to: experiments/01_staleness_features_fixed/sweep_stale_h16_drop0.35_lr3/attention_analysis_year
  - attention_analysis_results.json
  - attention_heatmap.png
  - attention_trends.png
  - temporal_attention_comparison.png
