Logging to: experiments/00_baseline_exploration/sweep2_h16_drop_0.1/attention_analysis_year/attention_analysis_20251027_191353.log
Analysis started at: 2025-10-27 19:13:53
======================================================================
Experiment: 00_baseline_exploration/sweep2_h16_drop_0.1
Output directory: experiments/00_baseline_exploration/sweep2_h16_drop_0.1/attention_analysis_year
Using best checkpoint: experiments/00_baseline_exploration/sweep2_h16_drop_0.1/checkpoints/tft-epoch=01-val_loss=0.1322.ckpt

Loading data...
Loading test data from: data/splits/fixed/core_proposal_daily_fixed_test.csv
  Train samples: 6066
  Test samples: 1300

Preparing test dataset...
Test dataset size after filtering: 1280

Loading model...
Loading model from: experiments/00_baseline_exploration/sweep2_h16_drop_0.1/checkpoints/tft-epoch=01-val_loss=0.1322.ckpt

Extracting attention patterns...
Extracting attention patterns...
Total batches to process: 10
  Processed 10/10 batches

Total predictions: 1280
Total actuals: 1280
Attention shape: (1280, 20)
Encoder variables shape: (1280, 5)

Prediction period: 2020-08-19T00:00:00.000000000 to 2025-10-06T00:00:00.000000000
Total predictions: 1280

Creating temporal periods:
  2020: 92 samples
  2021: 250 samples
  2022: 249 samples
  2023: 249 samples
  2024: 250 samples
  2025: 190 samples

Attention over 20 encoder timesteps

Analyzing attention patterns by period...

Comparing attention patterns across periods...

Creating visualizations...
Saved attention heatmap: experiments/00_baseline_exploration/sweep2_h16_drop_0.1/attention_analysis_year/attention_heatmap.png
Saved attention trends: experiments/00_baseline_exploration/sweep2_h16_drop_0.1/attention_analysis_year/attention_trends.png
Saved feature importance comparison: experiments/00_baseline_exploration/sweep2_h16_drop_0.1/attention_analysis_year/temporal_attention_comparison.png

Saving results...
Saved results: experiments/00_baseline_exploration/sweep2_h16_drop_0.1/attention_analysis_year/attention_analysis_results.json

======================================================================
ATTENTION ANALYSIS SUMMARY
======================================================================

Per-Period Statistics:
----------------------------------------------------------------------

2020:
  Samples: 92
  Entropy: 2.9906 ± 0.0030
  Concentration: 0.0504
  Top 5 features:
    t-1                            0.0613
    t-2                            0.0586
    t-3                            0.0563
    t-20                           0.0545
    t-4                            0.0542

2021:
  Samples: 250
  Entropy: 2.9514 ± 0.0280
  Concentration: 0.0503
  Top 5 features:
    t-1                            0.0576
    t-2                            0.0564
    t-20                           0.0555
    t-3                            0.0551
    t-4                            0.0539

2022:
  Samples: 249
  Entropy: 2.9835 ± 0.0081
  Concentration: 0.0506
  Top 5 features:
    t-20                           0.0681
    t-19                           0.0614
    t-18                           0.0571
    t-17                           0.0532
    t-16                           0.0505

2023:
  Samples: 249
  Entropy: 2.9351 ± 0.0518
  Concentration: 0.0510
  Top 5 features:
    t-1                            0.0622
    t-2                            0.0609
    t-3                            0.0594
    t-20                           0.0585
    t-4                            0.0577

2024:
  Samples: 250
  Entropy: 2.8262 ± 0.1313
  Concentration: 0.0554
  Top 5 features:
    t-1                            0.0851
    t-2                            0.0801
    t-3                            0.0752
    t-4                            0.0701
    t-5                            0.0650

2025:
  Samples: 190
  Entropy: 2.8099 ± 0.1361
  Concentration: 0.0520
  Top 5 features:
    t-1                            0.0718
    t-2                            0.0674
    t-20                           0.0661
    t-3                            0.0629
    t-4                            0.0585

----------------------------------------------------------------------
Period Comparisons:
----------------------------------------------------------------------

2020_vs_2021:
  Cosine similarity: 0.9997
  L2 distance: 0.0050
  Entropy change: -0.0391
  Concentration change: -0.0001

2020_vs_2022:
  Cosine similarity: 0.9904
  L2 distance: 0.0312
  Entropy change: -0.0070
  Concentration change: 0.0002

2020_vs_2023:
  Cosine similarity: 0.9984
  L2 distance: 0.0130
  Entropy change: -0.0554
  Concentration change: 0.0005

2020_vs_2024:
  Cosine similarity: 0.9728
  L2 distance: 0.0546
  Entropy change: -0.1643
  Concentration change: 0.0050

2020_vs_2025:
  Cosine similarity: 0.9936
  L2 distance: 0.0259
  Entropy change: -0.1807
  Concentration change: 0.0016

2021_vs_2022:
  Cosine similarity: 0.9926
  L2 distance: 0.0274
  Entropy change: 0.0321
  Concentration change: 0.0003

2021_vs_2023:
  Cosine similarity: 0.9979
  L2 distance: 0.0146
  Entropy change: -0.0163
  Concentration change: 0.0007

2021_vs_2024:
  Cosine similarity: 0.9688
  L2 distance: 0.0584
  Entropy change: -0.1252
  Concentration change: 0.0051

2021_vs_2025:
  Cosine similarity: 0.9921
  L2 distance: 0.0287
  Entropy change: -0.1415
  Concentration change: 0.0018

2022_vs_2023:
  Cosine similarity: 0.9865
  L2 distance: 0.0371
  Entropy change: -0.0484
  Concentration change: 0.0003

2022_vs_2024:
  Cosine similarity: 0.9362
  L2 distance: 0.0829
  Entropy change: -0.1573
  Concentration change: 0.0047

2022_vs_2025:
  Cosine similarity: 0.9810
  L2 distance: 0.0443
  Entropy change: -0.1736
  Concentration change: 0.0014

2023_vs_2024:
  Cosine similarity: 0.9806
  L2 distance: 0.0463
  Entropy change: -0.1089
  Concentration change: 0.0044

2023_vs_2025:
  Cosine similarity: 0.9967
  L2 distance: 0.0187
  Entropy change: -0.1252
  Concentration change: 0.0011

2024_vs_2025:
  Cosine similarity: 0.9831
  L2 distance: 0.0432
  Entropy change: -0.0163
  Concentration change: -0.0033

======================================================================

Analysis complete!
Results saved to: experiments/00_baseline_exploration/sweep2_h16_drop_0.1/attention_analysis_year
  - attention_analysis_results.json
  - attention_heatmap.png
  - attention_trends.png
  - temporal_attention_comparison.png
