Logging to: experiments/00_baseline_exploration/sweep2_h16_drop_0.1/attention_analysis_year/attention_analysis_20251030_130609.log
Analysis started at: 2025-10-30 13:06:09
======================================================================
Experiment: 00_baseline_exploration/sweep2_h16_drop_0.1
Output directory: experiments/00_baseline_exploration/sweep2_h16_drop_0.1/attention_analysis_year
Using best checkpoint: experiments/00_baseline_exploration/sweep2_h16_drop_0.1/checkpoints/tft-epoch=47-val_loss=0.4031.ckpt

Loading data...
Loading test data from: data/splits/fixed/core_proposal_daily_fixed_test.csv
  Train samples: 6066
  Test samples: 1300

Preparing test dataset...
Test dataset size after filtering: 1280

Loading model...
Loading model from: experiments/00_baseline_exploration/sweep2_h16_drop_0.1/checkpoints/tft-epoch=47-val_loss=0.4031.ckpt
Model moved to device: cuda

Extracting attention patterns...
Extracting attention patterns...
Total batches to process: 10
  Processed 10/10 batches

Total predictions: 1280
Total actuals: 1280
Attention shape: (1280, 20)
Encoder variables shape: (1280, 5)

Prediction period: 2020-08-19T00:00:00.000000000 to 2025-10-06T00:00:00.000000000
Total predictions: 1280

Creating temporal periods:
  2020: 92 samples
  2021: 250 samples
  2022: 249 samples
  2023: 249 samples
  2024: 250 samples
  2025: 190 samples

Attention over 20 encoder timesteps

Analyzing attention patterns by period...

Comparing attention patterns across periods...

Creating visualizations...
Saved attention heatmap: experiments/00_baseline_exploration/sweep2_h16_drop_0.1/attention_analysis_year/attention_heatmap.png
Saved attention trends: experiments/00_baseline_exploration/sweep2_h16_drop_0.1/attention_analysis_year/attention_trends.png
Saved feature importance comparison: experiments/00_baseline_exploration/sweep2_h16_drop_0.1/attention_analysis_year/temporal_attention_comparison.png

Saving results...
Saved results: experiments/00_baseline_exploration/sweep2_h16_drop_0.1/attention_analysis_year/attention_analysis_results.json

======================================================================
ATTENTION ANALYSIS SUMMARY
======================================================================

Per-Period Statistics:
----------------------------------------------------------------------

2020:
  Samples: 92
  Entropy: 2.7670 ± 0.3038
  Concentration: 0.0538
  Top 5 features:
    t-1                            0.0800
    t-2                            0.0725
    t-3                            0.0669
    t-4                            0.0632
    t-5                            0.0605

2021:
  Samples: 250
  Entropy: 2.7571 ± 0.4355
  Concentration: 0.0511
  Top 5 features:
    t-1                            0.0677
    t-2                            0.0634
    t-3                            0.0586
    t-4                            0.0551
    t-5                            0.0539

2022:
  Samples: 249
  Entropy: 2.5444 ± 0.4204
  Concentration: 0.0570
  Top 5 features:
    t-1                            0.0928
    t-2                            0.0775
    t-3                            0.0690
    t-4                            0.0642
    t-5                            0.0611

2023:
  Samples: 249
  Entropy: 2.9241 ± 0.1794
  Concentration: 0.0503
  Top 5 features:
    t-1                            0.0570
    t-2                            0.0553
    t-3                            0.0540
    t-4                            0.0532
    t-5                            0.0526

2024:
  Samples: 250
  Entropy: 2.9237 ± 0.3502
  Concentration: 0.0501
  Top 5 features:
    t-1                            0.0550
    t-2                            0.0545
    t-3                            0.0540
    t-4                            0.0533
    t-5                            0.0521

2025:
  Samples: 190
  Entropy: 2.8394 ± 0.3981
  Concentration: 0.0504
  Top 5 features:
    t-1                            0.0641
    t-2                            0.0565
    t-3                            0.0540
    t-4                            0.0527
    t-5                            0.0514

----------------------------------------------------------------------
Period Comparisons:
----------------------------------------------------------------------

2020_vs_2021:
  Cosine similarity: 0.9919
  L2 distance: 0.0297
  Entropy change: -0.0099
  Concentration change: -0.0027

2020_vs_2022:
  Cosine similarity: 0.9945
  L2 distance: 0.0257
  Entropy change: -0.2227
  Concentration change: 0.0033

2020_vs_2023:
  Cosine similarity: 0.9807
  L2 distance: 0.0455
  Entropy change: 0.1571
  Concentration change: -0.0035

2020_vs_2024:
  Cosine similarity: 0.9749
  L2 distance: 0.0517
  Entropy change: 0.1566
  Concentration change: -0.0037

2020_vs_2025:
  Cosine similarity: 0.9819
  L2 distance: 0.0440
  Entropy change: 0.0724
  Concentration change: -0.0034

2021_vs_2022:
  Cosine similarity: 0.9761
  L2 distance: 0.0524
  Entropy change: -0.2127
  Concentration change: 0.0060

2021_vs_2023:
  Cosine similarity: 0.9972
  L2 distance: 0.0170
  Entropy change: 0.1670
  Concentration change: -0.0008

2021_vs_2024:
  Cosine similarity: 0.9949
  L2 distance: 0.0229
  Entropy change: 0.1666
  Concentration change: -0.0009

2021_vs_2025:
  Cosine similarity: 0.9978
  L2 distance: 0.0149
  Entropy change: 0.0823
  Concentration change: -0.0007

2022_vs_2023:
  Cosine similarity: 0.9593
  L2 distance: 0.0676
  Entropy change: 0.3797
  Concentration change: -0.0068

2022_vs_2024:
  Cosine similarity: 0.9496
  L2 distance: 0.0749
  Entropy change: 0.3793
  Concentration change: -0.0069

2022_vs_2025:
  Cosine similarity: 0.9607
  L2 distance: 0.0665
  Entropy change: 0.2950
  Concentration change: -0.0067

2023_vs_2024:
  Cosine similarity: 0.9992
  L2 distance: 0.0092
  Entropy change: -0.0004
  Concentration change: -0.0002

2023_vs_2025:
  Cosine similarity: 0.9992
  L2 distance: 0.0089
  Entropy change: -0.0847
  Concentration change: 0.0001

2024_vs_2025:
  Cosine similarity: 0.9988
  L2 distance: 0.0109
  Entropy change: -0.0843
  Concentration change: 0.0003

======================================================================

Analysis complete!
Results saved to: experiments/00_baseline_exploration/sweep2_h16_drop_0.1/attention_analysis_year
  - attention_analysis_results.json
  - attention_heatmap.png
  - attention_trends.png
  - temporal_attention_comparison.png
