Logging to: experiments/01_staleness_features_fixed/sweep_stale_h20_drop0.15_lr5/attention_analysis_year/attention_analysis_20251027_193935.log
Analysis started at: 2025-10-27 19:39:35
======================================================================
Experiment: 01_staleness_features_fixed/sweep_stale_h20_drop0.15_lr5
Output directory: experiments/01_staleness_features_fixed/sweep_stale_h20_drop0.15_lr5/attention_analysis_year
Using best checkpoint: experiments/01_staleness_features_fixed/sweep_stale_h20_drop0.15_lr5/checkpoints/tft-epoch=01-val_loss=0.1696.ckpt

Loading data...
Loading test data from: data/splits/fixed/core_proposal_daily_fixed_test.csv
Detected staleness features in config, adding to data...
  Train samples: 6066
  Test samples: 1300

Preparing test dataset...
Test dataset size after filtering: 1280

Loading model...
Loading model from: experiments/01_staleness_features_fixed/sweep_stale_h20_drop0.15_lr5/checkpoints/tft-epoch=01-val_loss=0.1696.ckpt

Extracting attention patterns...
Extracting attention patterns...
Total batches to process: 10
  Processed 10/10 batches

Total predictions: 1280
Total actuals: 1280
Attention shape: (1280, 20)
Encoder variables shape: (1280, 7)

Prediction period: 2020-08-19T00:00:00.000000000 to 2025-10-06T00:00:00.000000000
Total predictions: 1280

Creating temporal periods:
  2020: 92 samples
  2021: 250 samples
  2022: 249 samples
  2023: 249 samples
  2024: 250 samples
  2025: 190 samples

Attention over 20 encoder timesteps

Analyzing attention patterns by period...

Comparing attention patterns across periods...

Creating visualizations...
Saved attention heatmap: experiments/01_staleness_features_fixed/sweep_stale_h20_drop0.15_lr5/attention_analysis_year/attention_heatmap.png
Saved attention trends: experiments/01_staleness_features_fixed/sweep_stale_h20_drop0.15_lr5/attention_analysis_year/attention_trends.png
Saved feature importance comparison: experiments/01_staleness_features_fixed/sweep_stale_h20_drop0.15_lr5/attention_analysis_year/temporal_attention_comparison.png

Saving results...
Saved results: experiments/01_staleness_features_fixed/sweep_stale_h20_drop0.15_lr5/attention_analysis_year/attention_analysis_results.json

======================================================================
ATTENTION ANALYSIS SUMMARY
======================================================================

Per-Period Statistics:
----------------------------------------------------------------------

2020:
  Samples: 92
  Entropy: 2.9913 ± 0.0049
  Concentration: 0.0500
  Top 5 features:
    t-20                           0.0517
    t-19                           0.0513
    t-18                           0.0509
    t-17                           0.0505
    t-16                           0.0502

2021:
  Samples: 250
  Entropy: 2.9928 ± 0.0021
  Concentration: 0.0500
  Top 5 features:
    t-20                           0.0530
    t-19                           0.0521
    t-18                           0.0514
    t-17                           0.0509
    t-16                           0.0506

2022:
  Samples: 249
  Entropy: 2.9890 ± 0.0053
  Concentration: 0.0502
  Top 5 features:
    t-20                           0.0575
    t-19                           0.0556
    t-18                           0.0538
    t-17                           0.0525
    t-16                           0.0514

2023:
  Samples: 249
  Entropy: 2.9934 ± 0.0015
  Concentration: 0.0500
  Top 5 features:
    t-20                           0.0547
    t-19                           0.0529
    t-18                           0.0517
    t-17                           0.0509
    t-16                           0.0504

2024:
  Samples: 250
  Entropy: 2.9947 ± 0.0008
  Concentration: 0.0500
  Top 5 features:
    t-20                           0.0540
    t-19                           0.0524
    t-18                           0.0515
    t-17                           0.0508
    t-16                           0.0504

2025:
  Samples: 190
  Entropy: 2.9912 ± 0.0102
  Concentration: 0.0500
  Top 5 features:
    t-20                           0.0545
    t-19                           0.0527
    t-18                           0.0516
    t-17                           0.0509
    t-16                           0.0503

----------------------------------------------------------------------
Period Comparisons:
----------------------------------------------------------------------

2020_vs_2021:
  Cosine similarity: 1.0000
  L2 distance: 0.0022
  Entropy change: 0.0015
  Concentration change: 0.0000

2020_vs_2022:
  Cosine similarity: 0.9990
  L2 distance: 0.0098
  Entropy change: -0.0023
  Concentration change: 0.0002

2020_vs_2023:
  Cosine similarity: 0.9998
  L2 distance: 0.0039
  Entropy change: 0.0021
  Concentration change: 0.0000

2020_vs_2024:
  Cosine similarity: 0.9999
  L2 distance: 0.0029
  Entropy change: 0.0034
  Concentration change: 0.0000

2020_vs_2025:
  Cosine similarity: 0.9999
  L2 distance: 0.0037
  Entropy change: -0.0000
  Concentration change: 0.0000

2021_vs_2022:
  Cosine similarity: 0.9994
  L2 distance: 0.0076
  Entropy change: -0.0037
  Concentration change: 0.0001

2021_vs_2023:
  Cosine similarity: 1.0000
  L2 distance: 0.0022
  Entropy change: 0.0006
  Concentration change: 0.0000

2021_vs_2024:
  Cosine similarity: 1.0000
  L2 distance: 0.0013
  Entropy change: 0.0020
  Concentration change: 0.0000

2021_vs_2025:
  Cosine similarity: 0.9999
  L2 distance: 0.0025
  Entropy change: -0.0015
  Concentration change: 0.0000

2022_vs_2023:
  Cosine similarity: 0.9996
  L2 distance: 0.0064
  Entropy change: 0.0044
  Concentration change: -0.0001

2022_vs_2024:
  Cosine similarity: 0.9995
  L2 distance: 0.0072
  Entropy change: 0.0057
  Concentration change: -0.0001

2022_vs_2025:
  Cosine similarity: 0.9995
  L2 distance: 0.0071
  Entropy change: 0.0022
  Concentration change: -0.0001

2023_vs_2024:
  Cosine similarity: 1.0000
  L2 distance: 0.0011
  Entropy change: 0.0013
  Concentration change: -0.0000

2023_vs_2025:
  Cosine similarity: 1.0000
  L2 distance: 0.0010
  Entropy change: -0.0022
  Concentration change: -0.0000

2024_vs_2025:
  Cosine similarity: 1.0000
  L2 distance: 0.0013
  Entropy change: -0.0035
  Concentration change: 0.0000

======================================================================

Analysis complete!
Results saved to: experiments/01_staleness_features_fixed/sweep_stale_h20_drop0.15_lr5/attention_analysis_year
  - attention_analysis_results.json
  - attention_heatmap.png
  - attention_trends.png
  - temporal_attention_comparison.png
