Logging to: experiments/01_staleness_features_fixed/sweep_stale_h20_drop0.15_lr5/attention_analysis_year/attention_analysis_20251030_131718.log
Analysis started at: 2025-10-30 13:17:18
======================================================================
Experiment: 01_staleness_features_fixed/sweep_stale_h20_drop0.15_lr5
Output directory: experiments/01_staleness_features_fixed/sweep_stale_h20_drop0.15_lr5/attention_analysis_year
Using best checkpoint: experiments/01_staleness_features_fixed/sweep_stale_h20_drop0.15_lr5/checkpoints/tft-epoch=46-val_loss=0.3990.ckpt

Loading data...
Loading test data from: data/splits/fixed/core_proposal_daily_fixed_test.csv
Detected staleness features in config, adding to data...
  Train samples: 6066
  Test samples: 1300

Preparing test dataset...
Test dataset size after filtering: 1280

Loading model...
Loading model from: experiments/01_staleness_features_fixed/sweep_stale_h20_drop0.15_lr5/checkpoints/tft-epoch=46-val_loss=0.3990.ckpt
Model moved to device: cuda

Extracting attention patterns...
Extracting attention patterns...
Total batches to process: 10
  Processed 10/10 batches

Total predictions: 1280
Total actuals: 1280
Attention shape: (1280, 20)
Encoder variables shape: (1280, 7)

Prediction period: 2020-08-19T00:00:00.000000000 to 2025-10-06T00:00:00.000000000
Total predictions: 1280

Creating temporal periods:
  2020: 92 samples
  2021: 250 samples
  2022: 249 samples
  2023: 249 samples
  2024: 250 samples
  2025: 190 samples

Attention over 20 encoder timesteps

Analyzing attention patterns by period...

Comparing attention patterns across periods...

Creating visualizations...
Saved attention heatmap: experiments/01_staleness_features_fixed/sweep_stale_h20_drop0.15_lr5/attention_analysis_year/attention_heatmap.png
Saved attention trends: experiments/01_staleness_features_fixed/sweep_stale_h20_drop0.15_lr5/attention_analysis_year/attention_trends.png
Saved feature importance comparison: experiments/01_staleness_features_fixed/sweep_stale_h20_drop0.15_lr5/attention_analysis_year/temporal_attention_comparison.png

Saving results...
Saved results: experiments/01_staleness_features_fixed/sweep_stale_h20_drop0.15_lr5/attention_analysis_year/attention_analysis_results.json

======================================================================
ATTENTION ANALYSIS SUMMARY
======================================================================

Per-Period Statistics:
----------------------------------------------------------------------

2020:
  Samples: 92
  Entropy: 2.8244 ± 0.1343
  Concentration: 0.0620
  Top 5 features:
    t-1                            0.1104
    t-2                            0.0974
    t-3                            0.0860
    t-4                            0.0763
    t-5                            0.0679

2021:
  Samples: 250
  Entropy: 2.5799 ± 0.3517
  Concentration: 0.0691
  Top 5 features:
    t-1                            0.1231
    t-2                            0.1075
    t-3                            0.0945
    t-4                            0.0834
    t-5                            0.0741

2022:
  Samples: 249
  Entropy: 2.5464 ± 0.3251
  Concentration: 0.0813
  Top 5 features:
    t-1                            0.1494
    t-2                            0.1262
    t-3                            0.1074
    t-4                            0.0918
    t-5                            0.0781

2023:
  Samples: 249
  Entropy: 2.6863 ± 0.2259
  Concentration: 0.0664
  Top 5 features:
    t-1                            0.1166
    t-2                            0.1033
    t-3                            0.0921
    t-4                            0.0821
    t-5                            0.0729

2024:
  Samples: 250
  Entropy: 2.6143 ± 0.4022
  Concentration: 0.0675
  Top 5 features:
    t-1                            0.1241
    t-2                            0.1070
    t-3                            0.0933
    t-4                            0.0814
    t-5                            0.0709

2025:
  Samples: 190
  Entropy: 2.6069 ± 0.3192
  Concentration: 0.0643
  Top 5 features:
    t-1                            0.1157
    t-2                            0.1002
    t-3                            0.0882
    t-4                            0.0778
    t-5                            0.0687

----------------------------------------------------------------------
Period Comparisons:
----------------------------------------------------------------------

2020_vs_2021:
  Cosine similarity: 0.9946
  L2 distance: 0.0300
  Entropy change: -0.2445
  Concentration change: 0.0071

2020_vs_2022:
  Cosine similarity: 0.9772
  L2 distance: 0.0674
  Entropy change: -0.2780
  Concentration change: 0.0193

2020_vs_2023:
  Cosine similarity: 0.9972
  L2 distance: 0.0209
  Entropy change: -0.1380
  Concentration change: 0.0044

2020_vs_2024:
  Cosine similarity: 0.9968
  L2 distance: 0.0230
  Entropy change: -0.2101
  Concentration change: 0.0055

2020_vs_2025:
  Cosine similarity: 0.9987
  L2 distance: 0.0136
  Entropy change: -0.2174
  Concentration change: 0.0023

2021_vs_2022:
  Cosine similarity: 0.9922
  L2 distance: 0.0409
  Entropy change: -0.0336
  Concentration change: 0.0122

2021_vs_2023:
  Cosine similarity: 0.9994
  L2 distance: 0.0103
  Entropy change: 0.1064
  Concentration change: -0.0026

2021_vs_2024:
  Cosine similarity: 0.9987
  L2 distance: 0.0135
  Entropy change: 0.0344
  Concentration change: -0.0016

2021_vs_2025:
  Cosine similarity: 0.9977
  L2 distance: 0.0197
  Entropy change: 0.0270
  Concentration change: -0.0048

2022_vs_2023:
  Cosine similarity: 0.9878
  L2 distance: 0.0504
  Entropy change: 0.1400
  Concentration change: -0.0149

2022_vs_2024:
  Cosine similarity: 0.9908
  L2 distance: 0.0449
  Entropy change: 0.0679
  Concentration change: -0.0138

2022_vs_2025:
  Cosine similarity: 0.9831
  L2 distance: 0.0587
  Entropy change: 0.0606
  Concentration change: -0.0170

2023_vs_2024:
  Cosine similarity: 0.9989
  L2 distance: 0.0126
  Entropy change: -0.0720
  Concentration change: 0.0011

2023_vs_2025:
  Cosine similarity: 0.9991
  L2 distance: 0.0116
  Entropy change: -0.0794
  Concentration change: -0.0022

2024_vs_2025:
  Cosine similarity: 0.9980
  L2 distance: 0.0174
  Entropy change: -0.0074
  Concentration change: -0.0032

======================================================================

Analysis complete!
Results saved to: experiments/01_staleness_features_fixed/sweep_stale_h20_drop0.15_lr5/attention_analysis_year
  - attention_analysis_results.json
  - attention_heatmap.png
  - attention_trends.png
  - temporal_attention_comparison.png
