Logging to: experiments/00_baseline_exploration/sweep_encoder_60/attention_analysis_year/attention_analysis_20251027_191525.log
Analysis started at: 2025-10-27 19:15:25
======================================================================
Experiment: 00_baseline_exploration/sweep_encoder_60
Output directory: experiments/00_baseline_exploration/sweep_encoder_60/attention_analysis_year
Using best checkpoint: experiments/00_baseline_exploration/sweep_encoder_60/checkpoints/tft-epoch=00-val_loss=0.1534.ckpt

Loading data...
Loading test data from: data/splits/fixed/core_proposal_daily_fixed_test.csv
  Train samples: 6066
  Test samples: 1300

Preparing test dataset...
Test dataset size after filtering: 1240

Loading model...
Loading model from: experiments/00_baseline_exploration/sweep_encoder_60/checkpoints/tft-epoch=00-val_loss=0.1534.ckpt

Extracting attention patterns...
Extracting attention patterns...
Total batches to process: 10
  Processed 10/10 batches

Total predictions: 1240
Total actuals: 1240
Attention shape: (1240, 60)
Encoder variables shape: (1240, 5)

Prediction period: 2020-10-16T00:00:00.000000000 to 2025-10-06T00:00:00.000000000
Total predictions: 1240

Creating temporal periods:
  2020: 52 samples
  2021: 250 samples
  2022: 249 samples
  2023: 249 samples
  2024: 250 samples
  2025: 190 samples

Attention over 60 encoder timesteps

Analyzing attention patterns by period...

Comparing attention patterns across periods...

Creating visualizations...
Saved attention heatmap: experiments/00_baseline_exploration/sweep_encoder_60/attention_analysis_year/attention_heatmap.png
Saved attention trends: experiments/00_baseline_exploration/sweep_encoder_60/attention_analysis_year/attention_trends.png
Saved feature importance comparison: experiments/00_baseline_exploration/sweep_encoder_60/attention_analysis_year/temporal_attention_comparison.png

Saving results...
Saved results: experiments/00_baseline_exploration/sweep_encoder_60/attention_analysis_year/attention_analysis_results.json

======================================================================
ATTENTION ANALYSIS SUMMARY
======================================================================

Per-Period Statistics:
----------------------------------------------------------------------

2020:
  Samples: 52
  Entropy: 4.0919 ± 0.0019
  Concentration: 0.0167
  Top 5 features:
    t-59                           0.0182
    t-58                           0.0182
    t-57                           0.0181
    t-56                           0.0180
    t-55                           0.0179

2021:
  Samples: 250
  Entropy: 4.0877 ± 0.0037
  Concentration: 0.0168
  Top 5 features:
    t-57                           0.0183
    t-58                           0.0183
    t-56                           0.0182
    t-55                           0.0182
    t-54                           0.0182

2022:
  Samples: 249
  Entropy: 4.0729 ± 0.0140
  Concentration: 0.0169
  Top 5 features:
    t-58                           0.0203
    t-57                           0.0202
    t-59                           0.0201
    t-56                           0.0200
    t-55                           0.0199

2023:
  Samples: 249
  Entropy: 4.0886 ± 0.0028
  Concentration: 0.0167
  Top 5 features:
    t-39                           0.0173
    t-38                           0.0173
    t-40                           0.0173
    t-37                           0.0173
    t-41                           0.0173

2024:
  Samples: 250
  Entropy: 4.0877 ± 0.0040
  Concentration: 0.0167
  Top 5 features:
    t-26                           0.0171
    t-27                           0.0171
    t-25                           0.0171
    t-28                           0.0171
    t-24                           0.0171

2025:
  Samples: 190
  Entropy: 4.0827 ± 0.0101
  Concentration: 0.0167
  Top 5 features:
    t-41                           0.0174
    t-42                           0.0174
    t-40                           0.0174
    t-39                           0.0174
    t-43                           0.0174

----------------------------------------------------------------------
Period Comparisons:
----------------------------------------------------------------------

2020_vs_2021:
  Cosine similarity: 0.9983
  L2 distance: 0.0076
  Entropy change: -0.0042
  Concentration change: 0.0001

2020_vs_2022:
  Cosine similarity: 0.9960
  L2 distance: 0.0117
  Entropy change: -0.0189
  Concentration change: 0.0002

2020_vs_2023:
  Cosine similarity: 0.9994
  L2 distance: 0.0045
  Entropy change: -0.0033
  Concentration change: 0.0000

2020_vs_2024:
  Cosine similarity: 0.9991
  L2 distance: 0.0055
  Entropy change: -0.0042
  Concentration change: -0.0000

2020_vs_2025:
  Cosine similarity: 0.9993
  L2 distance: 0.0048
  Entropy change: -0.0092
  Concentration change: 0.0000

2021_vs_2022:
  Cosine similarity: 0.9982
  L2 distance: 0.0078
  Entropy change: -0.0148
  Concentration change: 0.0001

2021_vs_2023:
  Cosine similarity: 0.9987
  L2 distance: 0.0067
  Entropy change: 0.0009
  Concentration change: -0.0001

2021_vs_2024:
  Cosine similarity: 0.9972
  L2 distance: 0.0097
  Entropy change: 0.0000
  Concentration change: -0.0001

2021_vs_2025:
  Cosine similarity: 0.9993
  L2 distance: 0.0050
  Entropy change: -0.0050
  Concentration change: -0.0001

2022_vs_2023:
  Cosine similarity: 0.9949
  L2 distance: 0.0131
  Entropy change: 0.0156
  Concentration change: -0.0002

2022_vs_2024:
  Cosine similarity: 0.9925
  L2 distance: 0.0159
  Entropy change: 0.0148
  Concentration change: -0.0003

2022_vs_2025:
  Cosine similarity: 0.9959
  L2 distance: 0.0117
  Entropy change: 0.0098
  Concentration change: -0.0002

2023_vs_2024:
  Cosine similarity: 0.9997
  L2 distance: 0.0032
  Entropy change: -0.0009
  Concentration change: -0.0000

2023_vs_2025:
  Cosine similarity: 0.9999
  L2 distance: 0.0018
  Entropy change: -0.0059
  Concentration change: 0.0000

2024_vs_2025:
  Cosine similarity: 0.9993
  L2 distance: 0.0048
  Entropy change: -0.0050
  Concentration change: 0.0000

======================================================================

Analysis complete!
Results saved to: experiments/00_baseline_exploration/sweep_encoder_60/attention_analysis_year
  - attention_analysis_results.json
  - attention_heatmap.png
  - attention_trends.png
  - temporal_attention_comparison.png
