Logging to: experiments/00_baseline_exploration/sweep_encoder_60/attention_analysis_year/attention_analysis_20251030_131030.log
Analysis started at: 2025-10-30 13:10:30
======================================================================
Experiment: 00_baseline_exploration/sweep_encoder_60
Output directory: experiments/00_baseline_exploration/sweep_encoder_60/attention_analysis_year
Using best checkpoint: experiments/00_baseline_exploration/sweep_encoder_60/checkpoints/tft-epoch=49-val_loss=0.4012.ckpt

Loading data...
Loading test data from: data/splits/fixed/core_proposal_daily_fixed_test.csv
  Train samples: 6066
  Test samples: 1300

Preparing test dataset...
Test dataset size after filtering: 1240

Loading model...
Loading model from: experiments/00_baseline_exploration/sweep_encoder_60/checkpoints/tft-epoch=49-val_loss=0.4012.ckpt
Model moved to device: cuda

Extracting attention patterns...
Extracting attention patterns...
Total batches to process: 10
  Processed 10/10 batches

Total predictions: 1240
Total actuals: 1240
Attention shape: (1240, 60)
Encoder variables shape: (1240, 5)

Prediction period: 2020-10-16T00:00:00.000000000 to 2025-10-06T00:00:00.000000000
Total predictions: 1240

Creating temporal periods:
  2020: 52 samples
  2021: 250 samples
  2022: 249 samples
  2023: 249 samples
  2024: 250 samples
  2025: 190 samples

Attention over 60 encoder timesteps

Analyzing attention patterns by period...

Comparing attention patterns across periods...

Creating visualizations...
Saved attention heatmap: experiments/00_baseline_exploration/sweep_encoder_60/attention_analysis_year/attention_heatmap.png
Saved attention trends: experiments/00_baseline_exploration/sweep_encoder_60/attention_analysis_year/attention_trends.png
Saved feature importance comparison: experiments/00_baseline_exploration/sweep_encoder_60/attention_analysis_year/temporal_attention_comparison.png

Saving results...
Saved results: experiments/00_baseline_exploration/sweep_encoder_60/attention_analysis_year/attention_analysis_results.json

======================================================================
ATTENTION ANALYSIS SUMMARY
======================================================================

Per-Period Statistics:
----------------------------------------------------------------------

2020:
  Samples: 52
  Entropy: 3.7249 ± 0.1461
  Concentration: 0.0173
  Top 5 features:
    t-32                           0.0230
    t-31                           0.0228
    t-33                           0.0228
    t-30                           0.0226
    t-34                           0.0226

2021:
  Samples: 250
  Entropy: 3.8744 ± 0.2192
  Concentration: 0.0168
  Top 5 features:
    t-60                           0.0213
    t-59                           0.0204
    t-58                           0.0203
    t-57                           0.0194
    t-56                           0.0186

2022:
  Samples: 249
  Entropy: 3.8257 ± 0.0936
  Concentration: 0.0172
  Top 5 features:
    t-59                           0.0262
    t-58                           0.0257
    t-60                           0.0247
    t-57                           0.0239
    t-56                           0.0222

2023:
  Samples: 249
  Entropy: 3.9986 ± 0.0717
  Concentration: 0.0169
  Top 5 features:
    t-60                           0.0270
    t-59                           0.0237
    t-58                           0.0227
    t-57                           0.0213
    t-56                           0.0201

2024:
  Samples: 250
  Entropy: 4.0225 ± 0.0757
  Concentration: 0.0167
  Top 5 features:
    t-60                           0.0243
    t-59                           0.0176
    t-47                           0.0172
    t-46                           0.0172
    t-48                           0.0172

2025:
  Samples: 190
  Entropy: 3.8010 ± 0.3542
  Concentration: 0.0167
  Top 5 features:
    t-60                           0.0199
    t-1                            0.0199
    t-2                            0.0193
    t-3                            0.0188
    t-4                            0.0188

----------------------------------------------------------------------
Period Comparisons:
----------------------------------------------------------------------

2020_vs_2021:
  Cosine similarity: 0.9667
  L2 distance: 0.0337
  Entropy change: 0.1495
  Concentration change: -0.0005

2020_vs_2022:
  Cosine similarity: 0.9606
  L2 distance: 0.0369
  Entropy change: 0.1008
  Concentration change: -0.0001

2020_vs_2023:
  Cosine similarity: 0.9653
  L2 distance: 0.0345
  Entropy change: 0.2737
  Concentration change: -0.0003

2020_vs_2024:
  Cosine similarity: 0.9773
  L2 distance: 0.0279
  Entropy change: 0.2976
  Concentration change: -0.0005

2020_vs_2025:
  Cosine similarity: 0.9805
  L2 distance: 0.0258
  Entropy change: 0.0761
  Concentration change: -0.0005

2021_vs_2022:
  Cosine similarity: 0.9879
  L2 distance: 0.0204
  Entropy change: -0.0487
  Concentration change: 0.0004

2021_vs_2023:
  Cosine similarity: 0.9975
  L2 distance: 0.0092
  Entropy change: 0.1242
  Concentration change: 0.0001

2021_vs_2024:
  Cosine similarity: 0.9961
  L2 distance: 0.0115
  Entropy change: 0.1482
  Concentration change: -0.0001

2021_vs_2025:
  Cosine similarity: 0.9947
  L2 distance: 0.0133
  Entropy change: -0.0733
  Concentration change: -0.0001

2022_vs_2023:
  Cosine similarity: 0.9937
  L2 distance: 0.0147
  Entropy change: 0.1729
  Concentration change: -0.0003

2022_vs_2024:
  Cosine similarity: 0.9888
  L2 distance: 0.0196
  Entropy change: 0.1969
  Concentration change: -0.0005

2022_vs_2025:
  Cosine similarity: 0.9765
  L2 distance: 0.0283
  Entropy change: -0.0246
  Concentration change: -0.0005

2023_vs_2024:
  Cosine similarity: 0.9952
  L2 distance: 0.0127
  Entropy change: 0.0240
  Concentration change: -0.0002

2023_vs_2025:
  Cosine similarity: 0.9906
  L2 distance: 0.0178
  Entropy change: -0.1975
  Concentration change: -0.0002

2024_vs_2025:
  Cosine similarity: 0.9957
  L2 distance: 0.0120
  Entropy change: -0.2215
  Concentration change: 0.0000

======================================================================

Analysis complete!
Results saved to: experiments/00_baseline_exploration/sweep_encoder_60/attention_analysis_year
  - attention_analysis_results.json
  - attention_heatmap.png
  - attention_trends.png
  - temporal_attention_comparison.png
