Logging to: experiments/01_staleness_features_fixed/sweep_stale_h16_drop0.35_lr5/attention_analysis_year/attention_analysis_20251027_193902.log
Analysis started at: 2025-10-27 19:39:02
======================================================================
Experiment: 01_staleness_features_fixed/sweep_stale_h16_drop0.35_lr5
Output directory: experiments/01_staleness_features_fixed/sweep_stale_h16_drop0.35_lr5/attention_analysis_year
Using best checkpoint: experiments/01_staleness_features_fixed/sweep_stale_h16_drop0.35_lr5/checkpoints/tft-epoch=01-val_loss=0.1506.ckpt

Loading data...
Loading test data from: data/splits/fixed/core_proposal_daily_fixed_test.csv
Detected staleness features in config, adding to data...
  Train samples: 6066
  Test samples: 1300

Preparing test dataset...
Test dataset size after filtering: 1280

Loading model...
Loading model from: experiments/01_staleness_features_fixed/sweep_stale_h16_drop0.35_lr5/checkpoints/tft-epoch=01-val_loss=0.1506.ckpt

Extracting attention patterns...
Extracting attention patterns...
Total batches to process: 10
  Processed 10/10 batches

Total predictions: 1280
Total actuals: 1280
Attention shape: (1280, 20)
Encoder variables shape: (1280, 7)

Prediction period: 2020-08-19T00:00:00.000000000 to 2025-10-06T00:00:00.000000000
Total predictions: 1280

Creating temporal periods:
  2020: 92 samples
  2021: 250 samples
  2022: 249 samples
  2023: 249 samples
  2024: 250 samples
  2025: 190 samples

Attention over 20 encoder timesteps

Analyzing attention patterns by period...

Comparing attention patterns across periods...

Creating visualizations...
Saved attention heatmap: experiments/01_staleness_features_fixed/sweep_stale_h16_drop0.35_lr5/attention_analysis_year/attention_heatmap.png
Saved attention trends: experiments/01_staleness_features_fixed/sweep_stale_h16_drop0.35_lr5/attention_analysis_year/attention_trends.png
Saved feature importance comparison: experiments/01_staleness_features_fixed/sweep_stale_h16_drop0.35_lr5/attention_analysis_year/temporal_attention_comparison.png

Saving results...
Saved results: experiments/01_staleness_features_fixed/sweep_stale_h16_drop0.35_lr5/attention_analysis_year/attention_analysis_results.json

======================================================================
ATTENTION ANALYSIS SUMMARY
======================================================================

Per-Period Statistics:
----------------------------------------------------------------------

2020:
  Samples: 92
  Entropy: 2.9945 ± 0.0004
  Concentration: 0.0500
  Top 5 features:
    t-20                           0.0518
    t-19                           0.0513
    t-18                           0.0504
    t-17                           0.0500
    t-11                           0.0500

2021:
  Samples: 250
  Entropy: 2.9933 ± 0.0031
  Concentration: 0.0500
  Top 5 features:
    t-20                           0.0543
    t-19                           0.0526
    t-18                           0.0512
    t-17                           0.0505
    t-16                           0.0502

2022:
  Samples: 249
  Entropy: 2.9917 ± 0.0018
  Concentration: 0.0500
  Top 5 features:
    t-20                           0.0543
    t-19                           0.0523
    t-18                           0.0512
    t-17                           0.0508
    t-16                           0.0506

2023:
  Samples: 249
  Entropy: 2.9833 ± 0.0048
  Concentration: 0.0500
  Top 5 features:
    t-20                           0.0529
    t-19                           0.0512
    t-18                           0.0502
    t-14                           0.0500
    t-13                           0.0500

2024:
  Samples: 250
  Entropy: 2.9835 ± 0.0075
  Concentration: 0.0500
  Top 5 features:
    t-20                           0.0533
    t-19                           0.0518
    t-18                           0.0509
    t-17                           0.0506
    t-16                           0.0506

2025:
  Samples: 190
  Entropy: 2.9883 ± 0.0033
  Concentration: 0.0500
  Top 5 features:
    t-20                           0.0522
    t-19                           0.0509
    t-18                           0.0502
    t-15                           0.0501
    t-14                           0.0500

----------------------------------------------------------------------
Period Comparisons:
----------------------------------------------------------------------

2020_vs_2021:
  Cosine similarity: 0.9999
  L2 distance: 0.0034
  Entropy change: -0.0011
  Concentration change: 0.0000

2020_vs_2022:
  Cosine similarity: 0.9999
  L2 distance: 0.0038
  Entropy change: -0.0027
  Concentration change: 0.0000

2020_vs_2023:
  Cosine similarity: 1.0000
  L2 distance: 0.0011
  Entropy change: -0.0111
  Concentration change: 0.0000

2020_vs_2024:
  Cosine similarity: 0.9999
  L2 distance: 0.0030
  Entropy change: -0.0110
  Concentration change: 0.0000

2020_vs_2025:
  Cosine similarity: 1.0000
  L2 distance: 0.0009
  Entropy change: -0.0061
  Concentration change: -0.0000

2021_vs_2022:
  Cosine similarity: 1.0000
  L2 distance: 0.0011
  Entropy change: -0.0016
  Concentration change: 0.0000

2021_vs_2023:
  Cosine similarity: 0.9999
  L2 distance: 0.0028
  Entropy change: -0.0100
  Concentration change: -0.0000

2021_vs_2024:
  Cosine similarity: 1.0000
  L2 distance: 0.0018
  Entropy change: -0.0098
  Concentration change: -0.0000

2021_vs_2025:
  Cosine similarity: 0.9999
  L2 distance: 0.0035
  Entropy change: -0.0050
  Concentration change: -0.0000

2022_vs_2023:
  Cosine similarity: 0.9999
  L2 distance: 0.0033
  Entropy change: -0.0084
  Concentration change: -0.0000

2022_vs_2024:
  Cosine similarity: 1.0000
  L2 distance: 0.0013
  Entropy change: -0.0082
  Concentration change: -0.0000

2022_vs_2025:
  Cosine similarity: 0.9999
  L2 distance: 0.0039
  Entropy change: -0.0034
  Concentration change: -0.0000

2023_vs_2024:
  Cosine similarity: 0.9999
  L2 distance: 0.0027
  Entropy change: 0.0001
  Concentration change: 0.0000

2023_vs_2025:
  Cosine similarity: 1.0000
  L2 distance: 0.0009
  Entropy change: 0.0050
  Concentration change: -0.0000

2024_vs_2025:
  Cosine similarity: 0.9999
  L2 distance: 0.0032
  Entropy change: 0.0048
  Concentration change: -0.0000

======================================================================

Analysis complete!
Results saved to: experiments/01_staleness_features_fixed/sweep_stale_h16_drop0.35_lr5/attention_analysis_year
  - attention_analysis_results.json
  - attention_heatmap.png
  - attention_trends.png
  - temporal_attention_comparison.png
