Logging to: experiments/01_staleness_features_fixed/sweep_stale_h16_drop0.35_lr5/attention_analysis_year/attention_analysis_20251030_131548.log
Analysis started at: 2025-10-30 13:15:48
======================================================================
Experiment: 01_staleness_features_fixed/sweep_stale_h16_drop0.35_lr5
Output directory: experiments/01_staleness_features_fixed/sweep_stale_h16_drop0.35_lr5/attention_analysis_year
Using best checkpoint: experiments/01_staleness_features_fixed/sweep_stale_h16_drop0.35_lr5/checkpoints/tft-epoch=83-val_loss=0.3948.ckpt

Loading data...
Loading test data from: data/splits/fixed/core_proposal_daily_fixed_test.csv
Detected staleness features in config, adding to data...
  Train samples: 6066
  Test samples: 1300

Preparing test dataset...
Test dataset size after filtering: 1280

Loading model...
Loading model from: experiments/01_staleness_features_fixed/sweep_stale_h16_drop0.35_lr5/checkpoints/tft-epoch=83-val_loss=0.3948.ckpt
Model moved to device: cuda

Extracting attention patterns...
Extracting attention patterns...
Total batches to process: 10
  Processed 10/10 batches

Total predictions: 1280
Total actuals: 1280
Attention shape: (1280, 20)
Encoder variables shape: (1280, 7)

Prediction period: 2020-08-19T00:00:00.000000000 to 2025-10-06T00:00:00.000000000
Total predictions: 1280

Creating temporal periods:
  2020: 92 samples
  2021: 250 samples
  2022: 249 samples
  2023: 249 samples
  2024: 250 samples
  2025: 190 samples

Attention over 20 encoder timesteps

Analyzing attention patterns by period...

Comparing attention patterns across periods...

Creating visualizations...
Saved attention heatmap: experiments/01_staleness_features_fixed/sweep_stale_h16_drop0.35_lr5/attention_analysis_year/attention_heatmap.png
Saved attention trends: experiments/01_staleness_features_fixed/sweep_stale_h16_drop0.35_lr5/attention_analysis_year/attention_trends.png
Saved feature importance comparison: experiments/01_staleness_features_fixed/sweep_stale_h16_drop0.35_lr5/attention_analysis_year/temporal_attention_comparison.png

Saving results...
Saved results: experiments/01_staleness_features_fixed/sweep_stale_h16_drop0.35_lr5/attention_analysis_year/attention_analysis_results.json

======================================================================
ATTENTION ANALYSIS SUMMARY
======================================================================

Per-Period Statistics:
----------------------------------------------------------------------

2020:
  Samples: 92
  Entropy: 2.7669 ± 0.2010
  Concentration: 0.0514
  Top 5 features:
    t-1                            0.0688
    t-2                            0.0641
    t-3                            0.0604
    t-4                            0.0579
    t-5                            0.0561

2021:
  Samples: 250
  Entropy: 2.7189 ± 0.2565
  Concentration: 0.0505
  Top 5 features:
    t-1                            0.0622
    t-2                            0.0583
    t-3                            0.0555
    t-4                            0.0536
    t-5                            0.0528

2022:
  Samples: 249
  Entropy: 2.8245 ± 0.1756
  Concentration: 0.0514
  Top 5 features:
    t-1                            0.0632
    t-2                            0.0599
    t-3                            0.0575
    t-4                            0.0559
    t-5                            0.0550

2023:
  Samples: 249
  Entropy: 2.9268 ± 0.0718
  Concentration: 0.0501
  Top 5 features:
    t-1                            0.0526
    t-2                            0.0521
    t-3                            0.0518
    t-9                            0.0517
    t-4                            0.0517

2024:
  Samples: 250
  Entropy: 2.8440 ± 0.3403
  Concentration: 0.0501
  Top 5 features:
    t-1                            0.0560
    t-2                            0.0544
    t-3                            0.0535
    t-4                            0.0528
    t-5                            0.0522

2025:
  Samples: 190
  Entropy: 2.7956 ± 0.3138
  Concentration: 0.0501
  Top 5 features:
    t-1                            0.0575
    t-2                            0.0526
    t-17                           0.0513
    t-18                           0.0512
    t-16                           0.0509

----------------------------------------------------------------------
Period Comparisons:
----------------------------------------------------------------------

2020_vs_2021:
  Cosine similarity: 0.9978
  L2 distance: 0.0150
  Entropy change: -0.0479
  Concentration change: -0.0009

2020_vs_2022:
  Cosine similarity: 0.9974
  L2 distance: 0.0163
  Entropy change: 0.0576
  Concentration change: 0.0000

2020_vs_2023:
  Cosine similarity: 0.9920
  L2 distance: 0.0285
  Entropy change: 0.1600
  Concentration change: -0.0013

2020_vs_2024:
  Cosine similarity: 0.9938
  L2 distance: 0.0252
  Entropy change: 0.0772
  Concentration change: -0.0012

2020_vs_2025:
  Cosine similarity: 0.9888
  L2 distance: 0.0338
  Entropy change: 0.0288
  Concentration change: -0.0013

2021_vs_2022:
  Cosine similarity: 0.9967
  L2 distance: 0.0185
  Entropy change: 0.1056
  Concentration change: 0.0009

2021_vs_2023:
  Cosine similarity: 0.9980
  L2 distance: 0.0141
  Entropy change: 0.2079
  Concentration change: -0.0004

2021_vs_2024:
  Cosine similarity: 0.9988
  L2 distance: 0.0111
  Entropy change: 0.1251
  Concentration change: -0.0004

2021_vs_2025:
  Cosine similarity: 0.9961
  L2 distance: 0.0199
  Entropy change: 0.0767
  Concentration change: -0.0004

2022_vs_2023:
  Cosine similarity: 0.9929
  L2 distance: 0.0270
  Entropy change: 0.1023
  Concentration change: -0.0013

2022_vs_2024:
  Cosine similarity: 0.9924
  L2 distance: 0.0279
  Entropy change: 0.0196
  Concentration change: -0.0013

2022_vs_2025:
  Cosine similarity: 0.9872
  L2 distance: 0.0361
  Entropy change: -0.0288
  Concentration change: -0.0013

2023_vs_2024:
  Cosine similarity: 0.9995
  L2 distance: 0.0074
  Entropy change: -0.0828
  Concentration change: 0.0000

2023_vs_2025:
  Cosine similarity: 0.9981
  L2 distance: 0.0136
  Entropy change: -0.1312
  Concentration change: -0.0000

2024_vs_2025:
  Cosine similarity: 0.9985
  L2 distance: 0.0122
  Entropy change: -0.0484
  Concentration change: -0.0000

======================================================================

Analysis complete!
Results saved to: experiments/01_staleness_features_fixed/sweep_stale_h16_drop0.35_lr5/attention_analysis_year
  - attention_analysis_results.json
  - attention_heatmap.png
  - attention_trends.png
  - temporal_attention_comparison.png
