Logging to: experiments/01_staleness_features_fixed/sweep_stale_h16_drop0.20_lr5/attention_analysis_year/attention_analysis_20251030_131502.log
Analysis started at: 2025-10-30 13:15:02
======================================================================
Experiment: 01_staleness_features_fixed/sweep_stale_h16_drop0.20_lr5
Output directory: experiments/01_staleness_features_fixed/sweep_stale_h16_drop0.20_lr5/attention_analysis_year
Using best checkpoint: experiments/01_staleness_features_fixed/sweep_stale_h16_drop0.20_lr5/checkpoints/tft-epoch=82-val_loss=0.3980.ckpt

Loading data...
Loading test data from: data/splits/fixed/core_proposal_daily_fixed_test.csv
Detected staleness features in config, adding to data...
  Train samples: 6066
  Test samples: 1300

Preparing test dataset...
Test dataset size after filtering: 1280

Loading model...
Loading model from: experiments/01_staleness_features_fixed/sweep_stale_h16_drop0.20_lr5/checkpoints/tft-epoch=82-val_loss=0.3980.ckpt
Model moved to device: cuda

Extracting attention patterns...
Extracting attention patterns...
Total batches to process: 10
  Processed 10/10 batches

Total predictions: 1280
Total actuals: 1280
Attention shape: (1280, 20)
Encoder variables shape: (1280, 7)

Prediction period: 2020-08-19T00:00:00.000000000 to 2025-10-06T00:00:00.000000000
Total predictions: 1280

Creating temporal periods:
  2020: 92 samples
  2021: 250 samples
  2022: 249 samples
  2023: 249 samples
  2024: 250 samples
  2025: 190 samples

Attention over 20 encoder timesteps

Analyzing attention patterns by period...

Comparing attention patterns across periods...

Creating visualizations...
Saved attention heatmap: experiments/01_staleness_features_fixed/sweep_stale_h16_drop0.20_lr5/attention_analysis_year/attention_heatmap.png
Saved attention trends: experiments/01_staleness_features_fixed/sweep_stale_h16_drop0.20_lr5/attention_analysis_year/attention_trends.png
Saved feature importance comparison: experiments/01_staleness_features_fixed/sweep_stale_h16_drop0.20_lr5/attention_analysis_year/temporal_attention_comparison.png

Saving results...
Saved results: experiments/01_staleness_features_fixed/sweep_stale_h16_drop0.20_lr5/attention_analysis_year/attention_analysis_results.json

======================================================================
ATTENTION ANALYSIS SUMMARY
======================================================================

Per-Period Statistics:
----------------------------------------------------------------------

2020:
  Samples: 92
  Entropy: 2.6198 ± 0.3412
  Concentration: 0.0617
  Top 5 features:
    t-1                            0.1178
    t-2                            0.0977
    t-3                            0.0817
    t-4                            0.0695
    t-5                            0.0599

2021:
  Samples: 250
  Entropy: 2.6073 ± 0.4133
  Concentration: 0.0527
  Top 5 features:
    t-1                            0.0803
    t-2                            0.0705
    t-3                            0.0630
    t-4                            0.0578
    t-5                            0.0544

2022:
  Samples: 249
  Entropy: 2.6701 ± 0.3218
  Concentration: 0.0633
  Top 5 features:
    t-1                            0.1139
    t-2                            0.0975
    t-3                            0.0849
    t-4                            0.0745
    t-5                            0.0656

2023:
  Samples: 249
  Entropy: 2.8972 ± 0.1357
  Concentration: 0.0504
  Top 5 features:
    t-1                            0.0570
    t-2                            0.0554
    t-3                            0.0542
    t-4                            0.0534
    t-5                            0.0526

2024:
  Samples: 250
  Entropy: 2.8078 ± 0.4487
  Concentration: 0.0505
  Top 5 features:
    t-1                            0.0609
    t-2                            0.0585
    t-3                            0.0571
    t-4                            0.0559
    t-5                            0.0546

2025:
  Samples: 190
  Entropy: 2.7572 ± 0.4195
  Concentration: 0.0505
  Top 5 features:
    t-1                            0.0641
    t-2                            0.0551
    t-14                           0.0534
    t-13                           0.0534
    t-12                           0.0526

----------------------------------------------------------------------
Period Comparisons:
----------------------------------------------------------------------

2020_vs_2021:
  Cosine similarity: 0.9728
  L2 distance: 0.0588
  Entropy change: -0.0125
  Concentration change: -0.0090

2020_vs_2022:
  Cosine similarity: 0.9969
  L2 distance: 0.0200
  Entropy change: 0.0504
  Concentration change: 0.0016

2020_vs_2023:
  Cosine similarity: 0.9286
  L2 distance: 0.0924
  Entropy change: 0.2774
  Concentration change: -0.0113

2020_vs_2024:
  Cosine similarity: 0.9380
  L2 distance: 0.0865
  Entropy change: 0.1880
  Concentration change: -0.0112

2020_vs_2025:
  Cosine similarity: 0.9289
  L2 distance: 0.0922
  Entropy change: 0.1374
  Concentration change: -0.0113

2021_vs_2022:
  Cosine similarity: 0.9667
  L2 distance: 0.0658
  Entropy change: 0.0629
  Concentration change: 0.0106

2021_vs_2023:
  Cosine similarity: 0.9889
  L2 distance: 0.0342
  Entropy change: 0.2899
  Concentration change: -0.0023

2021_vs_2024:
  Cosine similarity: 0.9910
  L2 distance: 0.0309
  Entropy change: 0.2005
  Concentration change: -0.0022

2021_vs_2025:
  Cosine similarity: 0.9885
  L2 distance: 0.0348
  Entropy change: 0.1499
  Concentration change: -0.0022

2022_vs_2023:
  Cosine similarity: 0.9214
  L2 distance: 0.0981
  Entropy change: 0.2270
  Concentration change: -0.0129

2022_vs_2024:
  Cosine similarity: 0.9307
  L2 distance: 0.0925
  Entropy change: 0.1377
  Concentration change: -0.0128

2022_vs_2025:
  Cosine similarity: 0.9177
  L2 distance: 0.1002
  Entropy change: 0.0871
  Concentration change: -0.0128

2023_vs_2024:
  Cosine similarity: 0.9987
  L2 distance: 0.0114
  Entropy change: -0.0894
  Concentration change: 0.0001

2023_vs_2025:
  Cosine similarity: 0.9982
  L2 distance: 0.0133
  Entropy change: -0.1400
  Concentration change: 0.0000

2024_vs_2025:
  Cosine similarity: 0.9966
  L2 distance: 0.0185
  Entropy change: -0.0506
  Concentration change: -0.0001

======================================================================

Analysis complete!
Results saved to: experiments/01_staleness_features_fixed/sweep_stale_h16_drop0.20_lr5/attention_analysis_year
  - attention_analysis_results.json
  - attention_heatmap.png
  - attention_trends.png
  - temporal_attention_comparison.png
