Logging to: experiments/01_staleness_features_fixed/sweep_stale_h18_drop0.30_lr3/attention_analysis_year/attention_analysis_20251030_131641.log
Analysis started at: 2025-10-30 13:16:41
======================================================================
Experiment: 01_staleness_features_fixed/sweep_stale_h18_drop0.30_lr3
Output directory: experiments/01_staleness_features_fixed/sweep_stale_h18_drop0.30_lr3/attention_analysis_year
Using best checkpoint: experiments/01_staleness_features_fixed/sweep_stale_h18_drop0.30_lr3/checkpoints/tft-epoch=96-val_loss=0.3959.ckpt

Loading data...
Loading test data from: data/splits/fixed/core_proposal_daily_fixed_test.csv
Detected staleness features in config, adding to data...
  Train samples: 6066
  Test samples: 1300

Preparing test dataset...
Test dataset size after filtering: 1280

Loading model...
Loading model from: experiments/01_staleness_features_fixed/sweep_stale_h18_drop0.30_lr3/checkpoints/tft-epoch=96-val_loss=0.3959.ckpt
Model moved to device: cuda

Extracting attention patterns...
Extracting attention patterns...
Total batches to process: 10
  Processed 10/10 batches

Total predictions: 1280
Total actuals: 1280
Attention shape: (1280, 20)
Encoder variables shape: (1280, 7)

Prediction period: 2020-08-19T00:00:00.000000000 to 2025-10-06T00:00:00.000000000
Total predictions: 1280

Creating temporal periods:
  2020: 92 samples
  2021: 250 samples
  2022: 249 samples
  2023: 249 samples
  2024: 250 samples
  2025: 190 samples

Attention over 20 encoder timesteps

Analyzing attention patterns by period...

Comparing attention patterns across periods...

Creating visualizations...
Saved attention heatmap: experiments/01_staleness_features_fixed/sweep_stale_h18_drop0.30_lr3/attention_analysis_year/attention_heatmap.png
Saved attention trends: experiments/01_staleness_features_fixed/sweep_stale_h18_drop0.30_lr3/attention_analysis_year/attention_trends.png
Saved feature importance comparison: experiments/01_staleness_features_fixed/sweep_stale_h18_drop0.30_lr3/attention_analysis_year/temporal_attention_comparison.png

Saving results...
Saved results: experiments/01_staleness_features_fixed/sweep_stale_h18_drop0.30_lr3/attention_analysis_year/attention_analysis_results.json

======================================================================
ATTENTION ANALYSIS SUMMARY
======================================================================

Per-Period Statistics:
----------------------------------------------------------------------

2020:
  Samples: 92
  Entropy: 2.9345 ± 0.0461
  Concentration: 0.0502
  Top 5 features:
    t-20                           0.0610
    t-19                           0.0540
    t-1                            0.0538
    t-2                            0.0529
    t-3                            0.0520

2021:
  Samples: 250
  Entropy: 2.9106 ± 0.0876
  Concentration: 0.0500
  Top 5 features:
    t-1                            0.0536
    t-2                            0.0527
    t-3                            0.0520
    t-4                            0.0513
    t-5                            0.0509

2022:
  Samples: 249
  Entropy: 2.9175 ± 0.0665
  Concentration: 0.0504
  Top 5 features:
    t-20                           0.0649
    t-19                           0.0571
    t-18                           0.0529
    t-1                            0.0523
    t-2                            0.0511

2023:
  Samples: 249
  Entropy: 2.9787 ± 0.0250
  Concentration: 0.0500
  Top 5 features:
    t-1                            0.0510
    t-2                            0.0506
    t-18                           0.0506
    t-3                            0.0504
    t-19                           0.0504

2024:
  Samples: 250
  Entropy: 2.9618 ± 0.0828
  Concentration: 0.0500
  Top 5 features:
    t-1                            0.0516
    t-2                            0.0512
    t-3                            0.0511
    t-4                            0.0510
    t-6                            0.0509

2025:
  Samples: 190
  Entropy: 2.9415 ± 0.0839
  Concentration: 0.0500
  Top 5 features:
    t-1                            0.0521
    t-2                            0.0511
    t-20                           0.0511
    t-3                            0.0505
    t-19                           0.0502

----------------------------------------------------------------------
Period Comparisons:
----------------------------------------------------------------------

2020_vs_2021:
  Cosine similarity: 0.9984
  L2 distance: 0.0128
  Entropy change: -0.0238
  Concentration change: -0.0002

2020_vs_2022:
  Cosine similarity: 0.9993
  L2 distance: 0.0083
  Entropy change: -0.0170
  Concentration change: 0.0001

2020_vs_2023:
  Cosine similarity: 0.9979
  L2 distance: 0.0146
  Entropy change: 0.0443
  Concentration change: -0.0002

2020_vs_2024:
  Cosine similarity: 0.9967
  L2 distance: 0.0182
  Entropy change: 0.0274
  Concentration change: -0.0002

2020_vs_2025:
  Cosine similarity: 0.9983
  L2 distance: 0.0130
  Entropy change: 0.0070
  Concentration change: -0.0002

2021_vs_2022:
  Cosine similarity: 0.9965
  L2 distance: 0.0187
  Entropy change: 0.0069
  Concentration change: 0.0003

2021_vs_2023:
  Cosine similarity: 0.9997
  L2 distance: 0.0054
  Entropy change: 0.0681
  Concentration change: -0.0000

2021_vs_2024:
  Cosine similarity: 0.9996
  L2 distance: 0.0060
  Entropy change: 0.0512
  Concentration change: -0.0000

2021_vs_2025:
  Cosine similarity: 0.9998
  L2 distance: 0.0044
  Entropy change: 0.0309
  Concentration change: -0.0000

2022_vs_2023:
  Cosine similarity: 0.9966
  L2 distance: 0.0186
  Entropy change: 0.0612
  Concentration change: -0.0004

2022_vs_2024:
  Cosine similarity: 0.9946
  L2 distance: 0.0233
  Entropy change: 0.0443
  Concentration change: -0.0003

2022_vs_2025:
  Cosine similarity: 0.9970
  L2 distance: 0.0172
  Entropy change: 0.0240
  Concentration change: -0.0003

2023_vs_2024:
  Cosine similarity: 0.9997
  L2 distance: 0.0053
  Entropy change: -0.0169
  Concentration change: 0.0000

2023_vs_2025:
  Cosine similarity: 0.9999
  L2 distance: 0.0023
  Entropy change: -0.0372
  Concentration change: 0.0000

2024_vs_2025:
  Cosine similarity: 0.9996
  L2 distance: 0.0063
  Entropy change: -0.0203
  Concentration change: -0.0000

======================================================================

Analysis complete!
Results saved to: experiments/01_staleness_features_fixed/sweep_stale_h18_drop0.30_lr3/attention_analysis_year
  - attention_analysis_results.json
  - attention_heatmap.png
  - attention_trends.png
  - temporal_attention_comparison.png
