Logging to: experiments/01_staleness_features_fixed/sweep_stale_h18_drop0.30_lr3/attention_analysis_year/attention_analysis_20251027_193921.log
Analysis started at: 2025-10-27 19:39:21
======================================================================
Experiment: 01_staleness_features_fixed/sweep_stale_h18_drop0.30_lr3
Output directory: experiments/01_staleness_features_fixed/sweep_stale_h18_drop0.30_lr3/attention_analysis_year
Using best checkpoint: experiments/01_staleness_features_fixed/sweep_stale_h18_drop0.30_lr3/checkpoints/tft-epoch=01-val_loss=0.0715.ckpt

Loading data...
Loading test data from: data/splits/fixed/core_proposal_daily_fixed_test.csv
Detected staleness features in config, adding to data...
  Train samples: 6066
  Test samples: 1300

Preparing test dataset...
Test dataset size after filtering: 1280

Loading model...
Loading model from: experiments/01_staleness_features_fixed/sweep_stale_h18_drop0.30_lr3/checkpoints/tft-epoch=01-val_loss=0.0715.ckpt

Extracting attention patterns...
Extracting attention patterns...
Total batches to process: 10
  Processed 10/10 batches

Total predictions: 1280
Total actuals: 1280
Attention shape: (1280, 20)
Encoder variables shape: (1280, 7)

Prediction period: 2020-08-19T00:00:00.000000000 to 2025-10-06T00:00:00.000000000
Total predictions: 1280

Creating temporal periods:
  2020: 92 samples
  2021: 250 samples
  2022: 249 samples
  2023: 249 samples
  2024: 250 samples
  2025: 190 samples

Attention over 20 encoder timesteps

Analyzing attention patterns by period...

Comparing attention patterns across periods...

Creating visualizations...
Saved attention heatmap: experiments/01_staleness_features_fixed/sweep_stale_h18_drop0.30_lr3/attention_analysis_year/attention_heatmap.png
Saved attention trends: experiments/01_staleness_features_fixed/sweep_stale_h18_drop0.30_lr3/attention_analysis_year/attention_trends.png
Saved feature importance comparison: experiments/01_staleness_features_fixed/sweep_stale_h18_drop0.30_lr3/attention_analysis_year/temporal_attention_comparison.png

Saving results...
Saved results: experiments/01_staleness_features_fixed/sweep_stale_h18_drop0.30_lr3/attention_analysis_year/attention_analysis_results.json

======================================================================
ATTENTION ANALYSIS SUMMARY
======================================================================

Per-Period Statistics:
----------------------------------------------------------------------

2020:
  Samples: 92
  Entropy: 2.9890 ± 0.0046
  Concentration: 0.0504
  Top 5 features:
    t-20                           0.0654
    t-19                           0.0570
    t-18                           0.0534
    t-17                           0.0514
    t-16                           0.0502

2021:
  Samples: 250
  Entropy: 2.9858 ± 0.0127
  Concentration: 0.0503
  Top 5 features:
    t-20                           0.0645
    t-19                           0.0568
    t-18                           0.0535
    t-17                           0.0516
    t-16                           0.0505

2022:
  Samples: 249
  Entropy: 2.9809 ± 0.0156
  Concentration: 0.0501
  Top 5 features:
    t-20                           0.0561
    t-19                           0.0529
    t-18                           0.0514
    t-17                           0.0506
    t-16                           0.0501

2023:
  Samples: 249
  Entropy: 2.9836 ± 0.0105
  Concentration: 0.0502
  Top 5 features:
    t-20                           0.0615
    t-19                           0.0555
    t-18                           0.0528
    t-17                           0.0513
    t-16                           0.0503

2024:
  Samples: 250
  Entropy: 2.9923 ± 0.0020
  Concentration: 0.0501
  Top 5 features:
    t-20                           0.0591
    t-19                           0.0538
    t-18                           0.0518
    t-17                           0.0508
    t-16                           0.0501

2025:
  Samples: 190
  Entropy: 2.9924 ± 0.0022
  Concentration: 0.0501
  Top 5 features:
    t-20                           0.0590
    t-19                           0.0540
    t-18                           0.0521
    t-17                           0.0510
    t-16                           0.0504

----------------------------------------------------------------------
Period Comparisons:
----------------------------------------------------------------------

2020_vs_2021:
  Cosine similarity: 1.0000
  L2 distance: 0.0015
  Entropy change: -0.0033
  Concentration change: -0.0000

2020_vs_2022:
  Cosine similarity: 0.9987
  L2 distance: 0.0112
  Entropy change: -0.0081
  Concentration change: -0.0003

2020_vs_2023:
  Cosine similarity: 0.9998
  L2 distance: 0.0044
  Entropy change: -0.0054
  Concentration change: -0.0001

2020_vs_2024:
  Cosine similarity: 0.9994
  L2 distance: 0.0079
  Entropy change: 0.0032
  Concentration change: -0.0002

2020_vs_2025:
  Cosine similarity: 0.9994
  L2 distance: 0.0077
  Entropy change: 0.0033
  Concentration change: -0.0002

2021_vs_2022:
  Cosine similarity: 0.9989
  L2 distance: 0.0107
  Entropy change: -0.0048
  Concentration change: -0.0003

2021_vs_2023:
  Cosine similarity: 0.9999
  L2 distance: 0.0039
  Entropy change: -0.0021
  Concentration change: -0.0001

2021_vs_2024:
  Cosine similarity: 0.9995
  L2 distance: 0.0073
  Entropy change: 0.0065
  Concentration change: -0.0002

2021_vs_2025:
  Cosine similarity: 0.9995
  L2 distance: 0.0070
  Entropy change: 0.0066
  Concentration change: -0.0002

2022_vs_2023:
  Cosine similarity: 0.9995
  L2 distance: 0.0069
  Entropy change: 0.0027
  Concentration change: 0.0001

2022_vs_2024:
  Cosine similarity: 0.9999
  L2 distance: 0.0035
  Entropy change: 0.0114
  Concentration change: 0.0001

2022_vs_2025:
  Cosine similarity: 0.9999
  L2 distance: 0.0038
  Entropy change: 0.0115
  Concentration change: 0.0001

2023_vs_2024:
  Cosine similarity: 0.9999
  L2 distance: 0.0035
  Entropy change: 0.0086
  Concentration change: -0.0001

2023_vs_2025:
  Cosine similarity: 0.9999
  L2 distance: 0.0033
  Entropy change: 0.0087
  Concentration change: -0.0001

2024_vs_2025:
  Cosine similarity: 1.0000
  L2 distance: 0.0007
  Entropy change: 0.0001
  Concentration change: 0.0000

======================================================================

Analysis complete!
Results saved to: experiments/01_staleness_features_fixed/sweep_stale_h18_drop0.30_lr3/attention_analysis_year
  - attention_analysis_results.json
  - attention_heatmap.png
  - attention_trends.png
  - temporal_attention_comparison.png
