Logging to: experiments/01_staleness_features_fixed/sweep_stale_h22_drop0.15_lr3/attention_analysis_year/attention_analysis_20251030_131826.log
Analysis started at: 2025-10-30 13:18:26
======================================================================
Experiment: 01_staleness_features_fixed/sweep_stale_h22_drop0.15_lr3
Output directory: experiments/01_staleness_features_fixed/sweep_stale_h22_drop0.15_lr3/attention_analysis_year
Using best checkpoint: experiments/01_staleness_features_fixed/sweep_stale_h22_drop0.15_lr3/checkpoints/tft-epoch=89-val_loss=0.3988.ckpt

Loading data...
Loading test data from: data/splits/fixed/core_proposal_daily_fixed_test.csv
Detected staleness features in config, adding to data...
  Train samples: 6066
  Test samples: 1300

Preparing test dataset...
Test dataset size after filtering: 1280

Loading model...
Loading model from: experiments/01_staleness_features_fixed/sweep_stale_h22_drop0.15_lr3/checkpoints/tft-epoch=89-val_loss=0.3988.ckpt
Model moved to device: cuda

Extracting attention patterns...
Extracting attention patterns...
Total batches to process: 10
  Processed 10/10 batches

Total predictions: 1280
Total actuals: 1280
Attention shape: (1280, 20)
Encoder variables shape: (1280, 7)

Prediction period: 2020-08-19T00:00:00.000000000 to 2025-10-06T00:00:00.000000000
Total predictions: 1280

Creating temporal periods:
  2020: 92 samples
  2021: 250 samples
  2022: 249 samples
  2023: 249 samples
  2024: 250 samples
  2025: 190 samples

Attention over 20 encoder timesteps

Analyzing attention patterns by period...

Comparing attention patterns across periods...

Creating visualizations...
Saved attention heatmap: experiments/01_staleness_features_fixed/sweep_stale_h22_drop0.15_lr3/attention_analysis_year/attention_heatmap.png
Saved attention trends: experiments/01_staleness_features_fixed/sweep_stale_h22_drop0.15_lr3/attention_analysis_year/attention_trends.png
Saved feature importance comparison: experiments/01_staleness_features_fixed/sweep_stale_h22_drop0.15_lr3/attention_analysis_year/temporal_attention_comparison.png

Saving results...
Saved results: experiments/01_staleness_features_fixed/sweep_stale_h22_drop0.15_lr3/attention_analysis_year/attention_analysis_results.json

======================================================================
ATTENTION ANALYSIS SUMMARY
======================================================================

Per-Period Statistics:
----------------------------------------------------------------------

2020:
  Samples: 92
  Entropy: 2.6834 ± 0.1768
  Concentration: 0.0670
  Top 5 features:
    t-1                            0.1160
    t-2                            0.1027
    t-3                            0.0913
    t-4                            0.0819
    t-5                            0.0737

2021:
  Samples: 250
  Entropy: 2.3793 ± 0.2968
  Concentration: 0.0993
  Top 5 features:
    t-1                            0.1859
    t-2                            0.1494
    t-3                            0.1199
    t-4                            0.0961
    t-5                            0.0772

2022:
  Samples: 249
  Entropy: 2.6965 ± 0.1842
  Concentration: 0.0624
  Top 5 features:
    t-1                            0.1020
    t-2                            0.0927
    t-3                            0.0848
    t-4                            0.0775
    t-5                            0.0711

2023:
  Samples: 249
  Entropy: 2.3229 ± 0.2463
  Concentration: 0.1085
  Top 5 features:
    t-1                            0.1860
    t-2                            0.1557
    t-3                            0.1301
    t-4                            0.1080
    t-5                            0.0885

2024:
  Samples: 250
  Entropy: 2.1879 ± 0.2684
  Concentration: 0.1196
  Top 5 features:
    t-1                            0.2084
    t-2                            0.1660
    t-3                            0.1339
    t-4                            0.1078
    t-5                            0.0864

2025:
  Samples: 190
  Entropy: 2.1706 ± 0.2607
  Concentration: 0.1253
  Top 5 features:
    t-1                            0.2186
    t-2                            0.1748
    t-3                            0.1384
    t-4                            0.1078
    t-5                            0.0825

----------------------------------------------------------------------
Period Comparisons:
----------------------------------------------------------------------

2020_vs_2021:
  Cosine similarity: 0.9584
  L2 distance: 0.0998
  Entropy change: -0.3041
  Concentration change: 0.0323

2020_vs_2022:
  Cosine similarity: 0.9967
  L2 distance: 0.0226
  Entropy change: 0.0131
  Concentration change: -0.0046

2020_vs_2023:
  Cosine similarity: 0.9503
  L2 distance: 0.1160
  Entropy change: -0.3605
  Concentration change: 0.0415

2020_vs_2024:
  Cosine similarity: 0.9331
  L2 distance: 0.1398
  Entropy change: -0.4955
  Concentration change: 0.0526

2020_vs_2025:
  Cosine similarity: 0.9211
  L2 distance: 0.1533
  Entropy change: -0.5129
  Concentration change: 0.0582

2021_vs_2022:
  Cosine similarity: 0.9331
  L2 distance: 0.1217
  Entropy change: 0.3172
  Concentration change: -0.0369

2021_vs_2023:
  Cosine similarity: 0.9970
  L2 distance: 0.0289
  Entropy change: -0.0564
  Concentration change: 0.0092

2021_vs_2024:
  Cosine similarity: 0.9957
  L2 distance: 0.0432
  Entropy change: -0.1914
  Concentration change: 0.0203

2021_vs_2025:
  Cosine similarity: 0.9936
  L2 distance: 0.0541
  Entropy change: -0.2087
  Concentration change: 0.0259

2022_vs_2023:
  Cosine similarity: 0.9224
  L2 distance: 0.1382
  Entropy change: -0.3736
  Concentration change: 0.0461

2022_vs_2024:
  Cosine similarity: 0.9015
  L2 distance: 0.1620
  Entropy change: -0.5086
  Concentration change: 0.0572

2022_vs_2025:
  Cosine similarity: 0.8874
  L2 distance: 0.1753
  Entropy change: -0.5260
  Concentration change: 0.0629

2023_vs_2024:
  Cosine similarity: 0.9981
  L2 distance: 0.0267
  Entropy change: -0.1350
  Concentration change: 0.0111

2023_vs_2025:
  Cosine similarity: 0.9944
  L2 distance: 0.0436
  Entropy change: -0.1523
  Concentration change: 0.0167

2024_vs_2025:
  Cosine similarity: 0.9987
  L2 distance: 0.0196
  Entropy change: -0.0173
  Concentration change: 0.0056

======================================================================

Analysis complete!
Results saved to: experiments/01_staleness_features_fixed/sweep_stale_h22_drop0.15_lr3/attention_analysis_year
  - attention_analysis_results.json
  - attention_heatmap.png
  - attention_trends.png
  - temporal_attention_comparison.png
