Logging to: experiments/01_staleness_features_fixed/sweep_stale_h22_drop0.15_lr3/attention_analysis_year/attention_analysis_20251027_193959.log
Analysis started at: 2025-10-27 19:39:59
======================================================================
Experiment: 01_staleness_features_fixed/sweep_stale_h22_drop0.15_lr3
Output directory: experiments/01_staleness_features_fixed/sweep_stale_h22_drop0.15_lr3/attention_analysis_year
Using best checkpoint: experiments/01_staleness_features_fixed/sweep_stale_h22_drop0.15_lr3/checkpoints/tft-epoch=02-val_loss=0.1253.ckpt

Loading data...
Loading test data from: data/splits/fixed/core_proposal_daily_fixed_test.csv
Detected staleness features in config, adding to data...
  Train samples: 6066
  Test samples: 1300

Preparing test dataset...
Test dataset size after filtering: 1280

Loading model...
Loading model from: experiments/01_staleness_features_fixed/sweep_stale_h22_drop0.15_lr3/checkpoints/tft-epoch=02-val_loss=0.1253.ckpt

Extracting attention patterns...
Extracting attention patterns...
Total batches to process: 10
  Processed 10/10 batches

Total predictions: 1280
Total actuals: 1280
Attention shape: (1280, 20)
Encoder variables shape: (1280, 7)

Prediction period: 2020-08-19T00:00:00.000000000 to 2025-10-06T00:00:00.000000000
Total predictions: 1280

Creating temporal periods:
  2020: 92 samples
  2021: 250 samples
  2022: 249 samples
  2023: 249 samples
  2024: 250 samples
  2025: 190 samples

Attention over 20 encoder timesteps

Analyzing attention patterns by period...

Comparing attention patterns across periods...

Creating visualizations...
Saved attention heatmap: experiments/01_staleness_features_fixed/sweep_stale_h22_drop0.15_lr3/attention_analysis_year/attention_heatmap.png
Saved attention trends: experiments/01_staleness_features_fixed/sweep_stale_h22_drop0.15_lr3/attention_analysis_year/attention_trends.png
Saved feature importance comparison: experiments/01_staleness_features_fixed/sweep_stale_h22_drop0.15_lr3/attention_analysis_year/temporal_attention_comparison.png

Saving results...
Saved results: experiments/01_staleness_features_fixed/sweep_stale_h22_drop0.15_lr3/attention_analysis_year/attention_analysis_results.json

======================================================================
ATTENTION ANALYSIS SUMMARY
======================================================================

Per-Period Statistics:
----------------------------------------------------------------------

2020:
  Samples: 92
  Entropy: 2.9497 ± 0.0503
  Concentration: 0.0500
  Top 5 features:
    t-20                           0.0546
    t-1                            0.0523
    t-2                            0.0517
    t-3                            0.0512
    t-4                            0.0509

2021:
  Samples: 250
  Entropy: 2.9647 ± 0.0341
  Concentration: 0.0501
  Top 5 features:
    t-1                            0.0534
    t-2                            0.0529
    t-3                            0.0526
    t-4                            0.0522
    t-5                            0.0519

2022:
  Samples: 249
  Entropy: 2.9773 ± 0.0126
  Concentration: 0.0503
  Top 5 features:
    t-1                            0.0568
    t-2                            0.0559
    t-3                            0.0550
    t-4                            0.0541
    t-5                            0.0533

2023:
  Samples: 249
  Entropy: 2.9911 ± 0.0032
  Concentration: 0.0501
  Top 5 features:
    t-20                           0.0532
    t-1                            0.0525
    t-2                            0.0522
    t-3                            0.0519
    t-4                            0.0516

2024:
  Samples: 250
  Entropy: 2.9921 ± 0.0040
  Concentration: 0.0500
  Top 5 features:
    t-20                           0.0526
    t-1                            0.0517
    t-2                            0.0515
    t-3                            0.0513
    t-4                            0.0511

2025:
  Samples: 190
  Entropy: 2.9905 ± 0.0044
  Concentration: 0.0500
  Top 5 features:
    t-20                           0.0542
    t-1                            0.0513
    t-2                            0.0511
    t-3                            0.0509
    t-4                            0.0506

----------------------------------------------------------------------
Period Comparisons:
----------------------------------------------------------------------

2020_vs_2021:
  Cosine similarity: 0.9995
  L2 distance: 0.0069
  Entropy change: 0.0150
  Concentration change: 0.0001

2020_vs_2022:
  Cosine similarity: 0.9986
  L2 distance: 0.0118
  Entropy change: 0.0276
  Concentration change: 0.0002

2020_vs_2023:
  Cosine similarity: 0.9999
  L2 distance: 0.0026
  Entropy change: 0.0414
  Concentration change: 0.0000

2020_vs_2024:
  Cosine similarity: 0.9999
  L2 distance: 0.0023
  Entropy change: 0.0424
  Concentration change: -0.0000

2020_vs_2025:
  Cosine similarity: 1.0000
  L2 distance: 0.0020
  Entropy change: 0.0408
  Concentration change: -0.0000

2021_vs_2022:
  Cosine similarity: 0.9994
  L2 distance: 0.0079
  Entropy change: 0.0126
  Concentration change: 0.0002

2021_vs_2023:
  Cosine similarity: 0.9998
  L2 distance: 0.0046
  Entropy change: 0.0264
  Concentration change: -0.0000

2021_vs_2024:
  Cosine similarity: 0.9996
  L2 distance: 0.0059
  Entropy change: 0.0274
  Concentration change: -0.0001

2021_vs_2025:
  Cosine similarity: 0.9993
  L2 distance: 0.0082
  Entropy change: 0.0258
  Concentration change: -0.0001

2022_vs_2023:
  Cosine similarity: 0.9991
  L2 distance: 0.0097
  Entropy change: 0.0138
  Concentration change: -0.0002

2022_vs_2024:
  Cosine similarity: 0.9986
  L2 distance: 0.0119
  Entropy change: 0.0148
  Concentration change: -0.0003

2022_vs_2025:
  Cosine similarity: 0.9982
  L2 distance: 0.0135
  Entropy change: 0.0132
  Concentration change: -0.0003

2023_vs_2024:
  Cosine similarity: 0.9999
  L2 distance: 0.0023
  Entropy change: 0.0010
  Concentration change: -0.0000

2023_vs_2025:
  Cosine similarity: 0.9998
  L2 distance: 0.0040
  Entropy change: -0.0006
  Concentration change: -0.0000

2024_vs_2025:
  Cosine similarity: 0.9999
  L2 distance: 0.0024
  Entropy change: -0.0016
  Concentration change: 0.0000

======================================================================

Analysis complete!
Results saved to: experiments/01_staleness_features_fixed/sweep_stale_h22_drop0.15_lr3/attention_analysis_year
  - attention_analysis_results.json
  - attention_heatmap.png
  - attention_trends.png
  - temporal_attention_comparison.png
