Logging to: experiments/00_baseline_exploration/exp004_attn1/attention_analysis_year/attention_analysis_20251030_130518.log
Analysis started at: 2025-10-30 13:05:18
======================================================================
Experiment: 00_baseline_exploration/exp004_attn1
Output directory: experiments/00_baseline_exploration/exp004_attn1/attention_analysis_year
Using best checkpoint: experiments/00_baseline_exploration/exp004_attn1/checkpoints/tft-epoch=27-val_loss=0.3937.ckpt

Loading data...
Loading test data from: data/splits/fixed/core_proposal_daily_fixed_test.csv
  Train samples: 6066
  Test samples: 1300

Preparing test dataset...
Test dataset size after filtering: 1280

Loading model...
Loading model from: experiments/00_baseline_exploration/exp004_attn1/checkpoints/tft-epoch=27-val_loss=0.3937.ckpt
Model moved to device: cuda

Extracting attention patterns...
Extracting attention patterns...
Total batches to process: 10
  Processed 10/10 batches

Total predictions: 1280
Total actuals: 1280
Attention shape: (1280, 20)
Encoder variables shape: (1280, 5)

Prediction period: 2020-08-19T00:00:00.000000000 to 2025-10-06T00:00:00.000000000
Total predictions: 1280

Creating temporal periods:
  2020: 92 samples
  2021: 250 samples
  2022: 249 samples
  2023: 249 samples
  2024: 250 samples
  2025: 190 samples

Attention over 20 encoder timesteps

Analyzing attention patterns by period...

Comparing attention patterns across periods...

Creating visualizations...
Saved attention heatmap: experiments/00_baseline_exploration/exp004_attn1/attention_analysis_year/attention_heatmap.png
Saved attention trends: experiments/00_baseline_exploration/exp004_attn1/attention_analysis_year/attention_trends.png
Saved feature importance comparison: experiments/00_baseline_exploration/exp004_attn1/attention_analysis_year/temporal_attention_comparison.png

Saving results...
Saved results: experiments/00_baseline_exploration/exp004_attn1/attention_analysis_year/attention_analysis_results.json

======================================================================
ATTENTION ANALYSIS SUMMARY
======================================================================

Per-Period Statistics:
----------------------------------------------------------------------

2020:
  Samples: 92
  Entropy: 2.6231 ± 0.3564
  Concentration: 0.0519
  Top 5 features:
    t-1                            0.0790
    t-2                            0.0685
    t-3                            0.0610
    t-4                            0.0568
    t-5                            0.0542

2021:
  Samples: 250
  Entropy: 2.4263 ± 0.6283
  Concentration: 0.0510
  Top 5 features:
    t-20                           0.0683
    t-19                           0.0620
    t-1                            0.0597
    t-18                           0.0585
    t-2                            0.0555

2022:
  Samples: 249
  Entropy: 2.4636 ± 0.4599
  Concentration: 0.0559
  Top 5 features:
    t-1                            0.1080
    t-2                            0.0799
    t-3                            0.0650
    t-20                           0.0610
    t-4                            0.0560

2023:
  Samples: 249
  Entropy: 2.8647 ± 0.2306
  Concentration: 0.0520
  Top 5 features:
    t-20                           0.0809
    t-19                           0.0692
    t-18                           0.0630
    t-17                           0.0557
    t-1                            0.0542

2024:
  Samples: 250
  Entropy: 2.7010 ± 0.7176
  Concentration: 0.0511
  Top 5 features:
    t-20                           0.0744
    t-19                           0.0642
    t-18                           0.0576
    t-1                            0.0526
    t-17                           0.0513

2025:
  Samples: 190
  Entropy: 2.6074 ± 0.5663
  Concentration: 0.0517
  Top 5 features:
    t-20                           0.0729
    t-19                           0.0665
    t-18                           0.0628
    t-1                            0.0595
    t-17                           0.0588

----------------------------------------------------------------------
Period Comparisons:
----------------------------------------------------------------------

2020_vs_2021:
  Cosine similarity: 0.9836
  L2 distance: 0.0412
  Entropy change: -0.1968
  Concentration change: -0.0008

2020_vs_2022:
  Cosine similarity: 0.9868
  L2 distance: 0.0388
  Entropy change: -0.1595
  Concentration change: 0.0041

2020_vs_2023:
  Cosine similarity: 0.9691
  L2 distance: 0.0567
  Entropy change: 0.2416
  Concentration change: 0.0002

2020_vs_2024:
  Cosine similarity: 0.9776
  L2 distance: 0.0480
  Entropy change: 0.0779
  Concentration change: -0.0007

2020_vs_2025:
  Cosine similarity: 0.9680
  L2 distance: 0.0576
  Entropy change: -0.0157
  Concentration change: -0.0002

2021_vs_2022:
  Cosine similarity: 0.9649
  L2 distance: 0.0622
  Entropy change: 0.0373
  Concentration change: 0.0049

2021_vs_2023:
  Cosine similarity: 0.9971
  L2 distance: 0.0175
  Entropy change: 0.4384
  Concentration change: 0.0010

2021_vs_2024:
  Cosine similarity: 0.9986
  L2 distance: 0.0119
  Entropy change: 0.2747
  Concentration change: 0.0001

2021_vs_2025:
  Cosine similarity: 0.9963
  L2 distance: 0.0196
  Entropy change: 0.1811
  Concentration change: 0.0006

2022_vs_2023:
  Cosine similarity: 0.9512
  L2 distance: 0.0731
  Entropy change: 0.4011
  Concentration change: -0.0039

2022_vs_2024:
  Cosine similarity: 0.9542
  L2 distance: 0.0707
  Entropy change: 0.2374
  Concentration change: -0.0048

2022_vs_2025:
  Cosine similarity: 0.9503
  L2 distance: 0.0736
  Entropy change: 0.1437
  Concentration change: -0.0043

2023_vs_2024:
  Cosine similarity: 0.9983
  L2 distance: 0.0134
  Entropy change: -0.1637
  Concentration change: -0.0009

2023_vs_2025:
  Cosine similarity: 0.9968
  L2 distance: 0.0183
  Entropy change: -0.2574
  Concentration change: -0.0004

2024_vs_2025:
  Cosine similarity: 0.9951
  L2 distance: 0.0225
  Entropy change: -0.0936
  Concentration change: 0.0005

======================================================================

Analysis complete!
Results saved to: experiments/00_baseline_exploration/exp004_attn1/attention_analysis_year
  - attention_analysis_results.json
  - attention_heatmap.png
  - attention_trends.png
  - temporal_attention_comparison.png
