Logging to: experiments/00_baseline_exploration/exp004_attn1/attention_analysis_year/attention_analysis_20251027_191334.log
Analysis started at: 2025-10-27 19:13:34
======================================================================
Experiment: 00_baseline_exploration/exp004_attn1
Output directory: experiments/00_baseline_exploration/exp004_attn1/attention_analysis_year
Using best checkpoint: experiments/00_baseline_exploration/exp004_attn1/checkpoints/tft-epoch=00-val_loss=0.1191.ckpt

Loading data...
Loading test data from: data/splits/fixed/core_proposal_daily_fixed_test.csv
  Train samples: 6066
  Test samples: 1300

Preparing test dataset...
Test dataset size after filtering: 1280

Loading model...
Loading model from: experiments/00_baseline_exploration/exp004_attn1/checkpoints/tft-epoch=00-val_loss=0.1191.ckpt

Extracting attention patterns...
Extracting attention patterns...
Total batches to process: 10
  Processed 10/10 batches

Total predictions: 1280
Total actuals: 1280
Attention shape: (1280, 20)
Encoder variables shape: (1280, 5)

Prediction period: 2020-08-19T00:00:00.000000000 to 2025-10-06T00:00:00.000000000
Total predictions: 1280

Creating temporal periods:
  2020: 92 samples
  2021: 250 samples
  2022: 249 samples
  2023: 249 samples
  2024: 250 samples
  2025: 190 samples

Attention over 20 encoder timesteps

Analyzing attention patterns by period...

Comparing attention patterns across periods...

Creating visualizations...
Saved attention heatmap: experiments/00_baseline_exploration/exp004_attn1/attention_analysis_year/attention_heatmap.png
Saved attention trends: experiments/00_baseline_exploration/exp004_attn1/attention_analysis_year/attention_trends.png
Saved feature importance comparison: experiments/00_baseline_exploration/exp004_attn1/attention_analysis_year/temporal_attention_comparison.png

Saving results...
Saved results: experiments/00_baseline_exploration/exp004_attn1/attention_analysis_year/attention_analysis_results.json

======================================================================
ATTENTION ANALYSIS SUMMARY
======================================================================

Per-Period Statistics:
----------------------------------------------------------------------

2020:
  Samples: 92
  Entropy: 2.9907 ± 0.0016
  Concentration: 0.0505
  Top 5 features:
    t-2                            0.0569
    t-3                            0.0569
    t-1                            0.0565
    t-4                            0.0564
    t-5                            0.0556

2021:
  Samples: 250
  Entropy: 2.9816 ± 0.0165
  Concentration: 0.0501
  Top 5 features:
    t-5                            0.0528
    t-4                            0.0528
    t-3                            0.0527
    t-6                            0.0527
    t-2                            0.0524

2022:
  Samples: 249
  Entropy: 2.9760 ± 0.0174
  Concentration: 0.0502
  Top 5 features:
    t-1                            0.0552
    t-2                            0.0546
    t-3                            0.0540
    t-4                            0.0535
    t-5                            0.0529

2023:
  Samples: 249
  Entropy: 2.9725 ± 0.0261
  Concentration: 0.0508
  Top 5 features:
    t-1                            0.0607
    t-2                            0.0599
    t-3                            0.0589
    t-4                            0.0578
    t-5                            0.0565

2024:
  Samples: 250
  Entropy: 2.9757 ± 0.0314
  Concentration: 0.0505
  Top 5 features:
    t-1                            0.0578
    t-2                            0.0576
    t-3                            0.0572
    t-4                            0.0565
    t-5                            0.0555

2025:
  Samples: 190
  Entropy: 2.9594 ± 0.0342
  Concentration: 0.0516
  Top 5 features:
    t-2                            0.0620
    t-3                            0.0619
    t-1                            0.0616
    t-4                            0.0614
    t-5                            0.0603

----------------------------------------------------------------------
Period Comparisons:
----------------------------------------------------------------------

2020_vs_2021:
  Cosine similarity: 0.9988
  L2 distance: 0.0112
  Entropy change: -0.0091
  Concentration change: -0.0003

2020_vs_2022:
  Cosine similarity: 0.9993
  L2 distance: 0.0086
  Entropy change: -0.0147
  Concentration change: -0.0002

2020_vs_2023:
  Cosine similarity: 0.9994
  L2 distance: 0.0076
  Entropy change: -0.0182
  Concentration change: 0.0004

2020_vs_2024:
  Cosine similarity: 0.9999
  L2 distance: 0.0027
  Entropy change: -0.0150
  Concentration change: 0.0000

2020_vs_2025:
  Cosine similarity: 0.9968
  L2 distance: 0.0182
  Entropy change: -0.0313
  Concentration change: 0.0011

2021_vs_2022:
  Cosine similarity: 0.9997
  L2 distance: 0.0051
  Entropy change: -0.0056
  Concentration change: 0.0001

2021_vs_2023:
  Cosine similarity: 0.9967
  L2 distance: 0.0183
  Entropy change: -0.0091
  Concentration change: 0.0007

2021_vs_2024:
  Cosine similarity: 0.9984
  L2 distance: 0.0125
  Entropy change: -0.0059
  Concentration change: 0.0003

2021_vs_2025:
  Cosine similarity: 0.9920
  L2 distance: 0.0287
  Entropy change: -0.0222
  Concentration change: 0.0014

2022_vs_2023:
  Cosine similarity: 0.9978
  L2 distance: 0.0151
  Entropy change: -0.0035
  Concentration change: 0.0006

2022_vs_2024:
  Cosine similarity: 0.9990
  L2 distance: 0.0099
  Entropy change: -0.0003
  Concentration change: 0.0003

2022_vs_2025:
  Cosine similarity: 0.9934
  L2 distance: 0.0261
  Entropy change: -0.0166
  Concentration change: 0.0013

2023_vs_2024:
  Cosine similarity: 0.9995
  L2 distance: 0.0073
  Entropy change: 0.0032
  Concentration change: -0.0003

2023_vs_2025:
  Cosine similarity: 0.9987
  L2 distance: 0.0118
  Entropy change: -0.0131
  Concentration change: 0.0007

2024_vs_2025:
  Cosine similarity: 0.9968
  L2 distance: 0.0182
  Entropy change: -0.0163
  Concentration change: 0.0011

======================================================================

Analysis complete!
Results saved to: experiments/00_baseline_exploration/exp004_attn1/attention_analysis_year
  - attention_analysis_results.json
  - attention_heatmap.png
  - attention_trends.png
  - temporal_attention_comparison.png
