Logging to: experiments/01_staleness_features_fixed/sweep_stale_h18_drop0.25_lr3/attention_analysis_year/attention_analysis_20251030_131626.log
Analysis started at: 2025-10-30 13:16:26
======================================================================
Experiment: 01_staleness_features_fixed/sweep_stale_h18_drop0.25_lr3
Output directory: experiments/01_staleness_features_fixed/sweep_stale_h18_drop0.25_lr3/attention_analysis_year
Using best checkpoint: experiments/01_staleness_features_fixed/sweep_stale_h18_drop0.25_lr3/checkpoints/tft-epoch=96-val_loss=0.3955.ckpt

Loading data...
Loading test data from: data/splits/fixed/core_proposal_daily_fixed_test.csv
Detected staleness features in config, adding to data...
  Train samples: 6066
  Test samples: 1300

Preparing test dataset...
Test dataset size after filtering: 1280

Loading model...
Loading model from: experiments/01_staleness_features_fixed/sweep_stale_h18_drop0.25_lr3/checkpoints/tft-epoch=96-val_loss=0.3955.ckpt
Model moved to device: cuda

Extracting attention patterns...
Extracting attention patterns...
Total batches to process: 10
  Processed 10/10 batches

Total predictions: 1280
Total actuals: 1280
Attention shape: (1280, 20)
Encoder variables shape: (1280, 7)

Prediction period: 2020-08-19T00:00:00.000000000 to 2025-10-06T00:00:00.000000000
Total predictions: 1280

Creating temporal periods:
  2020: 92 samples
  2021: 250 samples
  2022: 249 samples
  2023: 249 samples
  2024: 250 samples
  2025: 190 samples

Attention over 20 encoder timesteps

Analyzing attention patterns by period...

Comparing attention patterns across periods...

Creating visualizations...
Saved attention heatmap: experiments/01_staleness_features_fixed/sweep_stale_h18_drop0.25_lr3/attention_analysis_year/attention_heatmap.png
Saved attention trends: experiments/01_staleness_features_fixed/sweep_stale_h18_drop0.25_lr3/attention_analysis_year/attention_trends.png
Saved feature importance comparison: experiments/01_staleness_features_fixed/sweep_stale_h18_drop0.25_lr3/attention_analysis_year/temporal_attention_comparison.png

Saving results...
Saved results: experiments/01_staleness_features_fixed/sweep_stale_h18_drop0.25_lr3/attention_analysis_year/attention_analysis_results.json

======================================================================
ATTENTION ANALYSIS SUMMARY
======================================================================

Per-Period Statistics:
----------------------------------------------------------------------

2020:
  Samples: 92
  Entropy: 2.7386 ± 0.1712
  Concentration: 0.0510
  Top 5 features:
    t-20                           0.0666
    t-1                            0.0638
    t-19                           0.0593
    t-2                            0.0589
    t-3                            0.0547

2021:
  Samples: 250
  Entropy: 2.6617 ± 0.3193
  Concentration: 0.0502
  Top 5 features:
    t-1                            0.0573
    t-20                           0.0565
    t-2                            0.0540
    t-19                           0.0523
    t-3                            0.0518

2022:
  Samples: 249
  Entropy: 2.6874 ± 0.2461
  Concentration: 0.0510
  Top 5 features:
    t-20                           0.0670
    t-1                            0.0631
    t-19                           0.0613
    t-18                           0.0575
    t-2                            0.0557

2023:
  Samples: 249
  Entropy: 2.9194 ± 0.1188
  Concentration: 0.0501
  Top 5 features:
    t-20                           0.0561
    t-19                           0.0529
    t-18                           0.0518
    t-1                            0.0515
    t-17                           0.0508

2024:
  Samples: 250
  Entropy: 2.8781 ± 0.2846
  Concentration: 0.0500
  Top 5 features:
    t-1                            0.0529
    t-2                            0.0516
    t-20                           0.0515
    t-3                            0.0513
    t-4                            0.0510

2025:
  Samples: 190
  Entropy: 2.7898 ± 0.3019
  Concentration: 0.0503
  Top 5 features:
    t-20                           0.0599
    t-1                            0.0558
    t-19                           0.0550
    t-18                           0.0536
    t-17                           0.0521

----------------------------------------------------------------------
Period Comparisons:
----------------------------------------------------------------------

2020_vs_2021:
  Cosine similarity: 0.9961
  L2 distance: 0.0200
  Entropy change: -0.0770
  Concentration change: -0.0009

2020_vs_2022:
  Cosine similarity: 0.9992
  L2 distance: 0.0092
  Entropy change: -0.0513
  Concentration change: -0.0000

2020_vs_2023:
  Cosine similarity: 0.9937
  L2 distance: 0.0253
  Entropy change: 0.1807
  Concentration change: -0.0010

2020_vs_2024:
  Cosine similarity: 0.9917
  L2 distance: 0.0291
  Entropy change: 0.1394
  Concentration change: -0.0010

2020_vs_2025:
  Cosine similarity: 0.9958
  L2 distance: 0.0208
  Entropy change: 0.0512
  Concentration change: -0.0008

2021_vs_2022:
  Cosine similarity: 0.9957
  L2 distance: 0.0209
  Entropy change: 0.0257
  Concentration change: 0.0009

2021_vs_2023:
  Cosine similarity: 0.9994
  L2 distance: 0.0080
  Entropy change: 0.2577
  Concentration change: -0.0001

2021_vs_2024:
  Cosine similarity: 0.9991
  L2 distance: 0.0097
  Entropy change: 0.2164
  Concentration change: -0.0001

2021_vs_2025:
  Cosine similarity: 0.9991
  L2 distance: 0.0097
  Entropy change: 0.1281
  Concentration change: 0.0001

2022_vs_2023:
  Cosine similarity: 0.9942
  L2 distance: 0.0244
  Entropy change: 0.2320
  Concentration change: -0.0010

2022_vs_2024:
  Cosine similarity: 0.9911
  L2 distance: 0.0301
  Entropy change: 0.1907
  Concentration change: -0.0010

2022_vs_2025:
  Cosine similarity: 0.9969
  L2 distance: 0.0179
  Entropy change: 0.1024
  Concentration change: -0.0008

2023_vs_2024:
  Cosine similarity: 0.9993
  L2 distance: 0.0085
  Entropy change: -0.0413
  Concentration change: -0.0000

2023_vs_2025:
  Cosine similarity: 0.9993
  L2 distance: 0.0086
  Entropy change: -0.1296
  Concentration change: 0.0002

2024_vs_2025:
  Cosine similarity: 0.9975
  L2 distance: 0.0158
  Entropy change: -0.0883
  Concentration change: 0.0002

======================================================================

Analysis complete!
Results saved to: experiments/01_staleness_features_fixed/sweep_stale_h18_drop0.25_lr3/attention_analysis_year
  - attention_analysis_results.json
  - attention_heatmap.png
  - attention_trends.png
  - temporal_attention_comparison.png
