Logging to: experiments/01_staleness_features_fixed/sweep_stale_h14_drop0.15_lr5/attention_analysis_year/attention_analysis_20251030_131333.log
Analysis started at: 2025-10-30 13:13:33
======================================================================
Experiment: 01_staleness_features_fixed/sweep_stale_h14_drop0.15_lr5
Output directory: experiments/01_staleness_features_fixed/sweep_stale_h14_drop0.15_lr5/attention_analysis_year
Using best checkpoint: experiments/01_staleness_features_fixed/sweep_stale_h14_drop0.15_lr5/checkpoints/tft-epoch=76-val_loss=0.3971.ckpt

Loading data...
Loading test data from: data/splits/fixed/core_proposal_daily_fixed_test.csv
Detected staleness features in config, adding to data...
  Train samples: 6066
  Test samples: 1300

Preparing test dataset...
Test dataset size after filtering: 1280

Loading model...
Loading model from: experiments/01_staleness_features_fixed/sweep_stale_h14_drop0.15_lr5/checkpoints/tft-epoch=76-val_loss=0.3971.ckpt
Model moved to device: cuda

Extracting attention patterns...
Extracting attention patterns...
Total batches to process: 10
  Processed 10/10 batches

Total predictions: 1280
Total actuals: 1280
Attention shape: (1280, 20)
Encoder variables shape: (1280, 7)

Prediction period: 2020-08-19T00:00:00.000000000 to 2025-10-06T00:00:00.000000000
Total predictions: 1280

Creating temporal periods:
  2020: 92 samples
  2021: 250 samples
  2022: 249 samples
  2023: 249 samples
  2024: 250 samples
  2025: 190 samples

Attention over 20 encoder timesteps

Analyzing attention patterns by period...

Comparing attention patterns across periods...

Creating visualizations...
Saved attention heatmap: experiments/01_staleness_features_fixed/sweep_stale_h14_drop0.15_lr5/attention_analysis_year/attention_heatmap.png
Saved attention trends: experiments/01_staleness_features_fixed/sweep_stale_h14_drop0.15_lr5/attention_analysis_year/attention_trends.png
Saved feature importance comparison: experiments/01_staleness_features_fixed/sweep_stale_h14_drop0.15_lr5/attention_analysis_year/temporal_attention_comparison.png

Saving results...
Saved results: experiments/01_staleness_features_fixed/sweep_stale_h14_drop0.15_lr5/attention_analysis_year/attention_analysis_results.json

======================================================================
ATTENTION ANALYSIS SUMMARY
======================================================================

Per-Period Statistics:
----------------------------------------------------------------------

2020:
  Samples: 92
  Entropy: 2.8463 ± 0.1124
  Concentration: 0.0505
  Top 5 features:
    t-1                            0.0533
    t-12                           0.0532
    t-13                           0.0530
    t-14                           0.0529
    t-11                           0.0528

2021:
  Samples: 250
  Entropy: 2.4729 ± 0.3832
  Concentration: 0.0524
  Top 5 features:
    t-20                           0.0757
    t-19                           0.0714
    t-18                           0.0672
    t-17                           0.0606
    t-1                            0.0590

2022:
  Samples: 249
  Entropy: 2.5930 ± 0.3044
  Concentration: 0.0523
  Top 5 features:
    t-17                           0.0710
    t-16                           0.0699
    t-18                           0.0667
    t-15                           0.0632
    t-19                           0.0593

2023:
  Samples: 249
  Entropy: 2.8340 ± 0.1230
  Concentration: 0.0506
  Top 5 features:
    t-1                            0.0611
    t-2                            0.0588
    t-3                            0.0569
    t-4                            0.0553
    t-5                            0.0540

2024:
  Samples: 250
  Entropy: 2.6809 ± 0.5573
  Concentration: 0.0515
  Top 5 features:
    t-20                           0.0794
    t-19                           0.0615
    t-1                            0.0588
    t-2                            0.0549
    t-3                            0.0530

2025:
  Samples: 190
  Entropy: 2.6321 ± 0.3763
  Concentration: 0.0506
  Top 5 features:
    t-20                           0.0663
    t-1                            0.0597
    t-19                           0.0576
    t-18                           0.0547
    t-17                           0.0528

----------------------------------------------------------------------
Period Comparisons:
----------------------------------------------------------------------

2020_vs_2021:
  Cosine similarity: 0.9533
  L2 distance: 0.0695
  Entropy change: -0.3734
  Concentration change: 0.0019

2020_vs_2022:
  Cosine similarity: 0.9636
  L2 distance: 0.0613
  Entropy change: -0.2533
  Concentration change: 0.0018

2020_vs_2023:
  Cosine similarity: 0.9922
  L2 distance: 0.0280
  Entropy change: -0.0123
  Concentration change: 0.0001

2020_vs_2024:
  Cosine similarity: 0.9682
  L2 distance: 0.0570
  Entropy change: -0.1654
  Concentration change: 0.0010

2020_vs_2025:
  Cosine similarity: 0.9803
  L2 distance: 0.0447
  Entropy change: -0.2142
  Concentration change: 0.0001

2021_vs_2022:
  Cosine similarity: 0.9847
  L2 distance: 0.0401
  Entropy change: 0.1201
  Concentration change: -0.0001

2021_vs_2023:
  Cosine similarity: 0.9707
  L2 distance: 0.0550
  Entropy change: 0.3612
  Concentration change: -0.0019

2021_vs_2024:
  Cosine similarity: 0.9917
  L2 distance: 0.0295
  Entropy change: 0.2080
  Concentration change: -0.0009

2021_vs_2025:
  Cosine similarity: 0.9924
  L2 distance: 0.0282
  Entropy change: 0.1593
  Concentration change: -0.0018

2022_vs_2023:
  Cosine similarity: 0.9614
  L2 distance: 0.0631
  Entropy change: 0.2410
  Concentration change: -0.0017

2022_vs_2024:
  Cosine similarity: 0.9679
  L2 distance: 0.0577
  Entropy change: 0.0879
  Concentration change: -0.0008

2022_vs_2025:
  Cosine similarity: 0.9850
  L2 distance: 0.0394
  Entropy change: 0.0391
  Concentration change: -0.0016

2023_vs_2024:
  Cosine similarity: 0.9879
  L2 distance: 0.0352
  Entropy change: -0.1531
  Concentration change: 0.0009

2023_vs_2025:
  Cosine similarity: 0.9888
  L2 distance: 0.0336
  Entropy change: -0.2019
  Concentration change: 0.0001

2024_vs_2025:
  Cosine similarity: 0.9944
  L2 distance: 0.0240
  Entropy change: -0.0488
  Concentration change: -0.0008

======================================================================

Analysis complete!
Results saved to: experiments/01_staleness_features_fixed/sweep_stale_h14_drop0.15_lr5/attention_analysis_year
  - attention_analysis_results.json
  - attention_heatmap.png
  - attention_trends.png
  - temporal_attention_comparison.png
