Logging to: experiments/01_staleness_features_fixed/sweep_stale_h14_drop0.15_lr5/attention_analysis_year/attention_analysis_20251027_193813.log
Analysis started at: 2025-10-27 19:38:13
======================================================================
Experiment: 01_staleness_features_fixed/sweep_stale_h14_drop0.15_lr5
Output directory: experiments/01_staleness_features_fixed/sweep_stale_h14_drop0.15_lr5/attention_analysis_year
Using best checkpoint: experiments/01_staleness_features_fixed/sweep_stale_h14_drop0.15_lr5/checkpoints/tft-epoch=03-val_loss=0.1530.ckpt

Loading data...
Loading test data from: data/splits/fixed/core_proposal_daily_fixed_test.csv
Detected staleness features in config, adding to data...
  Train samples: 6066
  Test samples: 1300

Preparing test dataset...
Test dataset size after filtering: 1280

Loading model...
Loading model from: experiments/01_staleness_features_fixed/sweep_stale_h14_drop0.15_lr5/checkpoints/tft-epoch=03-val_loss=0.1530.ckpt

Extracting attention patterns...
Extracting attention patterns...
Total batches to process: 10
  Processed 10/10 batches

Total predictions: 1280
Total actuals: 1280
Attention shape: (1280, 20)
Encoder variables shape: (1280, 7)

Prediction period: 2020-08-19T00:00:00.000000000 to 2025-10-06T00:00:00.000000000
Total predictions: 1280

Creating temporal periods:
  2020: 92 samples
  2021: 250 samples
  2022: 249 samples
  2023: 249 samples
  2024: 250 samples
  2025: 190 samples

Attention over 20 encoder timesteps

Analyzing attention patterns by period...

Comparing attention patterns across periods...

Creating visualizations...
Saved attention heatmap: experiments/01_staleness_features_fixed/sweep_stale_h14_drop0.15_lr5/attention_analysis_year/attention_heatmap.png
Saved attention trends: experiments/01_staleness_features_fixed/sweep_stale_h14_drop0.15_lr5/attention_analysis_year/attention_trends.png
Saved feature importance comparison: experiments/01_staleness_features_fixed/sweep_stale_h14_drop0.15_lr5/attention_analysis_year/temporal_attention_comparison.png

Saving results...
Saved results: experiments/01_staleness_features_fixed/sweep_stale_h14_drop0.15_lr5/attention_analysis_year/attention_analysis_results.json

======================================================================
ATTENTION ANALYSIS SUMMARY
======================================================================

Per-Period Statistics:
----------------------------------------------------------------------

2020:
  Samples: 92
  Entropy: 2.9848 ± 0.0125
  Concentration: 0.0501
  Top 5 features:
    t-1                            0.0526
    t-2                            0.0523
    t-3                            0.0520
    t-4                            0.0516
    t-5                            0.0514

2021:
  Samples: 250
  Entropy: 2.9901 ± 0.0053
  Concentration: 0.0502
  Top 5 features:
    t-1                            0.0543
    t-2                            0.0538
    t-3                            0.0534
    t-4                            0.0529
    t-5                            0.0525

2022:
  Samples: 249
  Entropy: 2.9833 ± 0.0063
  Concentration: 0.0502
  Top 5 features:
    t-1                            0.0552
    t-2                            0.0546
    t-3                            0.0540
    t-4                            0.0534
    t-5                            0.0528

2023:
  Samples: 249
  Entropy: 2.9892 ± 0.0044
  Concentration: 0.0502
  Top 5 features:
    t-1                            0.0547
    t-2                            0.0542
    t-3                            0.0537
    t-4                            0.0532
    t-5                            0.0527

2024:
  Samples: 250
  Entropy: 2.9884 ± 0.0059
  Concentration: 0.0503
  Top 5 features:
    t-1                            0.0562
    t-2                            0.0555
    t-3                            0.0548
    t-4                            0.0542
    t-5                            0.0536

2025:
  Samples: 190
  Entropy: 2.9801 ± 0.0211
  Concentration: 0.0503
  Top 5 features:
    t-1                            0.0566
    t-2                            0.0559
    t-3                            0.0551
    t-4                            0.0544
    t-5                            0.0537

----------------------------------------------------------------------
Period Comparisons:
----------------------------------------------------------------------

2020_vs_2021:
  Cosine similarity: 0.9997
  L2 distance: 0.0052
  Entropy change: 0.0052
  Concentration change: 0.0001

2020_vs_2022:
  Cosine similarity: 0.9995
  L2 distance: 0.0069
  Entropy change: -0.0015
  Concentration change: 0.0001

2020_vs_2023:
  Cosine similarity: 0.9995
  L2 distance: 0.0072
  Entropy change: 0.0043
  Concentration change: 0.0002

2020_vs_2024:
  Cosine similarity: 0.9988
  L2 distance: 0.0109
  Entropy change: 0.0036
  Concentration change: 0.0003

2020_vs_2025:
  Cosine similarity: 0.9987
  L2 distance: 0.0112
  Entropy change: -0.0047
  Concentration change: 0.0003

2021_vs_2022:
  Cosine similarity: 1.0000
  L2 distance: 0.0021
  Entropy change: -0.0068
  Concentration change: 0.0000

2021_vs_2023:
  Cosine similarity: 0.9999
  L2 distance: 0.0026
  Entropy change: -0.0009
  Concentration change: 0.0001

2021_vs_2024:
  Cosine similarity: 0.9997
  L2 distance: 0.0058
  Entropy change: -0.0017
  Concentration change: 0.0002

2021_vs_2025:
  Cosine similarity: 0.9996
  L2 distance: 0.0061
  Entropy change: -0.0099
  Concentration change: 0.0002

2022_vs_2023:
  Cosine similarity: 1.0000
  L2 distance: 0.0018
  Entropy change: 0.0059
  Concentration change: 0.0000

2022_vs_2024:
  Cosine similarity: 0.9998
  L2 distance: 0.0041
  Entropy change: 0.0051
  Concentration change: 0.0001

2022_vs_2025:
  Cosine similarity: 0.9998
  L2 distance: 0.0043
  Entropy change: -0.0032
  Concentration change: 0.0001

2023_vs_2024:
  Cosine similarity: 0.9998
  L2 distance: 0.0039
  Entropy change: -0.0008
  Concentration change: 0.0001

2023_vs_2025:
  Cosine similarity: 0.9998
  L2 distance: 0.0045
  Entropy change: -0.0090
  Concentration change: 0.0001

2024_vs_2025:
  Cosine similarity: 1.0000
  L2 distance: 0.0009
  Entropy change: -0.0083
  Concentration change: 0.0000

======================================================================

Analysis complete!
Results saved to: experiments/01_staleness_features_fixed/sweep_stale_h14_drop0.15_lr5/attention_analysis_year
  - attention_analysis_results.json
  - attention_heatmap.png
  - attention_trends.png
  - temporal_attention_comparison.png
