Logging to: experiments/01_staleness_features_fixed/sweep_stale_h22_drop0.30_lr5/attention_analysis_year/attention_analysis_20251030_131920.log
Analysis started at: 2025-10-30 13:19:20
======================================================================
Experiment: 01_staleness_features_fixed/sweep_stale_h22_drop0.30_lr5
Output directory: experiments/01_staleness_features_fixed/sweep_stale_h22_drop0.30_lr5/attention_analysis_year
Using best checkpoint: experiments/01_staleness_features_fixed/sweep_stale_h22_drop0.30_lr5/checkpoints/tft-epoch=56-val_loss=0.3965.ckpt

Loading data...
Loading test data from: data/splits/fixed/core_proposal_daily_fixed_test.csv
Detected staleness features in config, adding to data...
  Train samples: 6066
  Test samples: 1300

Preparing test dataset...
Test dataset size after filtering: 1280

Loading model...
Loading model from: experiments/01_staleness_features_fixed/sweep_stale_h22_drop0.30_lr5/checkpoints/tft-epoch=56-val_loss=0.3965.ckpt
Model moved to device: cuda

Extracting attention patterns...
Extracting attention patterns...
Total batches to process: 10
  Processed 10/10 batches

Total predictions: 1280
Total actuals: 1280
Attention shape: (1280, 20)
Encoder variables shape: (1280, 7)

Prediction period: 2020-08-19T00:00:00.000000000 to 2025-10-06T00:00:00.000000000
Total predictions: 1280

Creating temporal periods:
  2020: 92 samples
  2021: 250 samples
  2022: 249 samples
  2023: 249 samples
  2024: 250 samples
  2025: 190 samples

Attention over 20 encoder timesteps

Analyzing attention patterns by period...

Comparing attention patterns across periods...

Creating visualizations...
Saved attention heatmap: experiments/01_staleness_features_fixed/sweep_stale_h22_drop0.30_lr5/attention_analysis_year/attention_heatmap.png
Saved attention trends: experiments/01_staleness_features_fixed/sweep_stale_h22_drop0.30_lr5/attention_analysis_year/attention_trends.png
Saved feature importance comparison: experiments/01_staleness_features_fixed/sweep_stale_h22_drop0.30_lr5/attention_analysis_year/temporal_attention_comparison.png

Saving results...
Saved results: experiments/01_staleness_features_fixed/sweep_stale_h22_drop0.30_lr5/attention_analysis_year/attention_analysis_results.json

======================================================================
ATTENTION ANALYSIS SUMMARY
======================================================================

Per-Period Statistics:
----------------------------------------------------------------------

2020:
  Samples: 92
  Entropy: 2.8241 ± 0.1319
  Concentration: 0.0539
  Top 5 features:
    t-1                            0.0794
    t-2                            0.0731
    t-3                            0.0679
    t-4                            0.0638
    t-5                            0.0604

2021:
  Samples: 250
  Entropy: 2.6318 ± 0.2893
  Concentration: 0.0669
  Top 5 features:
    t-1                            0.1198
    t-2                            0.1049
    t-3                            0.0924
    t-4                            0.0818
    t-5                            0.0727

2022:
  Samples: 249
  Entropy: 2.6509 ± 0.2650
  Concentration: 0.0652
  Top 5 features:
    t-1                            0.1232
    t-2                            0.1022
    t-3                            0.0865
    t-4                            0.0747
    t-5                            0.0656

2023:
  Samples: 249
  Entropy: 2.6707 ± 0.1771
  Concentration: 0.0711
  Top 5 features:
    t-1                            0.1127
    t-2                            0.1047
    t-3                            0.0969
    t-4                            0.0893
    t-5                            0.0817

2024:
  Samples: 250
  Entropy: 2.6419 ± 0.2701
  Concentration: 0.0661
  Top 5 features:
    t-1                            0.1061
    t-2                            0.0964
    t-3                            0.0890
    t-4                            0.0825
    t-5                            0.0764

2025:
  Samples: 190
  Entropy: 2.6269 ± 0.2376
  Concentration: 0.0693
  Top 5 features:
    t-1                            0.1131
    t-2                            0.1025
    t-3                            0.0934
    t-4                            0.0851
    t-5                            0.0774

----------------------------------------------------------------------
Period Comparisons:
----------------------------------------------------------------------

2020_vs_2021:
  Cosine similarity: 0.9603
  L2 distance: 0.0740
  Entropy change: -0.1924
  Concentration change: 0.0131

2020_vs_2022:
  Cosine similarity: 0.9691
  L2 distance: 0.0648
  Entropy change: -0.1732
  Concentration change: 0.0113

2020_vs_2023:
  Cosine similarity: 0.9461
  L2 distance: 0.0887
  Entropy change: -0.1535
  Concentration change: 0.0173

2020_vs_2024:
  Cosine similarity: 0.9638
  L2 distance: 0.0703
  Entropy change: -0.1822
  Concentration change: 0.0122

2020_vs_2025:
  Cosine similarity: 0.9540
  L2 distance: 0.0812
  Entropy change: -0.1972
  Concentration change: 0.0155

2021_vs_2022:
  Cosine similarity: 0.9958
  L2 distance: 0.0239
  Entropy change: 0.0191
  Concentration change: -0.0017

2021_vs_2023:
  Cosine similarity: 0.9930
  L2 distance: 0.0321
  Entropy change: 0.0389
  Concentration change: 0.0042

2021_vs_2024:
  Cosine similarity: 0.9931
  L2 distance: 0.0303
  Entropy change: 0.0101
  Concentration change: -0.0009

2021_vs_2025:
  Cosine similarity: 0.9936
  L2 distance: 0.0299
  Entropy change: -0.0049
  Concentration change: 0.0024

2022_vs_2023:
  Cosine similarity: 0.9839
  L2 distance: 0.0482
  Entropy change: 0.0198
  Concentration change: 0.0059

2022_vs_2024:
  Cosine similarity: 0.9876
  L2 distance: 0.0403
  Entropy change: -0.0090
  Concentration change: 0.0009

2022_vs_2025:
  Cosine similarity: 0.9879
  L2 distance: 0.0412
  Entropy change: -0.0240
  Concentration change: 0.0041

2023_vs_2024:
  Cosine similarity: 0.9977
  L2 distance: 0.0202
  Entropy change: -0.0288
  Concentration change: -0.0050

2023_vs_2025:
  Cosine similarity: 0.9991
  L2 distance: 0.0118
  Entropy change: -0.0438
  Concentration change: -0.0018

2024_vs_2025:
  Cosine similarity: 0.9988
  L2 distance: 0.0140
  Entropy change: -0.0150
  Concentration change: 0.0032

======================================================================

Analysis complete!
Results saved to: experiments/01_staleness_features_fixed/sweep_stale_h22_drop0.30_lr5/attention_analysis_year
  - attention_analysis_results.json
  - attention_heatmap.png
  - attention_trends.png
  - temporal_attention_comparison.png
