Logging to: experiments/01_staleness_features_fixed/sweep_stale_h12_drop0.35_lr3/attention_analysis_year/attention_analysis_20251030_131310.log
Analysis started at: 2025-10-30 13:13:10
======================================================================
Experiment: 01_staleness_features_fixed/sweep_stale_h12_drop0.35_lr3
Output directory: experiments/01_staleness_features_fixed/sweep_stale_h12_drop0.35_lr3/attention_analysis_year
Using best checkpoint: experiments/01_staleness_features_fixed/sweep_stale_h12_drop0.35_lr3/checkpoints/tft-epoch=98-val_loss=0.4028.ckpt

Loading data...
Loading test data from: data/splits/fixed/core_proposal_daily_fixed_test.csv
Detected staleness features in config, adding to data...
  Train samples: 6066
  Test samples: 1300

Preparing test dataset...
Test dataset size after filtering: 1280

Loading model...
Loading model from: experiments/01_staleness_features_fixed/sweep_stale_h12_drop0.35_lr3/checkpoints/tft-epoch=98-val_loss=0.4028.ckpt
Model moved to device: cuda

Extracting attention patterns...
Extracting attention patterns...
Total batches to process: 10
  Processed 10/10 batches

Total predictions: 1280
Total actuals: 1280
Attention shape: (1280, 20)
Encoder variables shape: (1280, 7)

Prediction period: 2020-08-19T00:00:00.000000000 to 2025-10-06T00:00:00.000000000
Total predictions: 1280

Creating temporal periods:
  2020: 92 samples
  2021: 250 samples
  2022: 249 samples
  2023: 249 samples
  2024: 250 samples
  2025: 190 samples

Attention over 20 encoder timesteps

Analyzing attention patterns by period...

Comparing attention patterns across periods...

Creating visualizations...
Saved attention heatmap: experiments/01_staleness_features_fixed/sweep_stale_h12_drop0.35_lr3/attention_analysis_year/attention_heatmap.png
Saved attention trends: experiments/01_staleness_features_fixed/sweep_stale_h12_drop0.35_lr3/attention_analysis_year/attention_trends.png
Saved feature importance comparison: experiments/01_staleness_features_fixed/sweep_stale_h12_drop0.35_lr3/attention_analysis_year/temporal_attention_comparison.png

Saving results...
Saved results: experiments/01_staleness_features_fixed/sweep_stale_h12_drop0.35_lr3/attention_analysis_year/attention_analysis_results.json

======================================================================
ATTENTION ANALYSIS SUMMARY
======================================================================

Per-Period Statistics:
----------------------------------------------------------------------

2020:
  Samples: 92
  Entropy: 2.9804 ± 0.0155
  Concentration: 0.0500
  Top 5 features:
    t-1                            0.0506
    t-18                           0.0505
    t-20                           0.0504
    t-19                           0.0504
    t-2                            0.0504

2021:
  Samples: 250
  Entropy: 2.9791 ± 0.0192
  Concentration: 0.0500
  Top 5 features:
    t-1                            0.0516
    t-2                            0.0513
    t-3                            0.0510
    t-4                            0.0507
    t-5                            0.0506

2022:
  Samples: 249
  Entropy: 2.9712 ± 0.0191
  Concentration: 0.0501
  Top 5 features:
    t-1                            0.0542
    t-2                            0.0533
    t-3                            0.0526
    t-4                            0.0520
    t-5                            0.0514

2023:
  Samples: 249
  Entropy: 2.9879 ± 0.0073
  Concentration: 0.0500
  Top 5 features:
    t-17                           0.0510
    t-16                           0.0510
    t-15                           0.0509
    t-18                           0.0508
    t-14                           0.0507

2024:
  Samples: 250
  Entropy: 2.9787 ± 0.0431
  Concentration: 0.0500
  Top 5 features:
    t-1                            0.0510
    t-2                            0.0508
    t-3                            0.0507
    t-4                            0.0506
    t-5                            0.0505

2025:
  Samples: 190
  Entropy: 2.9587 ± 0.0766
  Concentration: 0.0500
  Top 5 features:
    t-1                            0.0507
    t-16                           0.0504
    t-15                           0.0504
    t-17                           0.0504
    t-14                           0.0503

----------------------------------------------------------------------
Period Comparisons:
----------------------------------------------------------------------

2020_vs_2021:
  Cosine similarity: 0.9998
  L2 distance: 0.0044
  Entropy change: -0.0013
  Concentration change: 0.0000

2020_vs_2022:
  Cosine similarity: 0.9994
  L2 distance: 0.0075
  Entropy change: -0.0092
  Concentration change: 0.0001

2020_vs_2023:
  Cosine similarity: 0.9999
  L2 distance: 0.0033
  Entropy change: 0.0075
  Concentration change: 0.0000

2020_vs_2024:
  Cosine similarity: 0.9999
  L2 distance: 0.0032
  Entropy change: -0.0017
  Concentration change: 0.0000

2020_vs_2025:
  Cosine similarity: 1.0000
  L2 distance: 0.0021
  Entropy change: -0.0217
  Concentration change: 0.0000

2021_vs_2022:
  Cosine similarity: 0.9997
  L2 distance: 0.0052
  Entropy change: -0.0079
  Concentration change: 0.0000

2021_vs_2023:
  Cosine similarity: 0.9997
  L2 distance: 0.0057
  Entropy change: 0.0088
  Concentration change: -0.0000

2021_vs_2024:
  Cosine similarity: 1.0000
  L2 distance: 0.0014
  Entropy change: -0.0004
  Concentration change: -0.0000

2021_vs_2025:
  Cosine similarity: 0.9998
  L2 distance: 0.0039
  Entropy change: -0.0204
  Concentration change: -0.0000

2022_vs_2023:
  Cosine similarity: 0.9990
  L2 distance: 0.0102
  Entropy change: 0.0167
  Concentration change: -0.0001

2022_vs_2024:
  Cosine similarity: 0.9997
  L2 distance: 0.0058
  Entropy change: 0.0075
  Concentration change: -0.0001

2022_vs_2025:
  Cosine similarity: 0.9993
  L2 distance: 0.0081
  Entropy change: -0.0125
  Concentration change: -0.0001

2023_vs_2024:
  Cosine similarity: 0.9998
  L2 distance: 0.0047
  Entropy change: -0.0092
  Concentration change: -0.0000

2023_vs_2025:
  Cosine similarity: 0.9999
  L2 distance: 0.0023
  Entropy change: -0.0292
  Concentration change: -0.0000

2024_vs_2025:
  Cosine similarity: 0.9999
  L2 distance: 0.0029
  Entropy change: -0.0200
  Concentration change: -0.0000

======================================================================

Analysis complete!
Results saved to: experiments/01_staleness_features_fixed/sweep_stale_h12_drop0.35_lr3/attention_analysis_year
  - attention_analysis_results.json
  - attention_heatmap.png
  - attention_trends.png
  - temporal_attention_comparison.png
