Logging to: experiments/01_staleness_features_fixed/sweep_stale_h22_drop0.20_lr5/attention_analysis_year/attention_analysis_20251027_194007.log
Analysis started at: 2025-10-27 19:40:07
======================================================================
Experiment: 01_staleness_features_fixed/sweep_stale_h22_drop0.20_lr5
Output directory: experiments/01_staleness_features_fixed/sweep_stale_h22_drop0.20_lr5/attention_analysis_year
Using best checkpoint: experiments/01_staleness_features_fixed/sweep_stale_h22_drop0.20_lr5/checkpoints/tft-epoch=01-val_loss=0.1373.ckpt

Loading data...
Loading test data from: data/splits/fixed/core_proposal_daily_fixed_test.csv
Detected staleness features in config, adding to data...
  Train samples: 6066
  Test samples: 1300

Preparing test dataset...
Test dataset size after filtering: 1280

Loading model...
Loading model from: experiments/01_staleness_features_fixed/sweep_stale_h22_drop0.20_lr5/checkpoints/tft-epoch=01-val_loss=0.1373.ckpt

Extracting attention patterns...
Extracting attention patterns...
Total batches to process: 10
  Processed 10/10 batches

Total predictions: 1280
Total actuals: 1280
Attention shape: (1280, 20)
Encoder variables shape: (1280, 7)

Prediction period: 2020-08-19T00:00:00.000000000 to 2025-10-06T00:00:00.000000000
Total predictions: 1280

Creating temporal periods:
  2020: 92 samples
  2021: 250 samples
  2022: 249 samples
  2023: 249 samples
  2024: 250 samples
  2025: 190 samples

Attention over 20 encoder timesteps

Analyzing attention patterns by period...

Comparing attention patterns across periods...

Creating visualizations...
Saved attention heatmap: experiments/01_staleness_features_fixed/sweep_stale_h22_drop0.20_lr5/attention_analysis_year/attention_heatmap.png
Saved attention trends: experiments/01_staleness_features_fixed/sweep_stale_h22_drop0.20_lr5/attention_analysis_year/attention_trends.png
Saved feature importance comparison: experiments/01_staleness_features_fixed/sweep_stale_h22_drop0.20_lr5/attention_analysis_year/temporal_attention_comparison.png

Saving results...
Saved results: experiments/01_staleness_features_fixed/sweep_stale_h22_drop0.20_lr5/attention_analysis_year/attention_analysis_results.json

======================================================================
ATTENTION ANALYSIS SUMMARY
======================================================================

Per-Period Statistics:
----------------------------------------------------------------------

2020:
  Samples: 92
  Entropy: 2.9482 ± 0.0521
  Concentration: 0.0501
  Top 5 features:
    t-20                           0.0542
    t-1                            0.0525
    t-2                            0.0519
    t-3                            0.0514
    t-4                            0.0510

2021:
  Samples: 250
  Entropy: 2.9640 ± 0.0357
  Concentration: 0.0501
  Top 5 features:
    t-1                            0.0535
    t-2                            0.0531
    t-3                            0.0527
    t-4                            0.0523
    t-5                            0.0520

2022:
  Samples: 249
  Entropy: 2.9771 ± 0.0132
  Concentration: 0.0503
  Top 5 features:
    t-1                            0.0568
    t-2                            0.0559
    t-3                            0.0550
    t-4                            0.0541
    t-5                            0.0533

2023:
  Samples: 249
  Entropy: 2.9911 ± 0.0032
  Concentration: 0.0501
  Top 5 features:
    t-20                           0.0530
    t-1                            0.0526
    t-2                            0.0523
    t-3                            0.0520
    t-4                            0.0517

2024:
  Samples: 250
  Entropy: 2.9923 ± 0.0037
  Concentration: 0.0500
  Top 5 features:
    t-20                           0.0525
    t-1                            0.0517
    t-2                            0.0515
    t-3                            0.0513
    t-4                            0.0511

2025:
  Samples: 190
  Entropy: 2.9908 ± 0.0041
  Concentration: 0.0500
  Top 5 features:
    t-20                           0.0540
    t-1                            0.0514
    t-2                            0.0512
    t-3                            0.0509
    t-4                            0.0507

----------------------------------------------------------------------
Period Comparisons:
----------------------------------------------------------------------

2020_vs_2021:
  Cosine similarity: 0.9995
  L2 distance: 0.0070
  Entropy change: 0.0158
  Concentration change: 0.0001

2020_vs_2022:
  Cosine similarity: 0.9987
  L2 distance: 0.0113
  Entropy change: 0.0288
  Concentration change: 0.0002

2020_vs_2023:
  Cosine similarity: 0.9999
  L2 distance: 0.0023
  Entropy change: 0.0429
  Concentration change: 0.0000

2020_vs_2024:
  Cosine similarity: 1.0000
  L2 distance: 0.0022
  Entropy change: 0.0441
  Concentration change: -0.0000

2020_vs_2025:
  Cosine similarity: 0.9999
  L2 distance: 0.0024
  Entropy change: 0.0426
  Concentration change: -0.0000

2021_vs_2022:
  Cosine similarity: 0.9994
  L2 distance: 0.0078
  Entropy change: 0.0131
  Concentration change: 0.0002

2021_vs_2023:
  Cosine similarity: 0.9997
  L2 distance: 0.0051
  Entropy change: 0.0271
  Concentration change: -0.0000

2021_vs_2024:
  Cosine similarity: 0.9996
  L2 distance: 0.0064
  Entropy change: 0.0283
  Concentration change: -0.0001

2021_vs_2025:
  Cosine similarity: 0.9992
  L2 distance: 0.0087
  Entropy change: 0.0268
  Concentration change: -0.0001

2022_vs_2023:
  Cosine similarity: 0.9991
  L2 distance: 0.0095
  Entropy change: 0.0140
  Concentration change: -0.0002

2022_vs_2024:
  Cosine similarity: 0.9986
  L2 distance: 0.0118
  Entropy change: 0.0153
  Concentration change: -0.0003

2022_vs_2025:
  Cosine similarity: 0.9982
  L2 distance: 0.0135
  Entropy change: 0.0137
  Concentration change: -0.0003

2023_vs_2024:
  Cosine similarity: 0.9999
  L2 distance: 0.0025
  Entropy change: 0.0013
  Concentration change: -0.0000

2023_vs_2025:
  Cosine similarity: 0.9998
  L2 distance: 0.0042
  Entropy change: -0.0003
  Concentration change: -0.0000

2024_vs_2025:
  Cosine similarity: 0.9999
  L2 distance: 0.0025
  Entropy change: -0.0016
  Concentration change: -0.0000

======================================================================

Analysis complete!
Results saved to: experiments/01_staleness_features_fixed/sweep_stale_h22_drop0.20_lr5/attention_analysis_year
  - attention_analysis_results.json
  - attention_heatmap.png
  - attention_trends.png
  - temporal_attention_comparison.png
