Logging to: experiments/01_staleness_features_fixed/sweep_stale_h22_drop0.20_lr5/attention_analysis_year/attention_analysis_20251030_131849.log
Analysis started at: 2025-10-30 13:18:49
======================================================================
Experiment: 01_staleness_features_fixed/sweep_stale_h22_drop0.20_lr5
Output directory: experiments/01_staleness_features_fixed/sweep_stale_h22_drop0.20_lr5/attention_analysis_year
Using best checkpoint: experiments/01_staleness_features_fixed/sweep_stale_h22_drop0.20_lr5/checkpoints/tft-epoch=49-val_loss=0.3971.ckpt

Loading data...
Loading test data from: data/splits/fixed/core_proposal_daily_fixed_test.csv
Detected staleness features in config, adding to data...
  Train samples: 6066
  Test samples: 1300

Preparing test dataset...
Test dataset size after filtering: 1280

Loading model...
Loading model from: experiments/01_staleness_features_fixed/sweep_stale_h22_drop0.20_lr5/checkpoints/tft-epoch=49-val_loss=0.3971.ckpt
Model moved to device: cuda

Extracting attention patterns...
Extracting attention patterns...
Total batches to process: 10
  Processed 10/10 batches

Total predictions: 1280
Total actuals: 1280
Attention shape: (1280, 20)
Encoder variables shape: (1280, 7)

Prediction period: 2020-08-19T00:00:00.000000000 to 2025-10-06T00:00:00.000000000
Total predictions: 1280

Creating temporal periods:
  2020: 92 samples
  2021: 250 samples
  2022: 249 samples
  2023: 249 samples
  2024: 250 samples
  2025: 190 samples

Attention over 20 encoder timesteps

Analyzing attention patterns by period...

Comparing attention patterns across periods...

Creating visualizations...
Saved attention heatmap: experiments/01_staleness_features_fixed/sweep_stale_h22_drop0.20_lr5/attention_analysis_year/attention_heatmap.png
Saved attention trends: experiments/01_staleness_features_fixed/sweep_stale_h22_drop0.20_lr5/attention_analysis_year/attention_trends.png
Saved feature importance comparison: experiments/01_staleness_features_fixed/sweep_stale_h22_drop0.20_lr5/attention_analysis_year/temporal_attention_comparison.png

Saving results...
Saved results: experiments/01_staleness_features_fixed/sweep_stale_h22_drop0.20_lr5/attention_analysis_year/attention_analysis_results.json

======================================================================
ATTENTION ANALYSIS SUMMARY
======================================================================

Per-Period Statistics:
----------------------------------------------------------------------

2020:
  Samples: 92
  Entropy: 2.6910 ± 0.1916
  Concentration: 0.0657
  Top 5 features:
    t-1                            0.1151
    t-2                            0.0997
    t-3                            0.0876
    t-4                            0.0783
    t-5                            0.0709

2021:
  Samples: 250
  Entropy: 2.4040 ± 0.3253
  Concentration: 0.0871
  Top 5 features:
    t-1                            0.1579
    t-2                            0.1318
    t-3                            0.1114
    t-4                            0.0950
    t-5                            0.0814

2022:
  Samples: 249
  Entropy: 2.5811 ± 0.2923
  Concentration: 0.0664
  Top 5 features:
    t-1                            0.1192
    t-2                            0.1007
    t-3                            0.0873
    t-4                            0.0771
    t-5                            0.0694

2023:
  Samples: 249
  Entropy: 2.4451 ± 0.2515
  Concentration: 0.0905
  Top 5 features:
    t-1                            0.1535
    t-2                            0.1334
    t-3                            0.1161
    t-4                            0.1006
    t-5                            0.0865

2024:
  Samples: 250
  Entropy: 2.4452 ± 0.3422
  Concentration: 0.0819
  Top 5 features:
    t-1                            0.1401
    t-2                            0.1198
    t-3                            0.1056
    t-4                            0.0937
    t-5                            0.0835

2025:
  Samples: 190
  Entropy: 2.4200 ± 0.2621
  Concentration: 0.0882
  Top 5 features:
    t-1                            0.1518
    t-2                            0.1302
    t-3                            0.1121
    t-4                            0.0970
    t-5                            0.0839

----------------------------------------------------------------------
Period Comparisons:
----------------------------------------------------------------------

2020_vs_2021:
  Cosine similarity: 0.9754
  L2 distance: 0.0723
  Entropy change: -0.2869
  Concentration change: 0.0214

2020_vs_2022:
  Cosine similarity: 0.9998
  L2 distance: 0.0059
  Entropy change: -0.1099
  Concentration change: 0.0007

2020_vs_2023:
  Cosine similarity: 0.9720
  L2 distance: 0.0794
  Entropy change: -0.2459
  Concentration change: 0.0248

2020_vs_2024:
  Cosine similarity: 0.9851
  L2 distance: 0.0554
  Entropy change: -0.2458
  Concentration change: 0.0161

2020_vs_2025:
  Cosine similarity: 0.9764
  L2 distance: 0.0725
  Entropy change: -0.2710
  Concentration change: 0.0225

2021_vs_2022:
  Cosine similarity: 0.9764
  L2 distance: 0.0706
  Entropy change: 0.1770
  Concentration change: -0.0207

2021_vs_2023:
  Cosine similarity: 0.9983
  L2 distance: 0.0184
  Entropy change: 0.0411
  Concentration change: 0.0035

2021_vs_2024:
  Cosine similarity: 0.9953
  L2 distance: 0.0295
  Entropy change: 0.0412
  Concentration change: -0.0052

2021_vs_2025:
  Cosine similarity: 0.9977
  L2 distance: 0.0201
  Entropy change: 0.0159
  Concentration change: 0.0012

2022_vs_2023:
  Cosine similarity: 0.9728
  L2 distance: 0.0781
  Entropy change: -0.1360
  Concentration change: 0.0242

2022_vs_2024:
  Cosine similarity: 0.9856
  L2 distance: 0.0541
  Entropy change: -0.1358
  Concentration change: 0.0155

2022_vs_2025:
  Cosine similarity: 0.9774
  L2 distance: 0.0708
  Entropy change: -0.1611
  Concentration change: 0.0219

2023_vs_2024:
  Cosine similarity: 0.9971
  L2 distance: 0.0268
  Entropy change: 0.0001
  Concentration change: -0.0087

2023_vs_2025:
  Cosine similarity: 0.9995
  L2 distance: 0.0105
  Entropy change: -0.0251
  Concentration change: -0.0023

2024_vs_2025:
  Cosine similarity: 0.9984
  L2 distance: 0.0198
  Entropy change: -0.0252
  Concentration change: 0.0064

======================================================================

Analysis complete!
Results saved to: experiments/01_staleness_features_fixed/sweep_stale_h22_drop0.20_lr5/attention_analysis_year
  - attention_analysis_results.json
  - attention_heatmap.png
  - attention_trends.png
  - temporal_attention_comparison.png
