Logging to: experiments/01_staleness_features_fixed/sweep_stale_h14_drop0.35_lr5/attention_analysis_year/attention_analysis_20251027_193835.log
Analysis started at: 2025-10-27 19:38:35
======================================================================
Experiment: 01_staleness_features_fixed/sweep_stale_h14_drop0.35_lr5
Output directory: experiments/01_staleness_features_fixed/sweep_stale_h14_drop0.35_lr5/attention_analysis_year
Using best checkpoint: experiments/01_staleness_features_fixed/sweep_stale_h14_drop0.35_lr5/checkpoints/tft-epoch=04-val_loss=0.1633.ckpt

Loading data...
Loading test data from: data/splits/fixed/core_proposal_daily_fixed_test.csv
Detected staleness features in config, adding to data...
  Train samples: 6066
  Test samples: 1300

Preparing test dataset...
Test dataset size after filtering: 1280

Loading model...
Loading model from: experiments/01_staleness_features_fixed/sweep_stale_h14_drop0.35_lr5/checkpoints/tft-epoch=04-val_loss=0.1633.ckpt

Extracting attention patterns...
Extracting attention patterns...
Total batches to process: 10
  Processed 10/10 batches

Total predictions: 1280
Total actuals: 1280
Attention shape: (1280, 20)
Encoder variables shape: (1280, 7)

Prediction period: 2020-08-19T00:00:00.000000000 to 2025-10-06T00:00:00.000000000
Total predictions: 1280

Creating temporal periods:
  2020: 92 samples
  2021: 250 samples
  2022: 249 samples
  2023: 249 samples
  2024: 250 samples
  2025: 190 samples

Attention over 20 encoder timesteps

Analyzing attention patterns by period...

Comparing attention patterns across periods...

Creating visualizations...
Saved attention heatmap: experiments/01_staleness_features_fixed/sweep_stale_h14_drop0.35_lr5/attention_analysis_year/attention_heatmap.png
Saved attention trends: experiments/01_staleness_features_fixed/sweep_stale_h14_drop0.35_lr5/attention_analysis_year/attention_trends.png
Saved feature importance comparison: experiments/01_staleness_features_fixed/sweep_stale_h14_drop0.35_lr5/attention_analysis_year/temporal_attention_comparison.png

Saving results...
Saved results: experiments/01_staleness_features_fixed/sweep_stale_h14_drop0.35_lr5/attention_analysis_year/attention_analysis_results.json

======================================================================
ATTENTION ANALYSIS SUMMARY
======================================================================

Per-Period Statistics:
----------------------------------------------------------------------

2020:
  Samples: 92
  Entropy: 2.9843 ± 0.0140
  Concentration: 0.0501
  Top 5 features:
    t-1                            0.0523
    t-2                            0.0521
    t-3                            0.0519
    t-4                            0.0517
    t-5                            0.0515

2021:
  Samples: 250
  Entropy: 2.9898 ± 0.0058
  Concentration: 0.0502
  Top 5 features:
    t-1                            0.0541
    t-2                            0.0537
    t-3                            0.0533
    t-4                            0.0529
    t-5                            0.0526

2022:
  Samples: 249
  Entropy: 2.9777 ± 0.0079
  Concentration: 0.0504
  Top 5 features:
    t-1                            0.0562
    t-2                            0.0555
    t-3                            0.0549
    t-4                            0.0542
    t-5                            0.0536

2023:
  Samples: 249
  Entropy: 2.9837 ± 0.0065
  Concentration: 0.0503
  Top 5 features:
    t-1                            0.0550
    t-2                            0.0545
    t-3                            0.0541
    t-4                            0.0536
    t-5                            0.0531

2024:
  Samples: 250
  Entropy: 2.9867 ± 0.0060
  Concentration: 0.0504
  Top 5 features:
    t-1                            0.0559
    t-2                            0.0553
    t-3                            0.0547
    t-4                            0.0542
    t-5                            0.0536

2025:
  Samples: 190
  Entropy: 2.9793 ± 0.0182
  Concentration: 0.0504
  Top 5 features:
    t-1                            0.0569
    t-2                            0.0560
    t-3                            0.0553
    t-4                            0.0545
    t-5                            0.0538

----------------------------------------------------------------------
Period Comparisons:
----------------------------------------------------------------------

2020_vs_2021:
  Cosine similarity: 0.9998
  L2 distance: 0.0048
  Entropy change: 0.0055
  Concentration change: 0.0001

2020_vs_2022:
  Cosine similarity: 0.9990
  L2 distance: 0.0100
  Entropy change: -0.0065
  Concentration change: 0.0003

2020_vs_2023:
  Cosine similarity: 0.9993
  L2 distance: 0.0084
  Entropy change: -0.0005
  Concentration change: 0.0002

2020_vs_2024:
  Cosine similarity: 0.9990
  L2 distance: 0.0102
  Entropy change: 0.0024
  Concentration change: 0.0003

2020_vs_2025:
  Cosine similarity: 0.9988
  L2 distance: 0.0111
  Entropy change: -0.0050
  Concentration change: 0.0003

2021_vs_2022:
  Cosine similarity: 0.9997
  L2 distance: 0.0053
  Entropy change: -0.0121
  Concentration change: 0.0002

2021_vs_2023:
  Cosine similarity: 0.9998
  L2 distance: 0.0039
  Entropy change: -0.0061
  Concentration change: 0.0001

2021_vs_2024:
  Cosine similarity: 0.9997
  L2 distance: 0.0055
  Entropy change: -0.0031
  Concentration change: 0.0002

2021_vs_2025:
  Cosine similarity: 0.9996
  L2 distance: 0.0064
  Entropy change: -0.0105
  Concentration change: 0.0002

2022_vs_2023:
  Cosine similarity: 0.9999
  L2 distance: 0.0025
  Entropy change: 0.0060
  Concentration change: -0.0000

2022_vs_2024:
  Cosine similarity: 1.0000
  L2 distance: 0.0013
  Entropy change: 0.0089
  Concentration change: 0.0000

2022_vs_2025:
  Cosine similarity: 1.0000
  L2 distance: 0.0012
  Entropy change: 0.0015
  Concentration change: 0.0000

2023_vs_2024:
  Cosine similarity: 1.0000
  L2 distance: 0.0022
  Entropy change: 0.0029
  Concentration change: 0.0001

2023_vs_2025:
  Cosine similarity: 0.9999
  L2 distance: 0.0036
  Entropy change: -0.0044
  Concentration change: 0.0001

2024_vs_2025:
  Cosine similarity: 1.0000
  L2 distance: 0.0018
  Entropy change: -0.0074
  Concentration change: 0.0000

======================================================================

Analysis complete!
Results saved to: experiments/01_staleness_features_fixed/sweep_stale_h14_drop0.35_lr5/attention_analysis_year
  - attention_analysis_results.json
  - attention_heatmap.png
  - attention_trends.png
  - temporal_attention_comparison.png
