Logging to: experiments/01_staleness_features_fixed/sweep_stale_h14_drop0.35_lr5/attention_analysis_year/attention_analysis_20251030_131433.log
Analysis started at: 2025-10-30 13:14:33
======================================================================
Experiment: 01_staleness_features_fixed/sweep_stale_h14_drop0.35_lr5
Output directory: experiments/01_staleness_features_fixed/sweep_stale_h14_drop0.35_lr5/attention_analysis_year
Using best checkpoint: experiments/01_staleness_features_fixed/sweep_stale_h14_drop0.35_lr5/checkpoints/tft-epoch=82-val_loss=0.3962.ckpt

Loading data...
Loading test data from: data/splits/fixed/core_proposal_daily_fixed_test.csv
Detected staleness features in config, adding to data...
  Train samples: 6066
  Test samples: 1300

Preparing test dataset...
Test dataset size after filtering: 1280

Loading model...
Loading model from: experiments/01_staleness_features_fixed/sweep_stale_h14_drop0.35_lr5/checkpoints/tft-epoch=82-val_loss=0.3962.ckpt
Model moved to device: cuda

Extracting attention patterns...
Extracting attention patterns...
Total batches to process: 10
  Processed 10/10 batches

Total predictions: 1280
Total actuals: 1280
Attention shape: (1280, 20)
Encoder variables shape: (1280, 7)

Prediction period: 2020-08-19T00:00:00.000000000 to 2025-10-06T00:00:00.000000000
Total predictions: 1280

Creating temporal periods:
  2020: 92 samples
  2021: 250 samples
  2022: 249 samples
  2023: 249 samples
  2024: 250 samples
  2025: 190 samples

Attention over 20 encoder timesteps

Analyzing attention patterns by period...

Comparing attention patterns across periods...

Creating visualizations...
Saved attention heatmap: experiments/01_staleness_features_fixed/sweep_stale_h14_drop0.35_lr5/attention_analysis_year/attention_heatmap.png
Saved attention trends: experiments/01_staleness_features_fixed/sweep_stale_h14_drop0.35_lr5/attention_analysis_year/attention_trends.png
Saved feature importance comparison: experiments/01_staleness_features_fixed/sweep_stale_h14_drop0.35_lr5/attention_analysis_year/temporal_attention_comparison.png

Saving results...
Saved results: experiments/01_staleness_features_fixed/sweep_stale_h14_drop0.35_lr5/attention_analysis_year/attention_analysis_results.json

======================================================================
ATTENTION ANALYSIS SUMMARY
======================================================================

Per-Period Statistics:
----------------------------------------------------------------------

2020:
  Samples: 92
  Entropy: 2.8495 ± 0.1068
  Concentration: 0.0517
  Top 5 features:
    t-17                           0.0704
    t-18                           0.0672
    t-16                           0.0669
    t-15                           0.0608
    t-19                           0.0573

2021:
  Samples: 250
  Entropy: 2.8881 ± 0.1379
  Concentration: 0.0501
  Top 5 features:
    t-16                           0.0532
    t-17                           0.0530
    t-15                           0.0524
    t-1                            0.0519
    t-14                           0.0514

2022:
  Samples: 249
  Entropy: 2.8721 ± 0.1101
  Concentration: 0.0503
  Top 5 features:
    t-17                           0.0587
    t-16                           0.0568
    t-18                           0.0562
    t-1                            0.0542
    t-15                           0.0537

2023:
  Samples: 249
  Entropy: 2.9729 ± 0.0200
  Concentration: 0.0501
  Top 5 features:
    t-15                           0.0519
    t-16                           0.0518
    t-14                           0.0517
    t-13                           0.0514
    t-12                           0.0511

2024:
  Samples: 250
  Entropy: 2.9102 ± 0.1892
  Concentration: 0.0501
  Top 5 features:
    t-1                            0.0540
    t-2                            0.0530
    t-3                            0.0525
    t-4                            0.0521
    t-5                            0.0518

2025:
  Samples: 190
  Entropy: 2.8757 ± 0.1926
  Concentration: 0.0501
  Top 5 features:
    t-1                            0.0533
    t-16                           0.0528
    t-17                           0.0526
    t-15                           0.0522
    t-14                           0.0514

----------------------------------------------------------------------
Period Comparisons:
----------------------------------------------------------------------

2020_vs_2021:
  Cosine similarity: 0.9855
  L2 distance: 0.0386
  Entropy change: 0.0385
  Concentration change: -0.0017

2020_vs_2022:
  Cosine similarity: 0.9911
  L2 distance: 0.0303
  Entropy change: 0.0226
  Concentration change: -0.0014

2020_vs_2023:
  Cosine similarity: 0.9830
  L2 distance: 0.0418
  Entropy change: 0.1233
  Concentration change: -0.0017

2020_vs_2024:
  Cosine similarity: 0.9768
  L2 distance: 0.0487
  Entropy change: 0.0606
  Concentration change: -0.0016

2020_vs_2025:
  Cosine similarity: 0.9859
  L2 distance: 0.0381
  Entropy change: 0.0261
  Concentration change: -0.0017

2021_vs_2022:
  Cosine similarity: 0.9987
  L2 distance: 0.0116
  Entropy change: -0.0160
  Concentration change: 0.0002

2021_vs_2023:
  Cosine similarity: 0.9997
  L2 distance: 0.0052
  Entropy change: 0.0848
  Concentration change: -0.0000

2021_vs_2024:
  Cosine similarity: 0.9989
  L2 distance: 0.0105
  Entropy change: 0.0221
  Concentration change: 0.0000

2021_vs_2025:
  Cosine similarity: 0.9998
  L2 distance: 0.0039
  Entropy change: -0.0124
  Concentration change: -0.0000

2022_vs_2023:
  Cosine similarity: 0.9972
  L2 distance: 0.0167
  Entropy change: 0.1008
  Concentration change: -0.0003

2022_vs_2024:
  Cosine similarity: 0.9958
  L2 distance: 0.0206
  Entropy change: 0.0381
  Concentration change: -0.0002

2022_vs_2025:
  Cosine similarity: 0.9986
  L2 distance: 0.0120
  Entropy change: 0.0036
  Concentration change: -0.0002

2023_vs_2024:
  Cosine similarity: 0.9992
  L2 distance: 0.0090
  Entropy change: -0.0627
  Concentration change: 0.0001

2023_vs_2025:
  Cosine similarity: 0.9996
  L2 distance: 0.0066
  Entropy change: -0.0972
  Concentration change: 0.0000

2024_vs_2025:
  Cosine similarity: 0.9987
  L2 distance: 0.0115
  Entropy change: -0.0345
  Concentration change: -0.0000

======================================================================

Analysis complete!
Results saved to: experiments/01_staleness_features_fixed/sweep_stale_h14_drop0.35_lr5/attention_analysis_year
  - attention_analysis_results.json
  - attention_heatmap.png
  - attention_trends.png
  - temporal_attention_comparison.png
