Logging to: experiments/00_baseline_exploration/sweep2_h16_enc_30/attention_analysis_year/attention_analysis_20251030_130659.log
Analysis started at: 2025-10-30 13:06:59
======================================================================
Experiment: 00_baseline_exploration/sweep2_h16_enc_30
Output directory: experiments/00_baseline_exploration/sweep2_h16_enc_30/attention_analysis_year
Using best checkpoint: experiments/00_baseline_exploration/sweep2_h16_enc_30/checkpoints/tft-epoch=57-val_loss=0.4031.ckpt

Loading data...
Loading test data from: data/splits/fixed/core_proposal_daily_fixed_test.csv
  Train samples: 6066
  Test samples: 1300

Preparing test dataset...
Test dataset size after filtering: 1270

Loading model...
Loading model from: experiments/00_baseline_exploration/sweep2_h16_enc_30/checkpoints/tft-epoch=57-val_loss=0.4031.ckpt
Model moved to device: cuda

Extracting attention patterns...
Extracting attention patterns...
Total batches to process: 10
  Processed 10/10 batches

Total predictions: 1270
Total actuals: 1270
Attention shape: (1270, 30)
Encoder variables shape: (1270, 5)

Prediction period: 2020-09-02T00:00:00.000000000 to 2025-10-06T00:00:00.000000000
Total predictions: 1270

Creating temporal periods:
  2020: 82 samples
  2021: 250 samples
  2022: 249 samples
  2023: 249 samples
  2024: 250 samples
  2025: 190 samples

Attention over 30 encoder timesteps

Analyzing attention patterns by period...

Comparing attention patterns across periods...

Creating visualizations...
Saved attention heatmap: experiments/00_baseline_exploration/sweep2_h16_enc_30/attention_analysis_year/attention_heatmap.png
Saved attention trends: experiments/00_baseline_exploration/sweep2_h16_enc_30/attention_analysis_year/attention_trends.png
Saved feature importance comparison: experiments/00_baseline_exploration/sweep2_h16_enc_30/attention_analysis_year/temporal_attention_comparison.png

Saving results...
Saved results: experiments/00_baseline_exploration/sweep2_h16_enc_30/attention_analysis_year/attention_analysis_results.json

======================================================================
ATTENTION ANALYSIS SUMMARY
======================================================================

Per-Period Statistics:
----------------------------------------------------------------------

2020:
  Samples: 82
  Entropy: 3.2659 ± 0.1681
  Concentration: 0.0341
  Top 5 features:
    t-1                            0.0485
    t-2                            0.0466
    t-3                            0.0439
    t-4                            0.0411
    t-5                            0.0388

2021:
  Samples: 250
  Entropy: 3.3030 ± 0.2446
  Concentration: 0.0336
  Top 5 features:
    t-1                            0.0440
    t-2                            0.0416
    t-3                            0.0387
    t-4                            0.0360
    t-5                            0.0344

2022:
  Samples: 249
  Entropy: 3.0466 ± 0.3626
  Concentration: 0.0345
  Top 5 features:
    t-1                            0.0544
    t-2                            0.0488
    t-3                            0.0444
    t-4                            0.0409
    t-5                            0.0385

2023:
  Samples: 249
  Entropy: 3.3746 ± 0.0457
  Concentration: 0.0334
  Top 5 features:
    t-1                            0.0371
    t-2                            0.0366
    t-3                            0.0361
    t-4                            0.0356
    t-5                            0.0351

2024:
  Samples: 250
  Entropy: 3.3493 ± 0.2314
  Concentration: 0.0334
  Top 5 features:
    t-1                            0.0377
    t-2                            0.0376
    t-3                            0.0368
    t-4                            0.0355
    t-5                            0.0340

2025:
  Samples: 190
  Entropy: 3.2721 ± 0.3826
  Concentration: 0.0336
  Top 5 features:
    t-1                            0.0451
    t-2                            0.0404
    t-3                            0.0384
    t-4                            0.0372
    t-5                            0.0359

----------------------------------------------------------------------
Period Comparisons:
----------------------------------------------------------------------

2020_vs_2021:
  Cosine similarity: 0.9974
  L2 distance: 0.0133
  Entropy change: 0.0371
  Concentration change: -0.0005

2020_vs_2022:
  Cosine similarity: 0.9989
  L2 distance: 0.0089
  Entropy change: -0.2193
  Concentration change: 0.0004

2020_vs_2023:
  Cosine similarity: 0.9938
  L2 distance: 0.0205
  Entropy change: 0.1087
  Concentration change: -0.0007

2020_vs_2024:
  Cosine similarity: 0.9939
  L2 distance: 0.0204
  Entropy change: 0.0834
  Concentration change: -0.0007

2020_vs_2025:
  Cosine similarity: 0.9979
  L2 distance: 0.0121
  Entropy change: 0.0061
  Concentration change: -0.0005

2021_vs_2022:
  Cosine similarity: 0.9947
  L2 distance: 0.0193
  Entropy change: -0.2564
  Concentration change: 0.0009

2021_vs_2023:
  Cosine similarity: 0.9986
  L2 distance: 0.0096
  Entropy change: 0.0716
  Concentration change: -0.0002

2021_vs_2024:
  Cosine similarity: 0.9989
  L2 distance: 0.0087
  Entropy change: 0.0463
  Concentration change: -0.0002

2021_vs_2025:
  Cosine similarity: 0.9998
  L2 distance: 0.0035
  Entropy change: -0.0309
  Concentration change: 0.0000

2022_vs_2023:
  Cosine similarity: 0.9894
  L2 distance: 0.0270
  Entropy change: 0.3280
  Concentration change: -0.0011

2022_vs_2024:
  Cosine similarity: 0.9898
  L2 distance: 0.0265
  Entropy change: 0.3027
  Concentration change: -0.0011

2022_vs_2025:
  Cosine similarity: 0.9950
  L2 distance: 0.0186
  Entropy change: 0.2255
  Concentration change: -0.0009

2023_vs_2024:
  Cosine similarity: 0.9997
  L2 distance: 0.0045
  Entropy change: -0.0253
  Concentration change: 0.0000

2023_vs_2025:
  Cosine similarity: 0.9985
  L2 distance: 0.0102
  Entropy change: -0.1025
  Concentration change: 0.0002

2024_vs_2025:
  Cosine similarity: 0.9985
  L2 distance: 0.0102
  Entropy change: -0.0773
  Concentration change: 0.0002

======================================================================

Analysis complete!
Results saved to: experiments/00_baseline_exploration/sweep2_h16_enc_30/attention_analysis_year
  - attention_analysis_results.json
  - attention_heatmap.png
  - attention_trends.png
  - temporal_attention_comparison.png
