Logging to: experiments/00_baseline_exploration/sweep2_h16_enc_30/attention_analysis_year/attention_analysis_20251027_191408.log
Analysis started at: 2025-10-27 19:14:08
======================================================================
Experiment: 00_baseline_exploration/sweep2_h16_enc_30
Output directory: experiments/00_baseline_exploration/sweep2_h16_enc_30/attention_analysis_year
Using best checkpoint: experiments/00_baseline_exploration/sweep2_h16_enc_30/checkpoints/tft-epoch=01-val_loss=0.1304.ckpt

Loading data...
Loading test data from: data/splits/fixed/core_proposal_daily_fixed_test.csv
  Train samples: 6066
  Test samples: 1300

Preparing test dataset...
Test dataset size after filtering: 1270

Loading model...
Loading model from: experiments/00_baseline_exploration/sweep2_h16_enc_30/checkpoints/tft-epoch=01-val_loss=0.1304.ckpt

Extracting attention patterns...
Extracting attention patterns...
Total batches to process: 10
  Processed 10/10 batches

Total predictions: 1270
Total actuals: 1270
Attention shape: (1270, 30)
Encoder variables shape: (1270, 5)

Prediction period: 2020-09-02T00:00:00.000000000 to 2025-10-06T00:00:00.000000000
Total predictions: 1270

Creating temporal periods:
  2020: 82 samples
  2021: 250 samples
  2022: 249 samples
  2023: 249 samples
  2024: 250 samples
  2025: 190 samples

Attention over 30 encoder timesteps

Analyzing attention patterns by period...

Comparing attention patterns across periods...

Creating visualizations...
Saved attention heatmap: experiments/00_baseline_exploration/sweep2_h16_enc_30/attention_analysis_year/attention_heatmap.png
Saved attention trends: experiments/00_baseline_exploration/sweep2_h16_enc_30/attention_analysis_year/attention_trends.png
Saved feature importance comparison: experiments/00_baseline_exploration/sweep2_h16_enc_30/attention_analysis_year/temporal_attention_comparison.png

Saving results...
Saved results: experiments/00_baseline_exploration/sweep2_h16_enc_30/attention_analysis_year/attention_analysis_results.json

======================================================================
ATTENTION ANALYSIS SUMMARY
======================================================================

Per-Period Statistics:
----------------------------------------------------------------------

2020:
  Samples: 82
  Entropy: 3.3961 ± 0.0024
  Concentration: 0.0336
  Top 5 features:
    t-1                            0.0412
    t-2                            0.0400
    t-3                            0.0388
    t-4                            0.0378
    t-30                           0.0370

2021:
  Samples: 250
  Entropy: 3.3456 ± 0.0351
  Concentration: 0.0336
  Top 5 features:
    t-1                            0.0388
    t-2                            0.0383
    t-30                           0.0378
    t-3                            0.0378
    t-4                            0.0372

2022:
  Samples: 249
  Entropy: 3.3891 ± 0.0090
  Concentration: 0.0336
  Top 5 features:
    t-30                           0.0454
    t-29                           0.0415
    t-28                           0.0391
    t-27                           0.0367
    t-26                           0.0350

2023:
  Samples: 249
  Entropy: 3.3331 ± 0.0613
  Concentration: 0.0339
  Top 5 features:
    t-30                           0.0426
    t-1                            0.0403
    t-2                            0.0399
    t-3                            0.0394
    t-4                            0.0389

2024:
  Samples: 250
  Entropy: 3.2061 ± 0.1351
  Concentration: 0.0369
  Top 5 features:
    t-1                            0.0575
    t-2                            0.0553
    t-3                            0.0531
    t-4                            0.0508
    t-5                            0.0486

2025:
  Samples: 190
  Entropy: 3.1727 ± 0.1441
  Concentration: 0.0347
  Top 5 features:
    t-1                            0.0479
    t-30                           0.0468
    t-2                            0.0461
    t-3                            0.0442
    t-4                            0.0422

----------------------------------------------------------------------
Period Comparisons:
----------------------------------------------------------------------

2020_vs_2021:
  Cosine similarity: 0.9998
  L2 distance: 0.0038
  Entropy change: -0.0505
  Concentration change: -0.0001

2020_vs_2022:
  Cosine similarity: 0.9925
  L2 distance: 0.0224
  Entropy change: -0.0070
  Concentration change: 0.0000

2020_vs_2023:
  Cosine similarity: 0.9983
  L2 distance: 0.0108
  Entropy change: -0.0630
  Concentration change: 0.0003

2020_vs_2024:
  Cosine similarity: 0.9727
  L2 distance: 0.0447
  Entropy change: -0.1899
  Concentration change: 0.0033

2020_vs_2025:
  Cosine similarity: 0.9934
  L2 distance: 0.0214
  Entropy change: -0.2234
  Concentration change: 0.0011

2021_vs_2022:
  Cosine similarity: 0.9938
  L2 distance: 0.0204
  Entropy change: 0.0435
  Concentration change: 0.0001

2021_vs_2023:
  Cosine similarity: 0.9986
  L2 distance: 0.0099
  Entropy change: -0.0125
  Concentration change: 0.0004

2021_vs_2024:
  Cosine similarity: 0.9704
  L2 distance: 0.0465
  Entropy change: -0.1394
  Concentration change: 0.0034

2021_vs_2025:
  Cosine similarity: 0.9924
  L2 distance: 0.0229
  Entropy change: -0.1729
  Concentration change: 0.0011

2022_vs_2023:
  Cosine similarity: 0.9914
  L2 distance: 0.0241
  Entropy change: -0.0560
  Concentration change: 0.0003

2022_vs_2024:
  Cosine similarity: 0.9406
  L2 distance: 0.0653
  Entropy change: -0.1829
  Concentration change: 0.0033

2022_vs_2025:
  Cosine similarity: 0.9831
  L2 distance: 0.0341
  Entropy change: -0.2164
  Concentration change: 0.0011

2023_vs_2024:
  Cosine similarity: 0.9763
  L2 distance: 0.0417
  Entropy change: -0.1269
  Concentration change: 0.0030

2023_vs_2025:
  Cosine similarity: 0.9963
  L2 distance: 0.0160
  Entropy change: -0.1604
  Concentration change: 0.0008

2024_vs_2025:
  Cosine similarity: 0.9820
  L2 distance: 0.0364
  Entropy change: -0.0335
  Concentration change: -0.0022

======================================================================

Analysis complete!
Results saved to: experiments/00_baseline_exploration/sweep2_h16_enc_30/attention_analysis_year
  - attention_analysis_results.json
  - attention_heatmap.png
  - attention_trends.png
  - temporal_attention_comparison.png
