Logging to: experiments/00_baseline_exploration/exp001_baseline/attention_analysis_year/attention_analysis_20251027_191326.log
Analysis started at: 2025-10-27 19:13:26
======================================================================
Experiment: 00_baseline_exploration/exp001_baseline
Output directory: experiments/00_baseline_exploration/exp001_baseline/attention_analysis_year
Using best checkpoint: experiments/00_baseline_exploration/exp001_baseline/checkpoints/tft-epoch=00-val_loss=0.1371.ckpt

Loading data...
Loading test data from: data/splits/fixed/core_proposal_daily_fixed_test.csv
  Train samples: 6066
  Test samples: 1300

Preparing test dataset...
Test dataset size after filtering: 1280

Loading model...
Loading model from: experiments/00_baseline_exploration/exp001_baseline/checkpoints/tft-epoch=00-val_loss=0.1371.ckpt

Extracting attention patterns...
Extracting attention patterns...
Total batches to process: 10
  Processed 10/10 batches

Total predictions: 1280
Total actuals: 1280
Attention shape: (1280, 20)
Encoder variables shape: (1280, 5)

Prediction period: 2020-08-19T00:00:00.000000000 to 2025-10-06T00:00:00.000000000
Total predictions: 1280

Creating temporal periods:
  2020: 92 samples
  2021: 250 samples
  2022: 249 samples
  2023: 249 samples
  2024: 250 samples
  2025: 190 samples

Attention over 20 encoder timesteps

Analyzing attention patterns by period...

Comparing attention patterns across periods...

Creating visualizations...
Saved attention heatmap: experiments/00_baseline_exploration/exp001_baseline/attention_analysis_year/attention_heatmap.png
Saved attention trends: experiments/00_baseline_exploration/exp001_baseline/attention_analysis_year/attention_trends.png
Saved feature importance comparison: experiments/00_baseline_exploration/exp001_baseline/attention_analysis_year/temporal_attention_comparison.png

Saving results...
Saved results: experiments/00_baseline_exploration/exp001_baseline/attention_analysis_year/attention_analysis_results.json

======================================================================
ATTENTION ANALYSIS SUMMARY
======================================================================

Per-Period Statistics:
----------------------------------------------------------------------

2020:
  Samples: 92
  Entropy: 2.9943 ± 0.0012
  Concentration: 0.0501
  Top 5 features:
    t-19                           0.0534
    t-20                           0.0530
    t-18                           0.0527
    t-17                           0.0521
    t-16                           0.0516

2021:
  Samples: 250
  Entropy: 2.9859 ± 0.0077
  Concentration: 0.0504
  Top 5 features:
    t-20                           0.0564
    t-19                           0.0559
    t-18                           0.0552
    t-17                           0.0546
    t-16                           0.0540

2022:
  Samples: 249
  Entropy: 2.9686 ± 0.0259
  Concentration: 0.0512
  Top 5 features:
    t-20                           0.0639
    t-19                           0.0621
    t-18                           0.0607
    t-17                           0.0591
    t-16                           0.0575

2023:
  Samples: 249
  Entropy: 2.9839 ± 0.0115
  Concentration: 0.0503
  Top 5 features:
    t-20                           0.0557
    t-19                           0.0541
    t-18                           0.0535
    t-17                           0.0531
    t-16                           0.0528

2024:
  Samples: 250
  Entropy: 2.9827 ± 0.0127
  Concentration: 0.0501
  Top 5 features:
    t-20                           0.0530
    t-12                           0.0516
    t-13                           0.0516
    t-14                           0.0515
    t-11                           0.0515

2025:
  Samples: 190
  Entropy: 2.9727 ± 0.0275
  Concentration: 0.0505
  Top 5 features:
    t-20                           0.0560
    t-19                           0.0546
    t-18                           0.0543
    t-17                           0.0541
    t-16                           0.0540

----------------------------------------------------------------------
Period Comparisons:
----------------------------------------------------------------------

2020_vs_2021:
  Cosine similarity: 0.9982
  L2 distance: 0.0133
  Entropy change: -0.0084
  Concentration change: 0.0004

2020_vs_2022:
  Cosine similarity: 0.9928
  L2 distance: 0.0272
  Entropy change: -0.0256
  Concentration change: 0.0012

2020_vs_2023:
  Cosine similarity: 0.9992
  L2 distance: 0.0092
  Entropy change: -0.0103
  Concentration change: 0.0002

2020_vs_2024:
  Cosine similarity: 0.9996
  L2 distance: 0.0064
  Entropy change: -0.0116
  Concentration change: 0.0000

2020_vs_2025:
  Cosine similarity: 0.9979
  L2 distance: 0.0144
  Entropy change: -0.0215
  Concentration change: 0.0004

2021_vs_2022:
  Cosine similarity: 0.9974
  L2 distance: 0.0162
  Entropy change: -0.0173
  Concentration change: 0.0008

2021_vs_2023:
  Cosine similarity: 0.9998
  L2 distance: 0.0048
  Entropy change: -0.0020
  Concentration change: -0.0002

2021_vs_2024:
  Cosine similarity: 0.9987
  L2 distance: 0.0116
  Entropy change: -0.0032
  Concentration change: -0.0003

2021_vs_2025:
  Cosine similarity: 0.9999
  L2 distance: 0.0029
  Entropy change: -0.0132
  Concentration change: 0.0000

2022_vs_2023:
  Cosine similarity: 0.9959
  L2 distance: 0.0205
  Entropy change: 0.0153
  Concentration change: -0.0010

2022_vs_2024:
  Cosine similarity: 0.9927
  L2 distance: 0.0273
  Entropy change: 0.0140
  Concentration change: -0.0011

2022_vs_2025:
  Cosine similarity: 0.9971
  L2 distance: 0.0174
  Entropy change: 0.0041
  Concentration change: -0.0008

2023_vs_2024:
  Cosine similarity: 0.9995
  L2 distance: 0.0069
  Entropy change: -0.0013
  Concentration change: -0.0002

2023_vs_2025:
  Cosine similarity: 0.9997
  L2 distance: 0.0054
  Entropy change: -0.0112
  Concentration change: 0.0002

2024_vs_2025:
  Cosine similarity: 0.9987
  L2 distance: 0.0115
  Entropy change: -0.0099
  Concentration change: 0.0003

======================================================================

Analysis complete!
Results saved to: experiments/00_baseline_exploration/exp001_baseline/attention_analysis_year
  - attention_analysis_results.json
  - attention_heatmap.png
  - attention_trends.png
  - temporal_attention_comparison.png
