Logging to: experiments/00_baseline_exploration/exp001_baseline/attention_analysis_year/attention_analysis_20251030_130457.log
Analysis started at: 2025-10-30 13:04:57
======================================================================
Experiment: 00_baseline_exploration/exp001_baseline
Output directory: experiments/00_baseline_exploration/exp001_baseline/attention_analysis_year
Using best checkpoint: experiments/00_baseline_exploration/exp001_baseline/checkpoints/tft-epoch=37-val_loss=0.3942.ckpt

Loading data...
Loading test data from: data/splits/fixed/core_proposal_daily_fixed_test.csv
  Train samples: 6066
  Test samples: 1300

Preparing test dataset...
Test dataset size after filtering: 1280

Loading model...
Loading model from: experiments/00_baseline_exploration/exp001_baseline/checkpoints/tft-epoch=37-val_loss=0.3942.ckpt
Model moved to device: cuda

Extracting attention patterns...
Extracting attention patterns...
Total batches to process: 10
  Processed 10/10 batches

Total predictions: 1280
Total actuals: 1280
Attention shape: (1280, 20)
Encoder variables shape: (1280, 5)

Prediction period: 2020-08-19T00:00:00.000000000 to 2025-10-06T00:00:00.000000000
Total predictions: 1280

Creating temporal periods:
  2020: 92 samples
  2021: 250 samples
  2022: 249 samples
  2023: 249 samples
  2024: 250 samples
  2025: 190 samples

Attention over 20 encoder timesteps

Analyzing attention patterns by period...

Comparing attention patterns across periods...

Creating visualizations...
Saved attention heatmap: experiments/00_baseline_exploration/exp001_baseline/attention_analysis_year/attention_heatmap.png
Saved attention trends: experiments/00_baseline_exploration/exp001_baseline/attention_analysis_year/attention_trends.png
Saved feature importance comparison: experiments/00_baseline_exploration/exp001_baseline/attention_analysis_year/temporal_attention_comparison.png

Saving results...
Saved results: experiments/00_baseline_exploration/exp001_baseline/attention_analysis_year/attention_analysis_results.json

======================================================================
ATTENTION ANALYSIS SUMMARY
======================================================================

Per-Period Statistics:
----------------------------------------------------------------------

2020:
  Samples: 92
  Entropy: 2.1869 ± 0.4468
  Concentration: 0.0664
  Top 5 features:
    t-20                           0.1604
    t-19                           0.0876
    t-1                            0.0690
    t-2                            0.0558
    t-18                           0.0540

2021:
  Samples: 250
  Entropy: 2.1166 ± 0.6761
  Concentration: 0.0543
  Top 5 features:
    t-20                           0.1098
    t-19                           0.0656
    t-1                            0.0550
    t-18                           0.0519
    t-2                            0.0500

2022:
  Samples: 249
  Entropy: 2.1801 ± 0.4245
  Concentration: 0.0614
  Top 5 features:
    t-20                           0.1385
    t-19                           0.0793
    t-1                            0.0756
    t-2                            0.0591
    t-18                           0.0536

2023:
  Samples: 249
  Entropy: 2.7789 ± 0.2807
  Concentration: 0.0540
  Top 5 features:
    t-20                           0.1104
    t-19                           0.0593
    t-18                           0.0497
    t-1                            0.0494
    t-2                            0.0472

2024:
  Samples: 250
  Entropy: 2.5951 ± 0.7007
  Concentration: 0.0613
  Top 5 features:
    t-20                           0.1508
    t-19                           0.0641
    t-1                            0.0490
    t-2                            0.0474
    t-3                            0.0474

2025:
  Samples: 190
  Entropy: 2.3832 ± 0.6120
  Concentration: 0.0661
  Top 5 features:
    t-20                           0.1658
    t-19                           0.0802
    t-1                            0.0559
    t-18                           0.0556
    t-17                           0.0467

----------------------------------------------------------------------
Period Comparisons:
----------------------------------------------------------------------

2020_vs_2021:
  Cosine similarity: 0.9711
  L2 distance: 0.0638
  Entropy change: -0.0704
  Concentration change: -0.0120

2020_vs_2022:
  Cosine similarity: 0.9957
  L2 distance: 0.0254
  Entropy change: -0.0069
  Concentration change: -0.0050

2020_vs_2023:
  Cosine similarity: 0.9650
  L2 distance: 0.0695
  Entropy change: 0.5920
  Concentration change: -0.0123

2020_vs_2024:
  Cosine similarity: 0.9882
  L2 distance: 0.0401
  Entropy change: 0.4082
  Concentration change: -0.0051

2020_vs_2025:
  Cosine similarity: 0.9947
  L2 distance: 0.0264
  Entropy change: 0.1963
  Concentration change: -0.0003

2021_vs_2022:
  Cosine similarity: 0.9835
  L2 distance: 0.0460
  Entropy change: 0.0635
  Concentration change: 0.0071

2021_vs_2023:
  Cosine similarity: 0.9989
  L2 distance: 0.0110
  Entropy change: 0.6623
  Concentration change: -0.0003

2021_vs_2024:
  Cosine similarity: 0.9846
  L2 distance: 0.0446
  Entropy change: 0.4786
  Concentration change: 0.0070

2021_vs_2025:
  Cosine similarity: 0.9733
  L2 distance: 0.0614
  Entropy change: 0.2667
  Concentration change: 0.0117

2022_vs_2023:
  Cosine similarity: 0.9772
  L2 distance: 0.0535
  Entropy change: 0.5988
  Concentration change: -0.0073

2022_vs_2024:
  Cosine similarity: 0.9872
  L2 distance: 0.0396
  Entropy change: 0.4150
  Concentration change: -0.0001

2022_vs_2025:
  Cosine similarity: 0.9875
  L2 distance: 0.0410
  Entropy change: 0.2032
  Concentration change: 0.0047

2023_vs_2024:
  Cosine similarity: 0.9852
  L2 distance: 0.0440
  Entropy change: -0.1838
  Concentration change: 0.0073

2023_vs_2025:
  Cosine similarity: 0.9703
  L2 distance: 0.0644
  Entropy change: -0.3957
  Concentration change: 0.0120

2024_vs_2025:
  Cosine similarity: 0.9921
  L2 distance: 0.0331
  Entropy change: -0.2119
  Concentration change: 0.0048

======================================================================

Analysis complete!
Results saved to: experiments/00_baseline_exploration/exp001_baseline/attention_analysis_year
  - attention_analysis_results.json
  - attention_heatmap.png
  - attention_trends.png
  - temporal_attention_comparison.png
