Logging to: experiments/00_baseline_exploration/sweep2_h16_drop_0.25/attention_analysis/attention_analysis_20251027_004435.log
Analysis started at: 2025-10-27 00:44:35
======================================================================
Experiment: 00_baseline_exploration/sweep2_h16_drop_0.25
Output directory: experiments/00_baseline_exploration/sweep2_h16_drop_0.25/attention_analysis
Using best checkpoint: experiments/00_baseline_exploration/sweep2_h16_drop_0.25/checkpoints/tft-epoch=01-val_loss=0.1260.ckpt

Loading data...
Loading test data from: data/splits/fixed/core_proposal_daily_fixed_test.csv
  Train samples: 6066
  Test samples: 1300

Preparing test dataset...
Test dataset size after filtering: 1280

Loading model...
Loading model from: experiments/00_baseline_exploration/sweep2_h16_drop_0.25/checkpoints/tft-epoch=01-val_loss=0.1260.ckpt

Extracting attention patterns...
Extracting attention patterns...
Total batches to process: 10
  Processed 10/10 batches

Total predictions: 1280
Total actuals: 1280
Attention shape: (1280, 20)
Encoder variables shape: (1280, 5)

Prediction period: 2020-08-19T00:00:00.000000000 to 2025-10-06T00:00:00.000000000
Total predictions: 1280

Creating temporal periods:
  2020: 92 samples
  2021: 250 samples
  2022: 249 samples
  2023: 249 samples
  2024: 250 samples
  2025: 190 samples

Attention over 20 encoder timesteps

Analyzing attention patterns by period...

Comparing attention patterns across periods...

Creating visualizations...
Saved attention heatmap: experiments/00_baseline_exploration/sweep2_h16_drop_0.25/attention_analysis/attention_heatmap.png
Saved attention trends: experiments/00_baseline_exploration/sweep2_h16_drop_0.25/attention_analysis/attention_trends.png
Saved feature importance comparison: experiments/00_baseline_exploration/sweep2_h16_drop_0.25/attention_analysis/temporal_attention_comparison.png

Saving results...
Saved results: experiments/00_baseline_exploration/sweep2_h16_drop_0.25/attention_analysis/attention_analysis_results.json

======================================================================
ATTENTION ANALYSIS SUMMARY
======================================================================

Per-Period Statistics:
----------------------------------------------------------------------

2020:
  Samples: 92
  Entropy: 2.9907 ± 0.0030
  Concentration: 0.0504
  Top 5 features:
    t-1                            0.0613
    t-2                            0.0586
    t-3                            0.0563
    t-4                            0.0542
    t-20                           0.0539

2021:
  Samples: 250
  Entropy: 2.9446 ± 0.0328
  Concentration: 0.0504
  Top 5 features:
    t-1                            0.0593
    t-2                            0.0578
    t-3                            0.0562
    t-20                           0.0553
    t-4                            0.0546

2022:
  Samples: 249
  Entropy: 2.9830 ± 0.0106
  Concentration: 0.0505
  Top 5 features:
    t-20                           0.0664
    t-19                           0.0602
    t-18                           0.0563
    t-17                           0.0526
    t-16                           0.0501

2023:
  Samples: 249
  Entropy: 2.9200 ± 0.0669
  Concentration: 0.0514
  Top 5 features:
    t-1                            0.0658
    t-2                            0.0641
    t-3                            0.0621
    t-4                            0.0600
    t-5                            0.0576

2024:
  Samples: 250
  Entropy: 2.8023 ± 0.1451
  Concentration: 0.0560
  Top 5 features:
    t-1                            0.0885
    t-2                            0.0825
    t-3                            0.0766
    t-4                            0.0707
    t-5                            0.0648

2025:
  Samples: 190
  Entropy: 2.7961 ± 0.1458
  Concentration: 0.0518
  Top 5 features:
    t-1                            0.0707
    t-20                           0.0673
    t-2                            0.0661
    t-3                            0.0614
    t-4                            0.0568

----------------------------------------------------------------------
Period Comparisons:
----------------------------------------------------------------------

2020_vs_2021:
  Cosine similarity: 0.9999
  L2 distance: 0.0032
  Entropy change: -0.0461
  Concentration change: -0.0000

2020_vs_2022:
  Cosine similarity: 0.9917
  L2 distance: 0.0289
  Entropy change: -0.0077
  Concentration change: 0.0001

2020_vs_2023:
  Cosine similarity: 0.9966
  L2 distance: 0.0188
  Entropy change: -0.0708
  Concentration change: 0.0010

2020_vs_2024:
  Cosine similarity: 0.9697
  L2 distance: 0.0580
  Entropy change: -0.1885
  Concentration change: 0.0055

2020_vs_2025:
  Cosine similarity: 0.9942
  L2 distance: 0.0246
  Entropy change: -0.1947
  Concentration change: 0.0014

2021_vs_2022:
  Cosine similarity: 0.9928
  L2 distance: 0.0269
  Entropy change: 0.0384
  Concentration change: 0.0001

2021_vs_2023:
  Cosine similarity: 0.9966
  L2 distance: 0.0188
  Entropy change: -0.0247
  Concentration change: 0.0010

2021_vs_2024:
  Cosine similarity: 0.9686
  L2 distance: 0.0590
  Entropy change: -0.1424
  Concentration change: 0.0056

2021_vs_2025:
  Cosine similarity: 0.9943
  L2 distance: 0.0243
  Entropy change: -0.1486
  Concentration change: 0.0014

2022_vs_2023:
  Cosine similarity: 0.9824
  L2 distance: 0.0424
  Entropy change: -0.0631
  Concentration change: 0.0009

2022_vs_2024:
  Cosine similarity: 0.9357
  L2 distance: 0.0835
  Entropy change: -0.1808
  Concentration change: 0.0054

2022_vs_2025:
  Cosine similarity: 0.9855
  L2 distance: 0.0386
  Entropy change: -0.1870
  Concentration change: 0.0013

2023_vs_2024:
  Cosine similarity: 0.9844
  L2 distance: 0.0420
  Entropy change: -0.1177
  Concentration change: 0.0045

2023_vs_2025:
  Cosine similarity: 0.9961
  L2 distance: 0.0200
  Entropy change: -0.1239
  Concentration change: 0.0004

2024_vs_2025:
  Cosine similarity: 0.9781
  L2 distance: 0.0494
  Entropy change: -0.0062
  Concentration change: -0.0041

======================================================================

Analysis complete!
Results saved to: experiments/00_baseline_exploration/sweep2_h16_drop_0.25/attention_analysis
  - attention_analysis_results.json
  - attention_heatmap.png
  - attention_trends.png
  - temporal_attention_comparison.png
