Logging to: experiments/01_staleness_features_fixed/sweep_stale_h20_drop0.20_lr5/attention_analysis_year/attention_analysis_20251030_131733.log
Analysis started at: 2025-10-30 13:17:33
======================================================================
Experiment: 01_staleness_features_fixed/sweep_stale_h20_drop0.20_lr5
Output directory: experiments/01_staleness_features_fixed/sweep_stale_h20_drop0.20_lr5/attention_analysis_year
Using best checkpoint: experiments/01_staleness_features_fixed/sweep_stale_h20_drop0.20_lr5/checkpoints/tft-epoch=49-val_loss=0.3999.ckpt

Loading data...
Loading test data from: data/splits/fixed/core_proposal_daily_fixed_test.csv
Detected staleness features in config, adding to data...
  Train samples: 6066
  Test samples: 1300

Preparing test dataset...
Test dataset size after filtering: 1280

Loading model...
Loading model from: experiments/01_staleness_features_fixed/sweep_stale_h20_drop0.20_lr5/checkpoints/tft-epoch=49-val_loss=0.3999.ckpt
Model moved to device: cuda

Extracting attention patterns...
Extracting attention patterns...
Total batches to process: 10
  Processed 10/10 batches

Total predictions: 1280
Total actuals: 1280
Attention shape: (1280, 20)
Encoder variables shape: (1280, 7)

Prediction period: 2020-08-19T00:00:00.000000000 to 2025-10-06T00:00:00.000000000
Total predictions: 1280

Creating temporal periods:
  2020: 92 samples
  2021: 250 samples
  2022: 249 samples
  2023: 249 samples
  2024: 250 samples
  2025: 190 samples

Attention over 20 encoder timesteps

Analyzing attention patterns by period...

Comparing attention patterns across periods...

Creating visualizations...
Saved attention heatmap: experiments/01_staleness_features_fixed/sweep_stale_h20_drop0.20_lr5/attention_analysis_year/attention_heatmap.png
Saved attention trends: experiments/01_staleness_features_fixed/sweep_stale_h20_drop0.20_lr5/attention_analysis_year/attention_trends.png
Saved feature importance comparison: experiments/01_staleness_features_fixed/sweep_stale_h20_drop0.20_lr5/attention_analysis_year/temporal_attention_comparison.png

Saving results...
Saved results: experiments/01_staleness_features_fixed/sweep_stale_h20_drop0.20_lr5/attention_analysis_year/attention_analysis_results.json

======================================================================
ATTENTION ANALYSIS SUMMARY
======================================================================

Per-Period Statistics:
----------------------------------------------------------------------

2020:
  Samples: 92
  Entropy: 2.8650 ± 0.1436
  Concentration: 0.0555
  Top 5 features:
    t-1                            0.0851
    t-2                            0.0794
    t-3                            0.0741
    t-4                            0.0695
    t-5                            0.0651

2021:
  Samples: 250
  Entropy: 2.7968 ± 0.2520
  Concentration: 0.0548
  Top 5 features:
    t-1                            0.0769
    t-2                            0.0730
    t-3                            0.0693
    t-4                            0.0660
    t-5                            0.0636

2022:
  Samples: 249
  Entropy: 2.7357 ± 0.2368
  Concentration: 0.0597
  Top 5 features:
    t-1                            0.0931
    t-2                            0.0855
    t-3                            0.0796
    t-4                            0.0745
    t-5                            0.0701

2023:
  Samples: 249
  Entropy: 2.9101 ± 0.0840
  Concentration: 0.0520
  Top 5 features:
    t-1                            0.0644
    t-2                            0.0630
    t-3                            0.0617
    t-4                            0.0605
    t-5                            0.0592

2024:
  Samples: 250
  Entropy: 2.8668 ± 0.2627
  Concentration: 0.0513
  Top 5 features:
    t-1                            0.0662
    t-2                            0.0633
    t-3                            0.0610
    t-4                            0.0591
    t-5                            0.0572

2025:
  Samples: 190
  Entropy: 2.8430 ± 0.2982
  Concentration: 0.0519
  Top 5 features:
    t-1                            0.0702
    t-2                            0.0647
    t-3                            0.0618
    t-4                            0.0596
    t-5                            0.0576

----------------------------------------------------------------------
Period Comparisons:
----------------------------------------------------------------------

2020_vs_2021:
  Cosine similarity: 0.9965
  L2 distance: 0.0198
  Entropy change: -0.0682
  Concentration change: -0.0008

2020_vs_2022:
  Cosine similarity: 0.9945
  L2 distance: 0.0267
  Entropy change: -0.1293
  Concentration change: 0.0041

2020_vs_2023:
  Cosine similarity: 0.9879
  L2 distance: 0.0369
  Entropy change: 0.0451
  Concentration change: -0.0035

2020_vs_2024:
  Cosine similarity: 0.9866
  L2 distance: 0.0389
  Entropy change: 0.0018
  Concentration change: -0.0042

2020_vs_2025:
  Cosine similarity: 0.9901
  L2 distance: 0.0336
  Entropy change: -0.0220
  Concentration change: -0.0036

2021_vs_2022:
  Cosine similarity: 0.9919
  L2 distance: 0.0320
  Entropy change: -0.0611
  Concentration change: 0.0049

2021_vs_2023:
  Cosine similarity: 0.9943
  L2 distance: 0.0253
  Entropy change: 0.1133
  Concentration change: -0.0028

2021_vs_2024:
  Cosine similarity: 0.9891
  L2 distance: 0.0348
  Entropy change: 0.0700
  Concentration change: -0.0035

2021_vs_2025:
  Cosine similarity: 0.9939
  L2 distance: 0.0264
  Entropy change: 0.0461
  Concentration change: -0.0029

2022_vs_2023:
  Cosine similarity: 0.9736
  L2 distance: 0.0566
  Entropy change: 0.1744
  Concentration change: -0.0077

2022_vs_2024:
  Cosine similarity: 0.9672
  L2 distance: 0.0629
  Entropy change: 0.1311
  Concentration change: -0.0084

2022_vs_2025:
  Cosine similarity: 0.9744
  L2 distance: 0.0559
  Entropy change: 0.1073
  Concentration change: -0.0078

2023_vs_2024:
  Cosine similarity: 0.9978
  L2 distance: 0.0152
  Entropy change: -0.0433
  Concentration change: -0.0007

2023_vs_2025:
  Cosine similarity: 0.9992
  L2 distance: 0.0090
  Entropy change: -0.0672
  Concentration change: -0.0001

2024_vs_2025:
  Cosine similarity: 0.9990
  L2 distance: 0.0100
  Entropy change: -0.0239
  Concentration change: 0.0006

======================================================================

Analysis complete!
Results saved to: experiments/01_staleness_features_fixed/sweep_stale_h20_drop0.20_lr5/attention_analysis_year
  - attention_analysis_results.json
  - attention_heatmap.png
  - attention_trends.png
  - temporal_attention_comparison.png
