Logging to: experiments/00_baseline_exploration/sweep2_h16_drop_0.05/attention_analysis_year/attention_analysis_20251027_191350.log
Analysis started at: 2025-10-27 19:13:50
======================================================================
Experiment: 00_baseline_exploration/sweep2_h16_drop_0.05
Output directory: experiments/00_baseline_exploration/sweep2_h16_drop_0.05/attention_analysis_year
Using best checkpoint: experiments/00_baseline_exploration/sweep2_h16_drop_0.05/checkpoints/tft-epoch=01-val_loss=0.1388.ckpt

Loading data...
Loading test data from: data/splits/fixed/core_proposal_daily_fixed_test.csv
  Train samples: 6066
  Test samples: 1300

Preparing test dataset...
Test dataset size after filtering: 1280

Loading model...
Loading model from: experiments/00_baseline_exploration/sweep2_h16_drop_0.05/checkpoints/tft-epoch=01-val_loss=0.1388.ckpt

Extracting attention patterns...
Extracting attention patterns...
Total batches to process: 10
  Processed 10/10 batches

Total predictions: 1280
Total actuals: 1280
Attention shape: (1280, 20)
Encoder variables shape: (1280, 5)

Prediction period: 2020-08-19T00:00:00.000000000 to 2025-10-06T00:00:00.000000000
Total predictions: 1280

Creating temporal periods:
  2020: 92 samples
  2021: 250 samples
  2022: 249 samples
  2023: 249 samples
  2024: 250 samples
  2025: 190 samples

Attention over 20 encoder timesteps

Analyzing attention patterns by period...

Comparing attention patterns across periods...

Creating visualizations...
Saved attention heatmap: experiments/00_baseline_exploration/sweep2_h16_drop_0.05/attention_analysis_year/attention_heatmap.png
Saved attention trends: experiments/00_baseline_exploration/sweep2_h16_drop_0.05/attention_analysis_year/attention_trends.png
Saved feature importance comparison: experiments/00_baseline_exploration/sweep2_h16_drop_0.05/attention_analysis_year/temporal_attention_comparison.png

Saving results...
Saved results: experiments/00_baseline_exploration/sweep2_h16_drop_0.05/attention_analysis_year/attention_analysis_results.json

======================================================================
ATTENTION ANALYSIS SUMMARY
======================================================================

Per-Period Statistics:
----------------------------------------------------------------------

2020:
  Samples: 92
  Entropy: 2.9906 ± 0.0030
  Concentration: 0.0504
  Top 5 features:
    t-1                            0.0611
    t-2                            0.0585
    t-3                            0.0562
    t-20                           0.0548
    t-4                            0.0541

2021:
  Samples: 250
  Entropy: 2.9555 ± 0.0258
  Concentration: 0.0502
  Top 5 features:
    t-1                            0.0566
    t-20                           0.0558
    t-2                            0.0556
    t-3                            0.0545
    t-4                            0.0534

2022:
  Samples: 249
  Entropy: 2.9840 ± 0.0070
  Concentration: 0.0507
  Top 5 features:
    t-20                           0.0688
    t-19                           0.0618
    t-18                           0.0575
    t-17                           0.0534
    t-16                           0.0507

2023:
  Samples: 249
  Entropy: 2.9413 ± 0.0452
  Concentration: 0.0508
  Top 5 features:
    t-1                            0.0603
    t-20                           0.0598
    t-2                            0.0592
    t-3                            0.0580
    t-4                            0.0565

2024:
  Samples: 250
  Entropy: 2.8356 ± 0.1250
  Concentration: 0.0552
  Top 5 features:
    t-1                            0.0836
    t-2                            0.0792
    t-3                            0.0746
    t-4                            0.0700
    t-5                            0.0652

2025:
  Samples: 190
  Entropy: 2.8148 ± 0.1320
  Concentration: 0.0522
  Top 5 features:
    t-1                            0.0723
    t-2                            0.0681
    t-20                           0.0653
    t-3                            0.0638
    t-4                            0.0594

----------------------------------------------------------------------
Period Comparisons:
----------------------------------------------------------------------

2020_vs_2021:
  Cosine similarity: 0.9996
  L2 distance: 0.0063
  Entropy change: -0.0351
  Concentration change: -0.0002

2020_vs_2022:
  Cosine similarity: 0.9900
  L2 distance: 0.0318
  Entropy change: -0.0066
  Concentration change: 0.0003

2020_vs_2023:
  Cosine similarity: 0.9988
  L2 distance: 0.0111
  Entropy change: -0.0493
  Concentration change: 0.0004

2020_vs_2024:
  Cosine similarity: 0.9732
  L2 distance: 0.0542
  Entropy change: -0.1550
  Concentration change: 0.0048

2020_vs_2025:
  Cosine similarity: 0.9930
  L2 distance: 0.0271
  Entropy change: -0.1758
  Concentration change: 0.0018

2021_vs_2022:
  Cosine similarity: 0.9928
  L2 distance: 0.0270
  Entropy change: 0.0284
  Concentration change: 0.0004

2021_vs_2023:
  Cosine similarity: 0.9983
  L2 distance: 0.0131
  Entropy change: -0.0142
  Concentration change: 0.0005

2021_vs_2024:
  Cosine similarity: 0.9676
  L2 distance: 0.0594
  Entropy change: -0.1200
  Concentration change: 0.0050

2021_vs_2025:
  Cosine similarity: 0.9905
  L2 distance: 0.0315
  Entropy change: -0.1408
  Concentration change: 0.0019

2022_vs_2023:
  Cosine similarity: 0.9887
  L2 distance: 0.0339
  Entropy change: -0.0426
  Concentration change: 0.0001

2022_vs_2024:
  Cosine similarity: 0.9354
  L2 distance: 0.0832
  Entropy change: -0.1484
  Concentration change: 0.0045

2022_vs_2025:
  Cosine similarity: 0.9783
  L2 distance: 0.0474
  Entropy change: -0.1692
  Concentration change: 0.0015

2023_vs_2024:
  Cosine similarity: 0.9775
  L2 distance: 0.0497
  Entropy change: -0.1057
  Concentration change: 0.0044

2023_vs_2025:
  Cosine similarity: 0.9958
  L2 distance: 0.0209
  Entropy change: -0.1265
  Concentration change: 0.0014

2024_vs_2025:
  Cosine similarity: 0.9849
  L2 distance: 0.0408
  Entropy change: -0.0208
  Concentration change: -0.0030

======================================================================

Analysis complete!
Results saved to: experiments/00_baseline_exploration/sweep2_h16_drop_0.05/attention_analysis_year
  - attention_analysis_results.json
  - attention_heatmap.png
  - attention_trends.png
  - temporal_attention_comparison.png
