Logging to: experiments/00_baseline_exploration/sweep2_h16_drop_0.05/attention_analysis_year/attention_analysis_20251030_130602.log
Analysis started at: 2025-10-30 13:06:02
======================================================================
Experiment: 00_baseline_exploration/sweep2_h16_drop_0.05
Output directory: experiments/00_baseline_exploration/sweep2_h16_drop_0.05/attention_analysis_year
Using best checkpoint: experiments/00_baseline_exploration/sweep2_h16_drop_0.05/checkpoints/tft-epoch=47-val_loss=0.4025.ckpt

Loading data...
Loading test data from: data/splits/fixed/core_proposal_daily_fixed_test.csv
  Train samples: 6066
  Test samples: 1300

Preparing test dataset...
Test dataset size after filtering: 1280

Loading model...
Loading model from: experiments/00_baseline_exploration/sweep2_h16_drop_0.05/checkpoints/tft-epoch=47-val_loss=0.4025.ckpt
Model moved to device: cuda

Extracting attention patterns...
Extracting attention patterns...
Total batches to process: 10
  Processed 10/10 batches

Total predictions: 1280
Total actuals: 1280
Attention shape: (1280, 20)
Encoder variables shape: (1280, 5)

Prediction period: 2020-08-19T00:00:00.000000000 to 2025-10-06T00:00:00.000000000
Total predictions: 1280

Creating temporal periods:
  2020: 92 samples
  2021: 250 samples
  2022: 249 samples
  2023: 249 samples
  2024: 250 samples
  2025: 190 samples

Attention over 20 encoder timesteps

Analyzing attention patterns by period...

Comparing attention patterns across periods...

Creating visualizations...
Saved attention heatmap: experiments/00_baseline_exploration/sweep2_h16_drop_0.05/attention_analysis_year/attention_heatmap.png
Saved attention trends: experiments/00_baseline_exploration/sweep2_h16_drop_0.05/attention_analysis_year/attention_trends.png
Saved feature importance comparison: experiments/00_baseline_exploration/sweep2_h16_drop_0.05/attention_analysis_year/temporal_attention_comparison.png

Saving results...
Saved results: experiments/00_baseline_exploration/sweep2_h16_drop_0.05/attention_analysis_year/attention_analysis_results.json

======================================================================
ATTENTION ANALYSIS SUMMARY
======================================================================

Per-Period Statistics:
----------------------------------------------------------------------

2020:
  Samples: 92
  Entropy: 2.7263 ± 0.3728
  Concentration: 0.0564
  Top 5 features:
    t-1                            0.0885
    t-2                            0.0796
    t-3                            0.0727
    t-4                            0.0680
    t-5                            0.0646

2021:
  Samples: 250
  Entropy: 2.7565 ± 0.4534
  Concentration: 0.0514
  Top 5 features:
    t-1                            0.0689
    t-2                            0.0647
    t-3                            0.0598
    t-4                            0.0561
    t-5                            0.0548

2022:
  Samples: 249
  Entropy: 2.5077 ± 0.4214
  Concentration: 0.0616
  Top 5 features:
    t-1                            0.0987
    t-2                            0.0842
    t-3                            0.0755
    t-4                            0.0705
    t-5                            0.0673

2023:
  Samples: 249
  Entropy: 2.9158 ± 0.1899
  Concentration: 0.0506
  Top 5 features:
    t-1                            0.0587
    t-2                            0.0571
    t-3                            0.0558
    t-4                            0.0549
    t-5                            0.0542

2024:
  Samples: 250
  Entropy: 2.9192 ± 0.3667
  Concentration: 0.0502
  Top 5 features:
    t-1                            0.0549
    t-2                            0.0547
    t-3                            0.0541
    t-4                            0.0534
    t-5                            0.0523

2025:
  Samples: 190
  Entropy: 2.8277 ± 0.4257
  Concentration: 0.0506
  Top 5 features:
    t-1                            0.0654
    t-2                            0.0573
    t-3                            0.0547
    t-4                            0.0535
    t-5                            0.0524

----------------------------------------------------------------------
Period Comparisons:
----------------------------------------------------------------------

2020_vs_2021:
  Cosine similarity: 0.9830
  L2 distance: 0.0441
  Entropy change: 0.0302
  Concentration change: -0.0050

2020_vs_2022:
  Cosine similarity: 0.9919
  L2 distance: 0.0327
  Entropy change: -0.2186
  Concentration change: 0.0051

2020_vs_2023:
  Cosine similarity: 0.9707
  L2 distance: 0.0574
  Entropy change: 0.1895
  Concentration change: -0.0058

2020_vs_2024:
  Cosine similarity: 0.9571
  L2 distance: 0.0689
  Entropy change: 0.1929
  Concentration change: -0.0063

2020_vs_2025:
  Cosine similarity: 0.9698
  L2 distance: 0.0582
  Entropy change: 0.1014
  Concentration change: -0.0058

2021_vs_2022:
  Cosine similarity: 0.9589
  L2 distance: 0.0713
  Entropy change: -0.2488
  Concentration change: 0.0102

2021_vs_2023:
  Cosine similarity: 0.9978
  L2 distance: 0.0150
  Entropy change: 0.1593
  Concentration change: -0.0007

2021_vs_2024:
  Cosine similarity: 0.9935
  L2 distance: 0.0259
  Entropy change: 0.1627
  Concentration change: -0.0012

2021_vs_2025:
  Cosine similarity: 0.9979
  L2 distance: 0.0149
  Entropy change: 0.0712
  Concentration change: -0.0008

2022_vs_2023:
  Cosine similarity: 0.9431
  L2 distance: 0.0830
  Entropy change: 0.4081
  Concentration change: -0.0109

2022_vs_2024:
  Cosine similarity: 0.9213
  L2 distance: 0.0966
  Entropy change: 0.4115
  Concentration change: -0.0114

2022_vs_2025:
  Cosine similarity: 0.9396
  L2 distance: 0.0853
  Entropy change: 0.3200
  Concentration change: -0.0110

2023_vs_2024:
  Cosine similarity: 0.9977
  L2 distance: 0.0152
  Entropy change: 0.0034
  Concentration change: -0.0005

2023_vs_2025:
  Cosine similarity: 0.9990
  L2 distance: 0.0103
  Entropy change: -0.0881
  Concentration change: -0.0001

2024_vs_2025:
  Cosine similarity: 0.9982
  L2 distance: 0.0134
  Entropy change: -0.0915
  Concentration change: 0.0004

======================================================================

Analysis complete!
Results saved to: experiments/00_baseline_exploration/sweep2_h16_drop_0.05/attention_analysis_year
  - attention_analysis_results.json
  - attention_heatmap.png
  - attention_trends.png
  - temporal_attention_comparison.png
