Logging to: experiments/00_baseline_exploration/sweep2_h16_lr_0.0008/attention_analysis_year/attention_analysis_20251030_130814.log
Analysis started at: 2025-10-30 13:08:14
======================================================================
Experiment: 00_baseline_exploration/sweep2_h16_lr_0.0008
Output directory: experiments/00_baseline_exploration/sweep2_h16_lr_0.0008/attention_analysis_year
Using best checkpoint: experiments/00_baseline_exploration/sweep2_h16_lr_0.0008/checkpoints/tft-epoch=40-val_loss=0.3998.ckpt

Loading data...
Loading test data from: data/splits/fixed/core_proposal_daily_fixed_test.csv
  Train samples: 6066
  Test samples: 1300

Preparing test dataset...
Test dataset size after filtering: 1280

Loading model...
Loading model from: experiments/00_baseline_exploration/sweep2_h16_lr_0.0008/checkpoints/tft-epoch=40-val_loss=0.3998.ckpt
Model moved to device: cuda

Extracting attention patterns...
Extracting attention patterns...
Total batches to process: 10
  Processed 10/10 batches

Total predictions: 1280
Total actuals: 1280
Attention shape: (1280, 20)
Encoder variables shape: (1280, 5)

Prediction period: 2020-08-19T00:00:00.000000000 to 2025-10-06T00:00:00.000000000
Total predictions: 1280

Creating temporal periods:
  2020: 92 samples
  2021: 250 samples
  2022: 249 samples
  2023: 249 samples
  2024: 250 samples
  2025: 190 samples

Attention over 20 encoder timesteps

Analyzing attention patterns by period...

Comparing attention patterns across periods...

Creating visualizations...
Saved attention heatmap: experiments/00_baseline_exploration/sweep2_h16_lr_0.0008/attention_analysis_year/attention_heatmap.png
Saved attention trends: experiments/00_baseline_exploration/sweep2_h16_lr_0.0008/attention_analysis_year/attention_trends.png
Saved feature importance comparison: experiments/00_baseline_exploration/sweep2_h16_lr_0.0008/attention_analysis_year/temporal_attention_comparison.png

Saving results...
Saved results: experiments/00_baseline_exploration/sweep2_h16_lr_0.0008/attention_analysis_year/attention_analysis_results.json

======================================================================
ATTENTION ANALYSIS SUMMARY
======================================================================

Per-Period Statistics:
----------------------------------------------------------------------

2020:
  Samples: 92
  Entropy: 2.7861 ± 0.2553
  Concentration: 0.0510
  Top 5 features:
    t-1                            0.0705
    t-2                            0.0642
    t-3                            0.0593
    t-4                            0.0558
    t-5                            0.0533

2021:
  Samples: 250
  Entropy: 2.7917 ± 0.3729
  Concentration: 0.0504
  Top 5 features:
    t-1                            0.0638
    t-2                            0.0600
    t-3                            0.0555
    t-4                            0.0521
    t-5                            0.0509

2022:
  Samples: 249
  Entropy: 2.5485 ± 0.4207
  Concentration: 0.0524
  Top 5 features:
    t-1                            0.0843
    t-2                            0.0692
    t-3                            0.0611
    t-4                            0.0562
    t-5                            0.0531

2023:
  Samples: 249
  Entropy: 2.9452 ± 0.1216
  Concentration: 0.0501
  Top 5 features:
    t-1                            0.0550
    t-2                            0.0537
    t-3                            0.0525
    t-4                            0.0517
    t-5                            0.0510

2024:
  Samples: 250
  Entropy: 2.9271 ± 0.3185
  Concentration: 0.0501
  Top 5 features:
    t-1                            0.0543
    t-2                            0.0538
    t-3                            0.0534
    t-4                            0.0527
    t-5                            0.0514

2025:
  Samples: 190
  Entropy: 2.8434 ± 0.3798
  Concentration: 0.0501
  Top 5 features:
    t-1                            0.0603
    t-2                            0.0534
    t-3                            0.0512
    t-17                           0.0505
    t-16                           0.0504

----------------------------------------------------------------------
Period Comparisons:
----------------------------------------------------------------------

2020_vs_2021:
  Cosine similarity: 0.9985
  L2 distance: 0.0125
  Entropy change: 0.0056
  Concentration change: -0.0006

2020_vs_2022:
  Cosine similarity: 0.9971
  L2 distance: 0.0175
  Entropy change: -0.2375
  Concentration change: 0.0013

2020_vs_2023:
  Cosine similarity: 0.9944
  L2 distance: 0.0238
  Entropy change: 0.1592
  Concentration change: -0.0010

2020_vs_2024:
  Cosine similarity: 0.9943
  L2 distance: 0.0241
  Entropy change: 0.1411
  Concentration change: -0.0010

2020_vs_2025:
  Cosine similarity: 0.9944
  L2 distance: 0.0238
  Entropy change: 0.0574
  Concentration change: -0.0009

2021_vs_2022:
  Cosine similarity: 0.9921
  L2 distance: 0.0288
  Entropy change: -0.2431
  Concentration change: 0.0019

2021_vs_2023:
  Cosine similarity: 0.9985
  L2 distance: 0.0123
  Entropy change: 0.1536
  Concentration change: -0.0003

2021_vs_2024:
  Cosine similarity: 0.9984
  L2 distance: 0.0127
  Entropy change: 0.1355
  Concentration change: -0.0003

2021_vs_2025:
  Cosine similarity: 0.9985
  L2 distance: 0.0124
  Entropy change: 0.0518
  Concentration change: -0.0003

2022_vs_2023:
  Cosine similarity: 0.9844
  L2 distance: 0.0403
  Entropy change: 0.3967
  Concentration change: -0.0023

2022_vs_2024:
  Cosine similarity: 0.9840
  L2 distance: 0.0408
  Entropy change: 0.3786
  Concentration change: -0.0023

2022_vs_2025:
  Cosine similarity: 0.9851
  L2 distance: 0.0394
  Entropy change: 0.2949
  Concentration change: -0.0022

2023_vs_2024:
  Cosine similarity: 0.9999
  L2 distance: 0.0026
  Entropy change: -0.0181
  Concentration change: 0.0000

2023_vs_2025:
  Cosine similarity: 0.9993
  L2 distance: 0.0083
  Entropy change: -0.1018
  Concentration change: 0.0001

2024_vs_2025:
  Cosine similarity: 0.9992
  L2 distance: 0.0088
  Entropy change: -0.0837
  Concentration change: 0.0001

======================================================================

Analysis complete!
Results saved to: experiments/00_baseline_exploration/sweep2_h16_lr_0.0008/attention_analysis_year
  - attention_analysis_results.json
  - attention_heatmap.png
  - attention_trends.png
  - temporal_attention_comparison.png
