Logging to: experiments/00_baseline_exploration/sweep2_h16_lr_0.0008/attention_analysis_year/attention_analysis_20251027_191435.log
Analysis started at: 2025-10-27 19:14:35
======================================================================
Experiment: 00_baseline_exploration/sweep2_h16_lr_0.0008
Output directory: experiments/00_baseline_exploration/sweep2_h16_lr_0.0008/attention_analysis_year
Using best checkpoint: experiments/00_baseline_exploration/sweep2_h16_lr_0.0008/checkpoints/tft-epoch=01-val_loss=0.1341.ckpt

Loading data...
Loading test data from: data/splits/fixed/core_proposal_daily_fixed_test.csv
  Train samples: 6066
  Test samples: 1300

Preparing test dataset...
Test dataset size after filtering: 1280

Loading model...
Loading model from: experiments/00_baseline_exploration/sweep2_h16_lr_0.0008/checkpoints/tft-epoch=01-val_loss=0.1341.ckpt

Extracting attention patterns...
Extracting attention patterns...
Total batches to process: 10
  Processed 10/10 batches

Total predictions: 1280
Total actuals: 1280
Attention shape: (1280, 20)
Encoder variables shape: (1280, 5)

Prediction period: 2020-08-19T00:00:00.000000000 to 2025-10-06T00:00:00.000000000
Total predictions: 1280

Creating temporal periods:
  2020: 92 samples
  2021: 250 samples
  2022: 249 samples
  2023: 249 samples
  2024: 250 samples
  2025: 190 samples

Attention over 20 encoder timesteps

Analyzing attention patterns by period...

Comparing attention patterns across periods...

Creating visualizations...
Saved attention heatmap: experiments/00_baseline_exploration/sweep2_h16_lr_0.0008/attention_analysis_year/attention_heatmap.png
Saved attention trends: experiments/00_baseline_exploration/sweep2_h16_lr_0.0008/attention_analysis_year/attention_trends.png
Saved feature importance comparison: experiments/00_baseline_exploration/sweep2_h16_lr_0.0008/attention_analysis_year/temporal_attention_comparison.png

Saving results...
Saved results: experiments/00_baseline_exploration/sweep2_h16_lr_0.0008/attention_analysis_year/attention_analysis_results.json

======================================================================
ATTENTION ANALYSIS SUMMARY
======================================================================

Per-Period Statistics:
----------------------------------------------------------------------

2020:
  Samples: 92
  Entropy: 2.9938 ± 0.0014
  Concentration: 0.0501
  Top 5 features:
    t-1                            0.0553
    t-2                            0.0541
    t-20                           0.0537
    t-3                            0.0531
    t-4                            0.0521

2021:
  Samples: 250
  Entropy: 2.9547 ± 0.0266
  Concentration: 0.0501
  Top 5 features:
    t-1                            0.0543
    t-2                            0.0537
    t-20                           0.0533
    t-3                            0.0530
    t-4                            0.0523

2022:
  Samples: 249
  Entropy: 2.9831 ± 0.0083
  Concentration: 0.0506
  Top 5 features:
    t-20                           0.0677
    t-19                           0.0612
    t-18                           0.0575
    t-17                           0.0540
    t-16                           0.0515

2023:
  Samples: 249
  Entropy: 2.9486 ± 0.0429
  Concentration: 0.0506
  Top 5 features:
    t-1                            0.0599
    t-2                            0.0588
    t-3                            0.0575
    t-20                           0.0568
    t-4                            0.0561

2024:
  Samples: 250
  Entropy: 2.8719 ± 0.1140
  Concentration: 0.0528
  Top 5 features:
    t-1                            0.0751
    t-2                            0.0716
    t-3                            0.0680
    t-4                            0.0645
    t-5                            0.0609

2025:
  Samples: 190
  Entropy: 2.8436 ± 0.1199
  Concentration: 0.0509
  Top 5 features:
    t-1                            0.0639
    t-20                           0.0624
    t-2                            0.0611
    t-3                            0.0582
    t-4                            0.0553

----------------------------------------------------------------------
Period Comparisons:
----------------------------------------------------------------------

2020_vs_2021:
  Cosine similarity: 1.0000
  L2 distance: 0.0015
  Entropy change: -0.0391
  Concentration change: -0.0000

2020_vs_2022:
  Cosine similarity: 0.9929
  L2 distance: 0.0268
  Entropy change: -0.0107
  Concentration change: 0.0005

2020_vs_2023:
  Cosine similarity: 0.9979
  L2 distance: 0.0146
  Entropy change: -0.0452
  Concentration change: 0.0005

2020_vs_2024:
  Cosine similarity: 0.9818
  L2 distance: 0.0436
  Entropy change: -0.1219
  Concentration change: 0.0027

2020_vs_2025:
  Cosine similarity: 0.9959
  L2 distance: 0.0206
  Entropy change: -0.1502
  Concentration change: 0.0008

2021_vs_2022:
  Cosine similarity: 0.9931
  L2 distance: 0.0264
  Entropy change: 0.0284
  Concentration change: 0.0005

2021_vs_2023:
  Cosine similarity: 0.9978
  L2 distance: 0.0150
  Entropy change: -0.0061
  Concentration change: 0.0005

2021_vs_2024:
  Cosine similarity: 0.9813
  L2 distance: 0.0442
  Entropy change: -0.0828
  Concentration change: 0.0027

2021_vs_2025:
  Cosine similarity: 0.9956
  L2 distance: 0.0211
  Entropy change: -0.1112
  Concentration change: 0.0008

2022_vs_2023:
  Cosine similarity: 0.9881
  L2 distance: 0.0346
  Entropy change: -0.0345
  Concentration change: -0.0000

2022_vs_2024:
  Cosine similarity: 0.9575
  L2 distance: 0.0665
  Entropy change: -0.1112
  Concentration change: 0.0021

2022_vs_2025:
  Cosine similarity: 0.9891
  L2 distance: 0.0333
  Entropy change: -0.1396
  Concentration change: 0.0003

2023_vs_2024:
  Cosine similarity: 0.9902
  L2 distance: 0.0321
  Entropy change: -0.0767
  Concentration change: 0.0022

2023_vs_2025:
  Cosine similarity: 0.9987
  L2 distance: 0.0114
  Entropy change: -0.1050
  Concentration change: 0.0003

2024_vs_2025:
  Cosine similarity: 0.9880
  L2 distance: 0.0354
  Entropy change: -0.0283
  Concentration change: -0.0019

======================================================================

Analysis complete!
Results saved to: experiments/00_baseline_exploration/sweep2_h16_lr_0.0008/attention_analysis_year
  - attention_analysis_results.json
  - attention_heatmap.png
  - attention_trends.png
  - temporal_attention_comparison.png
