Logging to: experiments/01_staleness_features_fixed/sweep_stale_h12_drop0.20_lr5/attention_analysis_year/attention_analysis_20251030_131233.log
Analysis started at: 2025-10-30 13:12:33
======================================================================
Experiment: 01_staleness_features_fixed/sweep_stale_h12_drop0.20_lr5
Output directory: experiments/01_staleness_features_fixed/sweep_stale_h12_drop0.20_lr5/attention_analysis_year
Using best checkpoint: experiments/01_staleness_features_fixed/sweep_stale_h12_drop0.20_lr5/checkpoints/tft-epoch=69-val_loss=0.3995.ckpt

Loading data...
Loading test data from: data/splits/fixed/core_proposal_daily_fixed_test.csv
Detected staleness features in config, adding to data...
  Train samples: 6066
  Test samples: 1300

Preparing test dataset...
Test dataset size after filtering: 1280

Loading model...
Loading model from: experiments/01_staleness_features_fixed/sweep_stale_h12_drop0.20_lr5/checkpoints/tft-epoch=69-val_loss=0.3995.ckpt
Model moved to device: cuda

Extracting attention patterns...
Extracting attention patterns...
Total batches to process: 10
  Processed 10/10 batches

Total predictions: 1280
Total actuals: 1280
Attention shape: (1280, 20)
Encoder variables shape: (1280, 7)

Prediction period: 2020-08-19T00:00:00.000000000 to 2025-10-06T00:00:00.000000000
Total predictions: 1280

Creating temporal periods:
  2020: 92 samples
  2021: 250 samples
  2022: 249 samples
  2023: 249 samples
  2024: 250 samples
  2025: 190 samples

Attention over 20 encoder timesteps

Analyzing attention patterns by period...

Comparing attention patterns across periods...

Creating visualizations...
Saved attention heatmap: experiments/01_staleness_features_fixed/sweep_stale_h12_drop0.20_lr5/attention_analysis_year/attention_heatmap.png
Saved attention trends: experiments/01_staleness_features_fixed/sweep_stale_h12_drop0.20_lr5/attention_analysis_year/attention_trends.png
Saved feature importance comparison: experiments/01_staleness_features_fixed/sweep_stale_h12_drop0.20_lr5/attention_analysis_year/temporal_attention_comparison.png

Saving results...
Saved results: experiments/01_staleness_features_fixed/sweep_stale_h12_drop0.20_lr5/attention_analysis_year/attention_analysis_results.json

======================================================================
ATTENTION ANALYSIS SUMMARY
======================================================================

Per-Period Statistics:
----------------------------------------------------------------------

2020:
  Samples: 92
  Entropy: 2.9533 ± 0.0469
  Concentration: 0.0502
  Top 5 features:
    t-1                            0.0541
    t-2                            0.0535
    t-3                            0.0530
    t-4                            0.0526
    t-5                            0.0523

2021:
  Samples: 250
  Entropy: 2.9408 ± 0.0786
  Concentration: 0.0504
  Top 5 features:
    t-1                            0.0567
    t-2                            0.0557
    t-3                            0.0547
    t-4                            0.0538
    t-5                            0.0531

2022:
  Samples: 249
  Entropy: 2.9139 ± 0.0712
  Concentration: 0.0510
  Top 5 features:
    t-1                            0.0630
    t-2                            0.0607
    t-3                            0.0587
    t-4                            0.0569
    t-5                            0.0554

2023:
  Samples: 249
  Entropy: 2.9770 ± 0.0256
  Concentration: 0.0501
  Top 5 features:
    t-14                           0.0514
    t-15                           0.0513
    t-13                           0.0512
    t-1                            0.0512
    t-12                           0.0511

2024:
  Samples: 250
  Entropy: 2.9520 ± 0.1344
  Concentration: 0.0502
  Top 5 features:
    t-1                            0.0545
    t-2                            0.0539
    t-3                            0.0533
    t-4                            0.0527
    t-5                            0.0522

2025:
  Samples: 190
  Entropy: 2.8852 ± 0.2615
  Concentration: 0.0501
  Top 5 features:
    t-1                            0.0550
    t-2                            0.0526
    t-3                            0.0514
    t-4                            0.0509
    t-13                           0.0506

----------------------------------------------------------------------
Period Comparisons:
----------------------------------------------------------------------

2020_vs_2021:
  Cosine similarity: 0.9996
  L2 distance: 0.0064
  Entropy change: -0.0125
  Concentration change: 0.0002

2020_vs_2022:
  Cosine similarity: 0.9969
  L2 distance: 0.0179
  Entropy change: -0.0395
  Concentration change: 0.0008

2020_vs_2023:
  Cosine similarity: 0.9995
  L2 distance: 0.0072
  Entropy change: 0.0237
  Concentration change: -0.0001

2020_vs_2024:
  Cosine similarity: 0.9999
  L2 distance: 0.0031
  Entropy change: -0.0014
  Concentration change: -0.0000

2020_vs_2025:
  Cosine similarity: 0.9997
  L2 distance: 0.0058
  Entropy change: -0.0681
  Concentration change: -0.0001

2021_vs_2022:
  Cosine similarity: 0.9986
  L2 distance: 0.0121
  Entropy change: -0.0269
  Concentration change: 0.0005

2021_vs_2023:
  Cosine similarity: 0.9983
  L2 distance: 0.0129
  Entropy change: 0.0362
  Concentration change: -0.0003

2021_vs_2024:
  Cosine similarity: 0.9993
  L2 distance: 0.0084
  Entropy change: 0.0112
  Concentration change: -0.0003

2021_vs_2025:
  Cosine similarity: 0.9987
  L2 distance: 0.0113
  Entropy change: -0.0556
  Concentration change: -0.0003

2022_vs_2023:
  Cosine similarity: 0.9940
  L2 distance: 0.0247
  Entropy change: 0.0631
  Concentration change: -0.0009

2022_vs_2024:
  Cosine similarity: 0.9966
  L2 distance: 0.0186
  Entropy change: 0.0381
  Concentration change: -0.0008

2022_vs_2025:
  Cosine similarity: 0.9952
  L2 distance: 0.0222
  Entropy change: -0.0287
  Concentration change: -0.0009

2023_vs_2024:
  Cosine similarity: 0.9994
  L2 distance: 0.0078
  Entropy change: -0.0250
  Concentration change: 0.0000

2023_vs_2025:
  Cosine similarity: 0.9998
  L2 distance: 0.0049
  Entropy change: -0.0918
  Concentration change: 0.0000

2024_vs_2025:
  Cosine similarity: 0.9997
  L2 distance: 0.0052
  Entropy change: -0.0668
  Concentration change: -0.0000

======================================================================

Analysis complete!
Results saved to: experiments/01_staleness_features_fixed/sweep_stale_h12_drop0.20_lr5/attention_analysis_year
  - attention_analysis_results.json
  - attention_heatmap.png
  - attention_trends.png
  - temporal_attention_comparison.png
