Logging to: experiments/01_staleness_features_fixed/sweep_stale_h22_drop0.35_lr5/attention_analysis_year/attention_analysis_20251030_131935.log
Analysis started at: 2025-10-30 13:19:35
======================================================================
Experiment: 01_staleness_features_fixed/sweep_stale_h22_drop0.35_lr5
Output directory: experiments/01_staleness_features_fixed/sweep_stale_h22_drop0.35_lr5/attention_analysis_year
Using best checkpoint: experiments/01_staleness_features_fixed/sweep_stale_h22_drop0.35_lr5/checkpoints/tft-epoch=56-val_loss=0.3969.ckpt

Loading data...
Loading test data from: data/splits/fixed/core_proposal_daily_fixed_test.csv
Detected staleness features in config, adding to data...
  Train samples: 6066
  Test samples: 1300

Preparing test dataset...
Test dataset size after filtering: 1280

Loading model...
Loading model from: experiments/01_staleness_features_fixed/sweep_stale_h22_drop0.35_lr5/checkpoints/tft-epoch=56-val_loss=0.3969.ckpt
Model moved to device: cuda

Extracting attention patterns...
Extracting attention patterns...
Total batches to process: 10
  Processed 10/10 batches

Total predictions: 1280
Total actuals: 1280
Attention shape: (1280, 20)
Encoder variables shape: (1280, 7)

Prediction period: 2020-08-19T00:00:00.000000000 to 2025-10-06T00:00:00.000000000
Total predictions: 1280

Creating temporal periods:
  2020: 92 samples
  2021: 250 samples
  2022: 249 samples
  2023: 249 samples
  2024: 250 samples
  2025: 190 samples

Attention over 20 encoder timesteps

Analyzing attention patterns by period...

Comparing attention patterns across periods...

Creating visualizations...
Saved attention heatmap: experiments/01_staleness_features_fixed/sweep_stale_h22_drop0.35_lr5/attention_analysis_year/attention_heatmap.png
Saved attention trends: experiments/01_staleness_features_fixed/sweep_stale_h22_drop0.35_lr5/attention_analysis_year/attention_trends.png
Saved feature importance comparison: experiments/01_staleness_features_fixed/sweep_stale_h22_drop0.35_lr5/attention_analysis_year/temporal_attention_comparison.png

Saving results...
Saved results: experiments/01_staleness_features_fixed/sweep_stale_h22_drop0.35_lr5/attention_analysis_year/attention_analysis_results.json

======================================================================
ATTENTION ANALYSIS SUMMARY
======================================================================

Per-Period Statistics:
----------------------------------------------------------------------

2020:
  Samples: 92
  Entropy: 2.7592 ± 0.1690
  Concentration: 0.0603
  Top 5 features:
    t-1                            0.1022
    t-2                            0.0900
    t-3                            0.0801
    t-4                            0.0724
    t-5                            0.0662

2021:
  Samples: 250
  Entropy: 2.6678 ± 0.2864
  Concentration: 0.0647
  Top 5 features:
    t-1                            0.1050
    t-2                            0.0956
    t-3                            0.0875
    t-4                            0.0807
    t-5                            0.0749

2022:
  Samples: 249
  Entropy: 2.5911 ± 0.3190
  Concentration: 0.0689
  Top 5 features:
    t-1                            0.1300
    t-2                            0.1064
    t-3                            0.0897
    t-4                            0.0774
    t-5                            0.0682

2023:
  Samples: 249
  Entropy: 2.7681 ± 0.1750
  Concentration: 0.0624
  Top 5 features:
    t-1                            0.0873
    t-2                            0.0845
    t-3                            0.0818
    t-4                            0.0790
    t-5                            0.0760

2024:
  Samples: 250
  Entropy: 2.7564 ± 0.2416
  Concentration: 0.0580
  Top 5 features:
    t-1                            0.0794
    t-2                            0.0758
    t-3                            0.0735
    t-4                            0.0716
    t-5                            0.0697

2025:
  Samples: 190
  Entropy: 2.7184 ± 0.2590
  Concentration: 0.0615
  Top 5 features:
    t-1                            0.0886
    t-2                            0.0827
    t-3                            0.0787
    t-4                            0.0755
    t-5                            0.0723

----------------------------------------------------------------------
Period Comparisons:
----------------------------------------------------------------------

2020_vs_2021:
  Cosine similarity: 0.9938
  L2 distance: 0.0292
  Entropy change: -0.0914
  Concentration change: 0.0044

2020_vs_2022:
  Cosine similarity: 0.9908
  L2 distance: 0.0385
  Entropy change: -0.1681
  Concentration change: 0.0086

2020_vs_2023:
  Cosine similarity: 0.9883
  L2 distance: 0.0382
  Entropy change: 0.0089
  Concentration change: 0.0021

2020_vs_2024:
  Cosine similarity: 0.9878
  L2 distance: 0.0383
  Entropy change: -0.0028
  Concentration change: -0.0023

2020_vs_2025:
  Cosine similarity: 0.9898
  L2 distance: 0.0354
  Entropy change: -0.0408
  Concentration change: 0.0012

2021_vs_2022:
  Cosine similarity: 0.9911
  L2 distance: 0.0355
  Entropy change: -0.0767
  Concentration change: 0.0042

2021_vs_2023:
  Cosine similarity: 0.9940
  L2 distance: 0.0279
  Entropy change: 0.1003
  Concentration change: -0.0023

2021_vs_2024:
  Cosine similarity: 0.9856
  L2 distance: 0.0442
  Entropy change: 0.0886
  Concentration change: -0.0068

2021_vs_2025:
  Cosine similarity: 0.9918
  L2 distance: 0.0327
  Entropy change: 0.0506
  Concentration change: -0.0032

2022_vs_2023:
  Cosine similarity: 0.9752
  L2 distance: 0.0584
  Entropy change: 0.1770
  Concentration change: -0.0065

2022_vs_2024:
  Cosine similarity: 0.9652
  L2 distance: 0.0698
  Entropy change: 0.1653
  Concentration change: -0.0110

2022_vs_2025:
  Cosine similarity: 0.9754
  L2 distance: 0.0584
  Entropy change: 0.1273
  Concentration change: -0.0074

2023_vs_2024:
  Cosine similarity: 0.9959
  L2 distance: 0.0239
  Entropy change: -0.0117
  Concentration change: -0.0044

2023_vs_2025:
  Cosine similarity: 0.9990
  L2 distance: 0.0112
  Entropy change: -0.0497
  Concentration change: -0.0009

2024_vs_2025:
  Cosine similarity: 0.9973
  L2 distance: 0.0195
  Entropy change: -0.0380
  Concentration change: 0.0036

======================================================================

Analysis complete!
Results saved to: experiments/01_staleness_features_fixed/sweep_stale_h22_drop0.35_lr5/attention_analysis_year
  - attention_analysis_results.json
  - attention_heatmap.png
  - attention_trends.png
  - temporal_attention_comparison.png
