Logging to: experiments/01_staleness_features_fixed/sweep_stale_h22_drop0.35_lr5/attention_analysis_year/attention_analysis_20251027_194024.log
Analysis started at: 2025-10-27 19:40:24
======================================================================
Experiment: 01_staleness_features_fixed/sweep_stale_h22_drop0.35_lr5
Output directory: experiments/01_staleness_features_fixed/sweep_stale_h22_drop0.35_lr5/attention_analysis_year
Using best checkpoint: experiments/01_staleness_features_fixed/sweep_stale_h22_drop0.35_lr5/checkpoints/tft-epoch=02-val_loss=0.1391.ckpt

Loading data...
Loading test data from: data/splits/fixed/core_proposal_daily_fixed_test.csv
Detected staleness features in config, adding to data...
  Train samples: 6066
  Test samples: 1300

Preparing test dataset...
Test dataset size after filtering: 1280

Loading model...
Loading model from: experiments/01_staleness_features_fixed/sweep_stale_h22_drop0.35_lr5/checkpoints/tft-epoch=02-val_loss=0.1391.ckpt

Extracting attention patterns...
Extracting attention patterns...
Total batches to process: 10
  Processed 10/10 batches

Total predictions: 1280
Total actuals: 1280
Attention shape: (1280, 20)
Encoder variables shape: (1280, 7)

Prediction period: 2020-08-19T00:00:00.000000000 to 2025-10-06T00:00:00.000000000
Total predictions: 1280

Creating temporal periods:
  2020: 92 samples
  2021: 250 samples
  2022: 249 samples
  2023: 249 samples
  2024: 250 samples
  2025: 190 samples

Attention over 20 encoder timesteps

Analyzing attention patterns by period...

Comparing attention patterns across periods...

Creating visualizations...
Saved attention heatmap: experiments/01_staleness_features_fixed/sweep_stale_h22_drop0.35_lr5/attention_analysis_year/attention_heatmap.png
Saved attention trends: experiments/01_staleness_features_fixed/sweep_stale_h22_drop0.35_lr5/attention_analysis_year/attention_trends.png
Saved feature importance comparison: experiments/01_staleness_features_fixed/sweep_stale_h22_drop0.35_lr5/attention_analysis_year/temporal_attention_comparison.png

Saving results...
Saved results: experiments/01_staleness_features_fixed/sweep_stale_h22_drop0.35_lr5/attention_analysis_year/attention_analysis_results.json

======================================================================
ATTENTION ANALYSIS SUMMARY
======================================================================

Per-Period Statistics:
----------------------------------------------------------------------

2020:
  Samples: 92
  Entropy: 2.9447 ± 0.0497
  Concentration: 0.0501
  Top 5 features:
    t-20                           0.0575
    t-1                            0.0522
    t-2                            0.0516
    t-3                            0.0511
    t-19                           0.0510

2021:
  Samples: 250
  Entropy: 2.9585 ± 0.0330
  Concentration: 0.0501
  Top 5 features:
    t-20                           0.0533
    t-1                            0.0532
    t-2                            0.0528
    t-3                            0.0524
    t-4                            0.0520

2022:
  Samples: 249
  Entropy: 2.9781 ± 0.0101
  Concentration: 0.0502
  Top 5 features:
    t-1                            0.0553
    t-2                            0.0546
    t-20                           0.0541
    t-3                            0.0539
    t-4                            0.0532

2023:
  Samples: 249
  Entropy: 2.9848 ± 0.0048
  Concentration: 0.0501
  Top 5 features:
    t-20                           0.0541
    t-1                            0.0523
    t-2                            0.0521
    t-3                            0.0518
    t-4                            0.0515

2024:
  Samples: 250
  Entropy: 2.9881 ± 0.0039
  Concentration: 0.0500
  Top 5 features:
    t-20                           0.0536
    t-1                            0.0514
    t-2                            0.0512
    t-3                            0.0510
    t-4                            0.0508

2025:
  Samples: 190
  Entropy: 2.9852 ± 0.0049
  Concentration: 0.0500
  Top 5 features:
    t-20                           0.0547
    t-1                            0.0512
    t-2                            0.0510
    t-3                            0.0508
    t-4                            0.0506

----------------------------------------------------------------------
Period Comparisons:
----------------------------------------------------------------------

2020_vs_2021:
  Cosine similarity: 0.9995
  L2 distance: 0.0068
  Entropy change: 0.0137
  Concentration change: -0.0000

2020_vs_2022:
  Cosine similarity: 0.9990
  L2 distance: 0.0099
  Entropy change: 0.0333
  Concentration change: 0.0001

2020_vs_2023:
  Cosine similarity: 0.9998
  L2 distance: 0.0045
  Entropy change: 0.0401
  Concentration change: -0.0000

2020_vs_2024:
  Cosine similarity: 0.9998
  L2 distance: 0.0045
  Entropy change: 0.0434
  Concentration change: -0.0001

2020_vs_2025:
  Cosine similarity: 0.9999
  L2 distance: 0.0034
  Entropy change: 0.0404
  Concentration change: -0.0001

2021_vs_2022:
  Cosine similarity: 0.9997
  L2 distance: 0.0051
  Entropy change: 0.0196
  Concentration change: 0.0001

2021_vs_2023:
  Cosine similarity: 0.9999
  L2 distance: 0.0027
  Entropy change: 0.0264
  Concentration change: -0.0000

2021_vs_2024:
  Cosine similarity: 0.9998
  L2 distance: 0.0049
  Entropy change: 0.0297
  Concentration change: -0.0001

2021_vs_2025:
  Cosine similarity: 0.9996
  L2 distance: 0.0060
  Entropy change: 0.0267
  Concentration change: -0.0000

2022_vs_2023:
  Cosine similarity: 0.9995
  L2 distance: 0.0070
  Entropy change: 0.0067
  Concentration change: -0.0001

2022_vs_2024:
  Cosine similarity: 0.9991
  L2 distance: 0.0095
  Entropy change: 0.0100
  Concentration change: -0.0002

2022_vs_2025:
  Cosine similarity: 0.9989
  L2 distance: 0.0104
  Entropy change: 0.0071
  Concentration change: -0.0002

2023_vs_2024:
  Cosine similarity: 0.9999
  L2 distance: 0.0026
  Entropy change: 0.0033
  Concentration change: -0.0000

2023_vs_2025:
  Cosine similarity: 0.9999
  L2 distance: 0.0034
  Entropy change: 0.0004
  Concentration change: -0.0000

2024_vs_2025:
  Cosine similarity: 1.0000
  L2 distance: 0.0016
  Entropy change: -0.0029
  Concentration change: 0.0000

======================================================================

Analysis complete!
Results saved to: experiments/01_staleness_features_fixed/sweep_stale_h22_drop0.35_lr5/attention_analysis_year
  - attention_analysis_results.json
  - attention_heatmap.png
  - attention_trends.png
  - temporal_attention_comparison.png
