Logging to: experiments/01_staleness_features_fixed/sweep_stale_h16_drop0.20_lr3/attention_analysis_year/attention_analysis_20251030_131455.log
Analysis started at: 2025-10-30 13:14:55
======================================================================
Experiment: 01_staleness_features_fixed/sweep_stale_h16_drop0.20_lr3
Output directory: experiments/01_staleness_features_fixed/sweep_stale_h16_drop0.20_lr3/attention_analysis_year
Using best checkpoint: experiments/01_staleness_features_fixed/sweep_stale_h16_drop0.20_lr3/checkpoints/tft-epoch=98-val_loss=0.3978.ckpt

Loading data...
Loading test data from: data/splits/fixed/core_proposal_daily_fixed_test.csv
Detected staleness features in config, adding to data...
  Train samples: 6066
  Test samples: 1300

Preparing test dataset...
Test dataset size after filtering: 1280

Loading model...
Loading model from: experiments/01_staleness_features_fixed/sweep_stale_h16_drop0.20_lr3/checkpoints/tft-epoch=98-val_loss=0.3978.ckpt
Model moved to device: cuda

Extracting attention patterns...
Extracting attention patterns...
Total batches to process: 10
  Processed 10/10 batches

Total predictions: 1280
Total actuals: 1280
Attention shape: (1280, 20)
Encoder variables shape: (1280, 7)

Prediction period: 2020-08-19T00:00:00.000000000 to 2025-10-06T00:00:00.000000000
Total predictions: 1280

Creating temporal periods:
  2020: 92 samples
  2021: 250 samples
  2022: 249 samples
  2023: 249 samples
  2024: 250 samples
  2025: 190 samples

Attention over 20 encoder timesteps

Analyzing attention patterns by period...

Comparing attention patterns across periods...

Creating visualizations...
Saved attention heatmap: experiments/01_staleness_features_fixed/sweep_stale_h16_drop0.20_lr3/attention_analysis_year/attention_heatmap.png
Saved attention trends: experiments/01_staleness_features_fixed/sweep_stale_h16_drop0.20_lr3/attention_analysis_year/attention_trends.png
Saved feature importance comparison: experiments/01_staleness_features_fixed/sweep_stale_h16_drop0.20_lr3/attention_analysis_year/temporal_attention_comparison.png

Saving results...
Saved results: experiments/01_staleness_features_fixed/sweep_stale_h16_drop0.20_lr3/attention_analysis_year/attention_analysis_results.json

======================================================================
ATTENTION ANALYSIS SUMMARY
======================================================================

Per-Period Statistics:
----------------------------------------------------------------------

2020:
  Samples: 92
  Entropy: 2.6323 ± 0.3444
  Concentration: 0.0639
  Top 5 features:
    t-1                            0.1265
    t-2                            0.1019
    t-3                            0.0833
    t-4                            0.0700
    t-5                            0.0602

2021:
  Samples: 250
  Entropy: 2.6833 ± 0.3709
  Concentration: 0.0530
  Top 5 features:
    t-1                            0.0826
    t-2                            0.0726
    t-3                            0.0648
    t-4                            0.0591
    t-5                            0.0554

2022:
  Samples: 249
  Entropy: 2.7300 ± 0.2580
  Concentration: 0.0572
  Top 5 features:
    t-1                            0.0935
    t-2                            0.0826
    t-3                            0.0744
    t-4                            0.0681
    t-5                            0.0631

2023:
  Samples: 249
  Entropy: 2.8965 ± 0.1237
  Concentration: 0.0506
  Top 5 features:
    t-1                            0.0591
    t-2                            0.0575
    t-3                            0.0562
    t-4                            0.0552
    t-5                            0.0543

2024:
  Samples: 250
  Entropy: 2.8127 ± 0.4114
  Concentration: 0.0512
  Top 5 features:
    t-1                            0.0672
    t-2                            0.0638
    t-3                            0.0614
    t-4                            0.0592
    t-5                            0.0568

2025:
  Samples: 190
  Entropy: 2.7605 ± 0.4216
  Concentration: 0.0508
  Top 5 features:
    t-1                            0.0692
    t-2                            0.0595
    t-3                            0.0552
    t-4                            0.0526
    t-5                            0.0507

----------------------------------------------------------------------
Period Comparisons:
----------------------------------------------------------------------

2020_vs_2021:
  Cosine similarity: 0.9684
  L2 distance: 0.0647
  Entropy change: 0.0510
  Concentration change: -0.0109

2020_vs_2022:
  Cosine similarity: 0.9855
  L2 distance: 0.0440
  Entropy change: 0.0977
  Concentration change: -0.0066

2020_vs_2023:
  Cosine similarity: 0.9231
  L2 distance: 0.0976
  Entropy change: 0.2643
  Concentration change: -0.0132

2020_vs_2024:
  Cosine similarity: 0.9435
  L2 distance: 0.0846
  Entropy change: 0.1805
  Concentration change: -0.0126

2020_vs_2025:
  Cosine similarity: 0.9323
  L2 distance: 0.0920
  Entropy change: 0.1282
  Concentration change: -0.0131

2021_vs_2022:
  Cosine similarity: 0.9906
  L2 distance: 0.0334
  Entropy change: 0.0467
  Concentration change: 0.0043

2021_vs_2023:
  Cosine similarity: 0.9896
  L2 distance: 0.0332
  Entropy change: 0.2133
  Concentration change: -0.0024

2021_vs_2024:
  Cosine similarity: 0.9952
  L2 distance: 0.0227
  Entropy change: 0.1295
  Concentration change: -0.0017

2021_vs_2025:
  Cosine similarity: 0.9924
  L2 distance: 0.0286
  Entropy change: 0.0772
  Concentration change: -0.0022

2022_vs_2023:
  Cosine similarity: 0.9665
  L2 distance: 0.0617
  Entropy change: 0.1666
  Concentration change: -0.0066

2022_vs_2024:
  Cosine similarity: 0.9778
  L2 distance: 0.0507
  Entropy change: 0.0828
  Concentration change: -0.0060

2022_vs_2025:
  Cosine similarity: 0.9676
  L2 distance: 0.0607
  Entropy change: 0.0305
  Concentration change: -0.0065

2023_vs_2024:
  Cosine similarity: 0.9976
  L2 distance: 0.0158
  Entropy change: -0.0838
  Concentration change: 0.0006

2023_vs_2025:
  Cosine similarity: 0.9981
  L2 distance: 0.0139
  Entropy change: -0.1361
  Concentration change: 0.0002

2024_vs_2025:
  Cosine similarity: 0.9969
  L2 distance: 0.0179
  Entropy change: -0.0523
  Concentration change: -0.0005

======================================================================

Analysis complete!
Results saved to: experiments/01_staleness_features_fixed/sweep_stale_h16_drop0.20_lr3/attention_analysis_year
  - attention_analysis_results.json
  - attention_heatmap.png
  - attention_trends.png
  - temporal_attention_comparison.png
