Logging to: experiments/00_baseline_exploration/sweep2_h16_enc_40/attention_analysis_year/attention_analysis_20251027_191411.log
Analysis started at: 2025-10-27 19:14:11
======================================================================
Experiment: 00_baseline_exploration/sweep2_h16_enc_40
Output directory: experiments/00_baseline_exploration/sweep2_h16_enc_40/attention_analysis_year
Using best checkpoint: experiments/00_baseline_exploration/sweep2_h16_enc_40/checkpoints/tft-epoch=01-val_loss=0.1277.ckpt

Loading data...
Loading test data from: data/splits/fixed/core_proposal_daily_fixed_test.csv
  Train samples: 6066
  Test samples: 1300

Preparing test dataset...
Test dataset size after filtering: 1260

Loading model...
Loading model from: experiments/00_baseline_exploration/sweep2_h16_enc_40/checkpoints/tft-epoch=01-val_loss=0.1277.ckpt

Extracting attention patterns...
Extracting attention patterns...
Total batches to process: 10
  Processed 10/10 batches

Total predictions: 1260
Total actuals: 1260
Attention shape: (1260, 40)
Encoder variables shape: (1260, 5)

Prediction period: 2020-09-17T00:00:00.000000000 to 2025-10-06T00:00:00.000000000
Total predictions: 1260

Creating temporal periods:
  2020: 72 samples
  2021: 250 samples
  2022: 249 samples
  2023: 249 samples
  2024: 250 samples
  2025: 190 samples

Attention over 40 encoder timesteps

Analyzing attention patterns by period...

Comparing attention patterns across periods...

Creating visualizations...
Saved attention heatmap: experiments/00_baseline_exploration/sweep2_h16_enc_40/attention_analysis_year/attention_heatmap.png
Saved attention trends: experiments/00_baseline_exploration/sweep2_h16_enc_40/attention_analysis_year/attention_trends.png
Saved feature importance comparison: experiments/00_baseline_exploration/sweep2_h16_enc_40/attention_analysis_year/temporal_attention_comparison.png

Saving results...
Saved results: experiments/00_baseline_exploration/sweep2_h16_enc_40/attention_analysis_year/attention_analysis_results.json

======================================================================
ATTENTION ANALYSIS SUMMARY
======================================================================

Per-Period Statistics:
----------------------------------------------------------------------

2020:
  Samples: 72
  Entropy: 3.6834 ± 0.0018
  Concentration: 0.0252
  Top 5 features:
    t-1                            0.0314
    t-2                            0.0307
    t-3                            0.0300
    t-4                            0.0293
    t-5                            0.0287

2021:
  Samples: 250
  Entropy: 3.6263 ± 0.0394
  Concentration: 0.0252
  Top 5 features:
    t-40                           0.0291
    t-1                            0.0288
    t-2                            0.0286
    t-3                            0.0284
    t-4                            0.0282

2022:
  Samples: 249
  Entropy: 3.6762 ± 0.0112
  Concentration: 0.0251
  Top 5 features:
    t-40                           0.0330
    t-39                           0.0303
    t-38                           0.0288
    t-37                           0.0272
    t-36                           0.0260

2023:
  Samples: 249
  Entropy: 3.6186 ± 0.0640
  Concentration: 0.0254
  Top 5 features:
    t-40                           0.0346
    t-39                           0.0304
    t-1                            0.0288
    t-2                            0.0286
    t-3                            0.0284

2024:
  Samples: 250
  Entropy: 3.4851 ± 0.1370
  Concentration: 0.0276
  Top 5 features:
    t-1                            0.0431
    t-2                            0.0419
    t-3                            0.0407
    t-4                            0.0396
    t-5                            0.0384

2025:
  Samples: 190
  Entropy: 3.4249 ± 0.1508
  Concentration: 0.0261
  Top 5 features:
    t-40                           0.0395
    t-1                            0.0360
    t-2                            0.0349
    t-3                            0.0337
    t-4                            0.0325

----------------------------------------------------------------------
Period Comparisons:
----------------------------------------------------------------------

2020_vs_2021:
  Cosine similarity: 0.9995
  L2 distance: 0.0049
  Entropy change: -0.0570
  Concentration change: -0.0001

2020_vs_2022:
  Cosine similarity: 0.9939
  L2 distance: 0.0175
  Entropy change: -0.0072
  Concentration change: -0.0001

2020_vs_2023:
  Cosine similarity: 0.9975
  L2 distance: 0.0112
  Entropy change: -0.0648
  Concentration change: 0.0001

2020_vs_2024:
  Cosine similarity: 0.9742
  L2 distance: 0.0377
  Entropy change: -0.1983
  Concentration change: 0.0024

2020_vs_2025:
  Cosine similarity: 0.9917
  L2 distance: 0.0208
  Entropy change: -0.2584
  Concentration change: 0.0009

2021_vs_2022:
  Cosine similarity: 0.9961
  L2 distance: 0.0140
  Entropy change: 0.0498
  Concentration change: -0.0000

2021_vs_2023:
  Cosine similarity: 0.9986
  L2 distance: 0.0083
  Entropy change: -0.0077
  Concentration change: 0.0002

2021_vs_2024:
  Cosine similarity: 0.9699
  L2 distance: 0.0406
  Entropy change: -0.1412
  Concentration change: 0.0025

2021_vs_2025:
  Cosine similarity: 0.9911
  L2 distance: 0.0216
  Entropy change: -0.2014
  Concentration change: 0.0010

2022_vs_2023:
  Cosine similarity: 0.9960
  L2 distance: 0.0143
  Entropy change: -0.0576
  Concentration change: 0.0002

2022_vs_2024:
  Cosine similarity: 0.9455
  L2 distance: 0.0542
  Entropy change: -0.1911
  Concentration change: 0.0025

2022_vs_2025:
  Cosine similarity: 0.9836
  L2 distance: 0.0292
  Entropy change: -0.2512
  Concentration change: 0.0010

2023_vs_2024:
  Cosine similarity: 0.9683
  L2 distance: 0.0416
  Entropy change: -0.1335
  Concentration change: 0.0023

2023_vs_2025:
  Cosine similarity: 0.9944
  L2 distance: 0.0171
  Entropy change: -0.1937
  Concentration change: 0.0008

2024_vs_2025:
  Cosine similarity: 0.9777
  L2 distance: 0.0349
  Entropy change: -0.0602
  Concentration change: -0.0015

======================================================================

Analysis complete!
Results saved to: experiments/00_baseline_exploration/sweep2_h16_enc_40/attention_analysis_year
  - attention_analysis_results.json
  - attention_heatmap.png
  - attention_trends.png
  - temporal_attention_comparison.png
