Logging to: experiments/00_baseline_exploration/sweep2_h16_enc_40/attention_analysis_year/attention_analysis_20251030_130707.log
Analysis started at: 2025-10-30 13:07:07
======================================================================
Experiment: 00_baseline_exploration/sweep2_h16_enc_40
Output directory: experiments/00_baseline_exploration/sweep2_h16_enc_40/attention_analysis_year
Using best checkpoint: experiments/00_baseline_exploration/sweep2_h16_enc_40/checkpoints/tft-epoch=48-val_loss=0.4053.ckpt

Loading data...
Loading test data from: data/splits/fixed/core_proposal_daily_fixed_test.csv
  Train samples: 6066
  Test samples: 1300

Preparing test dataset...
Test dataset size after filtering: 1260

Loading model...
Loading model from: experiments/00_baseline_exploration/sweep2_h16_enc_40/checkpoints/tft-epoch=48-val_loss=0.4053.ckpt
Model moved to device: cuda

Extracting attention patterns...
Extracting attention patterns...
Total batches to process: 10
  Processed 10/10 batches

Total predictions: 1260
Total actuals: 1260
Attention shape: (1260, 40)
Encoder variables shape: (1260, 5)

Prediction period: 2020-09-17T00:00:00.000000000 to 2025-10-06T00:00:00.000000000
Total predictions: 1260

Creating temporal periods:
  2020: 72 samples
  2021: 250 samples
  2022: 249 samples
  2023: 249 samples
  2024: 250 samples
  2025: 190 samples

Attention over 40 encoder timesteps

Analyzing attention patterns by period...

Comparing attention patterns across periods...

Creating visualizations...
Saved attention heatmap: experiments/00_baseline_exploration/sweep2_h16_enc_40/attention_analysis_year/attention_heatmap.png
Saved attention trends: experiments/00_baseline_exploration/sweep2_h16_enc_40/attention_analysis_year/attention_trends.png
Saved feature importance comparison: experiments/00_baseline_exploration/sweep2_h16_enc_40/attention_analysis_year/temporal_attention_comparison.png

Saving results...
Saved results: experiments/00_baseline_exploration/sweep2_h16_enc_40/attention_analysis_year/attention_analysis_results.json

======================================================================
ATTENTION ANALYSIS SUMMARY
======================================================================

Per-Period Statistics:
----------------------------------------------------------------------

2020:
  Samples: 72
  Entropy: 3.5990 ± 0.1280
  Concentration: 0.0252
  Top 5 features:
    t-1                            0.0319
    t-2                            0.0314
    t-3                            0.0304
    t-4                            0.0291
    t-5                            0.0280

2021:
  Samples: 250
  Entropy: 3.5965 ± 0.2392
  Concentration: 0.0252
  Top 5 features:
    t-1                            0.0330
    t-2                            0.0318
    t-3                            0.0300
    t-4                            0.0280
    t-5                            0.0266

2022:
  Samples: 249
  Entropy: 3.3372 ± 0.3139
  Concentration: 0.0256
  Top 5 features:
    t-1                            0.0370
    t-2                            0.0350
    t-3                            0.0330
    t-4                            0.0311
    t-5                            0.0295

2023:
  Samples: 249
  Entropy: 3.6637 ± 0.0573
  Concentration: 0.0250
  Top 5 features:
    t-1                            0.0269
    t-2                            0.0267
    t-3                            0.0265
    t-4                            0.0261
    t-5                            0.0259

2024:
  Samples: 250
  Entropy: 3.6439 ± 0.2434
  Concentration: 0.0251
  Top 5 features:
    t-1                            0.0293
    t-2                            0.0292
    t-3                            0.0286
    t-4                            0.0276
    t-5                            0.0263

2025:
  Samples: 190
  Entropy: 3.5420 ± 0.4440
  Concentration: 0.0255
  Top 5 features:
    t-1                            0.0377
    t-2                            0.0337
    t-3                            0.0318
    t-4                            0.0307
    t-5                            0.0293

----------------------------------------------------------------------
Period Comparisons:
----------------------------------------------------------------------

2020_vs_2021:
  Cosine similarity: 0.9996
  L2 distance: 0.0047
  Entropy change: -0.0024
  Concentration change: -0.0000

2020_vs_2022:
  Cosine similarity: 0.9968
  L2 distance: 0.0128
  Entropy change: -0.2618
  Concentration change: 0.0004

2020_vs_2023:
  Cosine similarity: 0.9980
  L2 distance: 0.0100
  Entropy change: 0.0647
  Concentration change: -0.0002

2020_vs_2024:
  Cosine similarity: 0.9991
  L2 distance: 0.0066
  Entropy change: 0.0449
  Concentration change: -0.0001

2020_vs_2025:
  Cosine similarity: 0.9987
  L2 distance: 0.0081
  Entropy change: -0.0570
  Concentration change: 0.0003

2021_vs_2022:
  Cosine similarity: 0.9971
  L2 distance: 0.0121
  Entropy change: -0.2593
  Concentration change: 0.0004

2021_vs_2023:
  Cosine similarity: 0.9981
  L2 distance: 0.0097
  Entropy change: 0.0672
  Concentration change: -0.0002

2021_vs_2024:
  Cosine similarity: 0.9988
  L2 distance: 0.0077
  Entropy change: 0.0473
  Concentration change: -0.0001

2021_vs_2025:
  Cosine similarity: 0.9982
  L2 distance: 0.0097
  Entropy change: -0.0546
  Concentration change: 0.0003

2022_vs_2023:
  Cosine similarity: 0.9925
  L2 distance: 0.0196
  Entropy change: 0.3265
  Concentration change: -0.0005

2022_vs_2024:
  Cosine similarity: 0.9936
  L2 distance: 0.0180
  Entropy change: 0.3066
  Concentration change: -0.0005

2022_vs_2025:
  Cosine similarity: 0.9979
  L2 distance: 0.0105
  Entropy change: 0.2048
  Concentration change: -0.0001

2023_vs_2024:
  Cosine similarity: 0.9992
  L2 distance: 0.0063
  Entropy change: -0.0198
  Concentration change: 0.0001

2023_vs_2025:
  Cosine similarity: 0.9940
  L2 distance: 0.0175
  Entropy change: -0.1217
  Concentration change: 0.0004

2024_vs_2025:
  Cosine similarity: 0.9962
  L2 distance: 0.0139
  Entropy change: -0.1019
  Concentration change: 0.0004

======================================================================

Analysis complete!
Results saved to: experiments/00_baseline_exploration/sweep2_h16_enc_40/attention_analysis_year
  - attention_analysis_results.json
  - attention_heatmap.png
  - attention_trends.png
  - temporal_attention_comparison.png
