Logging to: experiments/00_baseline_exploration/sweep_dropout_0.1/attention_analysis_year/attention_analysis_20251030_130940.log
Analysis started at: 2025-10-30 13:09:40
======================================================================
Experiment: 00_baseline_exploration/sweep_dropout_0.1
Output directory: experiments/00_baseline_exploration/sweep_dropout_0.1/attention_analysis_year
Using best checkpoint: experiments/00_baseline_exploration/sweep_dropout_0.1/checkpoints/tft-epoch=41-val_loss=0.3969.ckpt

Loading data...
Loading test data from: data/splits/fixed/core_proposal_daily_fixed_test.csv
  Train samples: 6066
  Test samples: 1300

Preparing test dataset...
Test dataset size after filtering: 1280

Loading model...
Loading model from: experiments/00_baseline_exploration/sweep_dropout_0.1/checkpoints/tft-epoch=41-val_loss=0.3969.ckpt
Model moved to device: cuda

Extracting attention patterns...
Extracting attention patterns...
Total batches to process: 10
  Processed 10/10 batches

Total predictions: 1280
Total actuals: 1280
Attention shape: (1280, 20)
Encoder variables shape: (1280, 5)

Prediction period: 2020-08-19T00:00:00.000000000 to 2025-10-06T00:00:00.000000000
Total predictions: 1280

Creating temporal periods:
  2020: 92 samples
  2021: 250 samples
  2022: 249 samples
  2023: 249 samples
  2024: 250 samples
  2025: 190 samples

Attention over 20 encoder timesteps

Analyzing attention patterns by period...

Comparing attention patterns across periods...

Creating visualizations...
Saved attention heatmap: experiments/00_baseline_exploration/sweep_dropout_0.1/attention_analysis_year/attention_heatmap.png
Saved attention trends: experiments/00_baseline_exploration/sweep_dropout_0.1/attention_analysis_year/attention_trends.png
Saved feature importance comparison: experiments/00_baseline_exploration/sweep_dropout_0.1/attention_analysis_year/temporal_attention_comparison.png

Saving results...
Saved results: experiments/00_baseline_exploration/sweep_dropout_0.1/attention_analysis_year/attention_analysis_results.json

======================================================================
ATTENTION ANALYSIS SUMMARY
======================================================================

Per-Period Statistics:
----------------------------------------------------------------------

2020:
  Samples: 92
  Entropy: 2.7893 ± 0.1413
  Concentration: 0.0536
  Top 5 features:
    t-20                           0.0953
    t-19                           0.0767
    t-18                           0.0621
    t-17                           0.0534
    t-1                            0.0519

2021:
  Samples: 250
  Entropy: 2.5286 ± 0.2557
  Concentration: 0.0602
  Top 5 features:
    t-20                           0.1415
    t-19                           0.0775
    t-18                           0.0565
    t-1                            0.0491
    t-17                           0.0479

2022:
  Samples: 249
  Entropy: 2.7162 ± 0.2098
  Concentration: 0.0588
  Top 5 features:
    t-20                           0.1256
    t-19                           0.0886
    t-18                           0.0674
    t-17                           0.0556
    t-16                           0.0489

2023:
  Samples: 249
  Entropy: 2.7475 ± 0.1894
  Concentration: 0.0669
  Top 5 features:
    t-20                           0.1731
    t-19                           0.0728
    t-18                           0.0500
    t-1                            0.0441
    t-17                           0.0435

2024:
  Samples: 250
  Entropy: 2.6803 ± 0.3751
  Concentration: 0.0589
  Top 5 features:
    t-20                           0.1367
    t-19                           0.0609
    t-1                            0.0588
    t-2                            0.0544
    t-3                            0.0525

2025:
  Samples: 190
  Entropy: 2.6317 ± 0.3029
  Concentration: 0.0579
  Top 5 features:
    t-20                           0.1292
    t-19                           0.0723
    t-1                            0.0571
    t-2                            0.0541
    t-18                           0.0516

----------------------------------------------------------------------
Period Comparisons:
----------------------------------------------------------------------

2020_vs_2021:
  Cosine similarity: 0.9812
  L2 distance: 0.0483
  Entropy change: -0.2607
  Concentration change: 0.0066

2020_vs_2022:
  Cosine similarity: 0.9882
  L2 distance: 0.0380
  Entropy change: -0.0731
  Concentration change: 0.0052

2020_vs_2023:
  Cosine similarity: 0.9510
  L2 distance: 0.0813
  Entropy change: -0.0418
  Concentration change: 0.0133

2020_vs_2024:
  Cosine similarity: 0.9741
  L2 distance: 0.0551
  Entropy change: -0.1090
  Concentration change: 0.0053

2020_vs_2025:
  Cosine similarity: 0.9865
  L2 distance: 0.0398
  Entropy change: -0.1576
  Concentration change: 0.0043

2021_vs_2022:
  Cosine similarity: 0.9945
  L2 distance: 0.0257
  Entropy change: 0.1876
  Concentration change: -0.0014

2021_vs_2023:
  Cosine similarity: 0.9925
  L2 distance: 0.0336
  Entropy change: 0.2189
  Concentration change: 0.0067

2021_vs_2024:
  Cosine similarity: 0.9898
  L2 distance: 0.0350
  Entropy change: 0.1517
  Concentration change: -0.0013

2021_vs_2025:
  Cosine similarity: 0.9957
  L2 distance: 0.0229
  Entropy change: 0.1031
  Concentration change: -0.0023

2022_vs_2023:
  Cosine similarity: 0.9776
  L2 distance: 0.0554
  Entropy change: 0.0313
  Concentration change: 0.0081

2022_vs_2024:
  Cosine similarity: 0.9739
  L2 distance: 0.0555
  Entropy change: -0.0359
  Concentration change: 0.0001

2022_vs_2025:
  Cosine similarity: 0.9878
  L2 distance: 0.0378
  Entropy change: -0.0845
  Concentration change: -0.0009

2023_vs_2024:
  Cosine similarity: 0.9836
  L2 distance: 0.0481
  Entropy change: -0.0672
  Concentration change: -0.0080

2023_vs_2025:
  Cosine similarity: 0.9835
  L2 distance: 0.0487
  Entropy change: -0.1158
  Concentration change: -0.0090

2024_vs_2025:
  Cosine similarity: 0.9965
  L2 distance: 0.0205
  Entropy change: -0.0486
  Concentration change: -0.0010

======================================================================

Analysis complete!
Results saved to: experiments/00_baseline_exploration/sweep_dropout_0.1/attention_analysis_year
  - attention_analysis_results.json
  - attention_heatmap.png
  - attention_trends.png
  - temporal_attention_comparison.png
