Logging to: experiments/00_baseline_exploration/sweep_dropout_0.1/attention_analysis_year/attention_analysis_20251027_191507.log
Analysis started at: 2025-10-27 19:15:07
======================================================================
Experiment: 00_baseline_exploration/sweep_dropout_0.1
Output directory: experiments/00_baseline_exploration/sweep_dropout_0.1/attention_analysis_year
Using best checkpoint: experiments/00_baseline_exploration/sweep_dropout_0.1/checkpoints/tft-epoch=00-val_loss=0.1531.ckpt

Loading data...
Loading test data from: data/splits/fixed/core_proposal_daily_fixed_test.csv
  Train samples: 6066
  Test samples: 1300

Preparing test dataset...
Test dataset size after filtering: 1280

Loading model...
Loading model from: experiments/00_baseline_exploration/sweep_dropout_0.1/checkpoints/tft-epoch=00-val_loss=0.1531.ckpt

Extracting attention patterns...
Extracting attention patterns...
Total batches to process: 10
  Processed 10/10 batches

Total predictions: 1280
Total actuals: 1280
Attention shape: (1280, 20)
Encoder variables shape: (1280, 5)

Prediction period: 2020-08-19T00:00:00.000000000 to 2025-10-06T00:00:00.000000000
Total predictions: 1280

Creating temporal periods:
  2020: 92 samples
  2021: 250 samples
  2022: 249 samples
  2023: 249 samples
  2024: 250 samples
  2025: 190 samples

Attention over 20 encoder timesteps

Analyzing attention patterns by period...

Comparing attention patterns across periods...

Creating visualizations...
Saved attention heatmap: experiments/00_baseline_exploration/sweep_dropout_0.1/attention_analysis_year/attention_heatmap.png
Saved attention trends: experiments/00_baseline_exploration/sweep_dropout_0.1/attention_analysis_year/attention_trends.png
Saved feature importance comparison: experiments/00_baseline_exploration/sweep_dropout_0.1/attention_analysis_year/temporal_attention_comparison.png

Saving results...
Saved results: experiments/00_baseline_exploration/sweep_dropout_0.1/attention_analysis_year/attention_analysis_results.json

======================================================================
ATTENTION ANALYSIS SUMMARY
======================================================================

Per-Period Statistics:
----------------------------------------------------------------------

2020:
  Samples: 92
  Entropy: 2.9943 ± 0.0011
  Concentration: 0.0501
  Top 5 features:
    t-19                           0.0526
    t-18                           0.0524
    t-17                           0.0520
    t-16                           0.0516
    t-15                           0.0513

2021:
  Samples: 250
  Entropy: 2.9895 ± 0.0058
  Concentration: 0.0503
  Top 5 features:
    t-18                           0.0540
    t-19                           0.0539
    t-17                           0.0538
    t-16                           0.0536
    t-15                           0.0533

2022:
  Samples: 249
  Entropy: 2.9823 ± 0.0130
  Concentration: 0.0506
  Top 5 features:
    t-18                           0.0583
    t-19                           0.0583
    t-17                           0.0575
    t-20                           0.0574
    t-16                           0.0563

2023:
  Samples: 249
  Entropy: 2.9918 ± 0.0039
  Concentration: 0.0501
  Top 5 features:
    t-20                           0.0519
    t-14                           0.0515
    t-15                           0.0515
    t-19                           0.0515
    t-13                           0.0515

2024:
  Samples: 250
  Entropy: 2.9911 ± 0.0056
  Concentration: 0.0500
  Top 5 features:
    t-10                           0.0512
    t-11                           0.0512
    t-9                            0.0512
    t-12                           0.0511
    t-13                           0.0510

2025:
  Samples: 190
  Entropy: 2.9867 ± 0.0138
  Concentration: 0.0501
  Top 5 features:
    t-13                           0.0521
    t-14                           0.0521
    t-12                           0.0520
    t-15                           0.0519
    t-11                           0.0518

----------------------------------------------------------------------
Period Comparisons:
----------------------------------------------------------------------

2020_vs_2021:
  Cosine similarity: 0.9989
  L2 distance: 0.0106
  Entropy change: -0.0049
  Concentration change: 0.0003

2020_vs_2022:
  Cosine similarity: 0.9966
  L2 distance: 0.0185
  Entropy change: -0.0120
  Concentration change: 0.0006

2020_vs_2023:
  Cosine similarity: 0.9999
  L2 distance: 0.0036
  Entropy change: -0.0026
  Concentration change: 0.0000

2020_vs_2024:
  Cosine similarity: 0.9997
  L2 distance: 0.0052
  Entropy change: -0.0033
  Concentration change: -0.0000

2020_vs_2025:
  Cosine similarity: 0.9996
  L2 distance: 0.0060
  Entropy change: -0.0076
  Concentration change: 0.0001

2021_vs_2022:
  Cosine similarity: 0.9986
  L2 distance: 0.0118
  Entropy change: -0.0072
  Concentration change: 0.0003

2021_vs_2023:
  Cosine similarity: 0.9992
  L2 distance: 0.0089
  Entropy change: 0.0023
  Concentration change: -0.0002

2021_vs_2024:
  Cosine similarity: 0.9984
  L2 distance: 0.0126
  Entropy change: 0.0016
  Concentration change: -0.0003

2021_vs_2025:
  Cosine similarity: 0.9995
  L2 distance: 0.0069
  Entropy change: -0.0028
  Concentration change: -0.0002

2022_vs_2023:
  Cosine similarity: 0.9966
  L2 distance: 0.0185
  Entropy change: 0.0095
  Concentration change: -0.0006

2022_vs_2024:
  Cosine similarity: 0.9950
  L2 distance: 0.0225
  Entropy change: 0.0088
  Concentration change: -0.0006

2022_vs_2025:
  Cosine similarity: 0.9969
  L2 distance: 0.0177
  Entropy change: 0.0044
  Concentration change: -0.0005

2023_vs_2024:
  Cosine similarity: 0.9998
  L2 distance: 0.0040
  Entropy change: -0.0007
  Concentration change: -0.0000

2023_vs_2025:
  Cosine similarity: 0.9999
  L2 distance: 0.0028
  Entropy change: -0.0051
  Concentration change: 0.0001

2024_vs_2025:
  Cosine similarity: 0.9997
  L2 distance: 0.0059
  Entropy change: -0.0044
  Concentration change: 0.0001

======================================================================

Analysis complete!
Results saved to: experiments/00_baseline_exploration/sweep_dropout_0.1/attention_analysis_year
  - attention_analysis_results.json
  - attention_heatmap.png
  - attention_trends.png
  - temporal_attention_comparison.png
