Logging to: experiments/00_baseline_exploration/exp006_monthly/attention_analysis_year/attention_analysis_20251030_130533.log
Analysis started at: 2025-10-30 13:05:33
======================================================================
Experiment: 00_baseline_exploration/exp006_monthly
Output directory: experiments/00_baseline_exploration/exp006_monthly/attention_analysis_year
Using best checkpoint: experiments/00_baseline_exploration/exp006_monthly/checkpoints/tft-epoch=63-val_loss=1.7203.ckpt

Loading data...
Loading test data from: data/splits/fixed/core_proposal_monthly_fixed_test.csv
  Train samples: 292
  Test samples: 63

Preparing test dataset...
Test dataset size after filtering: 51

Loading model...
Loading model from: experiments/00_baseline_exploration/exp006_monthly/checkpoints/tft-epoch=63-val_loss=1.7203.ckpt
Model moved to device: cuda

Extracting attention patterns...
Extracting attention patterns...
Total batches to process: 1

Total predictions: 51
Total actuals: 51
Attention shape: (51, 12)
Encoder variables shape: (51, 5)

Prediction period: 2021-08-31T00:00:00.000000000 to 2025-10-31T00:00:00.000000000
Total predictions: 51

Creating temporal periods:
  2021: 5 samples
  2022: 12 samples
  2023: 12 samples
  2024: 12 samples
  2025: 10 samples

Attention over 12 encoder timesteps

Analyzing attention patterns by period...

Comparing attention patterns across periods...

Creating visualizations...
Saved attention heatmap: experiments/00_baseline_exploration/exp006_monthly/attention_analysis_year/attention_heatmap.png
Saved attention trends: experiments/00_baseline_exploration/exp006_monthly/attention_analysis_year/attention_trends.png
Saved feature importance comparison: experiments/00_baseline_exploration/exp006_monthly/attention_analysis_year/temporal_attention_comparison.png

Saving results...
Saved results: experiments/00_baseline_exploration/exp006_monthly/attention_analysis_year/attention_analysis_results.json

======================================================================
ATTENTION ANALYSIS SUMMARY
======================================================================

Per-Period Statistics:
----------------------------------------------------------------------

2021:
  Samples: 5
  Entropy: 2.4839 ± 0.0005
  Concentration: 0.0835
  Top 5 features:
    t-1                            0.0911
    t-2                            0.0882
    t-3                            0.0856
    t-4                            0.0836
    t-11                           0.0829

2022:
  Samples: 12
  Entropy: 2.4837 ± 0.0005
  Concentration: 0.0834
  Top 5 features:
    t-11                           0.0876
    t-1                            0.0869
    t-12                           0.0862
    t-10                           0.0851
    t-2                            0.0839

2023:
  Samples: 12
  Entropy: 2.4826 ± 0.0012
  Concentration: 0.0836
  Top 5 features:
    t-12                           0.0918
    t-11                           0.0916
    t-10                           0.0884
    t-9                            0.0849
    t-8                            0.0828

2024:
  Samples: 12
  Entropy: 2.4812 ± 0.0021
  Concentration: 0.0839
  Top 5 features:
    t-12                           0.0981
    t-11                           0.0944
    t-10                           0.0885
    t-9                            0.0851
    t-8                            0.0828

2025:
  Samples: 10
  Entropy: 2.4837 ± 0.0004
  Concentration: 0.0835
  Top 5 features:
    t-12                           0.0915
    t-11                           0.0900
    t-10                           0.0858
    t-1                            0.0834
    t-9                            0.0828

----------------------------------------------------------------------
Period Comparisons:
----------------------------------------------------------------------

2021_vs_2022:
  Cosine similarity: 0.9993
  L2 distance: 0.0109
  Entropy change: -0.0002
  Concentration change: -0.0000

2021_vs_2023:
  Cosine similarity: 0.9970
  L2 distance: 0.0224
  Entropy change: -0.0013
  Concentration change: 0.0001

2021_vs_2024:
  Cosine similarity: 0.9950
  L2 distance: 0.0290
  Entropy change: -0.0028
  Concentration change: 0.0004

2021_vs_2025:
  Cosine similarity: 0.9982
  L2 distance: 0.0175
  Entropy change: -0.0002
  Concentration change: 0.0000

2022_vs_2023:
  Cosine similarity: 0.9992
  L2 distance: 0.0118
  Entropy change: -0.0011
  Concentration change: 0.0002

2022_vs_2024:
  Cosine similarity: 0.9980
  L2 distance: 0.0185
  Entropy change: -0.0026
  Concentration change: 0.0004

2022_vs_2025:
  Cosine similarity: 0.9997
  L2 distance: 0.0074
  Entropy change: -0.0001
  Concentration change: 0.0001

2023_vs_2024:
  Cosine similarity: 0.9996
  L2 distance: 0.0078
  Entropy change: -0.0014
  Concentration change: 0.0003

2023_vs_2025:
  Cosine similarity: 0.9998
  L2 distance: 0.0061
  Entropy change: 0.0011
  Concentration change: -0.0001

2024_vs_2025:
  Cosine similarity: 0.9992
  L2 distance: 0.0117
  Entropy change: 0.0025
  Concentration change: -0.0004

======================================================================

Analysis complete!
Results saved to: experiments/00_baseline_exploration/exp006_monthly/attention_analysis_year
  - attention_analysis_results.json
  - attention_heatmap.png
  - attention_trends.png
  - temporal_attention_comparison.png
