Logging to: experiments/00_baseline_exploration/exp006_monthly/attention_analysis_year/attention_analysis_20251027_191339.log
Analysis started at: 2025-10-27 19:13:39
======================================================================
Experiment: 00_baseline_exploration/exp006_monthly
Output directory: experiments/00_baseline_exploration/exp006_monthly/attention_analysis_year
Using best checkpoint: experiments/00_baseline_exploration/exp006_monthly/checkpoints/tft-epoch=48-val_loss=1.9104.ckpt

Loading data...
Loading test data from: data/splits/fixed/core_proposal_monthly_fixed_test.csv
  Train samples: 292
  Test samples: 63

Preparing test dataset...
Test dataset size after filtering: 51

Loading model...
Loading model from: experiments/00_baseline_exploration/exp006_monthly/checkpoints/tft-epoch=48-val_loss=1.9104.ckpt

Extracting attention patterns...
Extracting attention patterns...
Total batches to process: 1

Total predictions: 51
Total actuals: 51
Attention shape: (51, 12)
Encoder variables shape: (51, 5)

Prediction period: 2021-08-31T00:00:00.000000000 to 2025-10-31T00:00:00.000000000
Total predictions: 51

Creating temporal periods:
  2021: 5 samples
  2022: 12 samples
  2023: 12 samples
  2024: 12 samples
  2025: 10 samples

Attention over 12 encoder timesteps

Analyzing attention patterns by period...

Comparing attention patterns across periods...

Creating visualizations...
Saved attention heatmap: experiments/00_baseline_exploration/exp006_monthly/attention_analysis_year/attention_heatmap.png
Saved attention trends: experiments/00_baseline_exploration/exp006_monthly/attention_analysis_year/attention_trends.png
Saved feature importance comparison: experiments/00_baseline_exploration/exp006_monthly/attention_analysis_year/temporal_attention_comparison.png

Saving results...
Saved results: experiments/00_baseline_exploration/exp006_monthly/attention_analysis_year/attention_analysis_results.json

======================================================================
ATTENTION ANALYSIS SUMMARY
======================================================================

Per-Period Statistics:
----------------------------------------------------------------------

2021:
  Samples: 5
  Entropy: 2.4749 ± 0.0025
  Concentration: 0.0835
  Top 5 features:
    t-5                            0.0902
    t-3                            0.0876
    t-4                            0.0864
    t-7                            0.0862
    t-6                            0.0852

2022:
  Samples: 12
  Entropy: 2.4176 ± 0.0328
  Concentration: 0.0869
  Top 5 features:
    t-12                           0.1079
    t-11                           0.1050
    t-10                           0.1009
    t-9                            0.0991
    t-8                            0.0897

2023:
  Samples: 12
  Entropy: 2.4296 ± 0.0143
  Concentration: 0.0835
  Top 5 features:
    t-12                           0.0884
    t-2                            0.0873
    t-10                           0.0854
    t-7                            0.0854
    t-6                            0.0845

2024:
  Samples: 12
  Entropy: 2.4207 ± 0.0089
  Concentration: 0.0838
  Top 5 features:
    t-12                           0.0981
    t-11                           0.0917
    t-10                           0.0871
    t-8                            0.0839
    t-3                            0.0834

2025:
  Samples: 10
  Entropy: 2.4184 ± 0.0165
  Concentration: 0.0850
  Top 5 features:
    t-6                            0.0986
    t-5                            0.0983
    t-7                            0.0956
    t-4                            0.0951
    t-3                            0.0871

----------------------------------------------------------------------
Period Comparisons:
----------------------------------------------------------------------

2021_vs_2022:
  Cosine similarity: 0.9735
  L2 distance: 0.0674
  Entropy change: -0.0573
  Concentration change: 0.0034

2021_vs_2023:
  Cosine similarity: 0.9974
  L2 distance: 0.0209
  Entropy change: -0.0453
  Concentration change: -0.0000

2021_vs_2024:
  Cosine similarity: 0.9946
  L2 distance: 0.0301
  Entropy change: -0.0542
  Concentration change: 0.0003

2021_vs_2025:
  Cosine similarity: 0.9947
  L2 distance: 0.0300
  Entropy change: -0.0565
  Concentration change: 0.0015

2022_vs_2023:
  Cosine similarity: 0.9808
  L2 distance: 0.0575
  Entropy change: 0.0120
  Concentration change: -0.0034

2022_vs_2024:
  Cosine similarity: 0.9886
  L2 distance: 0.0445
  Entropy change: 0.0032
  Concentration change: -0.0031

2022_vs_2025:
  Cosine similarity: 0.9535
  L2 distance: 0.0895
  Entropy change: 0.0009
  Concentration change: -0.0019

2023_vs_2024:
  Cosine similarity: 0.9971
  L2 distance: 0.0218
  Entropy change: -0.0089
  Concentration change: 0.0003

2023_vs_2025:
  Cosine similarity: 0.9869
  L2 distance: 0.0471
  Entropy change: -0.0112
  Concentration change: 0.0015

2024_vs_2025:
  Cosine similarity: 0.9798
  L2 distance: 0.0584
  Entropy change: -0.0023
  Concentration change: 0.0012

======================================================================

Analysis complete!
Results saved to: experiments/00_baseline_exploration/exp006_monthly/attention_analysis_year
  - attention_analysis_results.json
  - attention_heatmap.png
  - attention_trends.png
  - temporal_attention_comparison.png
