Logging to: experiments/00_baseline_exploration/sweep2_hidden_16/attention_analysis_year/attention_analysis_20251027_191446.log
Analysis started at: 2025-10-27 19:14:46
======================================================================
Experiment: 00_baseline_exploration/sweep2_hidden_16
Output directory: experiments/00_baseline_exploration/sweep2_hidden_16/attention_analysis_year
Using best checkpoint: experiments/00_baseline_exploration/sweep2_hidden_16/checkpoints/tft-epoch=01-val_loss=0.1324.ckpt

Loading data...
Loading test data from: data/splits/fixed/core_proposal_daily_fixed_test.csv
  Train samples: 6066
  Test samples: 1300

Preparing test dataset...
Test dataset size after filtering: 1280

Loading model...
Loading model from: experiments/00_baseline_exploration/sweep2_hidden_16/checkpoints/tft-epoch=01-val_loss=0.1324.ckpt

Extracting attention patterns...
Extracting attention patterns...
Total batches to process: 10
  Processed 10/10 batches

Total predictions: 1280
Total actuals: 1280
Attention shape: (1280, 20)
Encoder variables shape: (1280, 5)

Prediction period: 2020-08-19T00:00:00.000000000 to 2025-10-06T00:00:00.000000000
Total predictions: 1280

Creating temporal periods:
  2020: 92 samples
  2021: 250 samples
  2022: 249 samples
  2023: 249 samples
  2024: 250 samples
  2025: 190 samples

Attention over 20 encoder timesteps

Analyzing attention patterns by period...

Comparing attention patterns across periods...

Creating visualizations...
Saved attention heatmap: experiments/00_baseline_exploration/sweep2_hidden_16/attention_analysis_year/attention_heatmap.png
Saved attention trends: experiments/00_baseline_exploration/sweep2_hidden_16/attention_analysis_year/attention_trends.png
Saved feature importance comparison: experiments/00_baseline_exploration/sweep2_hidden_16/attention_analysis_year/temporal_attention_comparison.png

Saving results...
Saved results: experiments/00_baseline_exploration/sweep2_hidden_16/attention_analysis_year/attention_analysis_results.json

======================================================================
ATTENTION ANALYSIS SUMMARY
======================================================================

Per-Period Statistics:
----------------------------------------------------------------------

2020:
  Samples: 92
  Entropy: 2.9909 ± 0.0030
  Concentration: 0.0504
  Top 5 features:
    t-1                            0.0609
    t-2                            0.0583
    t-3                            0.0559
    t-20                           0.0544
    t-4                            0.0539

2021:
  Samples: 250
  Entropy: 2.9480 ± 0.0303
  Concentration: 0.0503
  Top 5 features:
    t-1                            0.0581
    t-2                            0.0567
    t-20                           0.0558
    t-3                            0.0553
    t-4                            0.0539

2022:
  Samples: 249
  Entropy: 2.9831 ± 0.0094
  Concentration: 0.0506
  Top 5 features:
    t-20                           0.0675
    t-19                           0.0609
    t-18                           0.0568
    t-17                           0.0529
    t-16                           0.0503

2023:
  Samples: 249
  Entropy: 2.9284 ± 0.0587
  Concentration: 0.0512
  Top 5 features:
    t-1                            0.0640
    t-2                            0.0625
    t-3                            0.0607
    t-4                            0.0588
    t-20                           0.0578

2024:
  Samples: 250
  Entropy: 2.8170 ± 0.1392
  Concentration: 0.0555
  Top 5 features:
    t-1                            0.0863
    t-2                            0.0808
    t-3                            0.0754
    t-4                            0.0700
    t-5                            0.0645

2025:
  Samples: 190
  Entropy: 2.8037 ± 0.1420
  Concentration: 0.0519
  Top 5 features:
    t-1                            0.0710
    t-20                           0.0672
    t-2                            0.0665
    t-3                            0.0619
    t-4                            0.0574

----------------------------------------------------------------------
Period Comparisons:
----------------------------------------------------------------------

2020_vs_2021:
  Cosine similarity: 0.9998
  L2 distance: 0.0040
  Entropy change: -0.0429
  Concentration change: -0.0001

2020_vs_2022:
  Cosine similarity: 0.9915
  L2 distance: 0.0293
  Entropy change: -0.0078
  Concentration change: 0.0002

2020_vs_2023:
  Cosine similarity: 0.9974
  L2 distance: 0.0163
  Entropy change: -0.0625
  Concentration change: 0.0008

2020_vs_2024:
  Cosine similarity: 0.9718
  L2 distance: 0.0557
  Entropy change: -0.1739
  Concentration change: 0.0051

2020_vs_2025:
  Cosine similarity: 0.9937
  L2 distance: 0.0257
  Entropy change: -0.1873
  Concentration change: 0.0015

2021_vs_2022:
  Cosine similarity: 0.9933
  L2 distance: 0.0260
  Entropy change: 0.0351
  Concentration change: 0.0003

2021_vs_2023:
  Cosine similarity: 0.9970
  L2 distance: 0.0175
  Entropy change: -0.0196
  Concentration change: 0.0009

2021_vs_2024:
  Cosine similarity: 0.9689
  L2 distance: 0.0584
  Entropy change: -0.1310
  Concentration change: 0.0051

2021_vs_2025:
  Cosine similarity: 0.9932
  L2 distance: 0.0266
  Entropy change: -0.1443
  Concentration change: 0.0016

2022_vs_2023:
  Cosine similarity: 0.9846
  L2 distance: 0.0396
  Entropy change: -0.0547
  Concentration change: 0.0006

2022_vs_2024:
  Cosine similarity: 0.9382
  L2 distance: 0.0816
  Entropy change: -0.1661
  Concentration change: 0.0049

2022_vs_2025:
  Cosine similarity: 0.9840
  L2 distance: 0.0406
  Entropy change: -0.1794
  Concentration change: 0.0013

2023_vs_2024:
  Cosine similarity: 0.9836
  L2 distance: 0.0428
  Entropy change: -0.1114
  Concentration change: 0.0043

2023_vs_2025:
  Cosine similarity: 0.9966
  L2 distance: 0.0188
  Entropy change: -0.1247
  Concentration change: 0.0007

2024_vs_2025:
  Cosine similarity: 0.9811
  L2 distance: 0.0457
  Entropy change: -0.0133
  Concentration change: -0.0036

======================================================================

Analysis complete!
Results saved to: experiments/00_baseline_exploration/sweep2_hidden_16/attention_analysis_year
  - attention_analysis_results.json
  - attention_heatmap.png
  - attention_trends.png
  - temporal_attention_comparison.png
