Logging to: experiments/01_staleness_features_fixed/sweep_stale_h18_drop0.35_lr3/attention_analysis_year/attention_analysis_20251030_131656.log
Analysis started at: 2025-10-30 13:16:56
======================================================================
Experiment: 01_staleness_features_fixed/sweep_stale_h18_drop0.35_lr3
Output directory: experiments/01_staleness_features_fixed/sweep_stale_h18_drop0.35_lr3/attention_analysis_year
Using best checkpoint: experiments/01_staleness_features_fixed/sweep_stale_h18_drop0.35_lr3/checkpoints/tft-epoch=96-val_loss=0.3976.ckpt

Loading data...
Loading test data from: data/splits/fixed/core_proposal_daily_fixed_test.csv
Detected staleness features in config, adding to data...
  Train samples: 6066
  Test samples: 1300

Preparing test dataset...
Test dataset size after filtering: 1280

Loading model...
Loading model from: experiments/01_staleness_features_fixed/sweep_stale_h18_drop0.35_lr3/checkpoints/tft-epoch=96-val_loss=0.3976.ckpt
Model moved to device: cuda

Extracting attention patterns...
Extracting attention patterns...
Total batches to process: 10
  Processed 10/10 batches

Total predictions: 1280
Total actuals: 1280
Attention shape: (1280, 20)
Encoder variables shape: (1280, 7)

Prediction period: 2020-08-19T00:00:00.000000000 to 2025-10-06T00:00:00.000000000
Total predictions: 1280

Creating temporal periods:
  2020: 92 samples
  2021: 250 samples
  2022: 249 samples
  2023: 249 samples
  2024: 250 samples
  2025: 190 samples

Attention over 20 encoder timesteps

Analyzing attention patterns by period...

Comparing attention patterns across periods...

Creating visualizations...
Saved attention heatmap: experiments/01_staleness_features_fixed/sweep_stale_h18_drop0.35_lr3/attention_analysis_year/attention_heatmap.png
Saved attention trends: experiments/01_staleness_features_fixed/sweep_stale_h18_drop0.35_lr3/attention_analysis_year/attention_trends.png
Saved feature importance comparison: experiments/01_staleness_features_fixed/sweep_stale_h18_drop0.35_lr3/attention_analysis_year/temporal_attention_comparison.png

Saving results...
Saved results: experiments/01_staleness_features_fixed/sweep_stale_h18_drop0.35_lr3/attention_analysis_year/attention_analysis_results.json

======================================================================
ATTENTION ANALYSIS SUMMARY
======================================================================

Per-Period Statistics:
----------------------------------------------------------------------

2020:
  Samples: 92
  Entropy: 2.9589 ± 0.0330
  Concentration: 0.0503
  Top 5 features:
    t-20                           0.0650
    t-19                           0.0546
    t-1                            0.0517
    t-2                            0.0513
    t-3                            0.0508

2021:
  Samples: 250
  Entropy: 2.9588 ± 0.0451
  Concentration: 0.0500
  Top 5 features:
    t-20                           0.0523
    t-1                            0.0523
    t-2                            0.0518
    t-3                            0.0513
    t-4                            0.0508

2022:
  Samples: 249
  Entropy: 2.9459 ± 0.0372
  Concentration: 0.0506
  Top 5 features:
    t-20                           0.0714
    t-19                           0.0587
    t-18                           0.0531
    t-17                           0.0502
    t-1                            0.0501

2023:
  Samples: 249
  Entropy: 2.9894 ± 0.0106
  Concentration: 0.0500
  Top 5 features:
    t-20                           0.0511
    t-1                            0.0508
    t-19                           0.0506
    t-2                            0.0506
    t-3                            0.0504

2024:
  Samples: 250
  Entropy: 2.9802 ± 0.0402
  Concentration: 0.0500
  Top 5 features:
    t-1                            0.0511
    t-2                            0.0509
    t-3                            0.0508
    t-4                            0.0507
    t-5                            0.0506

2025:
  Samples: 190
  Entropy: 2.9650 ± 0.0575
  Concentration: 0.0500
  Top 5 features:
    t-20                           0.0527
    t-1                            0.0516
    t-2                            0.0510
    t-19                           0.0507
    t-3                            0.0506

----------------------------------------------------------------------
Period Comparisons:
----------------------------------------------------------------------

2020_vs_2021:
  Cosine similarity: 0.9980
  L2 distance: 0.0141
  Entropy change: -0.0001
  Concentration change: -0.0003

2020_vs_2022:
  Cosine similarity: 0.9990
  L2 distance: 0.0101
  Entropy change: -0.0130
  Concentration change: 0.0003

2020_vs_2023:
  Cosine similarity: 0.9975
  L2 distance: 0.0157
  Entropy change: 0.0305
  Concentration change: -0.0003

2020_vs_2024:
  Cosine similarity: 0.9963
  L2 distance: 0.0194
  Entropy change: 0.0213
  Concentration change: -0.0003

2020_vs_2025:
  Cosine similarity: 0.9981
  L2 distance: 0.0140
  Entropy change: 0.0061
  Concentration change: -0.0003

2021_vs_2022:
  Cosine similarity: 0.9949
  L2 distance: 0.0227
  Entropy change: -0.0129
  Concentration change: 0.0006

2021_vs_2023:
  Cosine similarity: 0.9999
  L2 distance: 0.0032
  Entropy change: 0.0306
  Concentration change: -0.0000

2021_vs_2024:
  Cosine similarity: 0.9997
  L2 distance: 0.0056
  Entropy change: 0.0214
  Concentration change: -0.0000

2021_vs_2025:
  Cosine similarity: 1.0000
  L2 distance: 0.0018
  Entropy change: 0.0062
  Concentration change: -0.0000

2022_vs_2023:
  Cosine similarity: 0.9946
  L2 distance: 0.0234
  Entropy change: 0.0434
  Concentration change: -0.0006

2022_vs_2024:
  Cosine similarity: 0.9925
  L2 distance: 0.0275
  Entropy change: 0.0343
  Concentration change: -0.0006

2022_vs_2025:
  Cosine similarity: 0.9952
  L2 distance: 0.0220
  Entropy change: 0.0190
  Concentration change: -0.0006

2023_vs_2024:
  Cosine similarity: 0.9998
  L2 distance: 0.0042
  Entropy change: -0.0092
  Concentration change: 0.0000

2023_vs_2025:
  Cosine similarity: 1.0000
  L2 distance: 0.0021
  Entropy change: -0.0244
  Concentration change: 0.0000

2024_vs_2025:
  Cosine similarity: 0.9997
  L2 distance: 0.0056
  Entropy change: -0.0152
  Concentration change: 0.0000

======================================================================

Analysis complete!
Results saved to: experiments/01_staleness_features_fixed/sweep_stale_h18_drop0.35_lr3/attention_analysis_year
  - attention_analysis_results.json
  - attention_heatmap.png
  - attention_trends.png
  - temporal_attention_comparison.png
