Logging to: experiments/01_staleness_features_fixed/sweep_stale_h18_drop0.15_lr5/attention_analysis_year/attention_analysis_20251027_193907.log
Analysis started at: 2025-10-27 19:39:07
======================================================================
Experiment: 01_staleness_features_fixed/sweep_stale_h18_drop0.15_lr5
Output directory: experiments/01_staleness_features_fixed/sweep_stale_h18_drop0.15_lr5/attention_analysis_year
Using best checkpoint: experiments/01_staleness_features_fixed/sweep_stale_h18_drop0.15_lr5/checkpoints/tft-epoch=00-val_loss=0.0768.ckpt

Loading data...
Loading test data from: data/splits/fixed/core_proposal_daily_fixed_test.csv
Detected staleness features in config, adding to data...
  Train samples: 6066
  Test samples: 1300

Preparing test dataset...
Test dataset size after filtering: 1280

Loading model...
Loading model from: experiments/01_staleness_features_fixed/sweep_stale_h18_drop0.15_lr5/checkpoints/tft-epoch=00-val_loss=0.0768.ckpt

Extracting attention patterns...
Extracting attention patterns...
Total batches to process: 10
  Processed 10/10 batches

Total predictions: 1280
Total actuals: 1280
Attention shape: (1280, 20)
Encoder variables shape: (1280, 7)

Prediction period: 2020-08-19T00:00:00.000000000 to 2025-10-06T00:00:00.000000000
Total predictions: 1280

Creating temporal periods:
  2020: 92 samples
  2021: 250 samples
  2022: 249 samples
  2023: 249 samples
  2024: 250 samples
  2025: 190 samples

Attention over 20 encoder timesteps

Analyzing attention patterns by period...

Comparing attention patterns across periods...

Creating visualizations...
Saved attention heatmap: experiments/01_staleness_features_fixed/sweep_stale_h18_drop0.15_lr5/attention_analysis_year/attention_heatmap.png
Saved attention trends: experiments/01_staleness_features_fixed/sweep_stale_h18_drop0.15_lr5/attention_analysis_year/attention_trends.png
Saved feature importance comparison: experiments/01_staleness_features_fixed/sweep_stale_h18_drop0.15_lr5/attention_analysis_year/temporal_attention_comparison.png

Saving results...
Saved results: experiments/01_staleness_features_fixed/sweep_stale_h18_drop0.15_lr5/attention_analysis_year/attention_analysis_results.json

======================================================================
ATTENTION ANALYSIS SUMMARY
======================================================================

Per-Period Statistics:
----------------------------------------------------------------------

2020:
  Samples: 92
  Entropy: 2.9888 ± 0.0046
  Concentration: 0.0504
  Top 5 features:
    t-20                           0.0657
    t-19                           0.0571
    t-18                           0.0534
    t-17                           0.0514
    t-16                           0.0502

2021:
  Samples: 250
  Entropy: 2.9851 ± 0.0131
  Concentration: 0.0504
  Top 5 features:
    t-20                           0.0653
    t-19                           0.0571
    t-18                           0.0537
    t-17                           0.0517
    t-16                           0.0505

2022:
  Samples: 249
  Entropy: 2.9805 ± 0.0159
  Concentration: 0.0501
  Top 5 features:
    t-20                           0.0562
    t-19                           0.0530
    t-18                           0.0515
    t-17                           0.0507
    t-16                           0.0502

2023:
  Samples: 249
  Entropy: 2.9834 ± 0.0105
  Concentration: 0.0502
  Top 5 features:
    t-20                           0.0621
    t-19                           0.0557
    t-18                           0.0529
    t-17                           0.0513
    t-16                           0.0503

2024:
  Samples: 250
  Entropy: 2.9919 ± 0.0022
  Concentration: 0.0501
  Top 5 features:
    t-20                           0.0598
    t-19                           0.0541
    t-18                           0.0519
    t-17                           0.0508
    t-16                           0.0501

2025:
  Samples: 190
  Entropy: 2.9921 ± 0.0022
  Concentration: 0.0501
  Top 5 features:
    t-20                           0.0596
    t-19                           0.0542
    t-18                           0.0522
    t-17                           0.0511
    t-16                           0.0504

----------------------------------------------------------------------
Period Comparisons:
----------------------------------------------------------------------

2020_vs_2021:
  Cosine similarity: 1.0000
  L2 distance: 0.0014
  Entropy change: -0.0037
  Concentration change: -0.0000

2020_vs_2022:
  Cosine similarity: 0.9987
  L2 distance: 0.0115
  Entropy change: -0.0083
  Concentration change: -0.0003

2020_vs_2023:
  Cosine similarity: 0.9998
  L2 distance: 0.0041
  Entropy change: -0.0054
  Concentration change: -0.0001

2020_vs_2024:
  Cosine similarity: 0.9995
  L2 distance: 0.0074
  Entropy change: 0.0031
  Concentration change: -0.0002

2020_vs_2025:
  Cosine similarity: 0.9995
  L2 distance: 0.0074
  Entropy change: 0.0033
  Concentration change: -0.0002

2021_vs_2022:
  Cosine similarity: 0.9987
  L2 distance: 0.0115
  Entropy change: -0.0046
  Concentration change: -0.0003

2021_vs_2023:
  Cosine similarity: 0.9998
  L2 distance: 0.0042
  Entropy change: -0.0017
  Concentration change: -0.0001

2021_vs_2024:
  Cosine similarity: 0.9994
  L2 distance: 0.0075
  Entropy change: 0.0068
  Concentration change: -0.0002

2021_vs_2025:
  Cosine similarity: 0.9995
  L2 distance: 0.0074
  Entropy change: 0.0070
  Concentration change: -0.0002

2022_vs_2023:
  Cosine similarity: 0.9995
  L2 distance: 0.0074
  Entropy change: 0.0029
  Concentration change: 0.0002

2022_vs_2024:
  Cosine similarity: 0.9998
  L2 distance: 0.0042
  Entropy change: 0.0114
  Concentration change: 0.0001

2022_vs_2025:
  Cosine similarity: 0.9998
  L2 distance: 0.0042
  Entropy change: 0.0116
  Concentration change: 0.0001

2023_vs_2024:
  Cosine similarity: 0.9999
  L2 distance: 0.0034
  Entropy change: 0.0085
  Concentration change: -0.0001

2023_vs_2025:
  Cosine similarity: 0.9999
  L2 distance: 0.0033
  Entropy change: 0.0088
  Concentration change: -0.0001

2024_vs_2025:
  Cosine similarity: 1.0000
  L2 distance: 0.0007
  Entropy change: 0.0002
  Concentration change: 0.0000

======================================================================

Analysis complete!
Results saved to: experiments/01_staleness_features_fixed/sweep_stale_h18_drop0.15_lr5/attention_analysis_year
  - attention_analysis_results.json
  - attention_heatmap.png
  - attention_trends.png
  - temporal_attention_comparison.png
