Logging to: experiments/01_staleness_features_fixed/sweep_stale_h18_drop0.15_lr5/attention_analysis_year/attention_analysis_20251030_131603.log
Analysis started at: 2025-10-30 13:16:03
======================================================================
Experiment: 01_staleness_features_fixed/sweep_stale_h18_drop0.15_lr5
Output directory: experiments/01_staleness_features_fixed/sweep_stale_h18_drop0.15_lr5/attention_analysis_year
Using best checkpoint: experiments/01_staleness_features_fixed/sweep_stale_h18_drop0.15_lr5/checkpoints/tft-epoch=98-val_loss=0.3927.ckpt

Loading data...
Loading test data from: data/splits/fixed/core_proposal_daily_fixed_test.csv
Detected staleness features in config, adding to data...
  Train samples: 6066
  Test samples: 1300

Preparing test dataset...
Test dataset size after filtering: 1280

Loading model...
Loading model from: experiments/01_staleness_features_fixed/sweep_stale_h18_drop0.15_lr5/checkpoints/tft-epoch=98-val_loss=0.3927.ckpt
Model moved to device: cuda

Extracting attention patterns...
Extracting attention patterns...
Total batches to process: 10
  Processed 10/10 batches

Total predictions: 1280
Total actuals: 1280
Attention shape: (1280, 20)
Encoder variables shape: (1280, 7)

Prediction period: 2020-08-19T00:00:00.000000000 to 2025-10-06T00:00:00.000000000
Total predictions: 1280

Creating temporal periods:
  2020: 92 samples
  2021: 250 samples
  2022: 249 samples
  2023: 249 samples
  2024: 250 samples
  2025: 190 samples

Attention over 20 encoder timesteps

Analyzing attention patterns by period...

Comparing attention patterns across periods...

Creating visualizations...
Saved attention heatmap: experiments/01_staleness_features_fixed/sweep_stale_h18_drop0.15_lr5/attention_analysis_year/attention_heatmap.png
Saved attention trends: experiments/01_staleness_features_fixed/sweep_stale_h18_drop0.15_lr5/attention_analysis_year/attention_trends.png
Saved feature importance comparison: experiments/01_staleness_features_fixed/sweep_stale_h18_drop0.15_lr5/attention_analysis_year/temporal_attention_comparison.png

Saving results...
Saved results: experiments/01_staleness_features_fixed/sweep_stale_h18_drop0.15_lr5/attention_analysis_year/attention_analysis_results.json

======================================================================
ATTENTION ANALYSIS SUMMARY
======================================================================

Per-Period Statistics:
----------------------------------------------------------------------

2020:
  Samples: 92
  Entropy: 2.7478 ± 0.2421
  Concentration: 0.0512
  Top 5 features:
    t-1                            0.0719
    t-2                            0.0650
    t-3                            0.0591
    t-20                           0.0577
    t-4                            0.0542

2021:
  Samples: 250
  Entropy: 2.6061 ± 0.5114
  Concentration: 0.0504
  Top 5 features:
    t-20                           0.0621
    t-1                            0.0597
    t-2                            0.0563
    t-19                           0.0545
    t-3                            0.0520

2022:
  Samples: 249
  Entropy: 2.2898 ± 0.4953
  Concentration: 0.0524
  Top 5 features:
    t-1                            0.0821
    t-20                           0.0704
    t-19                           0.0635
    t-2                            0.0597
    t-18                           0.0573

2023:
  Samples: 249
  Entropy: 2.8715 ± 0.2260
  Concentration: 0.0503
  Top 5 features:
    t-20                           0.0638
    t-19                           0.0558
    t-18                           0.0520
    t-1                            0.0519
    t-2                            0.0502

2024:
  Samples: 250
  Entropy: 2.8632 ± 0.3759
  Concentration: 0.0502
  Top 5 features:
    t-20                           0.0604
    t-2                            0.0526
    t-3                            0.0525
    t-1                            0.0525
    t-4                            0.0521

2025:
  Samples: 190
  Entropy: 2.7719 ± 0.4063
  Concentration: 0.0504
  Top 5 features:
    t-20                           0.0620
    t-1                            0.0611
    t-19                           0.0534
    t-2                            0.0525
    t-18                           0.0505

----------------------------------------------------------------------
Period Comparisons:
----------------------------------------------------------------------

2020_vs_2021:
  Cosine similarity: 0.9956
  L2 distance: 0.0213
  Entropy change: -0.1417
  Concentration change: -0.0009

2020_vs_2022:
  Cosine similarity: 0.9932
  L2 distance: 0.0266
  Entropy change: -0.4580
  Concentration change: 0.0012

2020_vs_2023:
  Cosine similarity: 0.9906
  L2 distance: 0.0309
  Entropy change: 0.1237
  Concentration change: -0.0010

2020_vs_2024:
  Cosine similarity: 0.9914
  L2 distance: 0.0296
  Entropy change: 0.1153
  Concentration change: -0.0010

2020_vs_2025:
  Cosine similarity: 0.9948
  L2 distance: 0.0230
  Entropy change: 0.0240
  Concentration change: -0.0009

2021_vs_2022:
  Cosine similarity: 0.9901
  L2 distance: 0.0322
  Entropy change: -0.3163
  Concentration change: 0.0020

2021_vs_2023:
  Cosine similarity: 0.9988
  L2 distance: 0.0112
  Entropy change: 0.2654
  Concentration change: -0.0001

2021_vs_2024:
  Cosine similarity: 0.9984
  L2 distance: 0.0126
  Entropy change: 0.2570
  Concentration change: -0.0002

2021_vs_2025:
  Cosine similarity: 0.9997
  L2 distance: 0.0052
  Entropy change: 0.1658
  Concentration change: -0.0000

2022_vs_2023:
  Cosine similarity: 0.9854
  L2 distance: 0.0390
  Entropy change: 0.5817
  Concentration change: -0.0022

2022_vs_2024:
  Cosine similarity: 0.9812
  L2 distance: 0.0442
  Entropy change: 0.5733
  Concentration change: -0.0022

2022_vs_2025:
  Cosine similarity: 0.9901
  L2 distance: 0.0322
  Entropy change: 0.4821
  Concentration change: -0.0021

2023_vs_2024:
  Cosine similarity: 0.9986
  L2 distance: 0.0118
  Entropy change: -0.0083
  Concentration change: -0.0001

2023_vs_2025:
  Cosine similarity: 0.9989
  L2 distance: 0.0104
  Entropy change: -0.0996
  Concentration change: 0.0001

2024_vs_2025:
  Cosine similarity: 0.9982
  L2 distance: 0.0134
  Entropy change: -0.0913
  Concentration change: 0.0002

======================================================================

Analysis complete!
Results saved to: experiments/01_staleness_features_fixed/sweep_stale_h18_drop0.15_lr5/attention_analysis_year
  - attention_analysis_results.json
  - attention_heatmap.png
  - attention_trends.png
  - temporal_attention_comparison.png
