Logging to: experiments/01_staleness_features_fixed/sweep_stale_h12_drop0.15_lr5/attention_analysis_year/attention_analysis_20251030_131218.log
Analysis started at: 2025-10-30 13:12:18
======================================================================
Experiment: 01_staleness_features_fixed/sweep_stale_h12_drop0.15_lr5
Output directory: experiments/01_staleness_features_fixed/sweep_stale_h12_drop0.15_lr5/attention_analysis_year
Using best checkpoint: experiments/01_staleness_features_fixed/sweep_stale_h12_drop0.15_lr5/checkpoints/tft-epoch=80-val_loss=0.4006.ckpt

Loading data...
Loading test data from: data/splits/fixed/core_proposal_daily_fixed_test.csv
Detected staleness features in config, adding to data...
  Train samples: 6066
  Test samples: 1300

Preparing test dataset...
Test dataset size after filtering: 1280

Loading model...
Loading model from: experiments/01_staleness_features_fixed/sweep_stale_h12_drop0.15_lr5/checkpoints/tft-epoch=80-val_loss=0.4006.ckpt
Model moved to device: cuda

Extracting attention patterns...
Extracting attention patterns...
Total batches to process: 10
  Processed 10/10 batches

Total predictions: 1280
Total actuals: 1280
Attention shape: (1280, 20)
Encoder variables shape: (1280, 7)

Prediction period: 2020-08-19T00:00:00.000000000 to 2025-10-06T00:00:00.000000000
Total predictions: 1280

Creating temporal periods:
  2020: 92 samples
  2021: 250 samples
  2022: 249 samples
  2023: 249 samples
  2024: 250 samples
  2025: 190 samples

Attention over 20 encoder timesteps

Analyzing attention patterns by period...

Comparing attention patterns across periods...

Creating visualizations...
Saved attention heatmap: experiments/01_staleness_features_fixed/sweep_stale_h12_drop0.15_lr5/attention_analysis_year/attention_heatmap.png
Saved attention trends: experiments/01_staleness_features_fixed/sweep_stale_h12_drop0.15_lr5/attention_analysis_year/attention_trends.png
Saved feature importance comparison: experiments/01_staleness_features_fixed/sweep_stale_h12_drop0.15_lr5/attention_analysis_year/temporal_attention_comparison.png

Saving results...
Saved results: experiments/01_staleness_features_fixed/sweep_stale_h12_drop0.15_lr5/attention_analysis_year/attention_analysis_results.json

======================================================================
ATTENTION ANALYSIS SUMMARY
======================================================================

Per-Period Statistics:
----------------------------------------------------------------------

2020:
  Samples: 92
  Entropy: 2.9357 ± 0.0660
  Concentration: 0.0504
  Top 5 features:
    t-1                            0.0557
    t-2                            0.0548
    t-3                            0.0541
    t-4                            0.0535
    t-5                            0.0531

2021:
  Samples: 250
  Entropy: 2.9156 ± 0.1243
  Concentration: 0.0506
  Top 5 features:
    t-1                            0.0583
    t-2                            0.0568
    t-3                            0.0555
    t-4                            0.0543
    t-5                            0.0536

2022:
  Samples: 249
  Entropy: 2.8671 ± 0.1124
  Concentration: 0.0517
  Top 5 features:
    t-1                            0.0676
    t-2                            0.0642
    t-3                            0.0613
    t-4                            0.0589
    t-5                            0.0568

2023:
  Samples: 249
  Entropy: 2.9648 ± 0.0500
  Concentration: 0.0502
  Top 5 features:
    t-14                           0.0518
    t-13                           0.0517
    t-1                            0.0516
    t-12                           0.0516
    t-11                           0.0515

2024:
  Samples: 250
  Entropy: 2.9413 ± 0.1746
  Concentration: 0.0502
  Top 5 features:
    t-1                            0.0548
    t-2                            0.0541
    t-3                            0.0535
    t-4                            0.0529
    t-5                            0.0524

2025:
  Samples: 190
  Entropy: 2.8590 ± 0.3315
  Concentration: 0.0502
  Top 5 features:
    t-1                            0.0560
    t-2                            0.0527
    t-3                            0.0513
    t-10                           0.0510
    t-13                           0.0510

----------------------------------------------------------------------
Period Comparisons:
----------------------------------------------------------------------

2020_vs_2021:
  Cosine similarity: 0.9997
  L2 distance: 0.0055
  Entropy change: -0.0201
  Concentration change: 0.0002

2020_vs_2022:
  Cosine similarity: 0.9947
  L2 distance: 0.0235
  Entropy change: -0.0686
  Concentration change: 0.0013

2020_vs_2023:
  Cosine similarity: 0.9990
  L2 distance: 0.0098
  Entropy change: 0.0291
  Concentration change: -0.0002

2020_vs_2024:
  Cosine similarity: 0.9995
  L2 distance: 0.0071
  Entropy change: 0.0056
  Concentration change: -0.0002

2020_vs_2025:
  Cosine similarity: 0.9991
  L2 distance: 0.0095
  Entropy change: -0.0766
  Concentration change: -0.0002

2021_vs_2022:
  Cosine similarity: 0.9968
  L2 distance: 0.0183
  Entropy change: -0.0485
  Concentration change: 0.0011

2021_vs_2023:
  Cosine similarity: 0.9979
  L2 distance: 0.0147
  Entropy change: 0.0492
  Concentration change: -0.0005

2021_vs_2024:
  Cosine similarity: 0.9986
  L2 distance: 0.0119
  Entropy change: 0.0257
  Concentration change: -0.0004

2021_vs_2025:
  Cosine similarity: 0.9980
  L2 distance: 0.0142
  Entropy change: -0.0565
  Concentration change: -0.0005

2022_vs_2023:
  Cosine similarity: 0.9896
  L2 distance: 0.0327
  Entropy change: 0.0976
  Concentration change: -0.0016

2022_vs_2024:
  Cosine similarity: 0.9922
  L2 distance: 0.0284
  Entropy change: 0.0742
  Concentration change: -0.0016

2022_vs_2025:
  Cosine similarity: 0.9905
  L2 distance: 0.0313
  Entropy change: -0.0081
  Concentration change: -0.0016

2023_vs_2024:
  Cosine similarity: 0.9993
  L2 distance: 0.0085
  Entropy change: -0.0235
  Concentration change: 0.0000

2023_vs_2025:
  Cosine similarity: 0.9997
  L2 distance: 0.0057
  Entropy change: -0.1057
  Concentration change: -0.0000

2024_vs_2025:
  Cosine similarity: 0.9996
  L2 distance: 0.0061
  Entropy change: -0.0822
  Concentration change: -0.0000

======================================================================

Analysis complete!
Results saved to: experiments/01_staleness_features_fixed/sweep_stale_h12_drop0.15_lr5/attention_analysis_year
  - attention_analysis_results.json
  - attention_heatmap.png
  - attention_trends.png
  - temporal_attention_comparison.png
