Logging to: experiments/01_staleness_features_fixed/sweep_stale_h14_drop0.20_lr5/attention_analysis_year/attention_analysis_20251027_193818.log
Analysis started at: 2025-10-27 19:38:18
======================================================================
Experiment: 01_staleness_features_fixed/sweep_stale_h14_drop0.20_lr5
Output directory: experiments/01_staleness_features_fixed/sweep_stale_h14_drop0.20_lr5/attention_analysis_year
Using best checkpoint: experiments/01_staleness_features_fixed/sweep_stale_h14_drop0.20_lr5/checkpoints/tft-epoch=03-val_loss=0.1603.ckpt

Loading data...
Loading test data from: data/splits/fixed/core_proposal_daily_fixed_test.csv
Detected staleness features in config, adding to data...
  Train samples: 6066
  Test samples: 1300

Preparing test dataset...
Test dataset size after filtering: 1280

Loading model...
Loading model from: experiments/01_staleness_features_fixed/sweep_stale_h14_drop0.20_lr5/checkpoints/tft-epoch=03-val_loss=0.1603.ckpt

Extracting attention patterns...
Extracting attention patterns...
Total batches to process: 10
  Processed 10/10 batches

Total predictions: 1280
Total actuals: 1280
Attention shape: (1280, 20)
Encoder variables shape: (1280, 7)

Prediction period: 2020-08-19T00:00:00.000000000 to 2025-10-06T00:00:00.000000000
Total predictions: 1280

Creating temporal periods:
  2020: 92 samples
  2021: 250 samples
  2022: 249 samples
  2023: 249 samples
  2024: 250 samples
  2025: 190 samples

Attention over 20 encoder timesteps

Analyzing attention patterns by period...

Comparing attention patterns across periods...

Creating visualizations...
Saved attention heatmap: experiments/01_staleness_features_fixed/sweep_stale_h14_drop0.20_lr5/attention_analysis_year/attention_heatmap.png
Saved attention trends: experiments/01_staleness_features_fixed/sweep_stale_h14_drop0.20_lr5/attention_analysis_year/attention_trends.png
Saved feature importance comparison: experiments/01_staleness_features_fixed/sweep_stale_h14_drop0.20_lr5/attention_analysis_year/temporal_attention_comparison.png

Saving results...
Saved results: experiments/01_staleness_features_fixed/sweep_stale_h14_drop0.20_lr5/attention_analysis_year/attention_analysis_results.json

======================================================================
ATTENTION ANALYSIS SUMMARY
======================================================================

Per-Period Statistics:
----------------------------------------------------------------------

2020:
  Samples: 92
  Entropy: 2.9848 ± 0.0127
  Concentration: 0.0501
  Top 5 features:
    t-1                            0.0526
    t-2                            0.0523
    t-3                            0.0520
    t-4                            0.0517
    t-5                            0.0514

2021:
  Samples: 250
  Entropy: 2.9901 ± 0.0054
  Concentration: 0.0502
  Top 5 features:
    t-1                            0.0543
    t-2                            0.0538
    t-3                            0.0534
    t-4                            0.0529
    t-5                            0.0525

2022:
  Samples: 249
  Entropy: 2.9824 ± 0.0066
  Concentration: 0.0502
  Top 5 features:
    t-1                            0.0554
    t-2                            0.0547
    t-3                            0.0541
    t-4                            0.0535
    t-5                            0.0529

2023:
  Samples: 249
  Entropy: 2.9886 ± 0.0048
  Concentration: 0.0502
  Top 5 features:
    t-1                            0.0547
    t-2                            0.0542
    t-3                            0.0537
    t-4                            0.0532
    t-5                            0.0527

2024:
  Samples: 250
  Entropy: 2.9887 ± 0.0054
  Concentration: 0.0503
  Top 5 features:
    t-1                            0.0560
    t-2                            0.0554
    t-3                            0.0547
    t-4                            0.0541
    t-5                            0.0535

2025:
  Samples: 190
  Entropy: 2.9811 ± 0.0192
  Concentration: 0.0503
  Top 5 features:
    t-1                            0.0566
    t-2                            0.0558
    t-3                            0.0551
    t-4                            0.0544
    t-5                            0.0537

----------------------------------------------------------------------
Period Comparisons:
----------------------------------------------------------------------

2020_vs_2021:
  Cosine similarity: 0.9997
  L2 distance: 0.0051
  Entropy change: 0.0053
  Concentration change: 0.0001

2020_vs_2022:
  Cosine similarity: 0.9995
  L2 distance: 0.0074
  Entropy change: -0.0024
  Concentration change: 0.0002

2020_vs_2023:
  Cosine similarity: 0.9995
  L2 distance: 0.0072
  Entropy change: 0.0038
  Concentration change: 0.0002

2020_vs_2024:
  Cosine similarity: 0.9989
  L2 distance: 0.0105
  Entropy change: 0.0039
  Concentration change: 0.0003

2020_vs_2025:
  Cosine similarity: 0.9988
  L2 distance: 0.0112
  Entropy change: -0.0037
  Concentration change: 0.0003

2021_vs_2022:
  Cosine similarity: 0.9999
  L2 distance: 0.0027
  Entropy change: -0.0077
  Concentration change: 0.0001

2021_vs_2023:
  Cosine similarity: 0.9999
  L2 distance: 0.0028
  Entropy change: -0.0015
  Concentration change: 0.0001

2021_vs_2024:
  Cosine similarity: 0.9997
  L2 distance: 0.0056
  Entropy change: -0.0014
  Concentration change: 0.0002

2021_vs_2025:
  Cosine similarity: 0.9996
  L2 distance: 0.0062
  Entropy change: -0.0090
  Concentration change: 0.0002

2022_vs_2023:
  Cosine similarity: 1.0000
  L2 distance: 0.0019
  Entropy change: 0.0062
  Concentration change: -0.0000

2022_vs_2024:
  Cosine similarity: 0.9999
  L2 distance: 0.0033
  Entropy change: 0.0063
  Concentration change: 0.0001

2022_vs_2025:
  Cosine similarity: 0.9999
  L2 distance: 0.0038
  Entropy change: -0.0013
  Concentration change: 0.0001

2023_vs_2024:
  Cosine similarity: 0.9999
  L2 distance: 0.0036
  Entropy change: 0.0001
  Concentration change: 0.0001

2023_vs_2025:
  Cosine similarity: 0.9998
  L2 distance: 0.0045
  Entropy change: -0.0075
  Concentration change: 0.0001

2024_vs_2025:
  Cosine similarity: 1.0000
  L2 distance: 0.0011
  Entropy change: -0.0076
  Concentration change: 0.0000

======================================================================

Analysis complete!
Results saved to: experiments/01_staleness_features_fixed/sweep_stale_h14_drop0.20_lr5/attention_analysis_year
  - attention_analysis_results.json
  - attention_heatmap.png
  - attention_trends.png
  - temporal_attention_comparison.png
