Logging to: experiments/01_staleness_features_fixed/sweep_stale_h14_drop0.20_lr5/attention_analysis_year/attention_analysis_20251030_131348.log
Analysis started at: 2025-10-30 13:13:48
======================================================================
Experiment: 01_staleness_features_fixed/sweep_stale_h14_drop0.20_lr5
Output directory: experiments/01_staleness_features_fixed/sweep_stale_h14_drop0.20_lr5/attention_analysis_year
Using best checkpoint: experiments/01_staleness_features_fixed/sweep_stale_h14_drop0.20_lr5/checkpoints/tft-epoch=76-val_loss=0.3967.ckpt

Loading data...
Loading test data from: data/splits/fixed/core_proposal_daily_fixed_test.csv
Detected staleness features in config, adding to data...
  Train samples: 6066
  Test samples: 1300

Preparing test dataset...
Test dataset size after filtering: 1280

Loading model...
Loading model from: experiments/01_staleness_features_fixed/sweep_stale_h14_drop0.20_lr5/checkpoints/tft-epoch=76-val_loss=0.3967.ckpt
Model moved to device: cuda

Extracting attention patterns...
Extracting attention patterns...
Total batches to process: 10
  Processed 10/10 batches

Total predictions: 1280
Total actuals: 1280
Attention shape: (1280, 20)
Encoder variables shape: (1280, 7)

Prediction period: 2020-08-19T00:00:00.000000000 to 2025-10-06T00:00:00.000000000
Total predictions: 1280

Creating temporal periods:
  2020: 92 samples
  2021: 250 samples
  2022: 249 samples
  2023: 249 samples
  2024: 250 samples
  2025: 190 samples

Attention over 20 encoder timesteps

Analyzing attention patterns by period...

Comparing attention patterns across periods...

Creating visualizations...
Saved attention heatmap: experiments/01_staleness_features_fixed/sweep_stale_h14_drop0.20_lr5/attention_analysis_year/attention_heatmap.png
Saved attention trends: experiments/01_staleness_features_fixed/sweep_stale_h14_drop0.20_lr5/attention_analysis_year/attention_trends.png
Saved feature importance comparison: experiments/01_staleness_features_fixed/sweep_stale_h14_drop0.20_lr5/attention_analysis_year/temporal_attention_comparison.png

Saving results...
Saved results: experiments/01_staleness_features_fixed/sweep_stale_h14_drop0.20_lr5/attention_analysis_year/attention_analysis_results.json

======================================================================
ATTENTION ANALYSIS SUMMARY
======================================================================

Per-Period Statistics:
----------------------------------------------------------------------

2020:
  Samples: 92
  Entropy: 2.8513 ± 0.1002
  Concentration: 0.0505
  Top 5 features:
    t-16                           0.0575
    t-15                           0.0570
    t-14                           0.0558
    t-17                           0.0556
    t-13                           0.0544

2021:
  Samples: 250
  Entropy: 2.6027 ± 0.2862
  Concentration: 0.0506
  Top 5 features:
    t-18                           0.0608
    t-17                           0.0585
    t-1                            0.0584
    t-19                           0.0575
    t-2                            0.0546

2022:
  Samples: 249
  Entropy: 2.6719 ± 0.2623
  Concentration: 0.0518
  Top 5 features:
    t-17                           0.0721
    t-18                           0.0692
    t-16                           0.0653
    t-19                           0.0579
    t-15                           0.0568

2023:
  Samples: 249
  Entropy: 2.8871 ± 0.0903
  Concentration: 0.0501
  Top 5 features:
    t-1                            0.0554
    t-2                            0.0542
    t-3                            0.0532
    t-4                            0.0524
    t-5                            0.0517

2024:
  Samples: 250
  Entropy: 2.7381 ± 0.4915
  Concentration: 0.0506
  Top 5 features:
    t-20                           0.0662
    t-19                           0.0574
    t-1                            0.0564
    t-2                            0.0537
    t-18                           0.0529

2025:
  Samples: 190
  Entropy: 2.6823 ± 0.3380
  Concentration: 0.0506
  Top 5 features:
    t-20                           0.0598
    t-18                           0.0594
    t-17                           0.0580
    t-19                           0.0580
    t-1                            0.0557

----------------------------------------------------------------------
Period Comparisons:
----------------------------------------------------------------------

2020_vs_2021:
  Cosine similarity: 0.9855
  L2 distance: 0.0383
  Entropy change: -0.2486
  Concentration change: 0.0001

2020_vs_2022:
  Cosine similarity: 0.9807
  L2 distance: 0.0446
  Entropy change: -0.1794
  Concentration change: 0.0013

2020_vs_2023:
  Cosine similarity: 0.9923
  L2 distance: 0.0278
  Entropy change: 0.0358
  Concentration change: -0.0004

2020_vs_2024:
  Cosine similarity: 0.9798
  L2 distance: 0.0452
  Entropy change: -0.1132
  Concentration change: 0.0000

2020_vs_2025:
  Cosine similarity: 0.9863
  L2 distance: 0.0373
  Entropy change: -0.1690
  Concentration change: 0.0001

2021_vs_2022:
  Cosine similarity: 0.9939
  L2 distance: 0.0251
  Entropy change: 0.0692
  Concentration change: 0.0012

2021_vs_2023:
  Cosine similarity: 0.9925
  L2 distance: 0.0274
  Entropy change: 0.2843
  Concentration change: -0.0005

2021_vs_2024:
  Cosine similarity: 0.9960
  L2 distance: 0.0201
  Entropy change: 0.1354
  Concentration change: -0.0001

2021_vs_2025:
  Cosine similarity: 0.9979
  L2 distance: 0.0146
  Entropy change: 0.0796
  Concentration change: -0.0000

2022_vs_2023:
  Cosine similarity: 0.9775
  L2 distance: 0.0480
  Entropy change: 0.2152
  Concentration change: -0.0017

2022_vs_2024:
  Cosine similarity: 0.9818
  L2 distance: 0.0432
  Entropy change: 0.0662
  Concentration change: -0.0013

2022_vs_2025:
  Cosine similarity: 0.9935
  L2 distance: 0.0260
  Entropy change: 0.0104
  Concentration change: -0.0012

2023_vs_2024:
  Cosine similarity: 0.9944
  L2 distance: 0.0237
  Entropy change: -0.1489
  Concentration change: 0.0004

2023_vs_2025:
  Cosine similarity: 0.9907
  L2 distance: 0.0306
  Entropy change: -0.2047
  Concentration change: 0.0005

2024_vs_2025:
  Cosine similarity: 0.9950
  L2 distance: 0.0225
  Entropy change: -0.0558
  Concentration change: 0.0001

======================================================================

Analysis complete!
Results saved to: experiments/01_staleness_features_fixed/sweep_stale_h14_drop0.20_lr5/attention_analysis_year
  - attention_analysis_results.json
  - attention_heatmap.png
  - attention_trends.png
  - temporal_attention_comparison.png
