Logging to: experiments/00_baseline_exploration/sweep_dropout_0.15/attention_analysis_year/attention_analysis_20251030_130948.log
Analysis started at: 2025-10-30 13:09:48
======================================================================
Experiment: 00_baseline_exploration/sweep_dropout_0.15
Output directory: experiments/00_baseline_exploration/sweep_dropout_0.15/attention_analysis_year
Using best checkpoint: experiments/00_baseline_exploration/sweep_dropout_0.15/checkpoints/tft-epoch=49-val_loss=0.3963.ckpt

Loading data...
Loading test data from: data/splits/fixed/core_proposal_daily_fixed_test.csv
  Train samples: 6066
  Test samples: 1300

Preparing test dataset...
Test dataset size after filtering: 1280

Loading model...
Loading model from: experiments/00_baseline_exploration/sweep_dropout_0.15/checkpoints/tft-epoch=49-val_loss=0.3963.ckpt
Model moved to device: cuda

Extracting attention patterns...
Extracting attention patterns...
Total batches to process: 10
  Processed 10/10 batches

Total predictions: 1280
Total actuals: 1280
Attention shape: (1280, 20)
Encoder variables shape: (1280, 5)

Prediction period: 2020-08-19T00:00:00.000000000 to 2025-10-06T00:00:00.000000000
Total predictions: 1280

Creating temporal periods:
  2020: 92 samples
  2021: 250 samples
  2022: 249 samples
  2023: 249 samples
  2024: 250 samples
  2025: 190 samples

Attention over 20 encoder timesteps

Analyzing attention patterns by period...

Comparing attention patterns across periods...

Creating visualizations...
Saved attention heatmap: experiments/00_baseline_exploration/sweep_dropout_0.15/attention_analysis_year/attention_heatmap.png
Saved attention trends: experiments/00_baseline_exploration/sweep_dropout_0.15/attention_analysis_year/attention_trends.png
Saved feature importance comparison: experiments/00_baseline_exploration/sweep_dropout_0.15/attention_analysis_year/temporal_attention_comparison.png

Saving results...
Saved results: experiments/00_baseline_exploration/sweep_dropout_0.15/attention_analysis_year/attention_analysis_results.json

======================================================================
ATTENTION ANALYSIS SUMMARY
======================================================================

Per-Period Statistics:
----------------------------------------------------------------------

2020:
  Samples: 92
  Entropy: 2.7517 ± 0.1571
  Concentration: 0.0603
  Top 5 features:
    t-20                           0.1386
    t-19                           0.0831
    t-18                           0.0598
    t-1                            0.0497
    t-17                           0.0487

2021:
  Samples: 250
  Entropy: 2.6186 ± 0.2356
  Concentration: 0.0617
  Top 5 features:
    t-20                           0.1525
    t-19                           0.0645
    t-1                            0.0517
    t-18                           0.0486
    t-2                            0.0485

2022:
  Samples: 249
  Entropy: 2.6588 ± 0.2079
  Concentration: 0.0691
  Top 5 features:
    t-20                           0.1747
    t-19                           0.0894
    t-18                           0.0601
    t-17                           0.0476
    t-1                            0.0448

2023:
  Samples: 249
  Entropy: 2.8196 ± 0.1436
  Concentration: 0.0654
  Top 5 features:
    t-20                           0.1702
    t-19                           0.0575
    t-1                            0.0453
    t-2                            0.0448
    t-18                           0.0447

2024:
  Samples: 250
  Entropy: 2.7625 ± 0.2872
  Concentration: 0.0623
  Top 5 features:
    t-20                           0.1547
    t-1                            0.0567
    t-19                           0.0544
    t-2                            0.0535
    t-3                            0.0518

2025:
  Samples: 190
  Entropy: 2.6910 ± 0.2454
  Concentration: 0.0623
  Top 5 features:
    t-20                           0.1538
    t-19                           0.0644
    t-1                            0.0566
    t-2                            0.0533
    t-3                            0.0507

----------------------------------------------------------------------
Period Comparisons:
----------------------------------------------------------------------

2020_vs_2021:
  Cosine similarity: 0.9939
  L2 distance: 0.0274
  Entropy change: -0.1331
  Concentration change: 0.0013

2020_vs_2022:
  Cosine similarity: 0.9905
  L2 distance: 0.0391
  Entropy change: -0.0928
  Concentration change: 0.0088

2020_vs_2023:
  Cosine similarity: 0.9843
  L2 distance: 0.0455
  Entropy change: 0.0679
  Concentration change: 0.0051

2020_vs_2024:
  Cosine similarity: 0.9837
  L2 distance: 0.0449
  Entropy change: 0.0108
  Concentration change: 0.0020

2020_vs_2025:
  Cosine similarity: 0.9915
  L2 distance: 0.0325
  Entropy change: -0.0607
  Concentration change: 0.0020

2021_vs_2022:
  Cosine similarity: 0.9897
  L2 distance: 0.0394
  Entropy change: 0.0403
  Concentration change: 0.0075

2021_vs_2023:
  Cosine similarity: 0.9969
  L2 distance: 0.0211
  Entropy change: 0.2010
  Concentration change: 0.0038

2021_vs_2024:
  Cosine similarity: 0.9959
  L2 distance: 0.0226
  Entropy change: 0.1439
  Concentration change: 0.0007

2021_vs_2025:
  Cosine similarity: 0.9985
  L2 distance: 0.0138
  Entropy change: 0.0724
  Concentration change: 0.0007

2022_vs_2023:
  Cosine similarity: 0.9888
  L2 distance: 0.0395
  Entropy change: 0.1608
  Concentration change: -0.0037

2022_vs_2024:
  Cosine similarity: 0.9776
  L2 distance: 0.0559
  Entropy change: 0.1036
  Concentration change: -0.0068

2022_vs_2025:
  Cosine similarity: 0.9862
  L2 distance: 0.0445
  Entropy change: 0.0322
  Concentration change: -0.0068

2023_vs_2024:
  Cosine similarity: 0.9943
  L2 distance: 0.0277
  Entropy change: -0.0571
  Concentration change: -0.0031

2023_vs_2025:
  Cosine similarity: 0.9948
  L2 distance: 0.0264
  Entropy change: -0.1286
  Concentration change: -0.0031

2024_vs_2025:
  Cosine similarity: 0.9983
  L2 distance: 0.0144
  Entropy change: -0.0715
  Concentration change: -0.0000

======================================================================

Analysis complete!
Results saved to: experiments/00_baseline_exploration/sweep_dropout_0.15/attention_analysis_year
  - attention_analysis_results.json
  - attention_heatmap.png
  - attention_trends.png
  - temporal_attention_comparison.png
