Logging to: experiments/01_staleness_features_fixed/staleness_fixed_h16_drop0.25_seed999/attention_analysis_year/attention_analysis_20251027_193740.log
Analysis started at: 2025-10-27 19:37:40
======================================================================
Experiment: 01_staleness_features_fixed/staleness_fixed_h16_drop0.25_seed999
Output directory: experiments/01_staleness_features_fixed/staleness_fixed_h16_drop0.25_seed999/attention_analysis_year
Using best checkpoint: experiments/01_staleness_features_fixed/staleness_fixed_h16_drop0.25_seed999/checkpoints/tft-epoch=02-val_loss=0.1369.ckpt

Loading data...
Loading test data from: data/splits/fixed/core_proposal_daily_fixed_test.csv
Detected staleness features in config, adding to data...
  Train samples: 6066
  Test samples: 1300

Preparing test dataset...
Test dataset size after filtering: 1280

Loading model...
Loading model from: experiments/01_staleness_features_fixed/staleness_fixed_h16_drop0.25_seed999/checkpoints/tft-epoch=02-val_loss=0.1369.ckpt

Extracting attention patterns...
Extracting attention patterns...
Total batches to process: 10
  Processed 10/10 batches

Total predictions: 1280
Total actuals: 1280
Attention shape: (1280, 20)
Encoder variables shape: (1280, 7)

Prediction period: 2020-08-19T00:00:00.000000000 to 2025-10-06T00:00:00.000000000
Total predictions: 1280

Creating temporal periods:
  2020: 92 samples
  2021: 250 samples
  2022: 249 samples
  2023: 249 samples
  2024: 250 samples
  2025: 190 samples

Attention over 20 encoder timesteps

Analyzing attention patterns by period...

Comparing attention patterns across periods...

Creating visualizations...
Saved attention heatmap: experiments/01_staleness_features_fixed/staleness_fixed_h16_drop0.25_seed999/attention_analysis_year/attention_heatmap.png
Saved attention trends: experiments/01_staleness_features_fixed/staleness_fixed_h16_drop0.25_seed999/attention_analysis_year/attention_trends.png
Saved feature importance comparison: experiments/01_staleness_features_fixed/staleness_fixed_h16_drop0.25_seed999/attention_analysis_year/temporal_attention_comparison.png

Saving results...
Saved results: experiments/01_staleness_features_fixed/staleness_fixed_h16_drop0.25_seed999/attention_analysis_year/attention_analysis_results.json

======================================================================
ATTENTION ANALYSIS SUMMARY
======================================================================

Per-Period Statistics:
----------------------------------------------------------------------

2020:
  Samples: 92
  Entropy: 2.9848 ± 0.0068
  Concentration: 0.0503
  Top 5 features:
    t-20                           0.0578
    t-1                            0.0578
    t-2                            0.0556
    t-3                            0.0537
    t-19                           0.0535

2021:
  Samples: 250
  Entropy: 2.9870 ± 0.0072
  Concentration: 0.0502
  Top 5 features:
    t-20                           0.0583
    t-1                            0.0550
    t-19                           0.0544
    t-2                            0.0532
    t-18                           0.0517

2022:
  Samples: 249
  Entropy: 2.9901 ± 0.0033
  Concentration: 0.0502
  Top 5 features:
    t-20                           0.0599
    t-19                           0.0559
    t-1                            0.0543
    t-18                           0.0528
    t-2                            0.0523

2023:
  Samples: 249
  Entropy: 2.9901 ± 0.0037
  Concentration: 0.0502
  Top 5 features:
    t-1                            0.0588
    t-2                            0.0564
    t-3                            0.0543
    t-20                           0.0534
    t-4                            0.0526

2024:
  Samples: 250
  Entropy: 2.9898 ± 0.0041
  Concentration: 0.0502
  Top 5 features:
    t-1                            0.0586
    t-2                            0.0563
    t-3                            0.0542
    t-20                           0.0535
    t-4                            0.0525

2025:
  Samples: 190
  Entropy: 2.9883 ± 0.0045
  Concentration: 0.0502
  Top 5 features:
    t-1                            0.0581
    t-2                            0.0557
    t-20                           0.0543
    t-3                            0.0537
    t-4                            0.0520

----------------------------------------------------------------------
Period Comparisons:
----------------------------------------------------------------------

2020_vs_2021:
  Cosine similarity: 0.9997
  L2 distance: 0.0056
  Entropy change: 0.0022
  Concentration change: -0.0001

2020_vs_2022:
  Cosine similarity: 0.9993
  L2 distance: 0.0086
  Entropy change: 0.0053
  Concentration change: -0.0000

2020_vs_2023:
  Cosine similarity: 0.9996
  L2 distance: 0.0064
  Entropy change: 0.0052
  Concentration change: -0.0000

2020_vs_2024:
  Cosine similarity: 0.9996
  L2 distance: 0.0062
  Entropy change: 0.0050
  Concentration change: -0.0001

2020_vs_2025:
  Cosine similarity: 0.9998
  L2 distance: 0.0046
  Entropy change: 0.0035
  Concentration change: -0.0001

2021_vs_2022:
  Cosine similarity: 0.9999
  L2 distance: 0.0036
  Entropy change: 0.0031
  Concentration change: 0.0000

2021_vs_2023:
  Cosine similarity: 0.9990
  L2 distance: 0.0101
  Entropy change: 0.0030
  Concentration change: 0.0000

2021_vs_2024:
  Cosine similarity: 0.9991
  L2 distance: 0.0097
  Entropy change: 0.0028
  Concentration change: 0.0000

2021_vs_2025:
  Cosine similarity: 0.9994
  L2 distance: 0.0077
  Entropy change: 0.0013
  Concentration change: 0.0000

2022_vs_2023:
  Cosine similarity: 0.9981
  L2 distance: 0.0137
  Entropy change: -0.0000
  Concentration change: -0.0000

2022_vs_2024:
  Cosine similarity: 0.9982
  L2 distance: 0.0133
  Entropy change: -0.0003
  Concentration change: -0.0000

2022_vs_2025:
  Cosine similarity: 0.9987
  L2 distance: 0.0113
  Entropy change: -0.0018
  Concentration change: -0.0000

2023_vs_2024:
  Cosine similarity: 1.0000
  L2 distance: 0.0005
  Entropy change: -0.0002
  Concentration change: -0.0000

2023_vs_2025:
  Cosine similarity: 0.9999
  L2 distance: 0.0024
  Entropy change: -0.0018
  Concentration change: -0.0000

2024_vs_2025:
  Cosine similarity: 1.0000
  L2 distance: 0.0020
  Entropy change: -0.0015
  Concentration change: -0.0000

======================================================================

Analysis complete!
Results saved to: experiments/01_staleness_features_fixed/staleness_fixed_h16_drop0.25_seed999/attention_analysis_year
  - attention_analysis_results.json
  - attention_heatmap.png
  - attention_trends.png
  - temporal_attention_comparison.png
