Logging to: experiments/01_staleness_features_fixed/staleness_fixed_h16_drop0.25_seed999/attention_analysis_year/attention_analysis_20251030_131203.log
Analysis started at: 2025-10-30 13:12:03
======================================================================
Experiment: 01_staleness_features_fixed/staleness_fixed_h16_drop0.25_seed999
Output directory: experiments/01_staleness_features_fixed/staleness_fixed_h16_drop0.25_seed999/attention_analysis_year
Using best checkpoint: experiments/01_staleness_features_fixed/staleness_fixed_h16_drop0.25_seed999/checkpoints/tft-epoch=83-val_loss=0.3950.ckpt

Loading data...
Loading test data from: data/splits/fixed/core_proposal_daily_fixed_test.csv
Detected staleness features in config, adding to data...
  Train samples: 6066
  Test samples: 1300

Preparing test dataset...
Test dataset size after filtering: 1280

Loading model...
Loading model from: experiments/01_staleness_features_fixed/staleness_fixed_h16_drop0.25_seed999/checkpoints/tft-epoch=83-val_loss=0.3950.ckpt
Model moved to device: cuda

Extracting attention patterns...
Extracting attention patterns...
Total batches to process: 10
  Processed 10/10 batches

Total predictions: 1280
Total actuals: 1280
Attention shape: (1280, 20)
Encoder variables shape: (1280, 7)

Prediction period: 2020-08-19T00:00:00.000000000 to 2025-10-06T00:00:00.000000000
Total predictions: 1280

Creating temporal periods:
  2020: 92 samples
  2021: 250 samples
  2022: 249 samples
  2023: 249 samples
  2024: 250 samples
  2025: 190 samples

Attention over 20 encoder timesteps

Analyzing attention patterns by period...

Comparing attention patterns across periods...

Creating visualizations...
Saved attention heatmap: experiments/01_staleness_features_fixed/staleness_fixed_h16_drop0.25_seed999/attention_analysis_year/attention_heatmap.png
Saved attention trends: experiments/01_staleness_features_fixed/staleness_fixed_h16_drop0.25_seed999/attention_analysis_year/attention_trends.png
Saved feature importance comparison: experiments/01_staleness_features_fixed/staleness_fixed_h16_drop0.25_seed999/attention_analysis_year/temporal_attention_comparison.png

Saving results...
Saved results: experiments/01_staleness_features_fixed/staleness_fixed_h16_drop0.25_seed999/attention_analysis_year/attention_analysis_results.json

======================================================================
ATTENTION ANALYSIS SUMMARY
======================================================================

Per-Period Statistics:
----------------------------------------------------------------------

2020:
  Samples: 92
  Entropy: 2.6680 ± 0.2820
  Concentration: 0.0566
  Top 5 features:
    t-1                            0.0927
    t-2                            0.0810
    t-3                            0.0723
    t-4                            0.0663
    t-5                            0.0621

2021:
  Samples: 250
  Entropy: 2.6087 ± 0.3731
  Concentration: 0.0525
  Top 5 features:
    t-1                            0.0741
    t-2                            0.0669
    t-3                            0.0620
    t-4                            0.0591
    t-5                            0.0576

2022:
  Samples: 249
  Entropy: 2.7160 ± 0.2585
  Concentration: 0.0558
  Top 5 features:
    t-1                            0.0782
    t-2                            0.0714
    t-3                            0.0670
    t-4                            0.0644
    t-5                            0.0629

2023:
  Samples: 249
  Entropy: 2.8812 ± 0.1310
  Concentration: 0.0511
  Top 5 features:
    t-1                            0.0589
    t-2                            0.0580
    t-3                            0.0575
    t-4                            0.0573
    t-5                            0.0570

2024:
  Samples: 250
  Entropy: 2.8022 ± 0.4238
  Concentration: 0.0507
  Top 5 features:
    t-1                            0.0623
    t-2                            0.0596
    t-3                            0.0581
    t-4                            0.0569
    t-5                            0.0557

2025:
  Samples: 190
  Entropy: 2.7634 ± 0.3852
  Concentration: 0.0505
  Top 5 features:
    t-1                            0.0648
    t-2                            0.0566
    t-3                            0.0532
    t-9                            0.0519
    t-10                           0.0518

----------------------------------------------------------------------
Period Comparisons:
----------------------------------------------------------------------

2020_vs_2021:
  Cosine similarity: 0.9909
  L2 distance: 0.0326
  Entropy change: -0.0593
  Concentration change: -0.0041

2020_vs_2022:
  Cosine similarity: 0.9945
  L2 distance: 0.0249
  Entropy change: 0.0480
  Concentration change: -0.0008

2020_vs_2023:
  Cosine similarity: 0.9754
  L2 distance: 0.0528
  Entropy change: 0.2132
  Concentration change: -0.0055

2020_vs_2024:
  Cosine similarity: 0.9735
  L2 distance: 0.0548
  Entropy change: 0.1342
  Concentration change: -0.0059

2020_vs_2025:
  Cosine similarity: 0.9661
  L2 distance: 0.0617
  Entropy change: 0.0954
  Concentration change: -0.0061

2021_vs_2022:
  Cosine similarity: 0.9927
  L2 distance: 0.0290
  Entropy change: 0.1073
  Concentration change: 0.0033

2021_vs_2023:
  Cosine similarity: 0.9959
  L2 distance: 0.0208
  Entropy change: 0.2725
  Concentration change: -0.0014

2021_vs_2024:
  Cosine similarity: 0.9946
  L2 distance: 0.0239
  Entropy change: 0.1935
  Concentration change: -0.0017

2021_vs_2025:
  Cosine similarity: 0.9911
  L2 distance: 0.0306
  Entropy change: 0.1547
  Concentration change: -0.0020

2022_vs_2023:
  Cosine similarity: 0.9832
  L2 distance: 0.0436
  Entropy change: 0.1652
  Concentration change: -0.0047

2022_vs_2024:
  Cosine similarity: 0.9764
  L2 distance: 0.0514
  Entropy change: 0.0862
  Concentration change: -0.0051

2022_vs_2025:
  Cosine similarity: 0.9698
  L2 distance: 0.0578
  Entropy change: 0.0474
  Concentration change: -0.0053

2023_vs_2024:
  Cosine similarity: 0.9983
  L2 distance: 0.0131
  Entropy change: -0.0790
  Concentration change: -0.0004

2023_vs_2025:
  Cosine similarity: 0.9960
  L2 distance: 0.0203
  Entropy change: -0.1178
  Concentration change: -0.0006

2024_vs_2025:
  Cosine similarity: 0.9979
  L2 distance: 0.0147
  Entropy change: -0.0388
  Concentration change: -0.0002

======================================================================

Analysis complete!
Results saved to: experiments/01_staleness_features_fixed/staleness_fixed_h16_drop0.25_seed999/attention_analysis_year
  - attention_analysis_results.json
  - attention_heatmap.png
  - attention_trends.png
  - temporal_attention_comparison.png
