Logging to: experiments/00_baseline_exploration/sweep2_combo3/attention_analysis_year/attention_analysis_20251030_130554.log
Analysis started at: 2025-10-30 13:05:54
======================================================================
Experiment: 00_baseline_exploration/sweep2_combo3
Output directory: experiments/00_baseline_exploration/sweep2_combo3/attention_analysis_year
Using best checkpoint: experiments/00_baseline_exploration/sweep2_combo3/checkpoints/tft-epoch=97-val_loss=0.3973.ckpt

Loading data...
Loading test data from: data/splits/fixed/core_proposal_daily_fixed_test.csv
  Train samples: 6066
  Test samples: 1300

Preparing test dataset...
Test dataset size after filtering: 1270

Loading model...
Loading model from: experiments/00_baseline_exploration/sweep2_combo3/checkpoints/tft-epoch=97-val_loss=0.3973.ckpt
Model moved to device: cuda

Extracting attention patterns...
Extracting attention patterns...
Total batches to process: 10
  Processed 10/10 batches

Total predictions: 1270
Total actuals: 1270
Attention shape: (1270, 30)
Encoder variables shape: (1270, 5)

Prediction period: 2020-09-02T00:00:00.000000000 to 2025-10-06T00:00:00.000000000
Total predictions: 1270

Creating temporal periods:
  2020: 82 samples
  2021: 250 samples
  2022: 249 samples
  2023: 249 samples
  2024: 250 samples
  2025: 190 samples

Attention over 30 encoder timesteps

Analyzing attention patterns by period...

Comparing attention patterns across periods...

Creating visualizations...
Saved attention heatmap: experiments/00_baseline_exploration/sweep2_combo3/attention_analysis_year/attention_heatmap.png
Saved attention trends: experiments/00_baseline_exploration/sweep2_combo3/attention_analysis_year/attention_trends.png
Saved feature importance comparison: experiments/00_baseline_exploration/sweep2_combo3/attention_analysis_year/temporal_attention_comparison.png

Saving results...
Saved results: experiments/00_baseline_exploration/sweep2_combo3/attention_analysis_year/attention_analysis_results.json

======================================================================
ATTENTION ANALYSIS SUMMARY
======================================================================

Per-Period Statistics:
----------------------------------------------------------------------

2020:
  Samples: 82
  Entropy: 3.3323 ± 0.0600
  Concentration: 0.0343
  Top 5 features:
    t-1                            0.0444
    t-2                            0.0435
    t-3                            0.0421
    t-4                            0.0408
    t-5                            0.0397

2021:
  Samples: 250
  Entropy: 3.2961 ± 0.1621
  Concentration: 0.0340
  Top 5 features:
    t-1                            0.0424
    t-2                            0.0410
    t-3                            0.0397
    t-4                            0.0384
    t-5                            0.0373

2022:
  Samples: 249
  Entropy: 3.2255 ± 0.1700
  Concentration: 0.0345
  Top 5 features:
    t-1                            0.0454
    t-2                            0.0438
    t-3                            0.0421
    t-4                            0.0406
    t-5                            0.0394

2023:
  Samples: 249
  Entropy: 3.3738 ± 0.0361
  Concentration: 0.0336
  Top 5 features:
    t-1                            0.0375
    t-2                            0.0371
    t-3                            0.0368
    t-4                            0.0364
    t-5                            0.0360

2024:
  Samples: 250
  Entropy: 3.3504 ± 0.1636
  Concentration: 0.0339
  Top 5 features:
    t-1                            0.0407
    t-2                            0.0399
    t-3                            0.0391
    t-4                            0.0381
    t-5                            0.0373

2025:
  Samples: 190
  Entropy: 3.3012 ± 0.2690
  Concentration: 0.0340
  Top 5 features:
    t-1                            0.0436
    t-2                            0.0414
    t-3                            0.0398
    t-4                            0.0388
    t-5                            0.0377

----------------------------------------------------------------------
Period Comparisons:
----------------------------------------------------------------------

2020_vs_2021:
  Cosine similarity: 0.9992
  L2 distance: 0.0073
  Entropy change: -0.0362
  Concentration change: -0.0004

2020_vs_2022:
  Cosine similarity: 0.9995
  L2 distance: 0.0059
  Entropy change: -0.1068
  Concentration change: 0.0002

2020_vs_2023:
  Cosine similarity: 0.9963
  L2 distance: 0.0160
  Entropy change: 0.0415
  Concentration change: -0.0007

2020_vs_2024:
  Cosine similarity: 0.9987
  L2 distance: 0.0096
  Entropy change: 0.0181
  Concentration change: -0.0004

2020_vs_2025:
  Cosine similarity: 0.9994
  L2 distance: 0.0065
  Entropy change: -0.0311
  Concentration change: -0.0003

2021_vs_2022:
  Cosine similarity: 0.9985
  L2 distance: 0.0102
  Entropy change: -0.0705
  Concentration change: 0.0006

2021_vs_2023:
  Cosine similarity: 0.9987
  L2 distance: 0.0093
  Entropy change: 0.0778
  Concentration change: -0.0003

2021_vs_2024:
  Cosine similarity: 0.9998
  L2 distance: 0.0040
  Entropy change: 0.0544
  Concentration change: -0.0001

2021_vs_2025:
  Cosine similarity: 0.9999
  L2 distance: 0.0023
  Entropy change: 0.0051
  Concentration change: 0.0000

2022_vs_2023:
  Cosine similarity: 0.9951
  L2 distance: 0.0184
  Entropy change: 0.1483
  Concentration change: -0.0009

2022_vs_2024:
  Cosine similarity: 0.9976
  L2 distance: 0.0129
  Entropy change: 0.1249
  Concentration change: -0.0007

2022_vs_2025:
  Cosine similarity: 0.9986
  L2 distance: 0.0099
  Entropy change: 0.0757
  Concentration change: -0.0005

2023_vs_2024:
  Cosine similarity: 0.9993
  L2 distance: 0.0070
  Entropy change: -0.0234
  Concentration change: 0.0002

2023_vs_2025:
  Cosine similarity: 0.9984
  L2 distance: 0.0104
  Entropy change: -0.0726
  Concentration change: 0.0004

2024_vs_2025:
  Cosine similarity: 0.9997
  L2 distance: 0.0042
  Entropy change: -0.0492
  Concentration change: 0.0001

======================================================================

Analysis complete!
Results saved to: experiments/00_baseline_exploration/sweep2_combo3/attention_analysis_year
  - attention_analysis_results.json
  - attention_heatmap.png
  - attention_trends.png
  - temporal_attention_comparison.png
