Logging to: experiments/00_baseline_exploration/sweep2_combo3/attention_analysis_year/attention_analysis_20251027_191347.log
Analysis started at: 2025-10-27 19:13:47
======================================================================
Experiment: 00_baseline_exploration/sweep2_combo3
Output directory: experiments/00_baseline_exploration/sweep2_combo3/attention_analysis_year
Using best checkpoint: experiments/00_baseline_exploration/sweep2_combo3/checkpoints/tft-epoch=03-val_loss=0.1409.ckpt

Loading data...
Loading test data from: data/splits/fixed/core_proposal_daily_fixed_test.csv
  Train samples: 6066
  Test samples: 1300

Preparing test dataset...
Test dataset size after filtering: 1270

Loading model...
Loading model from: experiments/00_baseline_exploration/sweep2_combo3/checkpoints/tft-epoch=03-val_loss=0.1409.ckpt

Extracting attention patterns...
Extracting attention patterns...
Total batches to process: 10
  Processed 10/10 batches

Total predictions: 1270
Total actuals: 1270
Attention shape: (1270, 30)
Encoder variables shape: (1270, 5)

Prediction period: 2020-09-02T00:00:00.000000000 to 2025-10-06T00:00:00.000000000
Total predictions: 1270

Creating temporal periods:
  2020: 82 samples
  2021: 250 samples
  2022: 249 samples
  2023: 249 samples
  2024: 250 samples
  2025: 190 samples

Attention over 30 encoder timesteps

Analyzing attention patterns by period...

Comparing attention patterns across periods...

Creating visualizations...
Saved attention heatmap: experiments/00_baseline_exploration/sweep2_combo3/attention_analysis_year/attention_heatmap.png
Saved attention trends: experiments/00_baseline_exploration/sweep2_combo3/attention_analysis_year/attention_trends.png
Saved feature importance comparison: experiments/00_baseline_exploration/sweep2_combo3/attention_analysis_year/temporal_attention_comparison.png

Saving results...
Saved results: experiments/00_baseline_exploration/sweep2_combo3/attention_analysis_year/attention_analysis_results.json

======================================================================
ATTENTION ANALYSIS SUMMARY
======================================================================

Per-Period Statistics:
----------------------------------------------------------------------

2020:
  Samples: 82
  Entropy: 3.3980 ± 0.0008
  Concentration: 0.0335
  Top 5 features:
    t-1                            0.0374
    t-2                            0.0369
    t-3                            0.0364
    t-4                            0.0359
    t-5                            0.0356

2021:
  Samples: 250
  Entropy: 3.3701 ± 0.0302
  Concentration: 0.0337
  Top 5 features:
    t-1                            0.0382
    t-2                            0.0378
    t-3                            0.0375
    t-4                            0.0373
    t-5                            0.0371

2022:
  Samples: 249
  Entropy: 3.3827 ± 0.0169
  Concentration: 0.0336
  Top 5 features:
    t-1                            0.0353
    t-2                            0.0353
    t-3                            0.0352
    t-4                            0.0352
    t-5                            0.0352

2023:
  Samples: 249
  Entropy: 3.3740 ± 0.0216
  Concentration: 0.0335
  Top 5 features:
    t-1                            0.0352
    t-2                            0.0350
    t-3                            0.0349
    t-4                            0.0349
    t-5                            0.0348

2024:
  Samples: 250
  Entropy: 3.3534 ± 0.0650
  Concentration: 0.0337
  Top 5 features:
    t-1                            0.0383
    t-2                            0.0376
    t-3                            0.0371
    t-4                            0.0369
    t-5                            0.0366

2025:
  Samples: 190
  Entropy: 3.3424 ± 0.0693
  Concentration: 0.0336
  Top 5 features:
    t-9                            0.0358
    t-10                           0.0357
    t-11                           0.0356
    t-12                           0.0354
    t-1                            0.0353

----------------------------------------------------------------------
Period Comparisons:
----------------------------------------------------------------------

2020_vs_2021:
  Cosine similarity: 0.9992
  L2 distance: 0.0076
  Entropy change: -0.0278
  Concentration change: 0.0002

2020_vs_2022:
  Cosine similarity: 0.9993
  L2 distance: 0.0069
  Entropy change: -0.0153
  Concentration change: 0.0001

2020_vs_2023:
  Cosine similarity: 0.9997
  L2 distance: 0.0045
  Entropy change: -0.0240
  Concentration change: -0.0000

2020_vs_2024:
  Cosine similarity: 0.9996
  L2 distance: 0.0053
  Entropy change: -0.0445
  Concentration change: 0.0002

2020_vs_2025:
  Cosine similarity: 0.9994
  L2 distance: 0.0064
  Entropy change: -0.0555
  Concentration change: 0.0001

2021_vs_2022:
  Cosine similarity: 0.9991
  L2 distance: 0.0080
  Entropy change: 0.0126
  Concentration change: -0.0001

2021_vs_2023:
  Cosine similarity: 0.9986
  L2 distance: 0.0096
  Entropy change: 0.0039
  Concentration change: -0.0002

2021_vs_2024:
  Cosine similarity: 0.9999
  L2 distance: 0.0029
  Entropy change: -0.0167
  Concentration change: -0.0001

2021_vs_2025:
  Cosine similarity: 0.9991
  L2 distance: 0.0079
  Entropy change: -0.0277
  Concentration change: -0.0002

2022_vs_2023:
  Cosine similarity: 0.9997
  L2 distance: 0.0045
  Entropy change: -0.0087
  Concentration change: -0.0001

2022_vs_2024:
  Cosine similarity: 0.9994
  L2 distance: 0.0065
  Entropy change: -0.0293
  Concentration change: 0.0000

2022_vs_2025:
  Cosine similarity: 0.9999
  L2 distance: 0.0028
  Entropy change: -0.0403
  Concentration change: -0.0000

2023_vs_2024:
  Cosine similarity: 0.9992
  L2 distance: 0.0075
  Entropy change: -0.0205
  Concentration change: 0.0002

2023_vs_2025:
  Cosine similarity: 0.9997
  L2 distance: 0.0041
  Entropy change: -0.0316
  Concentration change: 0.0001

2024_vs_2025:
  Cosine similarity: 0.9993
  L2 distance: 0.0068
  Entropy change: -0.0110
  Concentration change: -0.0001

======================================================================

Analysis complete!
Results saved to: experiments/00_baseline_exploration/sweep2_combo3/attention_analysis_year
  - attention_analysis_results.json
  - attention_heatmap.png
  - attention_trends.png
  - temporal_attention_comparison.png
