Logging to: experiments/01_staleness_features_fixed/sweep_stale_h18_drop0.15_lr3/attention_analysis_year/attention_analysis_20251027_193904.log
Analysis started at: 2025-10-27 19:39:04
======================================================================
Experiment: 01_staleness_features_fixed/sweep_stale_h18_drop0.15_lr3
Output directory: experiments/01_staleness_features_fixed/sweep_stale_h18_drop0.15_lr3/attention_analysis_year
Using best checkpoint: experiments/01_staleness_features_fixed/sweep_stale_h18_drop0.15_lr3/checkpoints/tft-epoch=01-val_loss=0.0787.ckpt

Loading data...
Loading test data from: data/splits/fixed/core_proposal_daily_fixed_test.csv
Detected staleness features in config, adding to data...
  Train samples: 6066
  Test samples: 1300

Preparing test dataset...
Test dataset size after filtering: 1280

Loading model...
Loading model from: experiments/01_staleness_features_fixed/sweep_stale_h18_drop0.15_lr3/checkpoints/tft-epoch=01-val_loss=0.0787.ckpt

Extracting attention patterns...
Extracting attention patterns...
Total batches to process: 10
  Processed 10/10 batches

Total predictions: 1280
Total actuals: 1280
Attention shape: (1280, 20)
Encoder variables shape: (1280, 7)

Prediction period: 2020-08-19T00:00:00.000000000 to 2025-10-06T00:00:00.000000000
Total predictions: 1280

Creating temporal periods:
  2020: 92 samples
  2021: 250 samples
  2022: 249 samples
  2023: 249 samples
  2024: 250 samples
  2025: 190 samples

Attention over 20 encoder timesteps

Analyzing attention patterns by period...

Comparing attention patterns across periods...

Creating visualizations...
Saved attention heatmap: experiments/01_staleness_features_fixed/sweep_stale_h18_drop0.15_lr3/attention_analysis_year/attention_heatmap.png
Saved attention trends: experiments/01_staleness_features_fixed/sweep_stale_h18_drop0.15_lr3/attention_analysis_year/attention_trends.png
Saved feature importance comparison: experiments/01_staleness_features_fixed/sweep_stale_h18_drop0.15_lr3/attention_analysis_year/temporal_attention_comparison.png

Saving results...
Saved results: experiments/01_staleness_features_fixed/sweep_stale_h18_drop0.15_lr3/attention_analysis_year/attention_analysis_results.json

======================================================================
ATTENTION ANALYSIS SUMMARY
======================================================================

Per-Period Statistics:
----------------------------------------------------------------------

2020:
  Samples: 92
  Entropy: 2.9893 ± 0.0043
  Concentration: 0.0503
  Top 5 features:
    t-20                           0.0653
    t-19                           0.0567
    t-18                           0.0532
    t-17                           0.0513
    t-16                           0.0501

2021:
  Samples: 250
  Entropy: 2.9859 ± 0.0120
  Concentration: 0.0503
  Top 5 features:
    t-20                           0.0646
    t-19                           0.0566
    t-18                           0.0534
    t-17                           0.0515
    t-16                           0.0504

2022:
  Samples: 249
  Entropy: 2.9824 ± 0.0144
  Concentration: 0.0501
  Top 5 features:
    t-20                           0.0558
    t-19                           0.0527
    t-18                           0.0513
    t-17                           0.0505
    t-16                           0.0501

2023:
  Samples: 249
  Entropy: 2.9842 ± 0.0100
  Concentration: 0.0502
  Top 5 features:
    t-20                           0.0613
    t-19                           0.0552
    t-18                           0.0526
    t-17                           0.0511
    t-16                           0.0502

2024:
  Samples: 250
  Entropy: 2.9926 ± 0.0019
  Concentration: 0.0501
  Top 5 features:
    t-20                           0.0590
    t-19                           0.0536
    t-18                           0.0517
    t-17                           0.0506
    t-16                           0.0500

2025:
  Samples: 190
  Entropy: 2.9927 ± 0.0019
  Concentration: 0.0501
  Top 5 features:
    t-20                           0.0588
    t-19                           0.0537
    t-18                           0.0519
    t-17                           0.0509
    t-16                           0.0503

----------------------------------------------------------------------
Period Comparisons:
----------------------------------------------------------------------

2020_vs_2021:
  Cosine similarity: 1.0000
  L2 distance: 0.0013
  Entropy change: -0.0033
  Concentration change: -0.0000

2020_vs_2022:
  Cosine similarity: 0.9987
  L2 distance: 0.0115
  Entropy change: -0.0068
  Concentration change: -0.0003

2020_vs_2023:
  Cosine similarity: 0.9998
  L2 distance: 0.0046
  Entropy change: -0.0051
  Concentration change: -0.0001

2020_vs_2024:
  Cosine similarity: 0.9994
  L2 distance: 0.0079
  Entropy change: 0.0033
  Concentration change: -0.0002

2020_vs_2025:
  Cosine similarity: 0.9994
  L2 distance: 0.0078
  Entropy change: 0.0034
  Concentration change: -0.0002

2021_vs_2022:
  Cosine similarity: 0.9988
  L2 distance: 0.0111
  Entropy change: -0.0035
  Concentration change: -0.0003

2021_vs_2023:
  Cosine similarity: 0.9998
  L2 distance: 0.0042
  Entropy change: -0.0017
  Concentration change: -0.0001

2021_vs_2024:
  Cosine similarity: 0.9994
  L2 distance: 0.0076
  Entropy change: 0.0066
  Concentration change: -0.0002

2021_vs_2025:
  Cosine similarity: 0.9995
  L2 distance: 0.0073
  Entropy change: 0.0068
  Concentration change: -0.0002

2022_vs_2023:
  Cosine similarity: 0.9995
  L2 distance: 0.0070
  Entropy change: 0.0018
  Concentration change: 0.0001

2022_vs_2024:
  Cosine similarity: 0.9999
  L2 distance: 0.0037
  Entropy change: 0.0102
  Concentration change: 0.0001

2022_vs_2025:
  Cosine similarity: 0.9999
  L2 distance: 0.0039
  Entropy change: 0.0103
  Concentration change: 0.0001

2023_vs_2024:
  Cosine similarity: 0.9999
  L2 distance: 0.0035
  Entropy change: 0.0084
  Concentration change: -0.0001

2023_vs_2025:
  Cosine similarity: 0.9999
  L2 distance: 0.0033
  Entropy change: 0.0085
  Concentration change: -0.0001

2024_vs_2025:
  Cosine similarity: 1.0000
  L2 distance: 0.0008
  Entropy change: 0.0001
  Concentration change: 0.0000

======================================================================

Analysis complete!
Results saved to: experiments/01_staleness_features_fixed/sweep_stale_h18_drop0.15_lr3/attention_analysis_year
  - attention_analysis_results.json
  - attention_heatmap.png
  - attention_trends.png
  - temporal_attention_comparison.png
