Logging to: experiments/01_staleness_features_fixed/sweep_stale_h18_drop0.15_lr3/attention_analysis_year/attention_analysis_20251030_131555.log
Analysis started at: 2025-10-30 13:15:55
======================================================================
Experiment: 01_staleness_features_fixed/sweep_stale_h18_drop0.15_lr3
Output directory: experiments/01_staleness_features_fixed/sweep_stale_h18_drop0.15_lr3/attention_analysis_year
Using best checkpoint: experiments/01_staleness_features_fixed/sweep_stale_h18_drop0.15_lr3/checkpoints/tft-epoch=96-val_loss=0.3949.ckpt

Loading data...
Loading test data from: data/splits/fixed/core_proposal_daily_fixed_test.csv
Detected staleness features in config, adding to data...
  Train samples: 6066
  Test samples: 1300

Preparing test dataset...
Test dataset size after filtering: 1280

Loading model...
Loading model from: experiments/01_staleness_features_fixed/sweep_stale_h18_drop0.15_lr3/checkpoints/tft-epoch=96-val_loss=0.3949.ckpt
Model moved to device: cuda

Extracting attention patterns...
Extracting attention patterns...
Total batches to process: 10
  Processed 10/10 batches

Total predictions: 1280
Total actuals: 1280
Attention shape: (1280, 20)
Encoder variables shape: (1280, 7)

Prediction period: 2020-08-19T00:00:00.000000000 to 2025-10-06T00:00:00.000000000
Total predictions: 1280

Creating temporal periods:
  2020: 92 samples
  2021: 250 samples
  2022: 249 samples
  2023: 249 samples
  2024: 250 samples
  2025: 190 samples

Attention over 20 encoder timesteps

Analyzing attention patterns by period...

Comparing attention patterns across periods...

Creating visualizations...
Saved attention heatmap: experiments/01_staleness_features_fixed/sweep_stale_h18_drop0.15_lr3/attention_analysis_year/attention_heatmap.png
Saved attention trends: experiments/01_staleness_features_fixed/sweep_stale_h18_drop0.15_lr3/attention_analysis_year/attention_trends.png
Saved feature importance comparison: experiments/01_staleness_features_fixed/sweep_stale_h18_drop0.15_lr3/attention_analysis_year/temporal_attention_comparison.png

Saving results...
Saved results: experiments/01_staleness_features_fixed/sweep_stale_h18_drop0.15_lr3/attention_analysis_year/attention_analysis_results.json

======================================================================
ATTENTION ANALYSIS SUMMARY
======================================================================

Per-Period Statistics:
----------------------------------------------------------------------

2020:
  Samples: 92
  Entropy: 2.6717 ± 0.2816
  Concentration: 0.0517
  Top 5 features:
    t-1                            0.0731
    t-20                           0.0665
    t-2                            0.0646
    t-3                            0.0579
    t-19                           0.0579

2021:
  Samples: 250
  Entropy: 2.5589 ± 0.5015
  Concentration: 0.0505
  Top 5 features:
    t-20                           0.0634
    t-1                            0.0603
    t-19                           0.0569
    t-2                            0.0557
    t-18                           0.0516

2022:
  Samples: 249
  Entropy: 2.4189 ± 0.3955
  Concentration: 0.0521
  Top 5 features:
    t-1                            0.0761
    t-20                           0.0712
    t-19                           0.0635
    t-2                            0.0604
    t-18                           0.0571

2023:
  Samples: 249
  Entropy: 2.8698 ± 0.2418
  Concentration: 0.0503
  Top 5 features:
    t-20                           0.0635
    t-19                           0.0584
    t-18                           0.0532
    t-1                            0.0522
    t-17                           0.0506

2024:
  Samples: 250
  Entropy: 2.8602 ± 0.3726
  Concentration: 0.0501
  Top 5 features:
    t-20                           0.0565
    t-1                            0.0528
    t-2                            0.0521
    t-19                           0.0519
    t-3                            0.0518

2025:
  Samples: 190
  Entropy: 2.7472 ± 0.4061
  Concentration: 0.0504
  Top 5 features:
    t-20                           0.0636
    t-1                            0.0583
    t-19                           0.0573
    t-18                           0.0537
    t-17                           0.0517

----------------------------------------------------------------------
Period Comparisons:
----------------------------------------------------------------------

2020_vs_2021:
  Cosine similarity: 0.9954
  L2 distance: 0.0219
  Entropy change: -0.1127
  Concentration change: -0.0012

2020_vs_2022:
  Cosine similarity: 0.9980
  L2 distance: 0.0143
  Entropy change: -0.2528
  Concentration change: 0.0004

2020_vs_2023:
  Cosine similarity: 0.9901
  L2 distance: 0.0319
  Entropy change: 0.1981
  Concentration change: -0.0013

2020_vs_2024:
  Cosine similarity: 0.9893
  L2 distance: 0.0333
  Entropy change: 0.1885
  Concentration change: -0.0016

2020_vs_2025:
  Cosine similarity: 0.9922
  L2 distance: 0.0283
  Entropy change: 0.0755
  Concentration change: -0.0012

2021_vs_2022:
  Cosine similarity: 0.9940
  L2 distance: 0.0251
  Entropy change: -0.1401
  Concentration change: 0.0016

2021_vs_2023:
  Cosine similarity: 0.9988
  L2 distance: 0.0112
  Entropy change: 0.3108
  Concentration change: -0.0002

2021_vs_2024:
  Cosine similarity: 0.9979
  L2 distance: 0.0146
  Entropy change: 0.3013
  Concentration change: -0.0004

2021_vs_2025:
  Cosine similarity: 0.9992
  L2 distance: 0.0088
  Entropy change: 0.1882
  Concentration change: -0.0000

2022_vs_2023:
  Cosine similarity: 0.9894
  L2 distance: 0.0332
  Entropy change: 0.4509
  Concentration change: -0.0018

2022_vs_2024:
  Cosine similarity: 0.9854
  L2 distance: 0.0389
  Entropy change: 0.4413
  Concentration change: -0.0020

2022_vs_2025:
  Cosine similarity: 0.9923
  L2 distance: 0.0283
  Entropy change: 0.3283
  Concentration change: -0.0017

2023_vs_2024:
  Cosine similarity: 0.9983
  L2 distance: 0.0129
  Entropy change: -0.0096
  Concentration change: -0.0002

2023_vs_2025:
  Cosine similarity: 0.9994
  L2 distance: 0.0080
  Entropy change: -0.1226
  Concentration change: 0.0001

2024_vs_2025:
  Cosine similarity: 0.9974
  L2 distance: 0.0163
  Entropy change: -0.1130
  Concentration change: 0.0004

======================================================================

Analysis complete!
Results saved to: experiments/01_staleness_features_fixed/sweep_stale_h18_drop0.15_lr3/attention_analysis_year
  - attention_analysis_results.json
  - attention_heatmap.png
  - attention_trends.png
  - temporal_attention_comparison.png
