Logging to: experiments/01_staleness_features_fixed/sweep_stale_h18_drop0.20_lr5/attention_analysis_year/attention_analysis_20251030_131618.log
Analysis started at: 2025-10-30 13:16:18
======================================================================
Experiment: 01_staleness_features_fixed/sweep_stale_h18_drop0.20_lr5
Output directory: experiments/01_staleness_features_fixed/sweep_stale_h18_drop0.20_lr5/attention_analysis_year
Using best checkpoint: experiments/01_staleness_features_fixed/sweep_stale_h18_drop0.20_lr5/checkpoints/tft-epoch=98-val_loss=0.3921.ckpt

Loading data...
Loading test data from: data/splits/fixed/core_proposal_daily_fixed_test.csv
Detected staleness features in config, adding to data...
  Train samples: 6066
  Test samples: 1300

Preparing test dataset...
Test dataset size after filtering: 1280

Loading model...
Loading model from: experiments/01_staleness_features_fixed/sweep_stale_h18_drop0.20_lr5/checkpoints/tft-epoch=98-val_loss=0.3921.ckpt
Model moved to device: cuda

Extracting attention patterns...
Extracting attention patterns...
Total batches to process: 10
  Processed 10/10 batches

Total predictions: 1280
Total actuals: 1280
Attention shape: (1280, 20)
Encoder variables shape: (1280, 7)

Prediction period: 2020-08-19T00:00:00.000000000 to 2025-10-06T00:00:00.000000000
Total predictions: 1280

Creating temporal periods:
  2020: 92 samples
  2021: 250 samples
  2022: 249 samples
  2023: 249 samples
  2024: 250 samples
  2025: 190 samples

Attention over 20 encoder timesteps

Analyzing attention patterns by period...

Comparing attention patterns across periods...

Creating visualizations...
Saved attention heatmap: experiments/01_staleness_features_fixed/sweep_stale_h18_drop0.20_lr5/attention_analysis_year/attention_heatmap.png
Saved attention trends: experiments/01_staleness_features_fixed/sweep_stale_h18_drop0.20_lr5/attention_analysis_year/attention_trends.png
Saved feature importance comparison: experiments/01_staleness_features_fixed/sweep_stale_h18_drop0.20_lr5/attention_analysis_year/temporal_attention_comparison.png

Saving results...
Saved results: experiments/01_staleness_features_fixed/sweep_stale_h18_drop0.20_lr5/attention_analysis_year/attention_analysis_results.json

======================================================================
ATTENTION ANALYSIS SUMMARY
======================================================================

Per-Period Statistics:
----------------------------------------------------------------------

2020:
  Samples: 92
  Entropy: 2.7528 ± 0.1888
  Concentration: 0.0515
  Top 5 features:
    t-1                            0.0739
    t-2                            0.0676
    t-3                            0.0623
    t-4                            0.0581
    t-5                            0.0554

2021:
  Samples: 250
  Entropy: 2.5716 ± 0.4807
  Concentration: 0.0503
  Top 5 features:
    t-1                            0.0632
    t-2                            0.0584
    t-3                            0.0544
    t-4                            0.0515
    t-20                           0.0514

2022:
  Samples: 249
  Entropy: 2.5362 ± 0.4011
  Concentration: 0.0515
  Top 5 features:
    t-1                            0.0784
    t-2                            0.0644
    t-20                           0.0574
    t-3                            0.0566
    t-4                            0.0523

2023:
  Samples: 249
  Entropy: 2.8832 ± 0.2258
  Concentration: 0.0501
  Top 5 features:
    t-20                           0.0546
    t-1                            0.0545
    t-19                           0.0529
    t-2                            0.0520
    t-18                           0.0518

2024:
  Samples: 250
  Entropy: 2.8459 ± 0.4105
  Concentration: 0.0500
  Top 5 features:
    t-20                           0.0538
    t-1                            0.0522
    t-2                            0.0518
    t-3                            0.0516
    t-4                            0.0510

2025:
  Samples: 190
  Entropy: 2.7500 ± 0.4142
  Concentration: 0.0502
  Top 5 features:
    t-1                            0.0605
    t-20                           0.0557
    t-2                            0.0525
    t-19                           0.0524
    t-18                           0.0523

----------------------------------------------------------------------
Period Comparisons:
----------------------------------------------------------------------

2020_vs_2021:
  Cosine similarity: 0.9952
  L2 distance: 0.0222
  Entropy change: -0.1812
  Concentration change: -0.0012

2020_vs_2022:
  Cosine similarity: 0.9962
  L2 distance: 0.0199
  Entropy change: -0.2166
  Concentration change: -0.0001

2020_vs_2023:
  Cosine similarity: 0.9882
  L2 distance: 0.0348
  Entropy change: 0.1304
  Concentration change: -0.0015

2020_vs_2024:
  Cosine similarity: 0.9879
  L2 distance: 0.0352
  Entropy change: 0.0931
  Concentration change: -0.0015

2020_vs_2025:
  Cosine similarity: 0.9879
  L2 distance: 0.0351
  Entropy change: -0.0028
  Concentration change: -0.0013

2021_vs_2022:
  Cosine similarity: 0.9958
  L2 distance: 0.0208
  Entropy change: -0.0355
  Concentration change: 0.0011

2021_vs_2023:
  Cosine similarity: 0.9982
  L2 distance: 0.0134
  Entropy change: 0.3116
  Concentration change: -0.0003

2021_vs_2024:
  Cosine similarity: 0.9979
  L2 distance: 0.0146
  Entropy change: 0.2742
  Concentration change: -0.0003

2021_vs_2025:
  Cosine similarity: 0.9979
  L2 distance: 0.0145
  Entropy change: 0.1784
  Concentration change: -0.0001

2022_vs_2023:
  Cosine similarity: 0.9908
  L2 distance: 0.0307
  Entropy change: 0.3471
  Concentration change: -0.0014

2022_vs_2024:
  Cosine similarity: 0.9891
  L2 distance: 0.0334
  Entropy change: 0.3097
  Concentration change: -0.0014

2022_vs_2025:
  Cosine similarity: 0.9929
  L2 distance: 0.0270
  Entropy change: 0.2138
  Concentration change: -0.0012

2023_vs_2024:
  Cosine similarity: 0.9997
  L2 distance: 0.0053
  Entropy change: -0.0374
  Concentration change: -0.0000

2023_vs_2025:
  Cosine similarity: 0.9991
  L2 distance: 0.0093
  Entropy change: -0.1332
  Concentration change: 0.0001

2024_vs_2025:
  Cosine similarity: 0.9984
  L2 distance: 0.0128
  Entropy change: -0.0959
  Concentration change: 0.0002

======================================================================

Analysis complete!
Results saved to: experiments/01_staleness_features_fixed/sweep_stale_h18_drop0.20_lr5/attention_analysis_year
  - attention_analysis_results.json
  - attention_heatmap.png
  - attention_trends.png
  - temporal_attention_comparison.png
