Logging to: experiments/01_staleness_features_fixed/baseline_fixed_h16_drop0.25/attention_analysis_year/attention_analysis_20251030_131149.log
Analysis started at: 2025-10-30 13:11:49
======================================================================
Experiment: 01_staleness_features_fixed/baseline_fixed_h16_drop0.25
Output directory: experiments/01_staleness_features_fixed/baseline_fixed_h16_drop0.25/attention_analysis_year
Using best checkpoint: experiments/01_staleness_features_fixed/baseline_fixed_h16_drop0.25/checkpoints/tft-epoch=47-val_loss=0.4023.ckpt

Loading data...
Loading test data from: data/splits/fixed/core_proposal_daily_fixed_test.csv
  Train samples: 6066
  Test samples: 1300

Preparing test dataset...
Test dataset size after filtering: 1280

Loading model...
Loading model from: experiments/01_staleness_features_fixed/baseline_fixed_h16_drop0.25/checkpoints/tft-epoch=47-val_loss=0.4023.ckpt
Model moved to device: cuda

Extracting attention patterns...
Extracting attention patterns...
Total batches to process: 10
  Processed 10/10 batches

Total predictions: 1280
Total actuals: 1280
Attention shape: (1280, 20)
Encoder variables shape: (1280, 5)

Prediction period: 2020-08-19T00:00:00.000000000 to 2025-10-06T00:00:00.000000000
Total predictions: 1280

Creating temporal periods:
  2020: 92 samples
  2021: 250 samples
  2022: 249 samples
  2023: 249 samples
  2024: 250 samples
  2025: 190 samples

Attention over 20 encoder timesteps

Analyzing attention patterns by period...

Comparing attention patterns across periods...

Creating visualizations...
Saved attention heatmap: experiments/01_staleness_features_fixed/baseline_fixed_h16_drop0.25/attention_analysis_year/attention_heatmap.png
Saved attention trends: experiments/01_staleness_features_fixed/baseline_fixed_h16_drop0.25/attention_analysis_year/attention_trends.png
Saved feature importance comparison: experiments/01_staleness_features_fixed/baseline_fixed_h16_drop0.25/attention_analysis_year/temporal_attention_comparison.png

Saving results...
Saved results: experiments/01_staleness_features_fixed/baseline_fixed_h16_drop0.25/attention_analysis_year/attention_analysis_results.json

======================================================================
ATTENTION ANALYSIS SUMMARY
======================================================================

Per-Period Statistics:
----------------------------------------------------------------------

2020:
  Samples: 92
  Entropy: 2.7629 ± 0.2343
  Concentration: 0.0508
  Top 5 features:
    t-1                            0.0692
    t-2                            0.0633
    t-3                            0.0584
    t-4                            0.0549
    t-5                            0.0525

2021:
  Samples: 250
  Entropy: 2.7704 ± 0.3318
  Concentration: 0.0502
  Top 5 features:
    t-1                            0.0597
    t-2                            0.0567
    t-3                            0.0536
    t-4                            0.0512
    t-5                            0.0503

2022:
  Samples: 249
  Entropy: 2.6117 ± 0.3503
  Concentration: 0.0513
  Top 5 features:
    t-1                            0.0767
    t-2                            0.0653
    t-3                            0.0585
    t-4                            0.0542
    t-5                            0.0515

2023:
  Samples: 249
  Entropy: 2.9563 ± 0.0921
  Concentration: 0.0500
  Top 5 features:
    t-1                            0.0532
    t-2                            0.0523
    t-3                            0.0516
    t-4                            0.0510
    t-5                            0.0505

2024:
  Samples: 250
  Entropy: 2.9227 ± 0.2933
  Concentration: 0.0501
  Top 5 features:
    t-1                            0.0542
    t-2                            0.0538
    t-3                            0.0534
    t-4                            0.0528
    t-5                            0.0518

2025:
  Samples: 190
  Entropy: 2.8400 ± 0.3559
  Concentration: 0.0501
  Top 5 features:
    t-1                            0.0591
    t-2                            0.0530
    t-3                            0.0509
    t-17                           0.0505
    t-18                           0.0504

----------------------------------------------------------------------
Period Comparisons:
----------------------------------------------------------------------

2020_vs_2021:
  Cosine similarity: 0.9977
  L2 distance: 0.0154
  Entropy change: 0.0075
  Concentration change: -0.0006

2020_vs_2022:
  Cosine similarity: 0.9992
  L2 distance: 0.0091
  Entropy change: -0.1512
  Concentration change: 0.0005

2020_vs_2023:
  Cosine similarity: 0.9945
  L2 distance: 0.0237
  Entropy change: 0.1933
  Concentration change: -0.0008

2020_vs_2024:
  Cosine similarity: 0.9959
  L2 distance: 0.0205
  Entropy change: 0.1598
  Concentration change: -0.0007

2020_vs_2025:
  Cosine similarity: 0.9957
  L2 distance: 0.0210
  Entropy change: 0.0771
  Concentration change: -0.0007

2021_vs_2022:
  Cosine similarity: 0.9950
  L2 distance: 0.0227
  Entropy change: -0.1588
  Concentration change: 0.0011

2021_vs_2023:
  Cosine similarity: 0.9992
  L2 distance: 0.0088
  Entropy change: 0.1858
  Concentration change: -0.0002

2021_vs_2024:
  Cosine similarity: 0.9995
  L2 distance: 0.0072
  Entropy change: 0.1523
  Concentration change: -0.0001

2021_vs_2025:
  Cosine similarity: 0.9995
  L2 distance: 0.0072
  Entropy change: 0.0695
  Concentration change: -0.0001

2022_vs_2023:
  Cosine similarity: 0.9905
  L2 distance: 0.0312
  Entropy change: 0.3446
  Concentration change: -0.0013

2022_vs_2024:
  Cosine similarity: 0.9922
  L2 distance: 0.0282
  Entropy change: 0.3110
  Concentration change: -0.0012

2022_vs_2025:
  Cosine similarity: 0.9927
  L2 distance: 0.0274
  Entropy change: 0.2283
  Concentration change: -0.0012

2023_vs_2024:
  Cosine similarity: 0.9998
  L2 distance: 0.0050
  Entropy change: -0.0335
  Concentration change: 0.0001

2023_vs_2025:
  Cosine similarity: 0.9994
  L2 distance: 0.0076
  Entropy change: -0.1163
  Concentration change: 0.0001

2024_vs_2025:
  Cosine similarity: 0.9990
  L2 distance: 0.0099
  Entropy change: -0.0827
  Concentration change: 0.0000

======================================================================

Analysis complete!
Results saved to: experiments/01_staleness_features_fixed/baseline_fixed_h16_drop0.25/attention_analysis_year
  - attention_analysis_results.json
  - attention_heatmap.png
  - attention_trends.png
  - temporal_attention_comparison.png
