Logging to: experiments/01_staleness_features_fixed/baseline_fixed_h16_drop0.25/attention_analysis_year/attention_analysis_20251027_191554.log
Analysis started at: 2025-10-27 19:15:54
======================================================================
Experiment: 01_staleness_features_fixed/baseline_fixed_h16_drop0.25
Output directory: experiments/01_staleness_features_fixed/baseline_fixed_h16_drop0.25/attention_analysis_year
Using best checkpoint: experiments/01_staleness_features_fixed/baseline_fixed_h16_drop0.25/checkpoints/tft-epoch=01-val_loss=0.1051.ckpt

Loading data...
Loading test data from: data/splits/fixed/core_proposal_daily_fixed_test.csv
  Train samples: 6066
  Test samples: 1300

Preparing test dataset...
Test dataset size after filtering: 1280

Loading model...
Loading model from: experiments/01_staleness_features_fixed/baseline_fixed_h16_drop0.25/checkpoints/tft-epoch=01-val_loss=0.1051.ckpt

Extracting attention patterns...
Extracting attention patterns...
Total batches to process: 10
  Processed 10/10 batches

Total predictions: 1280
Total actuals: 1280
Attention shape: (1280, 20)
Encoder variables shape: (1280, 5)

Prediction period: 2020-08-19T00:00:00.000000000 to 2025-10-06T00:00:00.000000000
Total predictions: 1280

Creating temporal periods:
  2020: 92 samples
  2021: 250 samples
  2022: 249 samples
  2023: 249 samples
  2024: 250 samples
  2025: 190 samples

Attention over 20 encoder timesteps

Analyzing attention patterns by period...

Comparing attention patterns across periods...

Creating visualizations...
Saved attention heatmap: experiments/01_staleness_features_fixed/baseline_fixed_h16_drop0.25/attention_analysis_year/attention_heatmap.png
Saved attention trends: experiments/01_staleness_features_fixed/baseline_fixed_h16_drop0.25/attention_analysis_year/attention_trends.png
Saved feature importance comparison: experiments/01_staleness_features_fixed/baseline_fixed_h16_drop0.25/attention_analysis_year/temporal_attention_comparison.png

Saving results...
Saved results: experiments/01_staleness_features_fixed/baseline_fixed_h16_drop0.25/attention_analysis_year/attention_analysis_results.json

======================================================================
ATTENTION ANALYSIS SUMMARY
======================================================================

Per-Period Statistics:
----------------------------------------------------------------------

2020:
  Samples: 92
  Entropy: 2.9903 ± 0.0089
  Concentration: 0.0500
  Top 5 features:
    t-18                           0.0504
    t-17                           0.0504
    t-19                           0.0503
    t-16                           0.0503
    t-1                            0.0502

2021:
  Samples: 250
  Entropy: 2.9938 ± 0.0034
  Concentration: 0.0500
  Top 5 features:
    t-1                            0.0514
    t-2                            0.0513
    t-3                            0.0511
    t-4                            0.0510
    t-5                            0.0509

2022:
  Samples: 249
  Entropy: 2.9893 ± 0.0063
  Concentration: 0.0500
  Top 5 features:
    t-1                            0.0526
    t-2                            0.0522
    t-3                            0.0519
    t-4                            0.0516
    t-5                            0.0513

2023:
  Samples: 249
  Entropy: 2.9954 ± 0.0005
  Concentration: 0.0500
  Top 5 features:
    t-1                            0.0505
    t-2                            0.0505
    t-3                            0.0504
    t-4                            0.0503
    t-5                            0.0503

2024:
  Samples: 250
  Entropy: 2.9934 ± 0.0072
  Concentration: 0.0500
  Top 5 features:
    t-1                            0.0504
    t-2                            0.0504
    t-3                            0.0503
    t-4                            0.0503
    t-5                            0.0502

2025:
  Samples: 190
  Entropy: 2.9845 ± 0.0285
  Concentration: 0.0500
  Top 5 features:
    t-1                            0.0509
    t-2                            0.0505
    t-19                           0.0504
    t-18                           0.0503
    t-3                            0.0503

----------------------------------------------------------------------
Period Comparisons:
----------------------------------------------------------------------

2020_vs_2021:
  Cosine similarity: 0.9997
  L2 distance: 0.0055
  Entropy change: 0.0035
  Concentration change: 0.0000

2020_vs_2022:
  Cosine similarity: 0.9996
  L2 distance: 0.0065
  Entropy change: -0.0010
  Concentration change: 0.0000

2020_vs_2023:
  Cosine similarity: 1.0000
  L2 distance: 0.0015
  Entropy change: 0.0051
  Concentration change: 0.0000

2020_vs_2024:
  Cosine similarity: 1.0000
  L2 distance: 0.0013
  Entropy change: 0.0031
  Concentration change: 0.0000

2020_vs_2025:
  Cosine similarity: 1.0000
  L2 distance: 0.0016
  Entropy change: -0.0058
  Concentration change: 0.0000

2021_vs_2022:
  Cosine similarity: 0.9999
  L2 distance: 0.0028
  Entropy change: -0.0044
  Concentration change: 0.0000

2021_vs_2023:
  Cosine similarity: 0.9998
  L2 distance: 0.0043
  Entropy change: 0.0016
  Concentration change: -0.0000

2021_vs_2024:
  Cosine similarity: 0.9998
  L2 distance: 0.0046
  Entropy change: -0.0004
  Concentration change: -0.0000

2021_vs_2025:
  Cosine similarity: 0.9996
  L2 distance: 0.0061
  Entropy change: -0.0093
  Concentration change: -0.0000

2022_vs_2023:
  Cosine similarity: 0.9997
  L2 distance: 0.0050
  Entropy change: 0.0060
  Concentration change: -0.0000

2022_vs_2024:
  Cosine similarity: 0.9997
  L2 distance: 0.0053
  Entropy change: 0.0041
  Concentration change: -0.0000

2022_vs_2025:
  Cosine similarity: 0.9996
  L2 distance: 0.0063
  Entropy change: -0.0048
  Concentration change: -0.0000

2023_vs_2024:
  Cosine similarity: 1.0000
  L2 distance: 0.0003
  Entropy change: -0.0020
  Concentration change: -0.0000

2023_vs_2025:
  Cosine similarity: 1.0000
  L2 distance: 0.0020
  Entropy change: -0.0109
  Concentration change: -0.0000

2024_vs_2025:
  Cosine similarity: 1.0000
  L2 distance: 0.0018
  Entropy change: -0.0089
  Concentration change: 0.0000

======================================================================

Analysis complete!
Results saved to: experiments/01_staleness_features_fixed/baseline_fixed_h16_drop0.25/attention_analysis_year
  - attention_analysis_results.json
  - attention_heatmap.png
  - attention_trends.png
  - temporal_attention_comparison.png
