Logging to: experiments/00_baseline_exploration/sweep_encoder_40/attention_analysis_year/attention_analysis_20251027_191522.log
Analysis started at: 2025-10-27 19:15:22
======================================================================
Experiment: 00_baseline_exploration/sweep_encoder_40
Output directory: experiments/00_baseline_exploration/sweep_encoder_40/attention_analysis_year
Using best checkpoint: experiments/00_baseline_exploration/sweep_encoder_40/checkpoints/tft-epoch=00-val_loss=0.1533.ckpt

Loading data...
Loading test data from: data/splits/fixed/core_proposal_daily_fixed_test.csv
  Train samples: 6066
  Test samples: 1300

Preparing test dataset...
Test dataset size after filtering: 1260

Loading model...
Loading model from: experiments/00_baseline_exploration/sweep_encoder_40/checkpoints/tft-epoch=00-val_loss=0.1533.ckpt

Extracting attention patterns...
Extracting attention patterns...
Total batches to process: 10
  Processed 10/10 batches

Total predictions: 1260
Total actuals: 1260
Attention shape: (1260, 40)
Encoder variables shape: (1260, 5)

Prediction period: 2020-09-17T00:00:00.000000000 to 2025-10-06T00:00:00.000000000
Total predictions: 1260

Creating temporal periods:
  2020: 72 samples
  2021: 250 samples
  2022: 249 samples
  2023: 249 samples
  2024: 250 samples
  2025: 190 samples

Attention over 40 encoder timesteps

Analyzing attention patterns by period...

Comparing attention patterns across periods...

Creating visualizations...
Saved attention heatmap: experiments/00_baseline_exploration/sweep_encoder_40/attention_analysis_year/attention_heatmap.png
Saved attention trends: experiments/00_baseline_exploration/sweep_encoder_40/attention_analysis_year/attention_trends.png
Saved feature importance comparison: experiments/00_baseline_exploration/sweep_encoder_40/attention_analysis_year/temporal_attention_comparison.png

Saving results...
Saved results: experiments/00_baseline_exploration/sweep_encoder_40/attention_analysis_year/attention_analysis_results.json

======================================================================
ATTENTION ANALYSIS SUMMARY
======================================================================

Per-Period Statistics:
----------------------------------------------------------------------

2020:
  Samples: 72
  Entropy: 3.6868 ± 0.0015
  Concentration: 0.0250
  Top 5 features:
    t-39                           0.0268
    t-38                           0.0267
    t-37                           0.0266
    t-36                           0.0264
    t-35                           0.0263

2021:
  Samples: 250
  Entropy: 3.6821 ± 0.0038
  Concentration: 0.0252
  Top 5 features:
    t-38                           0.0273
    t-37                           0.0273
    t-36                           0.0272
    t-39                           0.0272
    t-35                           0.0272

2022:
  Samples: 249
  Entropy: 3.6702 ± 0.0145
  Concentration: 0.0253
  Top 5 features:
    t-38                           0.0299
    t-39                           0.0297
    t-37                           0.0297
    t-36                           0.0294
    t-40                           0.0291

2023:
  Samples: 249
  Entropy: 3.6833 ± 0.0035
  Concentration: 0.0250
  Top 5 features:
    t-40                           0.0260
    t-29                           0.0259
    t-28                           0.0259
    t-30                           0.0259
    t-31                           0.0259

2024:
  Samples: 250
  Entropy: 3.6831 ± 0.0047
  Concentration: 0.0250
  Top 5 features:
    t-19                           0.0257
    t-20                           0.0257
    t-21                           0.0257
    t-18                           0.0257
    t-22                           0.0256

2025:
  Samples: 190
  Entropy: 3.6776 ± 0.0125
  Concentration: 0.0251
  Top 5 features:
    t-27                           0.0261
    t-28                           0.0261
    t-26                           0.0260
    t-25                           0.0260
    t-29                           0.0260

----------------------------------------------------------------------
Period Comparisons:
----------------------------------------------------------------------

2020_vs_2021:
  Cosine similarity: 0.9987
  L2 distance: 0.0081
  Entropy change: -0.0047
  Concentration change: 0.0001

2020_vs_2022:
  Cosine similarity: 0.9968
  L2 distance: 0.0128
  Entropy change: -0.0166
  Concentration change: 0.0003

2020_vs_2023:
  Cosine similarity: 0.9998
  L2 distance: 0.0031
  Entropy change: -0.0035
  Concentration change: 0.0000

2020_vs_2024:
  Cosine similarity: 0.9994
  L2 distance: 0.0056
  Entropy change: -0.0037
  Concentration change: -0.0000

2020_vs_2025:
  Cosine similarity: 0.9996
  L2 distance: 0.0046
  Entropy change: -0.0093
  Concentration change: 0.0000

2021_vs_2022:
  Cosine similarity: 0.9986
  L2 distance: 0.0083
  Entropy change: -0.0119
  Concentration change: 0.0002

2021_vs_2023:
  Cosine similarity: 0.9991
  L2 distance: 0.0068
  Entropy change: 0.0012
  Concentration change: -0.0001

2021_vs_2024:
  Cosine similarity: 0.9976
  L2 distance: 0.0111
  Entropy change: 0.0010
  Concentration change: -0.0002

2021_vs_2025:
  Cosine similarity: 0.9992
  L2 distance: 0.0062
  Entropy change: -0.0046
  Concentration change: -0.0001

2022_vs_2023:
  Cosine similarity: 0.9966
  L2 distance: 0.0132
  Entropy change: 0.0131
  Concentration change: -0.0003

2022_vs_2024:
  Cosine similarity: 0.9939
  L2 distance: 0.0176
  Entropy change: 0.0129
  Concentration change: -0.0003

2022_vs_2025:
  Cosine similarity: 0.9964
  L2 distance: 0.0135
  Entropy change: 0.0073
  Concentration change: -0.0003

2023_vs_2024:
  Cosine similarity: 0.9996
  L2 distance: 0.0045
  Entropy change: -0.0002
  Concentration change: -0.0000

2023_vs_2025:
  Cosine similarity: 0.9999
  L2 distance: 0.0016
  Entropy change: -0.0058
  Concentration change: 0.0000

2024_vs_2025:
  Cosine similarity: 0.9995
  L2 distance: 0.0049
  Entropy change: -0.0056
  Concentration change: 0.0000

======================================================================

Analysis complete!
Results saved to: experiments/00_baseline_exploration/sweep_encoder_40/attention_analysis_year
  - attention_analysis_results.json
  - attention_heatmap.png
  - attention_trends.png
  - temporal_attention_comparison.png
