Logging to: experiments/00_baseline_exploration/sweep_encoder_40/attention_analysis_year/attention_analysis_20251030_131023.log
Analysis started at: 2025-10-30 13:10:23
======================================================================
Experiment: 00_baseline_exploration/sweep_encoder_40
Output directory: experiments/00_baseline_exploration/sweep_encoder_40/attention_analysis_year
Using best checkpoint: experiments/00_baseline_exploration/sweep_encoder_40/checkpoints/tft-epoch=56-val_loss=0.3964.ckpt

Loading data...
Loading test data from: data/splits/fixed/core_proposal_daily_fixed_test.csv
  Train samples: 6066
  Test samples: 1300

Preparing test dataset...
Test dataset size after filtering: 1260

Loading model...
Loading model from: experiments/00_baseline_exploration/sweep_encoder_40/checkpoints/tft-epoch=56-val_loss=0.3964.ckpt
Model moved to device: cuda

Extracting attention patterns...
Extracting attention patterns...
Total batches to process: 10
  Processed 10/10 batches

Total predictions: 1260
Total actuals: 1260
Attention shape: (1260, 40)
Encoder variables shape: (1260, 5)

Prediction period: 2020-09-17T00:00:00.000000000 to 2025-10-06T00:00:00.000000000
Total predictions: 1260

Creating temporal periods:
  2020: 72 samples
  2021: 250 samples
  2022: 249 samples
  2023: 249 samples
  2024: 250 samples
  2025: 190 samples

Attention over 40 encoder timesteps

Analyzing attention patterns by period...

Comparing attention patterns across periods...

Creating visualizations...
Saved attention heatmap: experiments/00_baseline_exploration/sweep_encoder_40/attention_analysis_year/attention_heatmap.png
Saved attention trends: experiments/00_baseline_exploration/sweep_encoder_40/attention_analysis_year/attention_trends.png
Saved feature importance comparison: experiments/00_baseline_exploration/sweep_encoder_40/attention_analysis_year/temporal_attention_comparison.png

Saving results...
Saved results: experiments/00_baseline_exploration/sweep_encoder_40/attention_analysis_year/attention_analysis_results.json

======================================================================
ATTENTION ANALYSIS SUMMARY
======================================================================

Per-Period Statistics:
----------------------------------------------------------------------

2020:
  Samples: 72
  Entropy: 3.5326 ± 0.1177
  Concentration: 0.0253
  Top 5 features:
    t-39                           0.0332
    t-38                           0.0313
    t-40                           0.0293
    t-37                           0.0292
    t-36                           0.0277

2021:
  Samples: 250
  Entropy: 3.6183 ± 0.0868
  Concentration: 0.0250
  Top 5 features:
    t-39                           0.0271
    t-40                           0.0267
    t-38                           0.0261
    t-12                           0.0257
    t-8                            0.0257

2022:
  Samples: 249
  Entropy: 3.5601 ± 0.0873
  Concentration: 0.0254
  Top 5 features:
    t-39                           0.0345
    t-38                           0.0326
    t-40                           0.0315
    t-37                           0.0304
    t-36                           0.0288

2023:
  Samples: 249
  Entropy: 3.6324 ± 0.0370
  Concentration: 0.0250
  Top 5 features:
    t-40                           0.0274
    t-39                           0.0274
    t-38                           0.0265
    t-1                            0.0261
    t-37                           0.0259

2024:
  Samples: 250
  Entropy: 3.6298 ± 0.0616
  Concentration: 0.0250
  Top 5 features:
    t-8                            0.0260
    t-9                            0.0260
    t-7                            0.0260
    t-10                           0.0260
    t-11                           0.0259

2025:
  Samples: 190
  Entropy: 3.5977 ± 0.0891
  Concentration: 0.0250
  Top 5 features:
    t-17                           0.0259
    t-16                           0.0258
    t-15                           0.0258
    t-18                           0.0258
    t-11                           0.0258

----------------------------------------------------------------------
Period Comparisons:
----------------------------------------------------------------------

2020_vs_2021:
  Cosine similarity: 0.9945
  L2 distance: 0.0167
  Entropy change: 0.0857
  Concentration change: -0.0003

2020_vs_2022:
  Cosine similarity: 0.9993
  L2 distance: 0.0061
  Entropy change: 0.0275
  Concentration change: 0.0001

2020_vs_2023:
  Cosine similarity: 0.9941
  L2 distance: 0.0172
  Entropy change: 0.0999
  Concentration change: -0.0003

2020_vs_2024:
  Cosine similarity: 0.9884
  L2 distance: 0.0242
  Entropy change: 0.0972
  Concentration change: -0.0003

2020_vs_2025:
  Cosine similarity: 0.9913
  L2 distance: 0.0209
  Entropy change: 0.0651
  Concentration change: -0.0003

2021_vs_2022:
  Cosine similarity: 0.9924
  L2 distance: 0.0196
  Entropy change: -0.0582
  Concentration change: 0.0004

2021_vs_2023:
  Cosine similarity: 0.9994
  L2 distance: 0.0056
  Entropy change: 0.0141
  Concentration change: -0.0000

2021_vs_2024:
  Cosine similarity: 0.9982
  L2 distance: 0.0095
  Entropy change: 0.0115
  Concentration change: 0.0000

2021_vs_2025:
  Cosine similarity: 0.9991
  L2 distance: 0.0069
  Entropy change: -0.0206
  Concentration change: 0.0000

2022_vs_2023:
  Cosine similarity: 0.9931
  L2 distance: 0.0187
  Entropy change: 0.0724
  Concentration change: -0.0004

2022_vs_2024:
  Cosine similarity: 0.9854
  L2 distance: 0.0271
  Entropy change: 0.0697
  Concentration change: -0.0004

2022_vs_2025:
  Cosine similarity: 0.9886
  L2 distance: 0.0241
  Entropy change: 0.0376
  Concentration change: -0.0004

2023_vs_2024:
  Cosine similarity: 0.9978
  L2 distance: 0.0105
  Entropy change: -0.0027
  Concentration change: 0.0000

2023_vs_2025:
  Cosine similarity: 0.9985
  L2 distance: 0.0085
  Entropy change: -0.0348
  Concentration change: 0.0000

2024_vs_2025:
  Cosine similarity: 0.9995
  L2 distance: 0.0049
  Entropy change: -0.0321
  Concentration change: -0.0000

======================================================================

Analysis complete!
Results saved to: experiments/00_baseline_exploration/sweep_encoder_40/attention_analysis_year
  - attention_analysis_results.json
  - attention_heatmap.png
  - attention_trends.png
  - temporal_attention_comparison.png
