Logging to: experiments/01_staleness_features_fixed/sweep_stale_h16_drop0.30_lr3/attention_analysis_year/attention_analysis_20251027_193853.log
Analysis started at: 2025-10-27 19:38:53
======================================================================
Experiment: 01_staleness_features_fixed/sweep_stale_h16_drop0.30_lr3
Output directory: experiments/01_staleness_features_fixed/sweep_stale_h16_drop0.30_lr3/attention_analysis_year
Using best checkpoint: experiments/01_staleness_features_fixed/sweep_stale_h16_drop0.30_lr3/checkpoints/tft-epoch=01-val_loss=0.1483.ckpt

Loading data...
Loading test data from: data/splits/fixed/core_proposal_daily_fixed_test.csv
Detected staleness features in config, adding to data...
  Train samples: 6066
  Test samples: 1300

Preparing test dataset...
Test dataset size after filtering: 1280

Loading model...
Loading model from: experiments/01_staleness_features_fixed/sweep_stale_h16_drop0.30_lr3/checkpoints/tft-epoch=01-val_loss=0.1483.ckpt

Extracting attention patterns...
Extracting attention patterns...
Total batches to process: 10
  Processed 10/10 batches

Total predictions: 1280
Total actuals: 1280
Attention shape: (1280, 20)
Encoder variables shape: (1280, 7)

Prediction period: 2020-08-19T00:00:00.000000000 to 2025-10-06T00:00:00.000000000
Total predictions: 1280

Creating temporal periods:
  2020: 92 samples
  2021: 250 samples
  2022: 249 samples
  2023: 249 samples
  2024: 250 samples
  2025: 190 samples

Attention over 20 encoder timesteps

Analyzing attention patterns by period...

Comparing attention patterns across periods...

Creating visualizations...
Saved attention heatmap: experiments/01_staleness_features_fixed/sweep_stale_h16_drop0.30_lr3/attention_analysis_year/attention_heatmap.png
Saved attention trends: experiments/01_staleness_features_fixed/sweep_stale_h16_drop0.30_lr3/attention_analysis_year/attention_trends.png
Saved feature importance comparison: experiments/01_staleness_features_fixed/sweep_stale_h16_drop0.30_lr3/attention_analysis_year/temporal_attention_comparison.png

Saving results...
Saved results: experiments/01_staleness_features_fixed/sweep_stale_h16_drop0.30_lr3/attention_analysis_year/attention_analysis_results.json

======================================================================
ATTENTION ANALYSIS SUMMARY
======================================================================

Per-Period Statistics:
----------------------------------------------------------------------

2020:
  Samples: 92
  Entropy: 2.9940 ± 0.0006
  Concentration: 0.0500
  Top 5 features:
    t-20                           0.0522
    t-19                           0.0517
    t-18                           0.0506
    t-17                           0.0501
    t-10                           0.0499

2021:
  Samples: 250
  Entropy: 2.9928 ± 0.0036
  Concentration: 0.0500
  Top 5 features:
    t-20                           0.0548
    t-19                           0.0531
    t-18                           0.0515
    t-17                           0.0507
    t-16                           0.0503

2022:
  Samples: 249
  Entropy: 2.9915 ± 0.0021
  Concentration: 0.0501
  Top 5 features:
    t-20                           0.0551
    t-19                           0.0528
    t-18                           0.0515
    t-17                           0.0509
    t-16                           0.0506

2023:
  Samples: 249
  Entropy: 2.9824 ± 0.0046
  Concentration: 0.0500
  Top 5 features:
    t-20                           0.0534
    t-19                           0.0514
    t-18                           0.0502
    t-14                           0.0498
    t-13                           0.0498

2024:
  Samples: 250
  Entropy: 2.9834 ± 0.0071
  Concentration: 0.0500
  Top 5 features:
    t-20                           0.0537
    t-19                           0.0520
    t-18                           0.0509
    t-17                           0.0506
    t-16                           0.0505

2025:
  Samples: 190
  Entropy: 2.9875 ± 0.0038
  Concentration: 0.0500
  Top 5 features:
    t-20                           0.0527
    t-19                           0.0511
    t-18                           0.0502
    t-17                           0.0499
    t-15                           0.0499

----------------------------------------------------------------------
Period Comparisons:
----------------------------------------------------------------------

2020_vs_2021:
  Cosine similarity: 0.9999
  L2 distance: 0.0038
  Entropy change: -0.0012
  Concentration change: 0.0000

2020_vs_2022:
  Cosine similarity: 0.9998
  L2 distance: 0.0043
  Entropy change: -0.0025
  Concentration change: 0.0000

2020_vs_2023:
  Cosine similarity: 1.0000
  L2 distance: 0.0014
  Entropy change: -0.0116
  Concentration change: 0.0000

2020_vs_2024:
  Cosine similarity: 0.9999
  L2 distance: 0.0027
  Entropy change: -0.0105
  Concentration change: 0.0000

2020_vs_2025:
  Cosine similarity: 1.0000
  L2 distance: 0.0012
  Entropy change: -0.0065
  Concentration change: -0.0000

2021_vs_2022:
  Cosine similarity: 1.0000
  L2 distance: 0.0010
  Entropy change: -0.0013
  Concentration change: 0.0000

2021_vs_2023:
  Cosine similarity: 0.9999
  L2 distance: 0.0034
  Entropy change: -0.0104
  Concentration change: -0.0000

2021_vs_2024:
  Cosine similarity: 1.0000
  L2 distance: 0.0019
  Entropy change: -0.0094
  Concentration change: -0.0000

2021_vs_2025:
  Cosine similarity: 0.9998
  L2 distance: 0.0041
  Entropy change: -0.0053
  Concentration change: -0.0000

2022_vs_2023:
  Cosine similarity: 0.9998
  L2 distance: 0.0040
  Entropy change: -0.0091
  Concentration change: -0.0000

2022_vs_2024:
  Cosine similarity: 1.0000
  L2 distance: 0.0020
  Entropy change: -0.0080
  Concentration change: -0.0000

2022_vs_2025:
  Cosine similarity: 0.9998
  L2 distance: 0.0046
  Entropy change: -0.0040
  Concentration change: -0.0000

2023_vs_2024:
  Cosine similarity: 0.9999
  L2 distance: 0.0027
  Entropy change: 0.0011
  Concentration change: 0.0000

2023_vs_2025:
  Cosine similarity: 1.0000
  L2 distance: 0.0009
  Entropy change: 0.0051
  Concentration change: -0.0000

2024_vs_2025:
  Cosine similarity: 0.9999
  L2 distance: 0.0031
  Entropy change: 0.0040
  Concentration change: -0.0000

======================================================================

Analysis complete!
Results saved to: experiments/01_staleness_features_fixed/sweep_stale_h16_drop0.30_lr3/attention_analysis_year
  - attention_analysis_results.json
  - attention_heatmap.png
  - attention_trends.png
  - temporal_attention_comparison.png
