Logging to: experiments/01_staleness_features_fixed/sweep_stale_h16_drop0.30_lr3/attention_analysis_year/attention_analysis_20251030_131526.log
Analysis started at: 2025-10-30 13:15:26
======================================================================
Experiment: 01_staleness_features_fixed/sweep_stale_h16_drop0.30_lr3
Output directory: experiments/01_staleness_features_fixed/sweep_stale_h16_drop0.30_lr3/attention_analysis_year
Using best checkpoint: experiments/01_staleness_features_fixed/sweep_stale_h16_drop0.30_lr3/checkpoints/tft-epoch=97-val_loss=0.3989.ckpt

Loading data...
Loading test data from: data/splits/fixed/core_proposal_daily_fixed_test.csv
Detected staleness features in config, adding to data...
  Train samples: 6066
  Test samples: 1300

Preparing test dataset...
Test dataset size after filtering: 1280

Loading model...
Loading model from: experiments/01_staleness_features_fixed/sweep_stale_h16_drop0.30_lr3/checkpoints/tft-epoch=97-val_loss=0.3989.ckpt
Model moved to device: cuda

Extracting attention patterns...
Extracting attention patterns...
Total batches to process: 10
  Processed 10/10 batches

Total predictions: 1280
Total actuals: 1280
Attention shape: (1280, 20)
Encoder variables shape: (1280, 7)

Prediction period: 2020-08-19T00:00:00.000000000 to 2025-10-06T00:00:00.000000000
Total predictions: 1280

Creating temporal periods:
  2020: 92 samples
  2021: 250 samples
  2022: 249 samples
  2023: 249 samples
  2024: 250 samples
  2025: 190 samples

Attention over 20 encoder timesteps

Analyzing attention patterns by period...

Comparing attention patterns across periods...

Creating visualizations...
Saved attention heatmap: experiments/01_staleness_features_fixed/sweep_stale_h16_drop0.30_lr3/attention_analysis_year/attention_heatmap.png
Saved attention trends: experiments/01_staleness_features_fixed/sweep_stale_h16_drop0.30_lr3/attention_analysis_year/attention_trends.png
Saved feature importance comparison: experiments/01_staleness_features_fixed/sweep_stale_h16_drop0.30_lr3/attention_analysis_year/temporal_attention_comparison.png

Saving results...
Saved results: experiments/01_staleness_features_fixed/sweep_stale_h16_drop0.30_lr3/attention_analysis_year/attention_analysis_results.json

======================================================================
ATTENTION ANALYSIS SUMMARY
======================================================================

Per-Period Statistics:
----------------------------------------------------------------------

2020:
  Samples: 92
  Entropy: 2.7755 ± 0.2126
  Concentration: 0.0519
  Top 5 features:
    t-1                            0.0700
    t-2                            0.0647
    t-3                            0.0606
    t-4                            0.0578
    t-5                            0.0558

2021:
  Samples: 250
  Entropy: 2.7757 ± 0.2395
  Concentration: 0.0506
  Top 5 features:
    t-1                            0.0605
    t-2                            0.0574
    t-3                            0.0550
    t-4                            0.0534
    t-5                            0.0526

2022:
  Samples: 249
  Entropy: 2.8123 ± 0.1848
  Concentration: 0.0521
  Top 5 features:
    t-1                            0.0681
    t-2                            0.0638
    t-3                            0.0606
    t-4                            0.0584
    t-5                            0.0568

2023:
  Samples: 249
  Entropy: 2.9500 ± 0.0568
  Concentration: 0.0501
  Top 5 features:
    t-11                           0.0520
    t-12                           0.0519
    t-10                           0.0518
    t-13                           0.0517
    t-9                            0.0516

2024:
  Samples: 250
  Entropy: 2.8785 ± 0.3047
  Concentration: 0.0501
  Top 5 features:
    t-1                            0.0544
    t-2                            0.0533
    t-3                            0.0527
    t-4                            0.0522
    t-5                            0.0518

2025:
  Samples: 190
  Entropy: 2.8147 ± 0.3562
  Concentration: 0.0501
  Top 5 features:
    t-1                            0.0573
    t-13                           0.0522
    t-2                            0.0521
    t-14                           0.0521
    t-12                           0.0519

----------------------------------------------------------------------
Period Comparisons:
----------------------------------------------------------------------

2020_vs_2021:
  Cosine similarity: 0.9964
  L2 distance: 0.0193
  Entropy change: 0.0002
  Concentration change: -0.0013

2020_vs_2022:
  Cosine similarity: 0.9995
  L2 distance: 0.0069
  Entropy change: 0.0368
  Concentration change: 0.0002

2020_vs_2023:
  Cosine similarity: 0.9880
  L2 distance: 0.0352
  Entropy change: 0.1745
  Concentration change: -0.0018

2020_vs_2024:
  Cosine similarity: 0.9894
  L2 distance: 0.0331
  Entropy change: 0.1030
  Concentration change: -0.0018

2020_vs_2025:
  Cosine similarity: 0.9877
  L2 distance: 0.0356
  Entropy change: 0.0392
  Concentration change: -0.0017

2021_vs_2022:
  Cosine similarity: 0.9953
  L2 distance: 0.0222
  Entropy change: 0.0366
  Concentration change: 0.0015

2021_vs_2023:
  Cosine similarity: 0.9975
  L2 distance: 0.0160
  Entropy change: 0.1743
  Concentration change: -0.0005

2021_vs_2024:
  Cosine similarity: 0.9978
  L2 distance: 0.0148
  Entropy change: 0.1028
  Concentration change: -0.0005

2021_vs_2025:
  Cosine similarity: 0.9971
  L2 distance: 0.0171
  Entropy change: 0.0390
  Concentration change: -0.0005

2022_vs_2023:
  Cosine similarity: 0.9866
  L2 distance: 0.0373
  Entropy change: 0.1377
  Concentration change: -0.0020

2022_vs_2024:
  Cosine similarity: 0.9876
  L2 distance: 0.0359
  Entropy change: 0.0662
  Concentration change: -0.0020

2022_vs_2025:
  Cosine similarity: 0.9854
  L2 distance: 0.0389
  Entropy change: 0.0024
  Concentration change: -0.0020

2023_vs_2024:
  Cosine similarity: 0.9995
  L2 distance: 0.0071
  Entropy change: -0.0715
  Concentration change: -0.0000

2023_vs_2025:
  Cosine similarity: 0.9993
  L2 distance: 0.0086
  Entropy change: -0.1353
  Concentration change: 0.0000

2024_vs_2025:
  Cosine similarity: 0.9991
  L2 distance: 0.0096
  Entropy change: -0.0639
  Concentration change: 0.0000

======================================================================

Analysis complete!
Results saved to: experiments/01_staleness_features_fixed/sweep_stale_h16_drop0.30_lr3/attention_analysis_year
  - attention_analysis_results.json
  - attention_heatmap.png
  - attention_trends.png
  - temporal_attention_comparison.png
