Logging to: experiments/01_staleness_features_fixed/sweep_stale_h20_drop0.15_lr3/attention_analysis_year/attention_analysis_20251030_131711.log
Analysis started at: 2025-10-30 13:17:11
======================================================================
Experiment: 01_staleness_features_fixed/sweep_stale_h20_drop0.15_lr3
Output directory: experiments/01_staleness_features_fixed/sweep_stale_h20_drop0.15_lr3/attention_analysis_year
Using best checkpoint: experiments/01_staleness_features_fixed/sweep_stale_h20_drop0.15_lr3/checkpoints/tft-epoch=63-val_loss=0.3989.ckpt

Loading data...
Loading test data from: data/splits/fixed/core_proposal_daily_fixed_test.csv
Detected staleness features in config, adding to data...
  Train samples: 6066
  Test samples: 1300

Preparing test dataset...
Test dataset size after filtering: 1280

Loading model...
Loading model from: experiments/01_staleness_features_fixed/sweep_stale_h20_drop0.15_lr3/checkpoints/tft-epoch=63-val_loss=0.3989.ckpt
Model moved to device: cuda

Extracting attention patterns...
Extracting attention patterns...
Total batches to process: 10
  Processed 10/10 batches

Total predictions: 1280
Total actuals: 1280
Attention shape: (1280, 20)
Encoder variables shape: (1280, 7)

Prediction period: 2020-08-19T00:00:00.000000000 to 2025-10-06T00:00:00.000000000
Total predictions: 1280

Creating temporal periods:
  2020: 92 samples
  2021: 250 samples
  2022: 249 samples
  2023: 249 samples
  2024: 250 samples
  2025: 190 samples

Attention over 20 encoder timesteps

Analyzing attention patterns by period...

Comparing attention patterns across periods...

Creating visualizations...
Saved attention heatmap: experiments/01_staleness_features_fixed/sweep_stale_h20_drop0.15_lr3/attention_analysis_year/attention_heatmap.png
Saved attention trends: experiments/01_staleness_features_fixed/sweep_stale_h20_drop0.15_lr3/attention_analysis_year/attention_trends.png
Saved feature importance comparison: experiments/01_staleness_features_fixed/sweep_stale_h20_drop0.15_lr3/attention_analysis_year/temporal_attention_comparison.png

Saving results...
Saved results: experiments/01_staleness_features_fixed/sweep_stale_h20_drop0.15_lr3/attention_analysis_year/attention_analysis_results.json

======================================================================
ATTENTION ANALYSIS SUMMARY
======================================================================

Per-Period Statistics:
----------------------------------------------------------------------

2020:
  Samples: 92
  Entropy: 2.7402 ± 0.1349
  Concentration: 0.0730
  Top 5 features:
    t-1                            0.1360
    t-2                            0.1163
    t-3                            0.0993
    t-4                            0.0851
    t-5                            0.0730

2021:
  Samples: 250
  Entropy: 2.4642 ± 0.2897
  Concentration: 0.0874
  Top 5 features:
    t-1                            0.1565
    t-2                            0.1343
    t-3                            0.1144
    t-4                            0.0965
    t-5                            0.0810

2022:
  Samples: 249
  Entropy: 2.6584 ± 0.2245
  Concentration: 0.0759
  Top 5 features:
    t-1                            0.1332
    t-2                            0.1171
    t-3                            0.1028
    t-4                            0.0900
    t-5                            0.0785

2023:
  Samples: 249
  Entropy: 2.5100 ± 0.2337
  Concentration: 0.0878
  Top 5 features:
    t-1                            0.1620
    t-2                            0.1366
    t-3                            0.1138
    t-4                            0.0942
    t-5                            0.0776

2024:
  Samples: 250
  Entropy: 2.3074 ± 0.2996
  Concentration: 0.1082
  Top 5 features:
    t-1                            0.2039
    t-2                            0.1616
    t-3                            0.1253
    t-4                            0.0958
    t-5                            0.0730

2025:
  Samples: 190
  Entropy: 2.4104 ± 0.2726
  Concentration: 0.0917
  Top 5 features:
    t-1                            0.1701
    t-2                            0.1419
    t-3                            0.1170
    t-4                            0.0951
    t-5                            0.0765

----------------------------------------------------------------------
Period Comparisons:
----------------------------------------------------------------------

2020_vs_2021:
  Cosine similarity: 0.9930
  L2 distance: 0.0422
  Entropy change: -0.2760
  Concentration change: 0.0145

2020_vs_2022:
  Cosine similarity: 0.9977
  L2 distance: 0.0191
  Entropy change: -0.0817
  Concentration change: 0.0029

2020_vs_2023:
  Cosine similarity: 0.9926
  L2 distance: 0.0432
  Entropy change: -0.2301
  Concentration change: 0.0148

2020_vs_2024:
  Cosine similarity: 0.9689
  L2 distance: 0.0948
  Entropy change: -0.4327
  Concentration change: 0.0353

2020_vs_2025:
  Cosine similarity: 0.9890
  L2 distance: 0.0535
  Entropy change: -0.3297
  Concentration change: 0.0187

2021_vs_2022:
  Cosine similarity: 0.9945
  L2 distance: 0.0362
  Entropy change: 0.1942
  Concentration change: -0.0116

2021_vs_2023:
  Cosine similarity: 0.9994
  L2 distance: 0.0099
  Entropy change: 0.0458
  Concentration change: 0.0003

2021_vs_2024:
  Cosine similarity: 0.9860
  L2 distance: 0.0618
  Entropy change: -0.1567
  Concentration change: 0.0208

2021_vs_2025:
  Cosine similarity: 0.9983
  L2 distance: 0.0188
  Entropy change: -0.0537
  Concentration change: 0.0042

2022_vs_2023:
  Cosine similarity: 0.9922
  L2 distance: 0.0413
  Entropy change: -0.1484
  Concentration change: 0.0119

2022_vs_2024:
  Cosine similarity: 0.9652
  L2 distance: 0.0958
  Entropy change: -0.3510
  Concentration change: 0.0324

2022_vs_2025:
  Cosine similarity: 0.9883
  L2 distance: 0.0519
  Entropy change: -0.2480
  Concentration change: 0.0158

2023_vs_2024:
  Cosine similarity: 0.9901
  L2 distance: 0.0548
  Entropy change: -0.2026
  Concentration change: 0.0205

2023_vs_2025:
  Cosine similarity: 0.9995
  L2 distance: 0.0115
  Entropy change: -0.0996
  Concentration change: 0.0039

2024_vs_2025:
  Cosine similarity: 0.9936
  L2 distance: 0.0443
  Entropy change: 0.1030
  Concentration change: -0.0166

======================================================================

Analysis complete!
Results saved to: experiments/01_staleness_features_fixed/sweep_stale_h20_drop0.15_lr3/attention_analysis_year
  - attention_analysis_results.json
  - attention_heatmap.png
  - attention_trends.png
  - temporal_attention_comparison.png
