Logging to: experiments/00_baseline_exploration/sweep_hidden_24/attention_analysis_year/attention_analysis_20251027_191530.log
Analysis started at: 2025-10-27 19:15:30
======================================================================
Experiment: 00_baseline_exploration/sweep_hidden_24
Output directory: experiments/00_baseline_exploration/sweep_hidden_24/attention_analysis_year
Using best checkpoint: experiments/00_baseline_exploration/sweep_hidden_24/checkpoints/tft-epoch=00-val_loss=0.1056.ckpt

Loading data...
Loading test data from: data/splits/fixed/core_proposal_daily_fixed_test.csv
  Train samples: 6066
  Test samples: 1300

Preparing test dataset...
Test dataset size after filtering: 1280

Loading model...
Loading model from: experiments/00_baseline_exploration/sweep_hidden_24/checkpoints/tft-epoch=00-val_loss=0.1056.ckpt

Extracting attention patterns...
Extracting attention patterns...
Total batches to process: 10
  Processed 10/10 batches

Total predictions: 1280
Total actuals: 1280
Attention shape: (1280, 20)
Encoder variables shape: (1280, 5)

Prediction period: 2020-08-19T00:00:00.000000000 to 2025-10-06T00:00:00.000000000
Total predictions: 1280

Creating temporal periods:
  2020: 92 samples
  2021: 250 samples
  2022: 249 samples
  2023: 249 samples
  2024: 250 samples
  2025: 190 samples

Attention over 20 encoder timesteps

Analyzing attention patterns by period...

Comparing attention patterns across periods...

Creating visualizations...
Saved attention heatmap: experiments/00_baseline_exploration/sweep_hidden_24/attention_analysis_year/attention_heatmap.png
Saved attention trends: experiments/00_baseline_exploration/sweep_hidden_24/attention_analysis_year/attention_trends.png
Saved feature importance comparison: experiments/00_baseline_exploration/sweep_hidden_24/attention_analysis_year/temporal_attention_comparison.png

Saving results...
Saved results: experiments/00_baseline_exploration/sweep_hidden_24/attention_analysis_year/attention_analysis_results.json

======================================================================
ATTENTION ANALYSIS SUMMARY
======================================================================

Per-Period Statistics:
----------------------------------------------------------------------

2020:
  Samples: 92
  Entropy: 2.9803 ± 0.0057
  Concentration: 0.0514
  Top 5 features:
    t-20                           0.0664
    t-19                           0.0631
    t-18                           0.0608
    t-17                           0.0593
    t-16                           0.0580

2021:
  Samples: 250
  Entropy: 2.9813 ± 0.0056
  Concentration: 0.0512
  Top 5 features:
    t-20                           0.0652
    t-19                           0.0628
    t-18                           0.0608
    t-17                           0.0590
    t-16                           0.0572

2022:
  Samples: 249
  Entropy: 2.9848 ± 0.0101
  Concentration: 0.0505
  Top 5 features:
    t-20                           0.0637
    t-19                           0.0596
    t-18                           0.0571
    t-17                           0.0551
    t-16                           0.0534

2023:
  Samples: 249
  Entropy: 2.9797 ± 0.0088
  Concentration: 0.0514
  Top 5 features:
    t-20                           0.0647
    t-19                           0.0628
    t-18                           0.0612
    t-17                           0.0596
    t-16                           0.0578

2024:
  Samples: 250
  Entropy: 2.9766 ± 0.0136
  Concentration: 0.0514
  Top 5 features:
    t-20                           0.0626
    t-19                           0.0619
    t-18                           0.0610
    t-17                           0.0598
    t-16                           0.0584

2025:
  Samples: 190
  Entropy: 2.9618 ± 0.0253
  Concentration: 0.0520
  Top 5 features:
    t-20                           0.0685
    t-19                           0.0655
    t-18                           0.0634
    t-17                           0.0615
    t-16                           0.0595

----------------------------------------------------------------------
Period Comparisons:
----------------------------------------------------------------------

2020_vs_2021:
  Cosine similarity: 0.9997
  L2 distance: 0.0055
  Entropy change: 0.0010
  Concentration change: -0.0002

2020_vs_2022:
  Cosine similarity: 0.9969
  L2 distance: 0.0178
  Entropy change: 0.0045
  Concentration change: -0.0009

2020_vs_2023:
  Cosine similarity: 0.9993
  L2 distance: 0.0086
  Entropy change: -0.0006
  Concentration change: -0.0001

2020_vs_2024:
  Cosine similarity: 0.9989
  L2 distance: 0.0105
  Entropy change: -0.0037
  Concentration change: -0.0000

2020_vs_2025:
  Cosine similarity: 0.9989
  L2 distance: 0.0105
  Entropy change: -0.0185
  Concentration change: 0.0006

2021_vs_2022:
  Cosine similarity: 0.9979
  L2 distance: 0.0147
  Entropy change: 0.0035
  Concentration change: -0.0007

2021_vs_2023:
  Cosine similarity: 0.9997
  L2 distance: 0.0052
  Entropy change: -0.0016
  Concentration change: 0.0002

2021_vs_2024:
  Cosine similarity: 0.9994
  L2 distance: 0.0079
  Entropy change: -0.0047
  Concentration change: 0.0002

2021_vs_2025:
  Cosine similarity: 0.9989
  L2 distance: 0.0106
  Entropy change: -0.0195
  Concentration change: 0.0008

2022_vs_2023:
  Cosine similarity: 0.9966
  L2 distance: 0.0186
  Entropy change: -0.0051
  Concentration change: 0.0008

2022_vs_2024:
  Cosine similarity: 0.9959
  L2 distance: 0.0206
  Entropy change: -0.0082
  Concentration change: 0.0008

2022_vs_2025:
  Cosine similarity: 0.9940
  L2 distance: 0.0251
  Entropy change: -0.0230
  Concentration change: 0.0015

2023_vs_2024:
  Cosine similarity: 0.9999
  L2 distance: 0.0034
  Entropy change: -0.0030
  Concentration change: 0.0000

2023_vs_2025:
  Cosine similarity: 0.9994
  L2 distance: 0.0079
  Entropy change: -0.0178
  Concentration change: 0.0006

2024_vs_2025:
  Cosine similarity: 0.9992
  L2 distance: 0.0090
  Entropy change: -0.0148
  Concentration change: 0.0006

======================================================================

Analysis complete!
Results saved to: experiments/00_baseline_exploration/sweep_hidden_24/attention_analysis_year
  - attention_analysis_results.json
  - attention_heatmap.png
  - attention_trends.png
  - temporal_attention_comparison.png
