Logging to: experiments/00_baseline_exploration/sweep_hidden_24/attention_analysis_year/attention_analysis_20251030_131045.log
Analysis started at: 2025-10-30 13:10:45
======================================================================
Experiment: 00_baseline_exploration/sweep_hidden_24
Output directory: experiments/00_baseline_exploration/sweep_hidden_24/attention_analysis_year
Using best checkpoint: experiments/00_baseline_exploration/sweep_hidden_24/checkpoints/tft-epoch=66-val_loss=0.3966.ckpt

Loading data...
Loading test data from: data/splits/fixed/core_proposal_daily_fixed_test.csv
  Train samples: 6066
  Test samples: 1300

Preparing test dataset...
Test dataset size after filtering: 1280

Loading model...
Loading model from: experiments/00_baseline_exploration/sweep_hidden_24/checkpoints/tft-epoch=66-val_loss=0.3966.ckpt
Model moved to device: cuda

Extracting attention patterns...
Extracting attention patterns...
Total batches to process: 10
  Processed 10/10 batches

Total predictions: 1280
Total actuals: 1280
Attention shape: (1280, 20)
Encoder variables shape: (1280, 5)

Prediction period: 2020-08-19T00:00:00.000000000 to 2025-10-06T00:00:00.000000000
Total predictions: 1280

Creating temporal periods:
  2020: 92 samples
  2021: 250 samples
  2022: 249 samples
  2023: 249 samples
  2024: 250 samples
  2025: 190 samples

Attention over 20 encoder timesteps

Analyzing attention patterns by period...

Comparing attention patterns across periods...

Creating visualizations...
Saved attention heatmap: experiments/00_baseline_exploration/sweep_hidden_24/attention_analysis_year/attention_heatmap.png
Saved attention trends: experiments/00_baseline_exploration/sweep_hidden_24/attention_analysis_year/attention_trends.png
Saved feature importance comparison: experiments/00_baseline_exploration/sweep_hidden_24/attention_analysis_year/temporal_attention_comparison.png

Saving results...
Saved results: experiments/00_baseline_exploration/sweep_hidden_24/attention_analysis_year/attention_analysis_results.json

======================================================================
ATTENTION ANALYSIS SUMMARY
======================================================================

Per-Period Statistics:
----------------------------------------------------------------------

2020:
  Samples: 92
  Entropy: 2.6160 ± 0.4517
  Concentration: 0.0549
  Top 5 features:
    t-1                            0.0963
    t-2                            0.0791
    t-3                            0.0683
    t-4                            0.0621
    t-5                            0.0576

2021:
  Samples: 250
  Entropy: 2.7791 ± 0.4168
  Concentration: 0.0520
  Top 5 features:
    t-1                            0.0733
    t-2                            0.0681
    t-3                            0.0627
    t-4                            0.0591
    t-5                            0.0573

2022:
  Samples: 249
  Entropy: 2.5769 ± 0.4227
  Concentration: 0.0608
  Top 5 features:
    t-1                            0.1105
    t-2                            0.0891
    t-3                            0.0775
    t-4                            0.0701
    t-5                            0.0649

2023:
  Samples: 249
  Entropy: 2.9566 ± 0.1160
  Concentration: 0.0504
  Top 5 features:
    t-1                            0.0585
    t-2                            0.0571
    t-3                            0.0557
    t-4                            0.0547
    t-5                            0.0537

2024:
  Samples: 250
  Entropy: 2.9035 ± 0.3597
  Concentration: 0.0502
  Top 5 features:
    t-1                            0.0566
    t-2                            0.0555
    t-3                            0.0544
    t-4                            0.0536
    t-5                            0.0526

2025:
  Samples: 190
  Entropy: 2.8353 ± 0.4047
  Concentration: 0.0506
  Top 5 features:
    t-1                            0.0690
    t-2                            0.0588
    t-3                            0.0553
    t-4                            0.0531
    t-5                            0.0514

----------------------------------------------------------------------
Period Comparisons:
----------------------------------------------------------------------

2020_vs_2021:
  Cosine similarity: 0.9925
  L2 distance: 0.0289
  Entropy change: 0.1631
  Concentration change: -0.0028

2020_vs_2022:
  Cosine similarity: 0.9887
  L2 distance: 0.0382
  Entropy change: -0.0392
  Concentration change: 0.0059

2020_vs_2023:
  Cosine similarity: 0.9745
  L2 distance: 0.0527
  Entropy change: 0.3406
  Concentration change: -0.0045

2020_vs_2024:
  Cosine similarity: 0.9699
  L2 distance: 0.0571
  Entropy change: 0.2875
  Concentration change: -0.0047

2020_vs_2025:
  Cosine similarity: 0.9805
  L2 distance: 0.0463
  Entropy change: 0.2193
  Concentration change: -0.0043

2021_vs_2022:
  Cosine similarity: 0.9718
  L2 distance: 0.0593
  Entropy change: -0.2023
  Concentration change: 0.0088

2021_vs_2023:
  Cosine similarity: 0.9929
  L2 distance: 0.0272
  Entropy change: 0.1775
  Concentration change: -0.0017

2021_vs_2024:
  Cosine similarity: 0.9898
  L2 distance: 0.0325
  Entropy change: 0.1244
  Concentration change: -0.0019

2021_vs_2025:
  Cosine similarity: 0.9935
  L2 distance: 0.0259
  Entropy change: 0.0562
  Concentration change: -0.0014

2022_vs_2023:
  Cosine similarity: 0.9381
  L2 distance: 0.0857
  Entropy change: 0.3798
  Concentration change: -0.0104

2022_vs_2024:
  Cosine similarity: 0.9294
  L2 distance: 0.0911
  Entropy change: 0.3267
  Concentration change: -0.0106

2022_vs_2025:
  Cosine similarity: 0.9440
  L2 distance: 0.0817
  Entropy change: 0.2584
  Concentration change: -0.0102

2023_vs_2024:
  Cosine similarity: 0.9995
  L2 distance: 0.0068
  Entropy change: -0.0531
  Concentration change: -0.0002

2023_vs_2025:
  Cosine similarity: 0.9984
  L2 distance: 0.0128
  Entropy change: -0.1213
  Concentration change: 0.0002

2024_vs_2025:
  Cosine similarity: 0.9981
  L2 distance: 0.0137
  Entropy change: -0.0682
  Concentration change: 0.0004

======================================================================

Analysis complete!
Results saved to: experiments/00_baseline_exploration/sweep_hidden_24/attention_analysis_year
  - attention_analysis_results.json
  - attention_heatmap.png
  - attention_trends.png
  - temporal_attention_comparison.png
