Logging to: experiments/00_baseline_exploration/sweep2_hidden_20/attention_analysis_year/attention_analysis_20251027_191451.log
Analysis started at: 2025-10-27 19:14:51
======================================================================
Experiment: 00_baseline_exploration/sweep2_hidden_20
Output directory: experiments/00_baseline_exploration/sweep2_hidden_20/attention_analysis_year
Using best checkpoint: experiments/00_baseline_exploration/sweep2_hidden_20/checkpoints/tft-epoch=01-val_loss=0.0671.ckpt

Loading data...
Loading test data from: data/splits/fixed/core_proposal_daily_fixed_test.csv
  Train samples: 6066
  Test samples: 1300

Preparing test dataset...
Test dataset size after filtering: 1280

Loading model...
Loading model from: experiments/00_baseline_exploration/sweep2_hidden_20/checkpoints/tft-epoch=01-val_loss=0.0671.ckpt

Extracting attention patterns...
Extracting attention patterns...
Total batches to process: 10
  Processed 10/10 batches

Total predictions: 1280
Total actuals: 1280
Attention shape: (1280, 20)
Encoder variables shape: (1280, 5)

Prediction period: 2020-08-19T00:00:00.000000000 to 2025-10-06T00:00:00.000000000
Total predictions: 1280

Creating temporal periods:
  2020: 92 samples
  2021: 250 samples
  2022: 249 samples
  2023: 249 samples
  2024: 250 samples
  2025: 190 samples

Attention over 20 encoder timesteps

Analyzing attention patterns by period...

Comparing attention patterns across periods...

Creating visualizations...
Saved attention heatmap: experiments/00_baseline_exploration/sweep2_hidden_20/attention_analysis_year/attention_heatmap.png
Saved attention trends: experiments/00_baseline_exploration/sweep2_hidden_20/attention_analysis_year/attention_trends.png
Saved feature importance comparison: experiments/00_baseline_exploration/sweep2_hidden_20/attention_analysis_year/temporal_attention_comparison.png

Saving results...
Saved results: experiments/00_baseline_exploration/sweep2_hidden_20/attention_analysis_year/attention_analysis_results.json

======================================================================
ATTENTION ANALYSIS SUMMARY
======================================================================

Per-Period Statistics:
----------------------------------------------------------------------

2020:
  Samples: 92
  Entropy: 2.9815 ± 0.0067
  Concentration: 0.0513
  Top 5 features:
    t-20                           0.0737
    t-19                           0.0630
    t-18                           0.0580
    t-17                           0.0554
    t-16                           0.0539

2021:
  Samples: 250
  Entropy: 2.9878 ± 0.0059
  Concentration: 0.0506
  Top 5 features:
    t-20                           0.0652
    t-19                           0.0592
    t-18                           0.0561
    t-17                           0.0543
    t-16                           0.0530

2022:
  Samples: 249
  Entropy: 2.9716 ± 0.0136
  Concentration: 0.0520
  Top 5 features:
    t-20                           0.0784
    t-19                           0.0675
    t-18                           0.0617
    t-17                           0.0582
    t-16                           0.0558

2023:
  Samples: 249
  Entropy: 2.9881 ± 0.0058
  Concentration: 0.0507
  Top 5 features:
    t-20                           0.0647
    t-19                           0.0597
    t-18                           0.0569
    t-17                           0.0551
    t-16                           0.0538

2024:
  Samples: 250
  Entropy: 2.9910 ± 0.0057
  Concentration: 0.0503
  Top 5 features:
    t-20                           0.0600
    t-19                           0.0563
    t-18                           0.0545
    t-17                           0.0533
    t-16                           0.0525

2025:
  Samples: 190
  Entropy: 2.9819 ± 0.0243
  Concentration: 0.0504
  Top 5 features:
    t-20                           0.0624
    t-19                           0.0579
    t-18                           0.0556
    t-17                           0.0541
    t-16                           0.0530

----------------------------------------------------------------------
Period Comparisons:
----------------------------------------------------------------------

2020_vs_2021:
  Cosine similarity: 0.9987
  L2 distance: 0.0115
  Entropy change: 0.0063
  Concentration change: -0.0007

2020_vs_2022:
  Cosine similarity: 0.9990
  L2 distance: 0.0101
  Entropy change: -0.0099
  Concentration change: 0.0007

2020_vs_2023:
  Cosine similarity: 0.9989
  L2 distance: 0.0108
  Entropy change: 0.0066
  Concentration change: -0.0006

2020_vs_2024:
  Cosine similarity: 0.9966
  L2 distance: 0.0187
  Entropy change: 0.0095
  Concentration change: -0.0010

2020_vs_2025:
  Cosine similarity: 0.9978
  L2 distance: 0.0152
  Entropy change: 0.0004
  Concentration change: -0.0008

2021_vs_2022:
  Cosine similarity: 0.9960
  L2 distance: 0.0204
  Entropy change: -0.0162
  Concentration change: 0.0014

2021_vs_2023:
  Cosine similarity: 0.9999
  L2 distance: 0.0023
  Entropy change: 0.0003
  Concentration change: 0.0001

2021_vs_2024:
  Cosine similarity: 0.9995
  L2 distance: 0.0073
  Entropy change: 0.0032
  Concentration change: -0.0003

2021_vs_2025:
  Cosine similarity: 0.9999
  L2 distance: 0.0039
  Entropy change: -0.0059
  Concentration change: -0.0002

2022_vs_2023:
  Cosine similarity: 0.9964
  L2 distance: 0.0195
  Entropy change: 0.0165
  Concentration change: -0.0013

2022_vs_2024:
  Cosine similarity: 0.9927
  L2 distance: 0.0275
  Entropy change: 0.0194
  Concentration change: -0.0017

2022_vs_2025:
  Cosine similarity: 0.9946
  L2 distance: 0.0238
  Entropy change: 0.0103
  Concentration change: -0.0015

2023_vs_2024:
  Cosine similarity: 0.9993
  L2 distance: 0.0085
  Entropy change: 0.0029
  Concentration change: -0.0004

2023_vs_2025:
  Cosine similarity: 0.9997
  L2 distance: 0.0053
  Entropy change: -0.0063
  Concentration change: -0.0002

2024_vs_2025:
  Cosine similarity: 0.9999
  L2 distance: 0.0039
  Entropy change: -0.0092
  Concentration change: 0.0001

======================================================================

Analysis complete!
Results saved to: experiments/00_baseline_exploration/sweep2_hidden_20/attention_analysis_year
  - attention_analysis_results.json
  - attention_heatmap.png
  - attention_trends.png
  - temporal_attention_comparison.png
