Logging to: experiments/00_baseline_exploration/sweep2_hidden_20/attention_analysis_year/attention_analysis_20251030_130856.log
Analysis started at: 2025-10-30 13:08:56
======================================================================
Experiment: 00_baseline_exploration/sweep2_hidden_20
Output directory: experiments/00_baseline_exploration/sweep2_hidden_20/attention_analysis_year
Using best checkpoint: experiments/00_baseline_exploration/sweep2_hidden_20/checkpoints/tft-epoch=61-val_loss=0.3993.ckpt

Loading data...
Loading test data from: data/splits/fixed/core_proposal_daily_fixed_test.csv
  Train samples: 6066
  Test samples: 1300

Preparing test dataset...
Test dataset size after filtering: 1280

Loading model...
Loading model from: experiments/00_baseline_exploration/sweep2_hidden_20/checkpoints/tft-epoch=61-val_loss=0.3993.ckpt
Model moved to device: cuda

Extracting attention patterns...
Extracting attention patterns...
Total batches to process: 10
  Processed 10/10 batches

Total predictions: 1280
Total actuals: 1280
Attention shape: (1280, 20)
Encoder variables shape: (1280, 5)

Prediction period: 2020-08-19T00:00:00.000000000 to 2025-10-06T00:00:00.000000000
Total predictions: 1280

Creating temporal periods:
  2020: 92 samples
  2021: 250 samples
  2022: 249 samples
  2023: 249 samples
  2024: 250 samples
  2025: 190 samples

Attention over 20 encoder timesteps

Analyzing attention patterns by period...

Comparing attention patterns across periods...

Creating visualizations...
Saved attention heatmap: experiments/00_baseline_exploration/sweep2_hidden_20/attention_analysis_year/attention_heatmap.png
Saved attention trends: experiments/00_baseline_exploration/sweep2_hidden_20/attention_analysis_year/attention_trends.png
Saved feature importance comparison: experiments/00_baseline_exploration/sweep2_hidden_20/attention_analysis_year/temporal_attention_comparison.png

Saving results...
Saved results: experiments/00_baseline_exploration/sweep2_hidden_20/attention_analysis_year/attention_analysis_results.json

======================================================================
ATTENTION ANALYSIS SUMMARY
======================================================================

Per-Period Statistics:
----------------------------------------------------------------------

2020:
  Samples: 92
  Entropy: 2.7302 ± 0.2259
  Concentration: 0.0723
  Top 5 features:
    t-1                            0.1266
    t-2                            0.1109
    t-3                            0.0974
    t-4                            0.0862
    t-5                            0.0762

2021:
  Samples: 250
  Entropy: 2.7983 ± 0.1923
  Concentration: 0.0645
  Top 5 features:
    t-1                            0.1079
    t-2                            0.0980
    t-3                            0.0887
    t-4                            0.0802
    t-5                            0.0725

2022:
  Samples: 249
  Entropy: 2.4980 ± 0.2354
  Concentration: 0.1045
  Top 5 features:
    t-1                            0.1967
    t-2                            0.1564
    t-3                            0.1231
    t-4                            0.0961
    t-5                            0.0748

2023:
  Samples: 249
  Entropy: 2.9471 ± 0.0642
  Concentration: 0.0514
  Top 5 features:
    t-1                            0.0648
    t-2                            0.0629
    t-3                            0.0609
    t-4                            0.0588
    t-5                            0.0568

2024:
  Samples: 250
  Entropy: 2.9459 ± 0.1218
  Concentration: 0.0504
  Top 5 features:
    t-15                           0.0532
    t-14                           0.0532
    t-13                           0.0527
    t-16                           0.0525
    t-12                           0.0522

2025:
  Samples: 190
  Entropy: 2.8900 ± 0.2100
  Concentration: 0.0508
  Top 5 features:
    t-1                            0.0628
    t-2                            0.0589
    t-3                            0.0565
    t-4                            0.0545
    t-5                            0.0527

----------------------------------------------------------------------
Period Comparisons:
----------------------------------------------------------------------

2020_vs_2021:
  Cosine similarity: 0.9952
  L2 distance: 0.0297
  Entropy change: 0.0682
  Concentration change: -0.0078

2020_vs_2022:
  Cosine similarity: 0.9621
  L2 distance: 0.0978
  Entropy change: -0.2322
  Concentration change: 0.0322

2020_vs_2023:
  Cosine similarity: 0.9062
  L2 distance: 0.1149
  Entropy change: 0.2169
  Concentration change: -0.0208

2020_vs_2024:
  Cosine similarity: 0.8474
  L2 distance: 0.1428
  Entropy change: 0.2157
  Concentration change: -0.0219

2020_vs_2025:
  Cosine similarity: 0.8836
  L2 distance: 0.1265
  Entropy change: 0.1598
  Concentration change: -0.0215

2021_vs_2022:
  Cosine similarity: 0.9341
  L2 distance: 0.1250
  Entropy change: -0.3004
  Concentration change: 0.0400

2021_vs_2023:
  Cosine similarity: 0.9423
  L2 distance: 0.0859
  Entropy change: 0.1487
  Concentration change: -0.0131

2021_vs_2024:
  Cosine similarity: 0.8939
  L2 distance: 0.1139
  Entropy change: 0.1476
  Concentration change: -0.0141

2021_vs_2025:
  Cosine similarity: 0.9236
  L2 distance: 0.0978
  Entropy change: 0.0916
  Concentration change: -0.0137

2022_vs_2023:
  Cosine similarity: 0.7830
  L2 distance: 0.2028
  Entropy change: 0.4491
  Concentration change: -0.0531

2022_vs_2024:
  Cosine similarity: 0.7047
  L2 distance: 0.2294
  Entropy change: 0.4479
  Concentration change: -0.0541

2022_vs_2025:
  Cosine similarity: 0.7563
  L2 distance: 0.2124
  Entropy change: 0.3920
  Concentration change: -0.0537

2023_vs_2024:
  Cosine similarity: 0.9924
  L2 distance: 0.0280
  Entropy change: -0.0012
  Concentration change: -0.0010

2023_vs_2025:
  Cosine similarity: 0.9983
  L2 distance: 0.0132
  Entropy change: -0.0571
  Concentration change: -0.0007

2024_vs_2025:
  Cosine similarity: 0.9970
  L2 distance: 0.0174
  Entropy change: -0.0559
  Concentration change: 0.0004

======================================================================

Analysis complete!
Results saved to: experiments/00_baseline_exploration/sweep2_hidden_20/attention_analysis_year
  - attention_analysis_results.json
  - attention_heatmap.png
  - attention_trends.png
  - temporal_attention_comparison.png
