Logging to: experiments/00_baseline_exploration/sweep_combo2/attention_analysis_year/attention_analysis_20251030_130925.log
Analysis started at: 2025-10-30 13:09:25
======================================================================
Experiment: 00_baseline_exploration/sweep_combo2
Output directory: experiments/00_baseline_exploration/sweep_combo2/attention_analysis_year
Using best checkpoint: experiments/00_baseline_exploration/sweep_combo2/checkpoints/tft-epoch=64-val_loss=0.3951.ckpt

Loading data...
Loading test data from: data/splits/fixed/core_proposal_daily_fixed_test.csv
  Train samples: 6066
  Test samples: 1300

Preparing test dataset...
Test dataset size after filtering: 1260

Loading model...
Loading model from: experiments/00_baseline_exploration/sweep_combo2/checkpoints/tft-epoch=64-val_loss=0.3951.ckpt
Model moved to device: cuda

Extracting attention patterns...
Extracting attention patterns...
Total batches to process: 10
  Processed 10/10 batches

Total predictions: 1260
Total actuals: 1260
Attention shape: (1260, 40)
Encoder variables shape: (1260, 5)

Prediction period: 2020-09-17T00:00:00.000000000 to 2025-10-06T00:00:00.000000000
Total predictions: 1260

Creating temporal periods:
  2020: 72 samples
  2021: 250 samples
  2022: 249 samples
  2023: 249 samples
  2024: 250 samples
  2025: 190 samples

Attention over 40 encoder timesteps

Analyzing attention patterns by period...

Comparing attention patterns across periods...

Creating visualizations...
Saved attention heatmap: experiments/00_baseline_exploration/sweep_combo2/attention_analysis_year/attention_heatmap.png
Saved attention trends: experiments/00_baseline_exploration/sweep_combo2/attention_analysis_year/attention_trends.png
Saved feature importance comparison: experiments/00_baseline_exploration/sweep_combo2/attention_analysis_year/temporal_attention_comparison.png

Saving results...
Saved results: experiments/00_baseline_exploration/sweep_combo2/attention_analysis_year/attention_analysis_results.json

======================================================================
ATTENTION ANALYSIS SUMMARY
======================================================================

Per-Period Statistics:
----------------------------------------------------------------------

2020:
  Samples: 72
  Entropy: 3.5540 ± 0.1035
  Concentration: 0.0251
  Top 5 features:
    t-33                           0.0265
    t-35                           0.0264
    t-34                           0.0264
    t-32                           0.0264
    t-36                           0.0263

2021:
  Samples: 250
  Entropy: 3.6193 ± 0.0648
  Concentration: 0.0250
  Top 5 features:
    t-40                           0.0281
    t-39                           0.0266
    t-38                           0.0259
    t-37                           0.0256
    t-36                           0.0254

2022:
  Samples: 249
  Entropy: 3.5856 ± 0.0651
  Concentration: 0.0253
  Top 5 features:
    t-33                           0.0281
    t-32                           0.0281
    t-34                           0.0281
    t-31                           0.0280
    t-35                           0.0279

2023:
  Samples: 249
  Entropy: 3.6040 ± 0.0681
  Concentration: 0.0251
  Top 5 features:
    t-40                           0.0274
    t-7                            0.0265
    t-6                            0.0265
    t-8                            0.0265
    t-5                            0.0265

2024:
  Samples: 250
  Entropy: 3.4999 ± 0.1290
  Concentration: 0.0251
  Top 5 features:
    t-40                           0.0308
    t-39                           0.0297
    t-38                           0.0285
    t-37                           0.0278
    t-36                           0.0272

2025:
  Samples: 190
  Entropy: 3.4679 ± 0.1847
  Concentration: 0.0252
  Top 5 features:
    t-40                           0.0295
    t-39                           0.0289
    t-38                           0.0288
    t-37                           0.0287
    t-36                           0.0283

----------------------------------------------------------------------
Period Comparisons:
----------------------------------------------------------------------

2020_vs_2021:
  Cosine similarity: 0.9982
  L2 distance: 0.0095
  Entropy change: 0.0652
  Concentration change: -0.0001

2020_vs_2022:
  Cosine similarity: 0.9981
  L2 distance: 0.0097
  Entropy change: 0.0316
  Concentration change: 0.0002

2020_vs_2023:
  Cosine similarity: 0.9953
  L2 distance: 0.0153
  Entropy change: 0.0500
  Concentration change: -0.0000

2020_vs_2024:
  Cosine similarity: 0.9979
  L2 distance: 0.0104
  Entropy change: -0.0541
  Concentration change: 0.0001

2020_vs_2025:
  Cosine similarity: 0.9978
  L2 distance: 0.0107
  Entropy change: -0.0861
  Concentration change: 0.0002

2021_vs_2022:
  Cosine similarity: 0.9950
  L2 distance: 0.0158
  Entropy change: -0.0336
  Concentration change: 0.0002

2021_vs_2023:
  Cosine similarity: 0.9989
  L2 distance: 0.0074
  Entropy change: -0.0153
  Concentration change: 0.0000

2021_vs_2024:
  Cosine similarity: 0.9985
  L2 distance: 0.0087
  Entropy change: -0.1194
  Concentration change: 0.0001

2021_vs_2025:
  Cosine similarity: 0.9960
  L2 distance: 0.0142
  Entropy change: -0.1513
  Concentration change: 0.0002

2022_vs_2023:
  Cosine similarity: 0.9899
  L2 distance: 0.0226
  Entropy change: 0.0184
  Concentration change: -0.0002

2022_vs_2024:
  Cosine similarity: 0.9976
  L2 distance: 0.0111
  Entropy change: -0.0857
  Concentration change: -0.0001

2022_vs_2025:
  Cosine similarity: 0.9994
  L2 distance: 0.0057
  Entropy change: -0.1177
  Concentration change: -0.0000

2023_vs_2024:
  Cosine similarity: 0.9950
  L2 distance: 0.0158
  Entropy change: -0.1041
  Concentration change: 0.0001

2023_vs_2025:
  Cosine similarity: 0.9909
  L2 distance: 0.0214
  Entropy change: -0.1361
  Concentration change: 0.0002

2024_vs_2025:
  Cosine similarity: 0.9990
  L2 distance: 0.0072
  Entropy change: -0.0320
  Concentration change: 0.0001

======================================================================

Analysis complete!
Results saved to: experiments/00_baseline_exploration/sweep_combo2/attention_analysis_year
  - attention_analysis_results.json
  - attention_heatmap.png
  - attention_trends.png
  - temporal_attention_comparison.png
