Logging to: experiments/00_baseline_exploration/sweep_combo2/attention_analysis_year/attention_analysis_20251027_191502.log
Analysis started at: 2025-10-27 19:15:02
======================================================================
Experiment: 00_baseline_exploration/sweep_combo2
Output directory: experiments/00_baseline_exploration/sweep_combo2/attention_analysis_year
Using best checkpoint: experiments/00_baseline_exploration/sweep_combo2/checkpoints/tft-epoch=01-val_loss=0.1386.ckpt

Loading data...
Loading test data from: data/splits/fixed/core_proposal_daily_fixed_test.csv
  Train samples: 6066
  Test samples: 1300

Preparing test dataset...
Test dataset size after filtering: 1260

Loading model...
Loading model from: experiments/00_baseline_exploration/sweep_combo2/checkpoints/tft-epoch=01-val_loss=0.1386.ckpt

Extracting attention patterns...
Extracting attention patterns...
Total batches to process: 10
  Processed 10/10 batches

Total predictions: 1260
Total actuals: 1260
Attention shape: (1260, 40)
Encoder variables shape: (1260, 5)

Prediction period: 2020-09-17T00:00:00.000000000 to 2025-10-06T00:00:00.000000000
Total predictions: 1260

Creating temporal periods:
  2020: 72 samples
  2021: 250 samples
  2022: 249 samples
  2023: 249 samples
  2024: 250 samples
  2025: 190 samples

Attention over 40 encoder timesteps

Analyzing attention patterns by period...

Comparing attention patterns across periods...

Creating visualizations...
Saved attention heatmap: experiments/00_baseline_exploration/sweep_combo2/attention_analysis_year/attention_heatmap.png
Saved attention trends: experiments/00_baseline_exploration/sweep_combo2/attention_analysis_year/attention_trends.png
Saved feature importance comparison: experiments/00_baseline_exploration/sweep_combo2/attention_analysis_year/temporal_attention_comparison.png

Saving results...
Saved results: experiments/00_baseline_exploration/sweep_combo2/attention_analysis_year/attention_analysis_results.json

======================================================================
ATTENTION ANALYSIS SUMMARY
======================================================================

Per-Period Statistics:
----------------------------------------------------------------------

2020:
  Samples: 72
  Entropy: 3.6389 ± 0.0163
  Concentration: 0.0274
  Top 5 features:
    t-1                            0.0465
    t-2                            0.0436
    t-3                            0.0409
    t-4                            0.0386
    t-5                            0.0366

2021:
  Samples: 250
  Entropy: 3.6418 ± 0.0156
  Concentration: 0.0272
  Top 5 features:
    t-1                            0.0429
    t-2                            0.0410
    t-3                            0.0392
    t-4                            0.0376
    t-5                            0.0361

2022:
  Samples: 249
  Entropy: 3.6412 ± 0.0126
  Concentration: 0.0272
  Top 5 features:
    t-1                            0.0401
    t-2                            0.0389
    t-3                            0.0378
    t-4                            0.0367
    t-5                            0.0357

2023:
  Samples: 249
  Entropy: 3.6685 ± 0.0131
  Concentration: 0.0258
  Top 5 features:
    t-1                            0.0350
    t-2                            0.0341
    t-3                            0.0332
    t-4                            0.0324
    t-5                            0.0316

2024:
  Samples: 250
  Entropy: 3.6776 ± 0.0081
  Concentration: 0.0254
  Top 5 features:
    t-1                            0.0307
    t-2                            0.0302
    t-3                            0.0298
    t-4                            0.0294
    t-5                            0.0290

2025:
  Samples: 190
  Entropy: 3.6631 ± 0.0237
  Concentration: 0.0256
  Top 5 features:
    t-1                            0.0327
    t-2                            0.0320
    t-3                            0.0313
    t-4                            0.0307
    t-5                            0.0301

----------------------------------------------------------------------
Period Comparisons:
----------------------------------------------------------------------

2020_vs_2021:
  Cosine similarity: 0.9993
  L2 distance: 0.0060
  Entropy change: 0.0029
  Concentration change: -0.0002

2020_vs_2022:
  Cosine similarity: 0.9972
  L2 distance: 0.0124
  Entropy change: 0.0023
  Concentration change: -0.0002

2020_vs_2023:
  Cosine similarity: 0.9914
  L2 distance: 0.0219
  Entropy change: 0.0296
  Concentration change: -0.0016

2020_vs_2024:
  Cosine similarity: 0.9808
  L2 distance: 0.0324
  Entropy change: 0.0387
  Concentration change: -0.0020

2020_vs_2025:
  Cosine similarity: 0.9866
  L2 distance: 0.0272
  Entropy change: 0.0243
  Concentration change: -0.0018

2021_vs_2022:
  Cosine similarity: 0.9992
  L2 distance: 0.0067
  Entropy change: -0.0006
  Concentration change: 0.0000

2021_vs_2023:
  Cosine similarity: 0.9940
  L2 distance: 0.0183
  Entropy change: 0.0267
  Concentration change: -0.0013

2021_vs_2024:
  Cosine similarity: 0.9845
  L2 distance: 0.0291
  Entropy change: 0.0358
  Concentration change: -0.0018

2021_vs_2025:
  Cosine similarity: 0.9901
  L2 distance: 0.0234
  Entropy change: 0.0214
  Concentration change: -0.0015

2022_vs_2023:
  Cosine similarity: 0.9941
  L2 distance: 0.0182
  Entropy change: 0.0273
  Concentration change: -0.0014

2022_vs_2024:
  Cosine similarity: 0.9850
  L2 distance: 0.0286
  Entropy change: 0.0364
  Concentration change: -0.0018

2022_vs_2025:
  Cosine similarity: 0.9908
  L2 distance: 0.0225
  Entropy change: 0.0220
  Concentration change: -0.0016

2023_vs_2024:
  Cosine similarity: 0.9977
  L2 distance: 0.0109
  Entropy change: 0.0091
  Concentration change: -0.0005

2023_vs_2025:
  Cosine similarity: 0.9994
  L2 distance: 0.0056
  Entropy change: -0.0053
  Concentration change: -0.0002

2024_vs_2025:
  Cosine similarity: 0.9992
  L2 distance: 0.0062
  Entropy change: -0.0144
  Concentration change: 0.0003

======================================================================

Analysis complete!
Results saved to: experiments/00_baseline_exploration/sweep_combo2/attention_analysis_year
  - attention_analysis_results.json
  - attention_heatmap.png
  - attention_trends.png
  - temporal_attention_comparison.png
