Logging to: experiments/01_staleness_features_fixed/sweep_stale_h14_drop0.25_lr5/attention_analysis_year/attention_analysis_20251030_131403.log
Analysis started at: 2025-10-30 13:14:03
======================================================================
Experiment: 01_staleness_features_fixed/sweep_stale_h14_drop0.25_lr5
Output directory: experiments/01_staleness_features_fixed/sweep_stale_h14_drop0.25_lr5/attention_analysis_year
Using best checkpoint: experiments/01_staleness_features_fixed/sweep_stale_h14_drop0.25_lr5/checkpoints/tft-epoch=75-val_loss=0.3978.ckpt

Loading data...
Loading test data from: data/splits/fixed/core_proposal_daily_fixed_test.csv
Detected staleness features in config, adding to data...
  Train samples: 6066
  Test samples: 1300

Preparing test dataset...
Test dataset size after filtering: 1280

Loading model...
Loading model from: experiments/01_staleness_features_fixed/sweep_stale_h14_drop0.25_lr5/checkpoints/tft-epoch=75-val_loss=0.3978.ckpt
Model moved to device: cuda

Extracting attention patterns...
Extracting attention patterns...
Total batches to process: 10
  Processed 10/10 batches

Total predictions: 1280
Total actuals: 1280
Attention shape: (1280, 20)
Encoder variables shape: (1280, 7)

Prediction period: 2020-08-19T00:00:00.000000000 to 2025-10-06T00:00:00.000000000
Total predictions: 1280

Creating temporal periods:
  2020: 92 samples
  2021: 250 samples
  2022: 249 samples
  2023: 249 samples
  2024: 250 samples
  2025: 190 samples

Attention over 20 encoder timesteps

Analyzing attention patterns by period...

Comparing attention patterns across periods...

Creating visualizations...
Saved attention heatmap: experiments/01_staleness_features_fixed/sweep_stale_h14_drop0.25_lr5/attention_analysis_year/attention_heatmap.png
Saved attention trends: experiments/01_staleness_features_fixed/sweep_stale_h14_drop0.25_lr5/attention_analysis_year/attention_trends.png
Saved feature importance comparison: experiments/01_staleness_features_fixed/sweep_stale_h14_drop0.25_lr5/attention_analysis_year/temporal_attention_comparison.png

Saving results...
Saved results: experiments/01_staleness_features_fixed/sweep_stale_h14_drop0.25_lr5/attention_analysis_year/attention_analysis_results.json

======================================================================
ATTENTION ANALYSIS SUMMARY
======================================================================

Per-Period Statistics:
----------------------------------------------------------------------

2020:
  Samples: 92
  Entropy: 2.8010 ± 0.1390
  Concentration: 0.0517
  Top 5 features:
    t-17                           0.0685
    t-16                           0.0682
    t-15                           0.0641
    t-18                           0.0611
    t-14                           0.0593

2021:
  Samples: 250
  Entropy: 2.8030 ± 0.2069
  Concentration: 0.0502
  Top 5 features:
    t-1                            0.0563
    t-2                            0.0543
    t-3                            0.0527
    t-16                           0.0526
    t-17                           0.0523

2022:
  Samples: 249
  Entropy: 2.8071 ± 0.1768
  Concentration: 0.0505
  Top 5 features:
    t-17                           0.0587
    t-1                            0.0584
    t-16                           0.0566
    t-2                            0.0550
    t-18                           0.0549

2023:
  Samples: 249
  Entropy: 2.9506 ± 0.0391
  Concentration: 0.0502
  Top 5 features:
    t-1                            0.0526
    t-2                            0.0521
    t-3                            0.0517
    t-4                            0.0514
    t-14                           0.0513

2024:
  Samples: 250
  Entropy: 2.8460 ± 0.3259
  Concentration: 0.0503
  Top 5 features:
    t-1                            0.0580
    t-2                            0.0562
    t-3                            0.0549
    t-4                            0.0540
    t-5                            0.0531

2025:
  Samples: 190
  Entropy: 2.8052 ± 0.3049
  Concentration: 0.0502
  Top 5 features:
    t-1                            0.0566
    t-16                           0.0525
    t-2                            0.0524
    t-15                           0.0523
    t-17                           0.0518

----------------------------------------------------------------------
Period Comparisons:
----------------------------------------------------------------------

2020_vs_2021:
  Cosine similarity: 0.9849
  L2 distance: 0.0394
  Entropy change: 0.0020
  Concentration change: -0.0014

2020_vs_2022:
  Cosine similarity: 0.9891
  L2 distance: 0.0334
  Entropy change: 0.0061
  Concentration change: -0.0011

2020_vs_2023:
  Cosine similarity: 0.9823
  L2 distance: 0.0426
  Entropy change: 0.1495
  Concentration change: -0.0015

2020_vs_2024:
  Cosine similarity: 0.9746
  L2 distance: 0.0510
  Entropy change: 0.0450
  Concentration change: -0.0014

2020_vs_2025:
  Cosine similarity: 0.9864
  L2 distance: 0.0373
  Entropy change: 0.0041
  Concentration change: -0.0015

2021_vs_2022:
  Cosine similarity: 0.9986
  L2 distance: 0.0118
  Entropy change: 0.0041
  Concentration change: 0.0003

2021_vs_2023:
  Cosine similarity: 0.9992
  L2 distance: 0.0088
  Entropy change: 0.1475
  Concentration change: -0.0001

2021_vs_2024:
  Cosine similarity: 0.9985
  L2 distance: 0.0125
  Entropy change: 0.0430
  Concentration change: 0.0000

2021_vs_2025:
  Cosine similarity: 0.9995
  L2 distance: 0.0069
  Entropy change: 0.0021
  Concentration change: -0.0001

2022_vs_2023:
  Cosine similarity: 0.9960
  L2 distance: 0.0201
  Entropy change: 0.1434
  Concentration change: -0.0004

2022_vs_2024:
  Cosine similarity: 0.9949
  L2 distance: 0.0228
  Entropy change: 0.0389
  Concentration change: -0.0002

2022_vs_2025:
  Cosine similarity: 0.9978
  L2 distance: 0.0148
  Entropy change: -0.0020
  Concentration change: -0.0004

2023_vs_2024:
  Cosine similarity: 0.9987
  L2 distance: 0.0113
  Entropy change: -0.1045
  Concentration change: 0.0001

2023_vs_2025:
  Cosine similarity: 0.9992
  L2 distance: 0.0089
  Entropy change: -0.1454
  Concentration change: -0.0000

2024_vs_2025:
  Cosine similarity: 0.9978
  L2 distance: 0.0150
  Entropy change: -0.0409
  Concentration change: -0.0001

======================================================================

Analysis complete!
Results saved to: experiments/01_staleness_features_fixed/sweep_stale_h14_drop0.25_lr5/attention_analysis_year
  - attention_analysis_results.json
  - attention_heatmap.png
  - attention_trends.png
  - temporal_attention_comparison.png
