Logging to: experiments/00_baseline_exploration/sweep_lr_0.002/attention_analysis_year/attention_analysis_20251030_131142.log
Analysis started at: 2025-10-30 13:11:42
======================================================================
Experiment: 00_baseline_exploration/sweep_lr_0.002
Output directory: experiments/00_baseline_exploration/sweep_lr_0.002/attention_analysis_year
Using best checkpoint: experiments/00_baseline_exploration/sweep_lr_0.002/checkpoints/tft-epoch=18-val_loss=0.3960.ckpt

Loading data...
Loading test data from: data/splits/fixed/core_proposal_daily_fixed_test.csv
  Train samples: 6066
  Test samples: 1300

Preparing test dataset...
Test dataset size after filtering: 1280

Loading model...
Loading model from: experiments/00_baseline_exploration/sweep_lr_0.002/checkpoints/tft-epoch=18-val_loss=0.3960.ckpt
Model moved to device: cuda

Extracting attention patterns...
Extracting attention patterns...
Total batches to process: 10
  Processed 10/10 batches

Total predictions: 1280
Total actuals: 1280
Attention shape: (1280, 20)
Encoder variables shape: (1280, 5)

Prediction period: 2020-08-19T00:00:00.000000000 to 2025-10-06T00:00:00.000000000
Total predictions: 1280

Creating temporal periods:
  2020: 92 samples
  2021: 250 samples
  2022: 249 samples
  2023: 249 samples
  2024: 250 samples
  2025: 190 samples

Attention over 20 encoder timesteps

Analyzing attention patterns by period...

Comparing attention patterns across periods...

Creating visualizations...
Saved attention heatmap: experiments/00_baseline_exploration/sweep_lr_0.002/attention_analysis_year/attention_heatmap.png
Saved attention trends: experiments/00_baseline_exploration/sweep_lr_0.002/attention_analysis_year/attention_trends.png
Saved feature importance comparison: experiments/00_baseline_exploration/sweep_lr_0.002/attention_analysis_year/temporal_attention_comparison.png

Saving results...
Saved results: experiments/00_baseline_exploration/sweep_lr_0.002/attention_analysis_year/attention_analysis_results.json

======================================================================
ATTENTION ANALYSIS SUMMARY
======================================================================

Per-Period Statistics:
----------------------------------------------------------------------

2020:
  Samples: 92
  Entropy: 2.2267 ± 0.4839
  Concentration: 0.0611
  Top 5 features:
    t-20                           0.1428
    t-1                            0.0709
    t-19                           0.0703
    t-2                            0.0581
    t-3                            0.0503

2021:
  Samples: 250
  Entropy: 2.2487 ± 0.6405
  Concentration: 0.0537
  Top 5 features:
    t-20                           0.1064
    t-19                           0.0580
    t-1                            0.0563
    t-2                            0.0520
    t-3                            0.0493

2022:
  Samples: 249
  Entropy: 2.2505 ± 0.4031
  Concentration: 0.0626
  Top 5 features:
    t-20                           0.1496
    t-1                            0.0727
    t-19                           0.0676
    t-2                            0.0586
    t-3                            0.0508

2023:
  Samples: 249
  Entropy: 2.8176 ± 0.2364
  Concentration: 0.0546
  Top 5 features:
    t-20                           0.1152
    t-19                           0.0553
    t-1                            0.0492
    t-2                            0.0478
    t-18                           0.0471

2024:
  Samples: 250
  Entropy: 2.6141 ± 0.7114
  Concentration: 0.0569
  Top 5 features:
    t-20                           0.1283
    t-1                            0.0531
    t-19                           0.0530
    t-2                            0.0511
    t-3                            0.0508

2025:
  Samples: 190
  Entropy: 2.4558 ± 0.6108
  Concentration: 0.0578
  Top 5 features:
    t-20                           0.1325
    t-19                           0.0613
    t-1                            0.0600
    t-2                            0.0494
    t-18                           0.0483

----------------------------------------------------------------------
Period Comparisons:
----------------------------------------------------------------------

2020_vs_2021:
  Cosine similarity: 0.9833
  L2 distance: 0.0464
  Entropy change: 0.0220
  Concentration change: -0.0074

2020_vs_2022:
  Cosine similarity: 0.9994
  L2 distance: 0.0092
  Entropy change: 0.0238
  Concentration change: 0.0015

2020_vs_2023:
  Cosine similarity: 0.9831
  L2 distance: 0.0461
  Entropy change: 0.5909
  Concentration change: -0.0065

2020_vs_2024:
  Cosine similarity: 0.9887
  L2 distance: 0.0375
  Entropy change: 0.3873
  Concentration change: -0.0042

2020_vs_2025:
  Cosine similarity: 0.9948
  L2 distance: 0.0258
  Entropy change: 0.2290
  Concentration change: -0.0033

2021_vs_2022:
  Cosine similarity: 0.9787
  L2 distance: 0.0530
  Entropy change: 0.0018
  Concentration change: 0.0089

2021_vs_2023:
  Cosine similarity: 0.9984
  L2 distance: 0.0133
  Entropy change: 0.5689
  Concentration change: 0.0009

2021_vs_2024:
  Cosine similarity: 0.9933
  L2 distance: 0.0281
  Entropy change: 0.3653
  Concentration change: 0.0032

2021_vs_2025:
  Cosine similarity: 0.9933
  L2 distance: 0.0287
  Entropy change: 0.2070
  Concentration change: 0.0041

2022_vs_2023:
  Cosine similarity: 0.9791
  L2 distance: 0.0520
  Entropy change: 0.5671
  Concentration change: -0.0080

2022_vs_2024:
  Cosine similarity: 0.9859
  L2 distance: 0.0427
  Entropy change: 0.3636
  Concentration change: -0.0057

2022_vs_2025:
  Cosine similarity: 0.9927
  L2 distance: 0.0312
  Entropy change: 0.2052
  Concentration change: -0.0048

2023_vs_2024:
  Cosine similarity: 0.9960
  L2 distance: 0.0216
  Entropy change: -0.2036
  Concentration change: 0.0023

2023_vs_2025:
  Cosine similarity: 0.9953
  L2 distance: 0.0239
  Entropy change: -0.3619
  Concentration change: 0.0032

2024_vs_2025:
  Cosine similarity: 0.9956
  L2 distance: 0.0226
  Entropy change: -0.1583
  Concentration change: 0.0009

======================================================================

Analysis complete!
Results saved to: experiments/00_baseline_exploration/sweep_lr_0.002/attention_analysis_year
  - attention_analysis_results.json
  - attention_heatmap.png
  - attention_trends.png
  - temporal_attention_comparison.png
