Logging to: experiments/00_baseline_exploration/sweep_lr_0.002/attention_analysis_year/attention_analysis_20251027_191551.log
Analysis started at: 2025-10-27 19:15:51
======================================================================
Experiment: 00_baseline_exploration/sweep_lr_0.002
Output directory: experiments/00_baseline_exploration/sweep_lr_0.002/attention_analysis_year
Using best checkpoint: experiments/00_baseline_exploration/sweep_lr_0.002/checkpoints/tft-epoch=00-val_loss=0.1701.ckpt

Loading data...
Loading test data from: data/splits/fixed/core_proposal_daily_fixed_test.csv
  Train samples: 6066
  Test samples: 1300

Preparing test dataset...
Test dataset size after filtering: 1280

Loading model...
Loading model from: experiments/00_baseline_exploration/sweep_lr_0.002/checkpoints/tft-epoch=00-val_loss=0.1701.ckpt

Extracting attention patterns...
Extracting attention patterns...
Total batches to process: 10
  Processed 10/10 batches

Total predictions: 1280
Total actuals: 1280
Attention shape: (1280, 20)
Encoder variables shape: (1280, 5)

Prediction period: 2020-08-19T00:00:00.000000000 to 2025-10-06T00:00:00.000000000
Total predictions: 1280

Creating temporal periods:
  2020: 92 samples
  2021: 250 samples
  2022: 249 samples
  2023: 249 samples
  2024: 250 samples
  2025: 190 samples

Attention over 20 encoder timesteps

Analyzing attention patterns by period...

Comparing attention patterns across periods...

Creating visualizations...
Saved attention heatmap: experiments/00_baseline_exploration/sweep_lr_0.002/attention_analysis_year/attention_heatmap.png
Saved attention trends: experiments/00_baseline_exploration/sweep_lr_0.002/attention_analysis_year/attention_trends.png
Saved feature importance comparison: experiments/00_baseline_exploration/sweep_lr_0.002/attention_analysis_year/temporal_attention_comparison.png

Saving results...
Saved results: experiments/00_baseline_exploration/sweep_lr_0.002/attention_analysis_year/attention_analysis_results.json

======================================================================
ATTENTION ANALYSIS SUMMARY
======================================================================

Per-Period Statistics:
----------------------------------------------------------------------

2020:
  Samples: 92
  Entropy: 2.9950 ± 0.0006
  Concentration: 0.0500
  Top 5 features:
    t-20                           0.0522
    t-19                           0.0520
    t-18                           0.0515
    t-17                           0.0510
    t-16                           0.0507

2021:
  Samples: 250
  Entropy: 2.9874 ± 0.0074
  Concentration: 0.0502
  Top 5 features:
    t-20                           0.0554
    t-19                           0.0541
    t-18                           0.0534
    t-17                           0.0529
    t-16                           0.0524

2022:
  Samples: 249
  Entropy: 2.9551 ± 0.0405
  Concentration: 0.0510
  Top 5 features:
    t-20                           0.0645
    t-19                           0.0610
    t-18                           0.0592
    t-17                           0.0576
    t-16                           0.0562

2023:
  Samples: 249
  Entropy: 2.9793 ± 0.0163
  Concentration: 0.0502
  Top 5 features:
    t-20                           0.0557
    t-19                           0.0533
    t-18                           0.0527
    t-17                           0.0523
    t-16                           0.0521

2024:
  Samples: 250
  Entropy: 2.9752 ± 0.0202
  Concentration: 0.0501
  Top 5 features:
    t-20                           0.0521
    t-11                           0.0514
    t-12                           0.0514
    t-10                           0.0513
    t-13                           0.0513

2025:
  Samples: 190
  Entropy: 2.9620 ± 0.0413
  Concentration: 0.0504
  Top 5 features:
    t-20                           0.0556
    t-19                           0.0540
    t-18                           0.0538
    t-17                           0.0536
    t-16                           0.0536

----------------------------------------------------------------------
Period Comparisons:
----------------------------------------------------------------------

2020_vs_2021:
  Cosine similarity: 0.9990
  L2 distance: 0.0100
  Entropy change: -0.0076
  Concentration change: 0.0002

2020_vs_2022:
  Cosine similarity: 0.9923
  L2 distance: 0.0279
  Entropy change: -0.0399
  Concentration change: 0.0010

2020_vs_2023:
  Cosine similarity: 0.9989
  L2 distance: 0.0103
  Entropy change: -0.0157
  Concentration change: 0.0002

2020_vs_2024:
  Cosine similarity: 0.9995
  L2 distance: 0.0072
  Entropy change: -0.0198
  Concentration change: 0.0001

2020_vs_2025:
  Cosine similarity: 0.9972
  L2 distance: 0.0169
  Entropy change: -0.0330
  Concentration change: 0.0004

2021_vs_2022:
  Cosine similarity: 0.9965
  L2 distance: 0.0190
  Entropy change: -0.0323
  Concentration change: 0.0008

2021_vs_2023:
  Cosine similarity: 1.0000
  L2 distance: 0.0017
  Entropy change: -0.0081
  Concentration change: -0.0000

2021_vs_2024:
  Cosine similarity: 0.9994
  L2 distance: 0.0079
  Entropy change: -0.0122
  Concentration change: -0.0001

2021_vs_2025:
  Cosine similarity: 0.9994
  L2 distance: 0.0075
  Entropy change: -0.0254
  Concentration change: 0.0002

2022_vs_2023:
  Cosine similarity: 0.9962
  L2 distance: 0.0197
  Entropy change: 0.0242
  Concentration change: -0.0008

2022_vs_2024:
  Cosine similarity: 0.9930
  L2 distance: 0.0267
  Entropy change: 0.0201
  Concentration change: -0.0010

2022_vs_2025:
  Cosine similarity: 0.9975
  L2 distance: 0.0160
  Entropy change: 0.0069
  Concentration change: -0.0006

2023_vs_2024:
  Cosine similarity: 0.9995
  L2 distance: 0.0071
  Entropy change: -0.0041
  Concentration change: -0.0001

2023_vs_2025:
  Cosine similarity: 0.9995
  L2 distance: 0.0071
  Entropy change: -0.0173
  Concentration change: 0.0002

2024_vs_2025:
  Cosine similarity: 0.9984
  L2 distance: 0.0127
  Entropy change: -0.0132
  Concentration change: 0.0003

======================================================================

Analysis complete!
Results saved to: experiments/00_baseline_exploration/sweep_lr_0.002/attention_analysis_year
  - attention_analysis_results.json
  - attention_heatmap.png
  - attention_trends.png
  - temporal_attention_comparison.png
