Logging to: experiments/01_staleness_features_fixed/sweep_stale_h16_drop0.30_lr5/attention_analysis_year/attention_analysis_20251030_131533.log
Analysis started at: 2025-10-30 13:15:33
======================================================================
Experiment: 01_staleness_features_fixed/sweep_stale_h16_drop0.30_lr5
Output directory: experiments/01_staleness_features_fixed/sweep_stale_h16_drop0.30_lr5/attention_analysis_year
Using best checkpoint: experiments/01_staleness_features_fixed/sweep_stale_h16_drop0.30_lr5/checkpoints/tft-epoch=82-val_loss=0.3970.ckpt

Loading data...
Loading test data from: data/splits/fixed/core_proposal_daily_fixed_test.csv
Detected staleness features in config, adding to data...
  Train samples: 6066
  Test samples: 1300

Preparing test dataset...
Test dataset size after filtering: 1280

Loading model...
Loading model from: experiments/01_staleness_features_fixed/sweep_stale_h16_drop0.30_lr5/checkpoints/tft-epoch=82-val_loss=0.3970.ckpt
Model moved to device: cuda

Extracting attention patterns...
Extracting attention patterns...
Total batches to process: 10
  Processed 10/10 batches

Total predictions: 1280
Total actuals: 1280
Attention shape: (1280, 20)
Encoder variables shape: (1280, 7)

Prediction period: 2020-08-19T00:00:00.000000000 to 2025-10-06T00:00:00.000000000
Total predictions: 1280

Creating temporal periods:
  2020: 92 samples
  2021: 250 samples
  2022: 249 samples
  2023: 249 samples
  2024: 250 samples
  2025: 190 samples

Attention over 20 encoder timesteps

Analyzing attention patterns by period...

Comparing attention patterns across periods...

Creating visualizations...
Saved attention heatmap: experiments/01_staleness_features_fixed/sweep_stale_h16_drop0.30_lr5/attention_analysis_year/attention_heatmap.png
Saved attention trends: experiments/01_staleness_features_fixed/sweep_stale_h16_drop0.30_lr5/attention_analysis_year/attention_trends.png
Saved feature importance comparison: experiments/01_staleness_features_fixed/sweep_stale_h16_drop0.30_lr5/attention_analysis_year/temporal_attention_comparison.png

Saving results...
Saved results: experiments/01_staleness_features_fixed/sweep_stale_h16_drop0.30_lr5/attention_analysis_year/attention_analysis_results.json

======================================================================
ATTENTION ANALYSIS SUMMARY
======================================================================

Per-Period Statistics:
----------------------------------------------------------------------

2020:
  Samples: 92
  Entropy: 2.6738 ± 0.2638
  Concentration: 0.0570
  Top 5 features:
    t-1                            0.0945
    t-2                            0.0839
    t-3                            0.0754
    t-4                            0.0690
    t-5                            0.0639

2021:
  Samples: 250
  Entropy: 2.6693 ± 0.3329
  Concentration: 0.0517
  Top 5 features:
    t-1                            0.0706
    t-2                            0.0650
    t-3                            0.0608
    t-4                            0.0580
    t-5                            0.0563

2022:
  Samples: 249
  Entropy: 2.7535 ± 0.2371
  Concentration: 0.0536
  Top 5 features:
    t-1                            0.0761
    t-2                            0.0702
    t-3                            0.0660
    t-4                            0.0632
    t-5                            0.0610

2023:
  Samples: 249
  Entropy: 2.9114 ± 0.0969
  Concentration: 0.0505
  Top 5 features:
    t-1                            0.0570
    t-2                            0.0562
    t-3                            0.0556
    t-4                            0.0552
    t-5                            0.0548

2024:
  Samples: 250
  Entropy: 2.8136 ± 0.3967
  Concentration: 0.0508
  Top 5 features:
    t-1                            0.0613
    t-2                            0.0593
    t-3                            0.0581
    t-4                            0.0571
    t-5                            0.0560

2025:
  Samples: 190
  Entropy: 2.7774 ± 0.3711
  Concentration: 0.0504
  Top 5 features:
    t-1                            0.0639
    t-2                            0.0568
    t-3                            0.0539
    t-4                            0.0523
    t-5                            0.0511

----------------------------------------------------------------------
Period Comparisons:
----------------------------------------------------------------------

2020_vs_2021:
  Cosine similarity: 0.9834
  L2 distance: 0.0439
  Entropy change: -0.0044
  Concentration change: -0.0053

2020_vs_2022:
  Cosine similarity: 0.9927
  L2 distance: 0.0293
  Entropy change: 0.0797
  Concentration change: -0.0034

2020_vs_2023:
  Cosine similarity: 0.9640
  L2 distance: 0.0637
  Entropy change: 0.2376
  Concentration change: -0.0064

2020_vs_2024:
  Cosine similarity: 0.9717
  L2 distance: 0.0567
  Entropy change: 0.1398
  Concentration change: -0.0062

2020_vs_2025:
  Cosine similarity: 0.9625
  L2 distance: 0.0649
  Entropy change: 0.1037
  Concentration change: -0.0065

2021_vs_2022:
  Cosine similarity: 0.9964
  L2 distance: 0.0199
  Entropy change: 0.0841
  Concentration change: 0.0019

2021_vs_2023:
  Cosine similarity: 0.9960
  L2 distance: 0.0203
  Entropy change: 0.2420
  Concentration change: -0.0011

2021_vs_2024:
  Cosine similarity: 0.9981
  L2 distance: 0.0143
  Entropy change: 0.1443
  Concentration change: -0.0009

2021_vs_2025:
  Cosine similarity: 0.9951
  L2 distance: 0.0224
  Entropy change: 0.1081
  Concentration change: -0.0012

2022_vs_2023:
  Cosine similarity: 0.9867
  L2 distance: 0.0378
  Entropy change: 0.1579
  Concentration change: -0.0031

2022_vs_2024:
  Cosine similarity: 0.9903
  L2 distance: 0.0323
  Entropy change: 0.0601
  Concentration change: -0.0028

2022_vs_2025:
  Cosine similarity: 0.9835
  L2 distance: 0.0420
  Entropy change: 0.0240
  Concentration change: -0.0032

2023_vs_2024:
  Cosine similarity: 0.9993
  L2 distance: 0.0082
  Entropy change: -0.0978
  Concentration change: 0.0003

2023_vs_2025:
  Cosine similarity: 0.9985
  L2 distance: 0.0123
  Entropy change: -0.1339
  Concentration change: -0.0001

2024_vs_2025:
  Cosine similarity: 0.9982
  L2 distance: 0.0137
  Entropy change: -0.0362
  Concentration change: -0.0004

======================================================================

Analysis complete!
Results saved to: experiments/01_staleness_features_fixed/sweep_stale_h16_drop0.30_lr5/attention_analysis_year
  - attention_analysis_results.json
  - attention_heatmap.png
  - attention_trends.png
  - temporal_attention_comparison.png
