Logging to: experiments/00_baseline_exploration/exp005_attn4/attention_analysis_year/attention_analysis_20251027_191336.log
Analysis started at: 2025-10-27 19:13:36
======================================================================
Experiment: 00_baseline_exploration/exp005_attn4
Output directory: experiments/00_baseline_exploration/exp005_attn4/attention_analysis_year
Using best checkpoint: experiments/00_baseline_exploration/exp005_attn4/checkpoints/tft-epoch=01-val_loss=0.1768.ckpt

Loading data...
Loading test data from: data/splits/fixed/core_proposal_daily_fixed_test.csv
  Train samples: 6066
  Test samples: 1300

Preparing test dataset...
Test dataset size after filtering: 1280

Loading model...
Loading model from: experiments/00_baseline_exploration/exp005_attn4/checkpoints/tft-epoch=01-val_loss=0.1768.ckpt

Extracting attention patterns...
Extracting attention patterns...
Total batches to process: 10
  Processed 10/10 batches

Total predictions: 1280
Total actuals: 1280
Attention shape: (1280, 20)
Encoder variables shape: (1280, 5)

Prediction period: 2020-08-19T00:00:00.000000000 to 2025-10-06T00:00:00.000000000
Total predictions: 1280

Creating temporal periods:
  2020: 92 samples
  2021: 250 samples
  2022: 249 samples
  2023: 249 samples
  2024: 250 samples
  2025: 190 samples

Attention over 20 encoder timesteps

Analyzing attention patterns by period...

Comparing attention patterns across periods...

Creating visualizations...
Saved attention heatmap: experiments/00_baseline_exploration/exp005_attn4/attention_analysis_year/attention_heatmap.png
Saved attention trends: experiments/00_baseline_exploration/exp005_attn4/attention_analysis_year/attention_trends.png
Saved feature importance comparison: experiments/00_baseline_exploration/exp005_attn4/attention_analysis_year/temporal_attention_comparison.png

Saving results...
Saved results: experiments/00_baseline_exploration/exp005_attn4/attention_analysis_year/attention_analysis_results.json

======================================================================
ATTENTION ANALYSIS SUMMARY
======================================================================

Per-Period Statistics:
----------------------------------------------------------------------

2020:
  Samples: 92
  Entropy: 2.9807 ± 0.0042
  Concentration: 0.0514
  Top 5 features:
    t-19                           0.0625
    t-20                           0.0617
    t-18                           0.0615
    t-17                           0.0602
    t-16                           0.0588

2021:
  Samples: 250
  Entropy: 2.9779 ± 0.0103
  Concentration: 0.0512
  Top 5 features:
    t-19                           0.0630
    t-20                           0.0620
    t-18                           0.0617
    t-17                           0.0599
    t-16                           0.0580

2022:
  Samples: 249
  Entropy: 2.9524 ± 0.0371
  Concentration: 0.0506
  Top 5 features:
    t-20                           0.0623
    t-19                           0.0595
    t-18                           0.0572
    t-1                            0.0558
    t-17                           0.0548

2023:
  Samples: 249
  Entropy: 2.9793 ± 0.0188
  Concentration: 0.0502
  Top 5 features:
    t-20                           0.0559
    t-19                           0.0553
    t-18                           0.0544
    t-17                           0.0537
    t-16                           0.0530

2024:
  Samples: 250
  Entropy: 2.9824 ± 0.0169
  Concentration: 0.0505
  Top 5 features:
    t-20                           0.0579
    t-19                           0.0573
    t-18                           0.0564
    t-17                           0.0556
    t-16                           0.0548

2025:
  Samples: 190
  Entropy: 2.9483 ± 0.0535
  Concentration: 0.0519
  Top 5 features:
    t-20                           0.0716
    t-19                           0.0680
    t-18                           0.0638
    t-17                           0.0605
    t-16                           0.0578

----------------------------------------------------------------------
Period Comparisons:
----------------------------------------------------------------------

2020_vs_2021:
  Cosine similarity: 0.9997
  L2 distance: 0.0057
  Entropy change: -0.0028
  Concentration change: -0.0002

2020_vs_2022:
  Cosine similarity: 0.9908
  L2 distance: 0.0306
  Entropy change: -0.0283
  Concentration change: -0.0008

2020_vs_2023:
  Cosine similarity: 0.9942
  L2 distance: 0.0244
  Entropy change: -0.0014
  Concentration change: -0.0012

2020_vs_2024:
  Cosine similarity: 0.9976
  L2 distance: 0.0159
  Entropy change: 0.0017
  Concentration change: -0.0009

2020_vs_2025:
  Cosine similarity: 0.9967
  L2 distance: 0.0186
  Entropy change: -0.0324
  Concentration change: 0.0005

2021_vs_2022:
  Cosine similarity: 0.9936
  L2 distance: 0.0256
  Entropy change: -0.0255
  Concentration change: -0.0006

2021_vs_2023:
  Cosine similarity: 0.9957
  L2 distance: 0.0210
  Entropy change: 0.0014
  Concentration change: -0.0010

2021_vs_2024:
  Cosine similarity: 0.9983
  L2 distance: 0.0133
  Entropy change: 0.0045
  Concentration change: -0.0007

2021_vs_2025:
  Cosine similarity: 0.9976
  L2 distance: 0.0158
  Entropy change: -0.0296
  Concentration change: 0.0007

2022_vs_2023:
  Cosine similarity: 0.9977
  L2 distance: 0.0151
  Entropy change: 0.0269
  Concentration change: -0.0004

2022_vs_2024:
  Cosine similarity: 0.9963
  L2 distance: 0.0194
  Entropy change: 0.0300
  Concentration change: -0.0001

2022_vs_2025:
  Cosine similarity: 0.9934
  L2 distance: 0.0261
  Entropy change: -0.0041
  Concentration change: 0.0013

2023_vs_2024:
  Cosine similarity: 0.9993
  L2 distance: 0.0087
  Entropy change: 0.0031
  Concentration change: 0.0003

2023_vs_2025:
  Cosine similarity: 0.9915
  L2 distance: 0.0297
  Entropy change: -0.0310
  Concentration change: 0.0017

2024_vs_2025:
  Cosine similarity: 0.9943
  L2 distance: 0.0244
  Entropy change: -0.0341
  Concentration change: 0.0014

======================================================================

Analysis complete!
Results saved to: experiments/00_baseline_exploration/exp005_attn4/attention_analysis_year
  - attention_analysis_results.json
  - attention_heatmap.png
  - attention_trends.png
  - temporal_attention_comparison.png
