Logging to: experiments/00_baseline_exploration/exp005_attn4/attention_analysis_year/attention_analysis_20251030_130526.log
Analysis started at: 2025-10-30 13:05:26
======================================================================
Experiment: 00_baseline_exploration/exp005_attn4
Output directory: experiments/00_baseline_exploration/exp005_attn4/attention_analysis_year
Using best checkpoint: experiments/00_baseline_exploration/exp005_attn4/checkpoints/tft-epoch=29-val_loss=0.3964.ckpt

Loading data...
Loading test data from: data/splits/fixed/core_proposal_daily_fixed_test.csv
  Train samples: 6066
  Test samples: 1300

Preparing test dataset...
Test dataset size after filtering: 1280

Loading model...
Loading model from: experiments/00_baseline_exploration/exp005_attn4/checkpoints/tft-epoch=29-val_loss=0.3964.ckpt
Model moved to device: cuda

Extracting attention patterns...
Extracting attention patterns...
Total batches to process: 10
  Processed 10/10 batches

Total predictions: 1280
Total actuals: 1280
Attention shape: (1280, 20)
Encoder variables shape: (1280, 5)

Prediction period: 2020-08-19T00:00:00.000000000 to 2025-10-06T00:00:00.000000000
Total predictions: 1280

Creating temporal periods:
  2020: 92 samples
  2021: 250 samples
  2022: 249 samples
  2023: 249 samples
  2024: 250 samples
  2025: 190 samples

Attention over 20 encoder timesteps

Analyzing attention patterns by period...

Comparing attention patterns across periods...

Creating visualizations...
Saved attention heatmap: experiments/00_baseline_exploration/exp005_attn4/attention_analysis_year/attention_heatmap.png
Saved attention trends: experiments/00_baseline_exploration/exp005_attn4/attention_analysis_year/attention_trends.png
Saved feature importance comparison: experiments/00_baseline_exploration/exp005_attn4/attention_analysis_year/temporal_attention_comparison.png

Saving results...
Saved results: experiments/00_baseline_exploration/exp005_attn4/attention_analysis_year/attention_analysis_results.json

======================================================================
ATTENTION ANALYSIS SUMMARY
======================================================================

Per-Period Statistics:
----------------------------------------------------------------------

2020:
  Samples: 92
  Entropy: 2.5080 ± 0.3277
  Concentration: 0.0521
  Top 5 features:
    t-19                           0.0693
    t-20                           0.0692
    t-1                            0.0677
    t-18                           0.0646
    t-17                           0.0579

2021:
  Samples: 250
  Entropy: 2.2342 ± 0.5301
  Concentration: 0.0516
  Top 5 features:
    t-20                           0.0813
    t-19                           0.0639
    t-1                            0.0583
    t-18                           0.0561
    t-2                            0.0519

2022:
  Samples: 249
  Entropy: 2.4119 ± 0.3372
  Concentration: 0.0552
  Top 5 features:
    t-20                           0.0925
    t-19                           0.0812
    t-1                            0.0726
    t-18                           0.0690
    t-2                            0.0586

2023:
  Samples: 249
  Entropy: 2.8079 ± 0.2035
  Concentration: 0.0505
  Top 5 features:
    t-20                           0.0713
    t-19                           0.0562
    t-1                            0.0514
    t-18                           0.0500
    t-2                            0.0496

2024:
  Samples: 250
  Entropy: 2.6369 ± 0.6536
  Concentration: 0.0503
  Top 5 features:
    t-20                           0.0646
    t-19                           0.0539
    t-1                            0.0521
    t-7                            0.0501
    t-6                            0.0499

2025:
  Samples: 190
  Entropy: 2.5066 ± 0.5937
  Concentration: 0.0517
  Top 5 features:
    t-20                           0.0767
    t-19                           0.0665
    t-18                           0.0612
    t-1                            0.0575
    t-17                           0.0561

----------------------------------------------------------------------
Period Comparisons:
----------------------------------------------------------------------

2020_vs_2021:
  Cosine similarity: 0.9949
  L2 distance: 0.0230
  Entropy change: -0.2738
  Concentration change: -0.0005

2020_vs_2022:
  Cosine similarity: 0.9918
  L2 distance: 0.0304
  Entropy change: -0.0960
  Concentration change: 0.0031

2020_vs_2023:
  Cosine similarity: 0.9874
  L2 distance: 0.0361
  Entropy change: 0.2999
  Concentration change: -0.0016

2020_vs_2024:
  Cosine similarity: 0.9867
  L2 distance: 0.0371
  Entropy change: 0.1289
  Concentration change: -0.0019

2020_vs_2025:
  Cosine similarity: 0.9940
  L2 distance: 0.0249
  Entropy change: -0.0014
  Concentration change: -0.0004

2021_vs_2022:
  Cosine similarity: 0.9881
  L2 distance: 0.0365
  Entropy change: 0.1778
  Concentration change: 0.0036

2021_vs_2023:
  Cosine similarity: 0.9961
  L2 distance: 0.0202
  Entropy change: 0.5738
  Concentration change: -0.0011

2021_vs_2024:
  Cosine similarity: 0.9936
  L2 distance: 0.0256
  Entropy change: 0.4027
  Concentration change: -0.0013

2021_vs_2025:
  Cosine similarity: 0.9975
  L2 distance: 0.0160
  Entropy change: 0.2724
  Concentration change: 0.0001

2022_vs_2023:
  Cosine similarity: 0.9719
  L2 distance: 0.0554
  Entropy change: 0.3960
  Concentration change: -0.0047

2022_vs_2024:
  Cosine similarity: 0.9678
  L2 distance: 0.0593
  Entropy change: 0.2250
  Concentration change: -0.0049

2022_vs_2025:
  Cosine similarity: 0.9846
  L2 distance: 0.0413
  Entropy change: 0.0947
  Concentration change: -0.0035

2023_vs_2024:
  Cosine similarity: 0.9992
  L2 distance: 0.0088
  Entropy change: -0.1710
  Concentration change: -0.0003

2023_vs_2025:
  Cosine similarity: 0.9933
  L2 distance: 0.0264
  Entropy change: -0.3013
  Concentration change: 0.0012

2024_vs_2025:
  Cosine similarity: 0.9904
  L2 distance: 0.0315
  Entropy change: -0.1303
  Concentration change: 0.0015

======================================================================

Analysis complete!
Results saved to: experiments/00_baseline_exploration/exp005_attn4/attention_analysis_year
  - attention_analysis_results.json
  - attention_heatmap.png
  - attention_trends.png
  - temporal_attention_comparison.png
