Logging to: experiments/01_staleness_features_fixed/sweep_stale_h20_drop0.20_lr3/attention_analysis_year/attention_analysis_20251030_131726.log
Analysis started at: 2025-10-30 13:17:26
======================================================================
Experiment: 01_staleness_features_fixed/sweep_stale_h20_drop0.20_lr3
Output directory: experiments/01_staleness_features_fixed/sweep_stale_h20_drop0.20_lr3/attention_analysis_year
Using best checkpoint: experiments/01_staleness_features_fixed/sweep_stale_h20_drop0.20_lr3/checkpoints/tft-epoch=63-val_loss=0.4006.ckpt

Loading data...
Loading test data from: data/splits/fixed/core_proposal_daily_fixed_test.csv
Detected staleness features in config, adding to data...
  Train samples: 6066
  Test samples: 1300

Preparing test dataset...
Test dataset size after filtering: 1280

Loading model...
Loading model from: experiments/01_staleness_features_fixed/sweep_stale_h20_drop0.20_lr3/checkpoints/tft-epoch=63-val_loss=0.4006.ckpt
Model moved to device: cuda

Extracting attention patterns...
Extracting attention patterns...
Total batches to process: 10
  Processed 10/10 batches

Total predictions: 1280
Total actuals: 1280
Attention shape: (1280, 20)
Encoder variables shape: (1280, 7)

Prediction period: 2020-08-19T00:00:00.000000000 to 2025-10-06T00:00:00.000000000
Total predictions: 1280

Creating temporal periods:
  2020: 92 samples
  2021: 250 samples
  2022: 249 samples
  2023: 249 samples
  2024: 250 samples
  2025: 190 samples

Attention over 20 encoder timesteps

Analyzing attention patterns by period...

Comparing attention patterns across periods...

Creating visualizations...
Saved attention heatmap: experiments/01_staleness_features_fixed/sweep_stale_h20_drop0.20_lr3/attention_analysis_year/attention_heatmap.png
Saved attention trends: experiments/01_staleness_features_fixed/sweep_stale_h20_drop0.20_lr3/attention_analysis_year/attention_trends.png
Saved feature importance comparison: experiments/01_staleness_features_fixed/sweep_stale_h20_drop0.20_lr3/attention_analysis_year/temporal_attention_comparison.png

Saving results...
Saved results: experiments/01_staleness_features_fixed/sweep_stale_h20_drop0.20_lr3/attention_analysis_year/attention_analysis_results.json

======================================================================
ATTENTION ANALYSIS SUMMARY
======================================================================

Per-Period Statistics:
----------------------------------------------------------------------

2020:
  Samples: 92
  Entropy: 2.8948 ± 0.0876
  Concentration: 0.0558
  Top 5 features:
    t-1                            0.0826
    t-2                            0.0778
    t-3                            0.0733
    t-4                            0.0694
    t-5                            0.0658

2021:
  Samples: 250
  Entropy: 2.7924 ± 0.2120
  Concentration: 0.0566
  Top 5 features:
    t-1                            0.0814
    t-2                            0.0772
    t-3                            0.0732
    t-4                            0.0695
    t-5                            0.0666

2022:
  Samples: 249
  Entropy: 2.7714 ± 0.2044
  Concentration: 0.0594
  Top 5 features:
    t-1                            0.0913
    t-2                            0.0840
    t-3                            0.0782
    t-4                            0.0734
    t-5                            0.0693

2023:
  Samples: 249
  Entropy: 2.8770 ± 0.0930
  Concentration: 0.0543
  Top 5 features:
    t-1                            0.0745
    t-2                            0.0715
    t-3                            0.0688
    t-4                            0.0661
    t-5                            0.0636

2024:
  Samples: 250
  Entropy: 2.8214 ± 0.2409
  Concentration: 0.0545
  Top 5 features:
    t-1                            0.0806
    t-2                            0.0752
    t-3                            0.0708
    t-4                            0.0670
    t-5                            0.0634

2025:
  Samples: 190
  Entropy: 2.8273 ± 0.1930
  Concentration: 0.0539
  Top 5 features:
    t-1                            0.0769
    t-2                            0.0711
    t-3                            0.0673
    t-4                            0.0642
    t-5                            0.0612

----------------------------------------------------------------------
Period Comparisons:
----------------------------------------------------------------------

2020_vs_2021:
  Cosine similarity: 0.9989
  L2 distance: 0.0113
  Entropy change: -0.1024
  Concentration change: 0.0008

2020_vs_2022:
  Cosine similarity: 0.9962
  L2 distance: 0.0223
  Entropy change: -0.1234
  Concentration change: 0.0037

2020_vs_2023:
  Cosine similarity: 0.9982
  L2 distance: 0.0142
  Entropy change: -0.0178
  Concentration change: -0.0015

2020_vs_2024:
  Cosine similarity: 0.9991
  L2 distance: 0.0100
  Entropy change: -0.0734
  Concentration change: -0.0012

2020_vs_2025:
  Cosine similarity: 0.9975
  L2 distance: 0.0169
  Entropy change: -0.0675
  Concentration change: -0.0019

2021_vs_2022:
  Cosine similarity: 0.9978
  L2 distance: 0.0172
  Entropy change: -0.0210
  Concentration change: 0.0028

2021_vs_2023:
  Cosine similarity: 0.9980
  L2 distance: 0.0158
  Entropy change: 0.0846
  Concentration change: -0.0023

2021_vs_2024:
  Cosine similarity: 0.9970
  L2 distance: 0.0188
  Entropy change: 0.0290
  Concentration change: -0.0021

2021_vs_2025:
  Cosine similarity: 0.9968
  L2 distance: 0.0196
  Entropy change: 0.0349
  Concentration change: -0.0027

2022_vs_2023:
  Cosine similarity: 0.9918
  L2 distance: 0.0324
  Entropy change: 0.1056
  Concentration change: -0.0052

2022_vs_2024:
  Cosine similarity: 0.9924
  L2 distance: 0.0312
  Entropy change: 0.0500
  Concentration change: -0.0049

2022_vs_2025:
  Cosine similarity: 0.9900
  L2 distance: 0.0356
  Entropy change: 0.0559
  Concentration change: -0.0055

2023_vs_2024:
  Cosine similarity: 0.9987
  L2 distance: 0.0121
  Entropy change: -0.0556
  Concentration change: 0.0002

2023_vs_2025:
  Cosine similarity: 0.9996
  L2 distance: 0.0066
  Entropy change: -0.0497
  Concentration change: -0.0004

2024_vs_2025:
  Cosine similarity: 0.9986
  L2 distance: 0.0126
  Entropy change: 0.0059
  Concentration change: -0.0006

======================================================================

Analysis complete!
Results saved to: experiments/01_staleness_features_fixed/sweep_stale_h20_drop0.20_lr3/attention_analysis_year
  - attention_analysis_results.json
  - attention_heatmap.png
  - attention_trends.png
  - temporal_attention_comparison.png
