Logging to: experiments/00_baseline_exploration/sweep2_hidden_18/attention_analysis_year/attention_analysis_20251030_130849.log
Analysis started at: 2025-10-30 13:08:49
======================================================================
Experiment: 00_baseline_exploration/sweep2_hidden_18
Output directory: experiments/00_baseline_exploration/sweep2_hidden_18/attention_analysis_year
Using best checkpoint: experiments/00_baseline_exploration/sweep2_hidden_18/checkpoints/tft-epoch=60-val_loss=0.3951.ckpt

Loading data...
Loading test data from: data/splits/fixed/core_proposal_daily_fixed_test.csv
  Train samples: 6066
  Test samples: 1300

Preparing test dataset...
Test dataset size after filtering: 1280

Loading model...
Loading model from: experiments/00_baseline_exploration/sweep2_hidden_18/checkpoints/tft-epoch=60-val_loss=0.3951.ckpt
Model moved to device: cuda

Extracting attention patterns...
Extracting attention patterns...
Total batches to process: 10
  Processed 10/10 batches

Total predictions: 1280
Total actuals: 1280
Attention shape: (1280, 20)
Encoder variables shape: (1280, 5)

Prediction period: 2020-08-19T00:00:00.000000000 to 2025-10-06T00:00:00.000000000
Total predictions: 1280

Creating temporal periods:
  2020: 92 samples
  2021: 250 samples
  2022: 249 samples
  2023: 249 samples
  2024: 250 samples
  2025: 190 samples

Attention over 20 encoder timesteps

Analyzing attention patterns by period...

Comparing attention patterns across periods...

Creating visualizations...
Saved attention heatmap: experiments/00_baseline_exploration/sweep2_hidden_18/attention_analysis_year/attention_heatmap.png
Saved attention trends: experiments/00_baseline_exploration/sweep2_hidden_18/attention_analysis_year/attention_trends.png
Saved feature importance comparison: experiments/00_baseline_exploration/sweep2_hidden_18/attention_analysis_year/temporal_attention_comparison.png

Saving results...
Saved results: experiments/00_baseline_exploration/sweep2_hidden_18/attention_analysis_year/attention_analysis_results.json

======================================================================
ATTENTION ANALYSIS SUMMARY
======================================================================

Per-Period Statistics:
----------------------------------------------------------------------

2020:
  Samples: 92
  Entropy: 2.9048 ± 0.1100
  Concentration: 0.0527
  Top 5 features:
    t-1                            0.0726
    t-2                            0.0689
    t-3                            0.0655
    t-4                            0.0626
    t-5                            0.0602

2021:
  Samples: 250
  Entropy: 2.8594 ± 0.2161
  Concentration: 0.0522
  Top 5 features:
    t-1                            0.0683
    t-2                            0.0656
    t-3                            0.0633
    t-4                            0.0612
    t-5                            0.0597

2022:
  Samples: 249
  Entropy: 2.7574 ± 0.2718
  Concentration: 0.0630
  Top 5 features:
    t-1                            0.1174
    t-2                            0.1015
    t-3                            0.0874
    t-4                            0.0753
    t-5                            0.0652

2023:
  Samples: 249
  Entropy: 2.9566 ± 0.0703
  Concentration: 0.0507
  Top 5 features:
    t-1                            0.0581
    t-2                            0.0573
    t-3                            0.0566
    t-4                            0.0561
    t-5                            0.0555

2024:
  Samples: 250
  Entropy: 2.9048 ± 0.2575
  Concentration: 0.0512
  Top 5 features:
    t-1                            0.0621
    t-2                            0.0604
    t-3                            0.0593
    t-4                            0.0582
    t-5                            0.0571

2025:
  Samples: 190
  Entropy: 2.8580 ± 0.3266
  Concentration: 0.0522
  Top 5 features:
    t-1                            0.0698
    t-2                            0.0639
    t-3                            0.0612
    t-4                            0.0596
    t-5                            0.0580

----------------------------------------------------------------------
Period Comparisons:
----------------------------------------------------------------------

2020_vs_2021:
  Cosine similarity: 0.9995
  L2 distance: 0.0070
  Entropy change: -0.0454
  Concentration change: -0.0005

2020_vs_2022:
  Cosine similarity: 0.9627
  L2 distance: 0.0690
  Entropy change: -0.1474
  Concentration change: 0.0103

2020_vs_2023:
  Cosine similarity: 0.9930
  L2 distance: 0.0273
  Entropy change: 0.0517
  Concentration change: -0.0020

2020_vs_2024:
  Cosine similarity: 0.9965
  L2 distance: 0.0193
  Entropy change: -0.0001
  Concentration change: -0.0015

2020_vs_2025:
  Cosine similarity: 0.9989
  L2 distance: 0.0108
  Entropy change: -0.0468
  Concentration change: -0.0005

2021_vs_2022:
  Cosine similarity: 0.9545
  L2 distance: 0.0757
  Entropy change: -0.1020
  Concentration change: 0.0109

2021_vs_2023:
  Cosine similarity: 0.9957
  L2 distance: 0.0213
  Entropy change: 0.0972
  Concentration change: -0.0015

2021_vs_2024:
  Cosine similarity: 0.9983
  L2 distance: 0.0134
  Entropy change: 0.0454
  Concentration change: -0.0010

2021_vs_2025:
  Cosine similarity: 0.9995
  L2 distance: 0.0073
  Entropy change: -0.0014
  Concentration change: 0.0000

2022_vs_2023:
  Cosine similarity: 0.9269
  L2 distance: 0.0945
  Entropy change: 0.1992
  Concentration change: -0.0123

2022_vs_2024:
  Cosine similarity: 0.9384
  L2 distance: 0.0872
  Entropy change: 0.1474
  Concentration change: -0.0118

2022_vs_2025:
  Cosine similarity: 0.9511
  L2 distance: 0.0782
  Entropy change: 0.1006
  Concentration change: -0.0108

2023_vs_2024:
  Cosine similarity: 0.9993
  L2 distance: 0.0085
  Entropy change: -0.0518
  Concentration change: 0.0005

2023_vs_2025:
  Cosine similarity: 0.9959
  L2 distance: 0.0208
  Entropy change: -0.0986
  Concentration change: 0.0015

2024_vs_2025:
  Cosine similarity: 0.9983
  L2 distance: 0.0132
  Entropy change: -0.0468
  Concentration change: 0.0010

======================================================================

Analysis complete!
Results saved to: experiments/00_baseline_exploration/sweep2_hidden_18/attention_analysis_year
  - attention_analysis_results.json
  - attention_heatmap.png
  - attention_trends.png
  - temporal_attention_comparison.png
