Logging to: experiments/00_baseline_exploration/sweep2_hidden_18/attention_analysis_year/attention_analysis_20251027_191448.log
Analysis started at: 2025-10-27 19:14:48
======================================================================
Experiment: 00_baseline_exploration/sweep2_hidden_18
Output directory: experiments/00_baseline_exploration/sweep2_hidden_18/attention_analysis_year
Using best checkpoint: experiments/00_baseline_exploration/sweep2_hidden_18/checkpoints/tft-epoch=03-val_loss=0.1477.ckpt

Loading data...
Loading test data from: data/splits/fixed/core_proposal_daily_fixed_test.csv
  Train samples: 6066
  Test samples: 1300

Preparing test dataset...
Test dataset size after filtering: 1280

Loading model...
Loading model from: experiments/00_baseline_exploration/sweep2_hidden_18/checkpoints/tft-epoch=03-val_loss=0.1477.ckpt

Extracting attention patterns...
Extracting attention patterns...
Total batches to process: 10
  Processed 10/10 batches

Total predictions: 1280
Total actuals: 1280
Attention shape: (1280, 20)
Encoder variables shape: (1280, 5)

Prediction period: 2020-08-19T00:00:00.000000000 to 2025-10-06T00:00:00.000000000
Total predictions: 1280

Creating temporal periods:
  2020: 92 samples
  2021: 250 samples
  2022: 249 samples
  2023: 249 samples
  2024: 250 samples
  2025: 190 samples

Attention over 20 encoder timesteps

Analyzing attention patterns by period...

Comparing attention patterns across periods...

Creating visualizations...
Saved attention heatmap: experiments/00_baseline_exploration/sweep2_hidden_18/attention_analysis_year/attention_heatmap.png
Saved attention trends: experiments/00_baseline_exploration/sweep2_hidden_18/attention_analysis_year/attention_trends.png
Saved feature importance comparison: experiments/00_baseline_exploration/sweep2_hidden_18/attention_analysis_year/temporal_attention_comparison.png

Saving results...
Saved results: experiments/00_baseline_exploration/sweep2_hidden_18/attention_analysis_year/attention_analysis_results.json

======================================================================
ATTENTION ANALYSIS SUMMARY
======================================================================

Per-Period Statistics:
----------------------------------------------------------------------

2020:
  Samples: 92
  Entropy: 2.9920 ± 0.0016
  Concentration: 0.0503
  Top 5 features:
    t-1                            0.0598
    t-2                            0.0559
    t-3                            0.0527
    t-16                           0.0514
    t-17                           0.0513

2021:
  Samples: 250
  Entropy: 2.9675 ± 0.0303
  Concentration: 0.0508
  Top 5 features:
    t-1                            0.0607
    t-2                            0.0587
    t-3                            0.0572
    t-4                            0.0559
    t-5                            0.0547

2022:
  Samples: 249
  Entropy: 2.9847 ± 0.0140
  Concentration: 0.0503
  Top 5 features:
    t-1                            0.0531
    t-2                            0.0530
    t-3                            0.0528
    t-4                            0.0527
    t-5                            0.0526

2023:
  Samples: 249
  Entropy: 2.9781 ± 0.0149
  Concentration: 0.0505
  Top 5 features:
    t-1                            0.0551
    t-2                            0.0546
    t-3                            0.0543
    t-4                            0.0541
    t-5                            0.0538

2024:
  Samples: 250
  Entropy: 2.9591 ± 0.0563
  Concentration: 0.0507
  Top 5 features:
    t-1                            0.0582
    t-2                            0.0569
    t-3                            0.0561
    t-4                            0.0554
    t-5                            0.0549

2025:
  Samples: 190
  Entropy: 2.9604 ± 0.0500
  Concentration: 0.0504
  Top 5 features:
    t-1                            0.0536
    t-9                            0.0533
    t-2                            0.0532
    t-3                            0.0529
    t-8                            0.0529

----------------------------------------------------------------------
Period Comparisons:
----------------------------------------------------------------------

2020_vs_2021:
  Cosine similarity: 0.9959
  L2 distance: 0.0203
  Entropy change: -0.0245
  Concentration change: 0.0005

2020_vs_2022:
  Cosine similarity: 0.9973
  L2 distance: 0.0165
  Entropy change: -0.0074
  Concentration change: 0.0001

2020_vs_2023:
  Cosine similarity: 0.9965
  L2 distance: 0.0188
  Entropy change: -0.0140
  Concentration change: 0.0003

2020_vs_2024:
  Cosine similarity: 0.9955
  L2 distance: 0.0213
  Entropy change: -0.0329
  Concentration change: 0.0005

2020_vs_2025:
  Cosine similarity: 0.9966
  L2 distance: 0.0184
  Entropy change: -0.0316
  Concentration change: 0.0002

2021_vs_2022:
  Cosine similarity: 0.9983
  L2 distance: 0.0132
  Entropy change: 0.0171
  Concentration change: -0.0004

2021_vs_2023:
  Cosine similarity: 0.9992
  L2 distance: 0.0090
  Entropy change: 0.0105
  Concentration change: -0.0002

2021_vs_2024:
  Cosine similarity: 0.9998
  L2 distance: 0.0043
  Entropy change: -0.0084
  Concentration change: -0.0000

2021_vs_2025:
  Cosine similarity: 0.9984
  L2 distance: 0.0126
  Entropy change: -0.0071
  Concentration change: -0.0003

2022_vs_2023:
  Cosine similarity: 0.9997
  L2 distance: 0.0051
  Entropy change: -0.0066
  Concentration change: 0.0002

2022_vs_2024:
  Cosine similarity: 0.9989
  L2 distance: 0.0107
  Entropy change: -0.0255
  Concentration change: 0.0004

2022_vs_2025:
  Cosine similarity: 0.9999
  L2 distance: 0.0027
  Entropy change: -0.0242
  Concentration change: 0.0001

2023_vs_2024:
  Cosine similarity: 0.9997
  L2 distance: 0.0058
  Entropy change: -0.0189
  Concentration change: 0.0002

2023_vs_2025:
  Cosine similarity: 0.9998
  L2 distance: 0.0041
  Entropy change: -0.0176
  Concentration change: -0.0001

2024_vs_2025:
  Cosine similarity: 0.9991
  L2 distance: 0.0097
  Entropy change: 0.0013
  Concentration change: -0.0003

======================================================================

Analysis complete!
Results saved to: experiments/00_baseline_exploration/sweep2_hidden_18/attention_analysis_year
  - attention_analysis_results.json
  - attention_heatmap.png
  - attention_trends.png
  - temporal_attention_comparison.png
