Logging to: experiments/01_staleness_features_fixed/sweep_stale_h22_drop0.35_lr3/attention_analysis_year/attention_analysis_20251027_194021.log
Analysis started at: 2025-10-27 19:40:21
======================================================================
Experiment: 01_staleness_features_fixed/sweep_stale_h22_drop0.35_lr3
Output directory: experiments/01_staleness_features_fixed/sweep_stale_h22_drop0.35_lr3/attention_analysis_year
Using best checkpoint: experiments/01_staleness_features_fixed/sweep_stale_h22_drop0.35_lr3/checkpoints/tft-epoch=03-val_loss=0.1329.ckpt

Loading data...
Loading test data from: data/splits/fixed/core_proposal_daily_fixed_test.csv
Detected staleness features in config, adding to data...
  Train samples: 6066
  Test samples: 1300

Preparing test dataset...
Test dataset size after filtering: 1280

Loading model...
Loading model from: experiments/01_staleness_features_fixed/sweep_stale_h22_drop0.35_lr3/checkpoints/tft-epoch=03-val_loss=0.1329.ckpt

Extracting attention patterns...
Extracting attention patterns...
Total batches to process: 10
  Processed 10/10 batches

Total predictions: 1280
Total actuals: 1280
Attention shape: (1280, 20)
Encoder variables shape: (1280, 7)

Prediction period: 2020-08-19T00:00:00.000000000 to 2025-10-06T00:00:00.000000000
Total predictions: 1280

Creating temporal periods:
  2020: 92 samples
  2021: 250 samples
  2022: 249 samples
  2023: 249 samples
  2024: 250 samples
  2025: 190 samples

Attention over 20 encoder timesteps

Analyzing attention patterns by period...

Comparing attention patterns across periods...

Creating visualizations...
Saved attention heatmap: experiments/01_staleness_features_fixed/sweep_stale_h22_drop0.35_lr3/attention_analysis_year/attention_heatmap.png
Saved attention trends: experiments/01_staleness_features_fixed/sweep_stale_h22_drop0.35_lr3/attention_analysis_year/attention_trends.png
Saved feature importance comparison: experiments/01_staleness_features_fixed/sweep_stale_h22_drop0.35_lr3/attention_analysis_year/temporal_attention_comparison.png

Saving results...
Saved results: experiments/01_staleness_features_fixed/sweep_stale_h22_drop0.35_lr3/attention_analysis_year/attention_analysis_results.json

======================================================================
ATTENTION ANALYSIS SUMMARY
======================================================================

Per-Period Statistics:
----------------------------------------------------------------------

2020:
  Samples: 92
  Entropy: 2.9434 ± 0.0513
  Concentration: 0.0501
  Top 5 features:
    t-20                           0.0573
    t-1                            0.0523
    t-2                            0.0517
    t-3                            0.0512
    t-19                           0.0508

2021:
  Samples: 250
  Entropy: 2.9583 ± 0.0338
  Concentration: 0.0501
  Top 5 features:
    t-1                            0.0533
    t-20                           0.0530
    t-2                            0.0528
    t-3                            0.0524
    t-4                            0.0520

2022:
  Samples: 249
  Entropy: 2.9778 ± 0.0102
  Concentration: 0.0502
  Top 5 features:
    t-1                            0.0553
    t-2                            0.0546
    t-20                           0.0540
    t-3                            0.0539
    t-4                            0.0533

2023:
  Samples: 249
  Entropy: 2.9850 ± 0.0048
  Concentration: 0.0501
  Top 5 features:
    t-20                           0.0541
    t-1                            0.0523
    t-2                            0.0520
    t-3                            0.0517
    t-4                            0.0515

2024:
  Samples: 250
  Entropy: 2.9883 ± 0.0040
  Concentration: 0.0500
  Top 5 features:
    t-20                           0.0536
    t-1                            0.0514
    t-2                            0.0512
    t-3                            0.0510
    t-4                            0.0508

2025:
  Samples: 190
  Entropy: 2.9852 ± 0.0049
  Concentration: 0.0500
  Top 5 features:
    t-20                           0.0547
    t-1                            0.0512
    t-2                            0.0510
    t-3                            0.0508
    t-4                            0.0506

----------------------------------------------------------------------
Period Comparisons:
----------------------------------------------------------------------

2020_vs_2021:
  Cosine similarity: 0.9995
  L2 distance: 0.0069
  Entropy change: 0.0149
  Concentration change: 0.0000

2020_vs_2022:
  Cosine similarity: 0.9991
  L2 distance: 0.0097
  Entropy change: 0.0344
  Concentration change: 0.0001

2020_vs_2023:
  Cosine similarity: 0.9998
  L2 distance: 0.0041
  Entropy change: 0.0416
  Concentration change: -0.0000

2020_vs_2024:
  Cosine similarity: 0.9998
  L2 distance: 0.0043
  Entropy change: 0.0449
  Concentration change: -0.0001

2020_vs_2025:
  Cosine similarity: 0.9999
  L2 distance: 0.0033
  Entropy change: 0.0418
  Concentration change: -0.0000

2021_vs_2022:
  Cosine similarity: 0.9997
  L2 distance: 0.0050
  Entropy change: 0.0195
  Concentration change: 0.0001

2021_vs_2023:
  Cosine similarity: 0.9999
  L2 distance: 0.0031
  Entropy change: 0.0267
  Concentration change: -0.0000

2021_vs_2024:
  Cosine similarity: 0.9997
  L2 distance: 0.0052
  Entropy change: 0.0300
  Concentration change: -0.0001

2021_vs_2025:
  Cosine similarity: 0.9996
  L2 distance: 0.0064
  Entropy change: 0.0270
  Concentration change: -0.0001

2022_vs_2023:
  Cosine similarity: 0.9995
  L2 distance: 0.0072
  Entropy change: 0.0072
  Concentration change: -0.0001

2022_vs_2024:
  Cosine similarity: 0.9991
  L2 distance: 0.0096
  Entropy change: 0.0105
  Concentration change: -0.0002

2022_vs_2025:
  Cosine similarity: 0.9989
  L2 distance: 0.0105
  Entropy change: 0.0074
  Concentration change: -0.0002

2023_vs_2024:
  Cosine similarity: 0.9999
  L2 distance: 0.0025
  Entropy change: 0.0033
  Concentration change: -0.0000

2023_vs_2025:
  Cosine similarity: 0.9999
  L2 distance: 0.0034
  Entropy change: 0.0002
  Concentration change: -0.0000

2024_vs_2025:
  Cosine similarity: 1.0000
  L2 distance: 0.0016
  Entropy change: -0.0030
  Concentration change: 0.0000

======================================================================

Analysis complete!
Results saved to: experiments/01_staleness_features_fixed/sweep_stale_h22_drop0.35_lr3/attention_analysis_year
  - attention_analysis_results.json
  - attention_heatmap.png
  - attention_trends.png
  - temporal_attention_comparison.png
