Logging to: experiments/01_staleness_features_fixed/sweep_stale_h22_drop0.35_lr3/attention_analysis_year/attention_analysis_20251030_131927.log
Analysis started at: 2025-10-30 13:19:27
======================================================================
Experiment: 01_staleness_features_fixed/sweep_stale_h22_drop0.35_lr3
Output directory: experiments/01_staleness_features_fixed/sweep_stale_h22_drop0.35_lr3/attention_analysis_year
Using best checkpoint: experiments/01_staleness_features_fixed/sweep_stale_h22_drop0.35_lr3/checkpoints/tft-epoch=92-val_loss=0.3971.ckpt

Loading data...
Loading test data from: data/splits/fixed/core_proposal_daily_fixed_test.csv
Detected staleness features in config, adding to data...
  Train samples: 6066
  Test samples: 1300

Preparing test dataset...
Test dataset size after filtering: 1280

Loading model...
Loading model from: experiments/01_staleness_features_fixed/sweep_stale_h22_drop0.35_lr3/checkpoints/tft-epoch=92-val_loss=0.3971.ckpt
Model moved to device: cuda

Extracting attention patterns...
Extracting attention patterns...
Total batches to process: 10
  Processed 10/10 batches

Total predictions: 1280
Total actuals: 1280
Attention shape: (1280, 20)
Encoder variables shape: (1280, 7)

Prediction period: 2020-08-19T00:00:00.000000000 to 2025-10-06T00:00:00.000000000
Total predictions: 1280

Creating temporal periods:
  2020: 92 samples
  2021: 250 samples
  2022: 249 samples
  2023: 249 samples
  2024: 250 samples
  2025: 190 samples

Attention over 20 encoder timesteps

Analyzing attention patterns by period...

Comparing attention patterns across periods...

Creating visualizations...
Saved attention heatmap: experiments/01_staleness_features_fixed/sweep_stale_h22_drop0.35_lr3/attention_analysis_year/attention_heatmap.png
Saved attention trends: experiments/01_staleness_features_fixed/sweep_stale_h22_drop0.35_lr3/attention_analysis_year/attention_trends.png
Saved feature importance comparison: experiments/01_staleness_features_fixed/sweep_stale_h22_drop0.35_lr3/attention_analysis_year/temporal_attention_comparison.png

Saving results...
Saved results: experiments/01_staleness_features_fixed/sweep_stale_h22_drop0.35_lr3/attention_analysis_year/attention_analysis_results.json

======================================================================
ATTENTION ANALYSIS SUMMARY
======================================================================

Per-Period Statistics:
----------------------------------------------------------------------

2020:
  Samples: 92
  Entropy: 2.7054 ± 0.1800
  Concentration: 0.0707
  Top 5 features:
    t-1                            0.1199
    t-2                            0.1091
    t-3                            0.0981
    t-4                            0.0872
    t-5                            0.0769

2021:
  Samples: 250
  Entropy: 2.7061 ± 0.2714
  Concentration: 0.0618
  Top 5 features:
    t-1                            0.0918
    t-2                            0.0863
    t-3                            0.0813
    t-4                            0.0770
    t-5                            0.0734

2022:
  Samples: 249
  Entropy: 2.6629 ± 0.2716
  Concentration: 0.0588
  Top 5 features:
    t-1                            0.0932
    t-2                            0.0815
    t-3                            0.0734
    t-4                            0.0676
    t-5                            0.0634

2023:
  Samples: 249
  Entropy: 2.8325 ± 0.1666
  Concentration: 0.0575
  Top 5 features:
    t-1                            0.0797
    t-2                            0.0769
    t-3                            0.0744
    t-4                            0.0720
    t-5                            0.0693

2024:
  Samples: 250
  Entropy: 2.8157 ± 0.2085
  Concentration: 0.0551
  Top 5 features:
    t-1                            0.0725
    t-2                            0.0698
    t-3                            0.0681
    t-4                            0.0666
    t-5                            0.0652

2025:
  Samples: 190
  Entropy: 2.7700 ± 0.2454
  Concentration: 0.0589
  Top 5 features:
    t-1                            0.0822
    t-2                            0.0775
    t-3                            0.0745
    t-4                            0.0719
    t-5                            0.0692

----------------------------------------------------------------------
Period Comparisons:
----------------------------------------------------------------------

2020_vs_2021:
  Cosine similarity: 0.9847
  L2 distance: 0.0482
  Entropy change: 0.0007
  Concentration change: -0.0089

2020_vs_2022:
  Cosine similarity: 0.9723
  L2 distance: 0.0643
  Entropy change: -0.0426
  Concentration change: -0.0120

2020_vs_2023:
  Cosine similarity: 0.9684
  L2 distance: 0.0687
  Entropy change: 0.1270
  Concentration change: -0.0132

2020_vs_2024:
  Cosine similarity: 0.9498
  L2 distance: 0.0851
  Entropy change: 0.1102
  Concentration change: -0.0156

2020_vs_2025:
  Cosine similarity: 0.9684
  L2 distance: 0.0679
  Entropy change: 0.0645
  Concentration change: -0.0118

2021_vs_2022:
  Cosine similarity: 0.9901
  L2 distance: 0.0352
  Entropy change: -0.0432
  Concentration change: -0.0030

2021_vs_2023:
  Cosine similarity: 0.9955
  L2 distance: 0.0247
  Entropy change: 0.1264
  Concentration change: -0.0043

2021_vs_2024:
  Cosine similarity: 0.9867
  L2 distance: 0.0418
  Entropy change: 0.1095
  Concentration change: -0.0067

2021_vs_2025:
  Cosine similarity: 0.9961
  L2 distance: 0.0225
  Entropy change: 0.0639
  Concentration change: -0.0029

2022_vs_2023:
  Cosine similarity: 0.9928
  L2 distance: 0.0291
  Entropy change: 0.1696
  Concentration change: -0.0012

2022_vs_2024:
  Cosine similarity: 0.9882
  L2 distance: 0.0375
  Entropy change: 0.1528
  Concentration change: -0.0037

2022_vs_2025:
  Cosine similarity: 0.9926
  L2 distance: 0.0295
  Entropy change: 0.1071
  Concentration change: 0.0002

2023_vs_2024:
  Cosine similarity: 0.9975
  L2 distance: 0.0176
  Entropy change: -0.0168
  Concentration change: -0.0024

2023_vs_2025:
  Cosine similarity: 0.9990
  L2 distance: 0.0113
  Entropy change: -0.0625
  Concentration change: 0.0014

2024_vs_2025:
  Cosine similarity: 0.9954
  L2 distance: 0.0244
  Entropy change: -0.0457
  Concentration change: 0.0038

======================================================================

Analysis complete!
Results saved to: experiments/01_staleness_features_fixed/sweep_stale_h22_drop0.35_lr3/attention_analysis_year
  - attention_analysis_results.json
  - attention_heatmap.png
  - attention_trends.png
  - temporal_attention_comparison.png
