Logging to: experiments/00_baseline_exploration/sweep2_hidden_14/attention_analysis_year/attention_analysis_20251030_130835.log
Analysis started at: 2025-10-30 13:08:35
======================================================================
Experiment: 00_baseline_exploration/sweep2_hidden_14
Output directory: experiments/00_baseline_exploration/sweep2_hidden_14/attention_analysis_year
Using best checkpoint: experiments/00_baseline_exploration/sweep2_hidden_14/checkpoints/tft-epoch=63-val_loss=0.3981.ckpt

Loading data...
Loading test data from: data/splits/fixed/core_proposal_daily_fixed_test.csv
  Train samples: 6066
  Test samples: 1300

Preparing test dataset...
Test dataset size after filtering: 1280

Loading model...
Loading model from: experiments/00_baseline_exploration/sweep2_hidden_14/checkpoints/tft-epoch=63-val_loss=0.3981.ckpt
Model moved to device: cuda

Extracting attention patterns...
Extracting attention patterns...
Total batches to process: 10
  Processed 10/10 batches

Total predictions: 1280
Total actuals: 1280
Attention shape: (1280, 20)
Encoder variables shape: (1280, 5)

Prediction period: 2020-08-19T00:00:00.000000000 to 2025-10-06T00:00:00.000000000
Total predictions: 1280

Creating temporal periods:
  2020: 92 samples
  2021: 250 samples
  2022: 249 samples
  2023: 249 samples
  2024: 250 samples
  2025: 190 samples

Attention over 20 encoder timesteps

Analyzing attention patterns by period...

Comparing attention patterns across periods...

Creating visualizations...
Saved attention heatmap: experiments/00_baseline_exploration/sweep2_hidden_14/attention_analysis_year/attention_heatmap.png
Saved attention trends: experiments/00_baseline_exploration/sweep2_hidden_14/attention_analysis_year/attention_trends.png
Saved feature importance comparison: experiments/00_baseline_exploration/sweep2_hidden_14/attention_analysis_year/temporal_attention_comparison.png

Saving results...
Saved results: experiments/00_baseline_exploration/sweep2_hidden_14/attention_analysis_year/attention_analysis_results.json

======================================================================
ATTENTION ANALYSIS SUMMARY
======================================================================

Per-Period Statistics:
----------------------------------------------------------------------

2020:
  Samples: 92
  Entropy: 2.9636 ± 0.0463
  Concentration: 0.0505
  Top 5 features:
    t-20                           0.0588
    t-1                            0.0560
    t-2                            0.0549
    t-3                            0.0540
    t-4                            0.0535

2021:
  Samples: 250
  Entropy: 2.7765 ± 0.2933
  Concentration: 0.0505
  Top 5 features:
    t-1                            0.0619
    t-2                            0.0585
    t-3                            0.0555
    t-4                            0.0533
    t-5                            0.0521

2022:
  Samples: 249
  Entropy: 2.8176 ± 0.2021
  Concentration: 0.0518
  Top 5 features:
    t-1                            0.0672
    t-2                            0.0635
    t-3                            0.0608
    t-4                            0.0588
    t-5                            0.0573

2023:
  Samples: 249
  Entropy: 2.9195 ± 0.1097
  Concentration: 0.0502
  Top 5 features:
    t-14                           0.0524
    t-13                           0.0523
    t-1                            0.0522
    t-12                           0.0521
    t-11                           0.0520

2024:
  Samples: 250
  Entropy: 2.9088 ± 0.2264
  Concentration: 0.0504
  Top 5 features:
    t-1                            0.0587
    t-2                            0.0569
    t-3                            0.0555
    t-4                            0.0543
    t-5                            0.0530

2025:
  Samples: 190
  Entropy: 2.8453 ± 0.2441
  Concentration: 0.0504
  Top 5 features:
    t-1                            0.0617
    t-2                            0.0579
    t-3                            0.0548
    t-4                            0.0524
    t-5                            0.0506

----------------------------------------------------------------------
Period Comparisons:
----------------------------------------------------------------------

2020_vs_2021:
  Cosine similarity: 0.9960
  L2 distance: 0.0200
  Entropy change: -0.1871
  Concentration change: -0.0000

2020_vs_2022:
  Cosine similarity: 0.9911
  L2 distance: 0.0303
  Entropy change: -0.1460
  Concentration change: 0.0013

2020_vs_2023:
  Cosine similarity: 0.9930
  L2 distance: 0.0265
  Entropy change: -0.0441
  Concentration change: -0.0003

2020_vs_2024:
  Cosine similarity: 0.9942
  L2 distance: 0.0242
  Entropy change: -0.0548
  Concentration change: -0.0001

2020_vs_2025:
  Cosine similarity: 0.9942
  L2 distance: 0.0242
  Entropy change: -0.1183
  Concentration change: -0.0001

2021_vs_2022:
  Cosine similarity: 0.9949
  L2 distance: 0.0229
  Entropy change: 0.0411
  Concentration change: 0.0013

2021_vs_2023:
  Cosine similarity: 0.9975
  L2 distance: 0.0158
  Entropy change: 0.1429
  Concentration change: -0.0002

2021_vs_2024:
  Cosine similarity: 0.9994
  L2 distance: 0.0081
  Entropy change: 0.1322
  Concentration change: -0.0001

2021_vs_2025:
  Cosine similarity: 0.9995
  L2 distance: 0.0072
  Entropy change: 0.0687
  Concentration change: -0.0001

2022_vs_2023:
  Cosine similarity: 0.9883
  L2 distance: 0.0347
  Entropy change: 0.1019
  Concentration change: -0.0016

2022_vs_2024:
  Cosine similarity: 0.9926
  L2 distance: 0.0278
  Entropy change: 0.0912
  Concentration change: -0.0014

2022_vs_2025:
  Cosine similarity: 0.9917
  L2 distance: 0.0292
  Entropy change: 0.0277
  Concentration change: -0.0014

2023_vs_2024:
  Cosine similarity: 0.9983
  L2 distance: 0.0130
  Entropy change: -0.0107
  Concentration change: 0.0001

2023_vs_2025:
  Cosine similarity: 0.9980
  L2 distance: 0.0141
  Entropy change: -0.0742
  Concentration change: 0.0001

2024_vs_2025:
  Cosine similarity: 0.9995
  L2 distance: 0.0069
  Entropy change: -0.0635
  Concentration change: -0.0000

======================================================================

Analysis complete!
Results saved to: experiments/00_baseline_exploration/sweep2_hidden_14/attention_analysis_year
  - attention_analysis_results.json
  - attention_heatmap.png
  - attention_trends.png
  - temporal_attention_comparison.png
