Logging to: experiments/00_baseline_exploration/sweep2_hidden_14/attention_analysis_year/attention_analysis_20251027_191443.log
Analysis started at: 2025-10-27 19:14:43
======================================================================
Experiment: 00_baseline_exploration/sweep2_hidden_14
Output directory: experiments/00_baseline_exploration/sweep2_hidden_14/attention_analysis_year
Using best checkpoint: experiments/00_baseline_exploration/sweep2_hidden_14/checkpoints/tft-epoch=01-val_loss=0.1377.ckpt

Loading data...
Loading test data from: data/splits/fixed/core_proposal_daily_fixed_test.csv
  Train samples: 6066
  Test samples: 1300

Preparing test dataset...
Test dataset size after filtering: 1280

Loading model...
Loading model from: experiments/00_baseline_exploration/sweep2_hidden_14/checkpoints/tft-epoch=01-val_loss=0.1377.ckpt

Extracting attention patterns...
Extracting attention patterns...
Total batches to process: 10
  Processed 10/10 batches

Total predictions: 1280
Total actuals: 1280
Attention shape: (1280, 20)
Encoder variables shape: (1280, 5)

Prediction period: 2020-08-19T00:00:00.000000000 to 2025-10-06T00:00:00.000000000
Total predictions: 1280

Creating temporal periods:
  2020: 92 samples
  2021: 250 samples
  2022: 249 samples
  2023: 249 samples
  2024: 250 samples
  2025: 190 samples

Attention over 20 encoder timesteps

Analyzing attention patterns by period...

Comparing attention patterns across periods...

Creating visualizations...
Saved attention heatmap: experiments/00_baseline_exploration/sweep2_hidden_14/attention_analysis_year/attention_heatmap.png
Saved attention trends: experiments/00_baseline_exploration/sweep2_hidden_14/attention_analysis_year/attention_trends.png
Saved feature importance comparison: experiments/00_baseline_exploration/sweep2_hidden_14/attention_analysis_year/temporal_attention_comparison.png

Saving results...
Saved results: experiments/00_baseline_exploration/sweep2_hidden_14/attention_analysis_year/attention_analysis_results.json

======================================================================
ATTENTION ANALYSIS SUMMARY
======================================================================

Per-Period Statistics:
----------------------------------------------------------------------

2020:
  Samples: 92
  Entropy: 2.9869 ± 0.0105
  Concentration: 0.0501
  Top 5 features:
    t-1                            0.0579
    t-2                            0.0555
    t-3                            0.0536
    t-4                            0.0521
    t-5                            0.0510

2021:
  Samples: 250
  Entropy: 2.9934 ± 0.0038
  Concentration: 0.0500
  Top 5 features:
    t-20                           0.0535
    t-19                           0.0514
    t-18                           0.0506
    t-17                           0.0505
    t-16                           0.0504

2022:
  Samples: 249
  Entropy: 2.9896 ± 0.0053
  Concentration: 0.0500
  Top 5 features:
    t-1                            0.0526
    t-2                            0.0520
    t-3                            0.0515
    t-4                            0.0510
    t-5                            0.0506

2023:
  Samples: 249
  Entropy: 2.9951 ± 0.0006
  Concentration: 0.0500
  Top 5 features:
    t-20                           0.0536
    t-19                           0.0514
    t-18                           0.0505
    t-17                           0.0503
    t-16                           0.0502

2024:
  Samples: 250
  Entropy: 2.9944 ± 0.0027
  Concentration: 0.0500
  Top 5 features:
    t-20                           0.0534
    t-19                           0.0514
    t-18                           0.0506
    t-17                           0.0505
    t-16                           0.0505

2025:
  Samples: 190
  Entropy: 2.9894 ± 0.0114
  Concentration: 0.0500
  Top 5 features:
    t-20                           0.0517
    t-19                           0.0507
    t-15                           0.0507
    t-16                           0.0507
    t-14                           0.0506

----------------------------------------------------------------------
Period Comparisons:
----------------------------------------------------------------------

2020_vs_2021:
  Cosine similarity: 0.9979
  L2 distance: 0.0144
  Entropy change: 0.0064
  Concentration change: -0.0001

2020_vs_2022:
  Cosine similarity: 0.9993
  L2 distance: 0.0082
  Entropy change: 0.0027
  Concentration change: -0.0001

2020_vs_2023:
  Cosine similarity: 0.9980
  L2 distance: 0.0141
  Entropy change: 0.0082
  Concentration change: -0.0001

2020_vs_2024:
  Cosine similarity: 0.9976
  L2 distance: 0.0155
  Entropy change: 0.0074
  Concentration change: -0.0001

2020_vs_2025:
  Cosine similarity: 0.9979
  L2 distance: 0.0145
  Entropy change: 0.0024
  Concentration change: -0.0001

2021_vs_2022:
  Cosine similarity: 0.9992
  L2 distance: 0.0088
  Entropy change: -0.0038
  Concentration change: 0.0000

2021_vs_2023:
  Cosine similarity: 1.0000
  L2 distance: 0.0007
  Entropy change: 0.0018
  Concentration change: -0.0000

2021_vs_2024:
  Cosine similarity: 1.0000
  L2 distance: 0.0015
  Entropy change: 0.0010
  Concentration change: 0.0000

2021_vs_2025:
  Cosine similarity: 1.0000
  L2 distance: 0.0022
  Entropy change: -0.0040
  Concentration change: -0.0000

2022_vs_2023:
  Cosine similarity: 0.9993
  L2 distance: 0.0087
  Entropy change: 0.0055
  Concentration change: -0.0000

2022_vs_2024:
  Cosine similarity: 0.9991
  L2 distance: 0.0095
  Entropy change: 0.0048
  Concentration change: -0.0000

2022_vs_2025:
  Cosine similarity: 0.9994
  L2 distance: 0.0079
  Entropy change: -0.0002
  Concentration change: -0.0000

2023_vs_2024:
  Cosine similarity: 1.0000
  L2 distance: 0.0016
  Entropy change: -0.0007
  Concentration change: 0.0000

2023_vs_2025:
  Cosine similarity: 0.9999
  L2 distance: 0.0025
  Entropy change: -0.0058
  Concentration change: -0.0000

2024_vs_2025:
  Cosine similarity: 1.0000
  L2 distance: 0.0021
  Entropy change: -0.0050
  Concentration change: -0.0000

======================================================================

Analysis complete!
Results saved to: experiments/00_baseline_exploration/sweep2_hidden_14/attention_analysis_year
  - attention_analysis_results.json
  - attention_heatmap.png
  - attention_trends.png
  - temporal_attention_comparison.png
