Logging to: experiments/01_staleness_features_fixed/sweep_stale_h14_drop0.35_lr3/attention_analysis_year/attention_analysis_20251027_193832.log
Analysis started at: 2025-10-27 19:38:32
======================================================================
Experiment: 01_staleness_features_fixed/sweep_stale_h14_drop0.35_lr3
Output directory: experiments/01_staleness_features_fixed/sweep_stale_h14_drop0.35_lr3/attention_analysis_year
Using best checkpoint: experiments/01_staleness_features_fixed/sweep_stale_h14_drop0.35_lr3/checkpoints/tft-epoch=06-val_loss=0.1620.ckpt

Loading data...
Loading test data from: data/splits/fixed/core_proposal_daily_fixed_test.csv
Detected staleness features in config, adding to data...
  Train samples: 6066
  Test samples: 1300

Preparing test dataset...
Test dataset size after filtering: 1280

Loading model...
Loading model from: experiments/01_staleness_features_fixed/sweep_stale_h14_drop0.35_lr3/checkpoints/tft-epoch=06-val_loss=0.1620.ckpt

Extracting attention patterns...
Extracting attention patterns...
Total batches to process: 10
  Processed 10/10 batches

Total predictions: 1280
Total actuals: 1280
Attention shape: (1280, 20)
Encoder variables shape: (1280, 7)

Prediction period: 2020-08-19T00:00:00.000000000 to 2025-10-06T00:00:00.000000000
Total predictions: 1280

Creating temporal periods:
  2020: 92 samples
  2021: 250 samples
  2022: 249 samples
  2023: 249 samples
  2024: 250 samples
  2025: 190 samples

Attention over 20 encoder timesteps

Analyzing attention patterns by period...

Comparing attention patterns across periods...

Creating visualizations...
Saved attention heatmap: experiments/01_staleness_features_fixed/sweep_stale_h14_drop0.35_lr3/attention_analysis_year/attention_heatmap.png
Saved attention trends: experiments/01_staleness_features_fixed/sweep_stale_h14_drop0.35_lr3/attention_analysis_year/attention_trends.png
Saved feature importance comparison: experiments/01_staleness_features_fixed/sweep_stale_h14_drop0.35_lr3/attention_analysis_year/temporal_attention_comparison.png

Saving results...
Saved results: experiments/01_staleness_features_fixed/sweep_stale_h14_drop0.35_lr3/attention_analysis_year/attention_analysis_results.json

======================================================================
ATTENTION ANALYSIS SUMMARY
======================================================================

Per-Period Statistics:
----------------------------------------------------------------------

2020:
  Samples: 92
  Entropy: 2.9855 ± 0.0122
  Concentration: 0.0501
  Top 5 features:
    t-1                            0.0524
    t-2                            0.0522
    t-3                            0.0520
    t-4                            0.0518
    t-5                            0.0516

2021:
  Samples: 250
  Entropy: 2.9904 ± 0.0047
  Concentration: 0.0502
  Top 5 features:
    t-1                            0.0541
    t-2                            0.0537
    t-3                            0.0533
    t-4                            0.0530
    t-5                            0.0527

2022:
  Samples: 249
  Entropy: 2.9814 ± 0.0064
  Concentration: 0.0503
  Top 5 features:
    t-1                            0.0556
    t-2                            0.0551
    t-3                            0.0545
    t-4                            0.0539
    t-5                            0.0534

2023:
  Samples: 249
  Entropy: 2.9866 ± 0.0053
  Concentration: 0.0503
  Top 5 features:
    t-1                            0.0549
    t-2                            0.0544
    t-3                            0.0540
    t-4                            0.0535
    t-5                            0.0531

2024:
  Samples: 250
  Entropy: 2.9884 ± 0.0051
  Concentration: 0.0504
  Top 5 features:
    t-1                            0.0557
    t-2                            0.0552
    t-3                            0.0546
    t-4                            0.0541
    t-5                            0.0536

2025:
  Samples: 190
  Entropy: 2.9815 ± 0.0182
  Concentration: 0.0504
  Top 5 features:
    t-1                            0.0563
    t-2                            0.0556
    t-3                            0.0549
    t-4                            0.0542
    t-5                            0.0536

----------------------------------------------------------------------
Period Comparisons:
----------------------------------------------------------------------

2020_vs_2021:
  Cosine similarity: 0.9998
  L2 distance: 0.0046
  Entropy change: 0.0049
  Concentration change: 0.0001

2020_vs_2022:
  Cosine similarity: 0.9993
  L2 distance: 0.0085
  Entropy change: -0.0042
  Concentration change: 0.0002

2020_vs_2023:
  Cosine similarity: 0.9994
  L2 distance: 0.0077
  Entropy change: 0.0010
  Concentration change: 0.0002

2020_vs_2024:
  Cosine similarity: 0.9991
  L2 distance: 0.0093
  Entropy change: 0.0029
  Concentration change: 0.0003

2020_vs_2025:
  Cosine similarity: 0.9991
  L2 distance: 0.0096
  Entropy change: -0.0040
  Concentration change: 0.0003

2021_vs_2022:
  Cosine similarity: 0.9998
  L2 distance: 0.0041
  Entropy change: -0.0091
  Concentration change: 0.0001

2021_vs_2023:
  Cosine similarity: 0.9999
  L2 distance: 0.0035
  Entropy change: -0.0039
  Concentration change: 0.0001

2021_vs_2024:
  Cosine similarity: 0.9998
  L2 distance: 0.0048
  Entropy change: -0.0020
  Concentration change: 0.0002

2021_vs_2025:
  Cosine similarity: 0.9997
  L2 distance: 0.0051
  Entropy change: -0.0089
  Concentration change: 0.0002

2022_vs_2023:
  Cosine similarity: 1.0000
  L2 distance: 0.0018
  Entropy change: 0.0052
  Concentration change: -0.0000

2022_vs_2024:
  Cosine similarity: 1.0000
  L2 distance: 0.0013
  Entropy change: 0.0070
  Concentration change: 0.0000

2022_vs_2025:
  Cosine similarity: 1.0000
  L2 distance: 0.0014
  Entropy change: 0.0002
  Concentration change: 0.0000

2023_vs_2024:
  Cosine similarity: 1.0000
  L2 distance: 0.0021
  Entropy change: 0.0018
  Concentration change: 0.0001

2023_vs_2025:
  Cosine similarity: 0.9999
  L2 distance: 0.0029
  Entropy change: -0.0051
  Concentration change: 0.0001

2024_vs_2025:
  Cosine similarity: 1.0000
  L2 distance: 0.0014
  Entropy change: -0.0069
  Concentration change: 0.0000

======================================================================

Analysis complete!
Results saved to: experiments/01_staleness_features_fixed/sweep_stale_h14_drop0.35_lr3/attention_analysis_year
  - attention_analysis_results.json
  - attention_heatmap.png
  - attention_trends.png
  - temporal_attention_comparison.png
