Logging to: experiments/01_staleness_features_fixed/sweep_stale_h14_drop0.35_lr3/attention_analysis_year/attention_analysis_20251030_131425.log
Analysis started at: 2025-10-30 13:14:25
======================================================================
Experiment: 01_staleness_features_fixed/sweep_stale_h14_drop0.35_lr3
Output directory: experiments/01_staleness_features_fixed/sweep_stale_h14_drop0.35_lr3/attention_analysis_year
Using best checkpoint: experiments/01_staleness_features_fixed/sweep_stale_h14_drop0.35_lr3/checkpoints/tft-epoch=93-val_loss=0.3986.ckpt

Loading data...
Loading test data from: data/splits/fixed/core_proposal_daily_fixed_test.csv
Detected staleness features in config, adding to data...
  Train samples: 6066
  Test samples: 1300

Preparing test dataset...
Test dataset size after filtering: 1280

Loading model...
Loading model from: experiments/01_staleness_features_fixed/sweep_stale_h14_drop0.35_lr3/checkpoints/tft-epoch=93-val_loss=0.3986.ckpt
Model moved to device: cuda

Extracting attention patterns...
Extracting attention patterns...
Total batches to process: 10
  Processed 10/10 batches

Total predictions: 1280
Total actuals: 1280
Attention shape: (1280, 20)
Encoder variables shape: (1280, 7)

Prediction period: 2020-08-19T00:00:00.000000000 to 2025-10-06T00:00:00.000000000
Total predictions: 1280

Creating temporal periods:
  2020: 92 samples
  2021: 250 samples
  2022: 249 samples
  2023: 249 samples
  2024: 250 samples
  2025: 190 samples

Attention over 20 encoder timesteps

Analyzing attention patterns by period...

Comparing attention patterns across periods...

Creating visualizations...
Saved attention heatmap: experiments/01_staleness_features_fixed/sweep_stale_h14_drop0.35_lr3/attention_analysis_year/attention_heatmap.png
Saved attention trends: experiments/01_staleness_features_fixed/sweep_stale_h14_drop0.35_lr3/attention_analysis_year/attention_trends.png
Saved feature importance comparison: experiments/01_staleness_features_fixed/sweep_stale_h14_drop0.35_lr3/attention_analysis_year/temporal_attention_comparison.png

Saving results...
Saved results: experiments/01_staleness_features_fixed/sweep_stale_h14_drop0.35_lr3/attention_analysis_year/attention_analysis_results.json

======================================================================
ATTENTION ANALYSIS SUMMARY
======================================================================

Per-Period Statistics:
----------------------------------------------------------------------

2020:
  Samples: 92
  Entropy: 2.9484 ± 0.0445
  Concentration: 0.0503
  Top 5 features:
    t-16                           0.0556
    t-17                           0.0553
    t-15                           0.0545
    t-14                           0.0532
    t-13                           0.0521

2021:
  Samples: 250
  Entropy: 2.9556 ± 0.0456
  Concentration: 0.0501
  Top 5 features:
    t-1                            0.0523
    t-2                            0.0517
    t-3                            0.0512
    t-16                           0.0511
    t-15                           0.0511

2022:
  Samples: 249
  Entropy: 2.9553 ± 0.0365
  Concentration: 0.0502
  Top 5 features:
    t-17                           0.0537
    t-16                           0.0534
    t-1                            0.0529
    t-15                           0.0522
    t-2                            0.0518

2023:
  Samples: 249
  Entropy: 2.9793 ± 0.0135
  Concentration: 0.0500
  Top 5 features:
    t-16                           0.0520
    t-17                           0.0519
    t-15                           0.0517
    t-14                           0.0514
    t-18                           0.0510

2024:
  Samples: 250
  Entropy: 2.9479 ± 0.0811
  Concentration: 0.0501
  Top 5 features:
    t-1                            0.0527
    t-2                            0.0519
    t-3                            0.0515
    t-4                            0.0513
    t-5                            0.0512

2025:
  Samples: 190
  Entropy: 2.9446 ± 0.0575
  Concentration: 0.0501
  Top 5 features:
    t-16                           0.0524
    t-15                           0.0523
    t-17                           0.0519
    t-14                           0.0519
    t-13                           0.0515

----------------------------------------------------------------------
Period Comparisons:
----------------------------------------------------------------------

2020_vs_2021:
  Cosine similarity: 0.9987
  L2 distance: 0.0115
  Entropy change: 0.0072
  Concentration change: -0.0002

2020_vs_2022:
  Cosine similarity: 0.9993
  L2 distance: 0.0082
  Entropy change: 0.0069
  Concentration change: -0.0002

2020_vs_2023:
  Cosine similarity: 0.9980
  L2 distance: 0.0143
  Entropy change: 0.0309
  Concentration change: -0.0003

2020_vs_2024:
  Cosine similarity: 0.9978
  L2 distance: 0.0149
  Entropy change: -0.0005
  Concentration change: -0.0003

2020_vs_2025:
  Cosine similarity: 0.9989
  L2 distance: 0.0103
  Entropy change: -0.0038
  Concentration change: -0.0003

2021_vs_2022:
  Cosine similarity: 0.9996
  L2 distance: 0.0063
  Entropy change: -0.0003
  Concentration change: 0.0001

2021_vs_2023:
  Cosine similarity: 0.9992
  L2 distance: 0.0092
  Entropy change: 0.0237
  Concentration change: -0.0001

2021_vs_2024:
  Cosine similarity: 0.9999
  L2 distance: 0.0036
  Entropy change: -0.0077
  Concentration change: -0.0000

2021_vs_2025:
  Cosine similarity: 0.9997
  L2 distance: 0.0056
  Entropy change: -0.0110
  Concentration change: -0.0000

2022_vs_2023:
  Cosine similarity: 0.9990
  L2 distance: 0.0100
  Entropy change: 0.0240
  Concentration change: -0.0001

2022_vs_2024:
  Cosine similarity: 0.9993
  L2 distance: 0.0087
  Entropy change: -0.0074
  Concentration change: -0.0001

2022_vs_2025:
  Cosine similarity: 0.9996
  L2 distance: 0.0063
  Entropy change: -0.0107
  Concentration change: -0.0001

2023_vs_2024:
  Cosine similarity: 0.9992
  L2 distance: 0.0091
  Entropy change: -0.0314
  Concentration change: 0.0000

2023_vs_2025:
  Cosine similarity: 0.9997
  L2 distance: 0.0055
  Entropy change: -0.0347
  Concentration change: 0.0001

2024_vs_2025:
  Cosine similarity: 0.9995
  L2 distance: 0.0074
  Entropy change: -0.0033
  Concentration change: 0.0000

======================================================================

Analysis complete!
Results saved to: experiments/01_staleness_features_fixed/sweep_stale_h14_drop0.35_lr3/attention_analysis_year
  - attention_analysis_results.json
  - attention_heatmap.png
  - attention_trends.png
  - temporal_attention_comparison.png
