Logging to: experiments/00_baseline_exploration/sweep_combo1/attention_analysis_year/attention_analysis_20251030_130918.log
Analysis started at: 2025-10-30 13:09:18
======================================================================
Experiment: 00_baseline_exploration/sweep_combo1
Output directory: experiments/00_baseline_exploration/sweep_combo1/attention_analysis_year
Using best checkpoint: experiments/00_baseline_exploration/sweep_combo1/checkpoints/tft-epoch=32-val_loss=0.4014.ckpt

Loading data...
Loading test data from: data/splits/fixed/core_proposal_daily_fixed_test.csv
  Train samples: 6066
  Test samples: 1300

Preparing test dataset...
Test dataset size after filtering: 1240

Loading model...
Loading model from: experiments/00_baseline_exploration/sweep_combo1/checkpoints/tft-epoch=32-val_loss=0.4014.ckpt
Model moved to device: cuda

Extracting attention patterns...
Extracting attention patterns...
Total batches to process: 10
  Processed 10/10 batches

Total predictions: 1240
Total actuals: 1240
Attention shape: (1240, 60)
Encoder variables shape: (1240, 5)

Prediction period: 2020-10-16T00:00:00.000000000 to 2025-10-06T00:00:00.000000000
Total predictions: 1240

Creating temporal periods:
  2020: 52 samples
  2021: 250 samples
  2022: 249 samples
  2023: 249 samples
  2024: 250 samples
  2025: 190 samples

Attention over 60 encoder timesteps

Analyzing attention patterns by period...

Comparing attention patterns across periods...

Creating visualizations...
Saved attention heatmap: experiments/00_baseline_exploration/sweep_combo1/attention_analysis_year/attention_heatmap.png
Saved attention trends: experiments/00_baseline_exploration/sweep_combo1/attention_analysis_year/attention_trends.png
Saved feature importance comparison: experiments/00_baseline_exploration/sweep_combo1/attention_analysis_year/temporal_attention_comparison.png

Saving results...
Saved results: experiments/00_baseline_exploration/sweep_combo1/attention_analysis_year/attention_analysis_results.json

======================================================================
ATTENTION ANALYSIS SUMMARY
======================================================================

Per-Period Statistics:
----------------------------------------------------------------------

2020:
  Samples: 52
  Entropy: 3.9156 ± 0.0765
  Concentration: 0.0187
  Top 5 features:
    t-1                            0.0382
    t-2                            0.0353
    t-3                            0.0326
    t-4                            0.0299
    t-5                            0.0275

2021:
  Samples: 250
  Entropy: 3.8759 ± 0.1055
  Concentration: 0.0181
  Top 5 features:
    t-1                            0.0321
    t-2                            0.0299
    t-3                            0.0280
    t-4                            0.0263
    t-5                            0.0249

2022:
  Samples: 249
  Entropy: 3.8466 ± 0.1112
  Concentration: 0.0188
  Top 5 features:
    t-1                            0.0389
    t-2                            0.0356
    t-3                            0.0326
    t-4                            0.0302
    t-5                            0.0279

2023:
  Samples: 249
  Entropy: 3.9432 ± 0.0851
  Concentration: 0.0189
  Top 5 features:
    t-1                            0.0358
    t-2                            0.0336
    t-3                            0.0316
    t-4                            0.0299
    t-5                            0.0285

2024:
  Samples: 250
  Entropy: 3.8858 ± 0.2411
  Concentration: 0.0177
  Top 5 features:
    t-1                            0.0276
    t-2                            0.0263
    t-3                            0.0254
    t-4                            0.0246
    t-5                            0.0241

2025:
  Samples: 190
  Entropy: 3.8071 ± 0.3591
  Concentration: 0.0177
  Top 5 features:
    t-1                            0.0318
    t-2                            0.0296
    t-3                            0.0274
    t-4                            0.0261
    t-5                            0.0245

----------------------------------------------------------------------
Period Comparisons:
----------------------------------------------------------------------

2020_vs_2021:
  Cosine similarity: 0.9927
  L2 distance: 0.0165
  Entropy change: -0.0397
  Concentration change: -0.0006

2020_vs_2022:
  Cosine similarity: 0.9986
  L2 distance: 0.0072
  Entropy change: -0.0690
  Concentration change: 0.0001

2020_vs_2023:
  Cosine similarity: 0.9964
  L2 distance: 0.0117
  Entropy change: 0.0276
  Concentration change: 0.0002

2020_vs_2024:
  Cosine similarity: 0.9877
  L2 distance: 0.0214
  Entropy change: -0.0298
  Concentration change: -0.0010

2020_vs_2025:
  Cosine similarity: 0.9945
  L2 distance: 0.0146
  Entropy change: -0.1085
  Concentration change: -0.0010

2021_vs_2022:
  Cosine similarity: 0.9943
  L2 distance: 0.0147
  Entropy change: -0.0293
  Concentration change: 0.0007

2021_vs_2023:
  Cosine similarity: 0.9964
  L2 distance: 0.0119
  Entropy change: 0.0673
  Concentration change: 0.0008

2021_vs_2024:
  Cosine similarity: 0.9982
  L2 distance: 0.0082
  Entropy change: 0.0099
  Concentration change: -0.0004

2021_vs_2025:
  Cosine similarity: 0.9943
  L2 distance: 0.0143
  Entropy change: -0.0688
  Concentration change: -0.0004

2022_vs_2023:
  Cosine similarity: 0.9982
  L2 distance: 0.0082
  Entropy change: 0.0966
  Concentration change: 0.0001

2022_vs_2024:
  Cosine similarity: 0.9888
  L2 distance: 0.0207
  Entropy change: 0.0392
  Concentration change: -0.0011

2022_vs_2025:
  Cosine similarity: 0.9939
  L2 distance: 0.0155
  Entropy change: -0.0395
  Concentration change: -0.0011

2023_vs_2024:
  Cosine similarity: 0.9916
  L2 distance: 0.0181
  Entropy change: -0.0574
  Concentration change: -0.0012

2023_vs_2025:
  Cosine similarity: 0.9919
  L2 distance: 0.0178
  Entropy change: -0.1361
  Concentration change: -0.0012

2024_vs_2025:
  Cosine similarity: 0.9935
  L2 distance: 0.0152
  Entropy change: -0.0786
  Concentration change: 0.0000

======================================================================

Analysis complete!
Results saved to: experiments/00_baseline_exploration/sweep_combo1/attention_analysis_year
  - attention_analysis_results.json
  - attention_heatmap.png
  - attention_trends.png
  - temporal_attention_comparison.png
