Logging to: experiments/00_baseline_exploration/sweep_combo1/attention_analysis_year/attention_analysis_20251027_191459.log
Analysis started at: 2025-10-27 19:14:59
======================================================================
Experiment: 00_baseline_exploration/sweep_combo1
Output directory: experiments/00_baseline_exploration/sweep_combo1/attention_analysis_year
Using best checkpoint: experiments/00_baseline_exploration/sweep_combo1/checkpoints/tft-epoch=01-val_loss=0.1494.ckpt

Loading data...
Loading test data from: data/splits/fixed/core_proposal_daily_fixed_test.csv
  Train samples: 6066
  Test samples: 1300

Preparing test dataset...
Test dataset size after filtering: 1240

Loading model...
Loading model from: experiments/00_baseline_exploration/sweep_combo1/checkpoints/tft-epoch=01-val_loss=0.1494.ckpt

Extracting attention patterns...
Extracting attention patterns...
Total batches to process: 10
  Processed 10/10 batches

Total predictions: 1240
Total actuals: 1240
Attention shape: (1240, 60)
Encoder variables shape: (1240, 5)

Prediction period: 2020-10-16T00:00:00.000000000 to 2025-10-06T00:00:00.000000000
Total predictions: 1240

Creating temporal periods:
  2020: 52 samples
  2021: 250 samples
  2022: 249 samples
  2023: 249 samples
  2024: 250 samples
  2025: 190 samples

Attention over 60 encoder timesteps

Analyzing attention patterns by period...

Comparing attention patterns across periods...

Creating visualizations...
Saved attention heatmap: experiments/00_baseline_exploration/sweep_combo1/attention_analysis_year/attention_heatmap.png
Saved attention trends: experiments/00_baseline_exploration/sweep_combo1/attention_analysis_year/attention_trends.png
Saved feature importance comparison: experiments/00_baseline_exploration/sweep_combo1/attention_analysis_year/temporal_attention_comparison.png

Saving results...
Saved results: experiments/00_baseline_exploration/sweep_combo1/attention_analysis_year/attention_analysis_results.json

======================================================================
ATTENTION ANALYSIS SUMMARY
======================================================================

Per-Period Statistics:
----------------------------------------------------------------------

2020:
  Samples: 52
  Entropy: 4.0650 ± 0.0082
  Concentration: 0.0175
  Top 5 features:
    t-60                           0.0255
    t-59                           0.0238
    t-58                           0.0227
    t-57                           0.0221
    t-56                           0.0217

2021:
  Samples: 250
  Entropy: 4.0615 ± 0.0112
  Concentration: 0.0176
  Top 5 features:
    t-60                           0.0258
    t-59                           0.0240
    t-58                           0.0229
    t-57                           0.0223
    t-56                           0.0219

2022:
  Samples: 249
  Entropy: 4.0701 ± 0.0124
  Concentration: 0.0173
  Top 5 features:
    t-60                           0.0253
    t-59                           0.0234
    t-58                           0.0223
    t-57                           0.0217
    t-56                           0.0214

2023:
  Samples: 249
  Entropy: 4.0679 ± 0.0095
  Concentration: 0.0175
  Top 5 features:
    t-60                           0.0256
    t-59                           0.0239
    t-58                           0.0229
    t-57                           0.0223
    t-56                           0.0220

2024:
  Samples: 250
  Entropy: 4.0720 ± 0.0133
  Concentration: 0.0173
  Top 5 features:
    t-60                           0.0241
    t-59                           0.0227
    t-58                           0.0219
    t-57                           0.0214
    t-56                           0.0211

2025:
  Samples: 190
  Entropy: 4.0454 ± 0.0251
  Concentration: 0.0178
  Top 5 features:
    t-60                           0.0277
    t-59                           0.0259
    t-58                           0.0250
    t-57                           0.0243
    t-56                           0.0239

----------------------------------------------------------------------
Period Comparisons:
----------------------------------------------------------------------

2020_vs_2021:
  Cosine similarity: 0.9998
  L2 distance: 0.0023
  Entropy change: -0.0035
  Concentration change: 0.0001

2020_vs_2022:
  Cosine similarity: 0.9992
  L2 distance: 0.0053
  Entropy change: 0.0050
  Concentration change: -0.0002

2020_vs_2023:
  Cosine similarity: 0.9998
  L2 distance: 0.0026
  Entropy change: 0.0028
  Concentration change: -0.0000

2020_vs_2024:
  Cosine similarity: 0.9993
  L2 distance: 0.0051
  Entropy change: 0.0070
  Concentration change: -0.0003

2020_vs_2025:
  Cosine similarity: 0.9984
  L2 distance: 0.0076
  Entropy change: -0.0196
  Concentration change: 0.0003

2021_vs_2022:
  Cosine similarity: 0.9989
  L2 distance: 0.0064
  Entropy change: 0.0086
  Concentration change: -0.0003

2021_vs_2023:
  Cosine similarity: 0.9998
  L2 distance: 0.0027
  Entropy change: 0.0063
  Concentration change: -0.0001

2021_vs_2024:
  Cosine similarity: 0.9990
  L2 distance: 0.0061
  Entropy change: 0.0105
  Concentration change: -0.0003

2021_vs_2025:
  Cosine similarity: 0.9987
  L2 distance: 0.0068
  Entropy change: -0.0161
  Concentration change: 0.0002

2022_vs_2023:
  Cosine similarity: 0.9996
  L2 distance: 0.0040
  Entropy change: -0.0022
  Concentration change: 0.0002

2022_vs_2024:
  Cosine similarity: 0.9999
  L2 distance: 0.0020
  Entropy change: 0.0019
  Concentration change: -0.0000

2022_vs_2025:
  Cosine similarity: 0.9975
  L2 distance: 0.0096
  Entropy change: -0.0246
  Concentration change: 0.0005

2023_vs_2024:
  Cosine similarity: 0.9995
  L2 distance: 0.0042
  Entropy change: 0.0042
  Concentration change: -0.0002

2023_vs_2025:
  Cosine similarity: 0.9988
  L2 distance: 0.0066
  Entropy change: -0.0224
  Concentration change: 0.0003

2024_vs_2025:
  Cosine similarity: 0.9970
  L2 distance: 0.0105
  Entropy change: -0.0266
  Concentration change: 0.0006

======================================================================

Analysis complete!
Results saved to: experiments/00_baseline_exploration/sweep_combo1/attention_analysis_year
  - attention_analysis_results.json
  - attention_heatmap.png
  - attention_trends.png
  - temporal_attention_comparison.png
