Logging to: experiments/01_staleness_features_fixed/sweep_stale_h20_drop0.25_lr3/attention_analysis_year/attention_analysis_20251030_131741.log
Analysis started at: 2025-10-30 13:17:41
======================================================================
Experiment: 01_staleness_features_fixed/sweep_stale_h20_drop0.25_lr3
Output directory: experiments/01_staleness_features_fixed/sweep_stale_h20_drop0.25_lr3/attention_analysis_year
Using best checkpoint: experiments/01_staleness_features_fixed/sweep_stale_h20_drop0.25_lr3/checkpoints/tft-epoch=71-val_loss=0.4024.ckpt

Loading data...
Loading test data from: data/splits/fixed/core_proposal_daily_fixed_test.csv
Detected staleness features in config, adding to data...
  Train samples: 6066
  Test samples: 1300

Preparing test dataset...
Test dataset size after filtering: 1280

Loading model...
Loading model from: experiments/01_staleness_features_fixed/sweep_stale_h20_drop0.25_lr3/checkpoints/tft-epoch=71-val_loss=0.4024.ckpt
Model moved to device: cuda

Extracting attention patterns...
Extracting attention patterns...
Total batches to process: 10
  Processed 10/10 batches

Total predictions: 1280
Total actuals: 1280
Attention shape: (1280, 20)
Encoder variables shape: (1280, 7)

Prediction period: 2020-08-19T00:00:00.000000000 to 2025-10-06T00:00:00.000000000
Total predictions: 1280

Creating temporal periods:
  2020: 92 samples
  2021: 250 samples
  2022: 249 samples
  2023: 249 samples
  2024: 250 samples
  2025: 190 samples

Attention over 20 encoder timesteps

Analyzing attention patterns by period...

Comparing attention patterns across periods...

Creating visualizations...
Saved attention heatmap: experiments/01_staleness_features_fixed/sweep_stale_h20_drop0.25_lr3/attention_analysis_year/attention_heatmap.png
Saved attention trends: experiments/01_staleness_features_fixed/sweep_stale_h20_drop0.25_lr3/attention_analysis_year/attention_trends.png
Saved feature importance comparison: experiments/01_staleness_features_fixed/sweep_stale_h20_drop0.25_lr3/attention_analysis_year/temporal_attention_comparison.png

Saving results...
Saved results: experiments/01_staleness_features_fixed/sweep_stale_h20_drop0.25_lr3/attention_analysis_year/attention_analysis_results.json

======================================================================
ATTENTION ANALYSIS SUMMARY
======================================================================

Per-Period Statistics:
----------------------------------------------------------------------

2020:
  Samples: 92
  Entropy: 2.9544 ± 0.0372
  Concentration: 0.0515
  Top 5 features:
    t-1                            0.0667
    t-2                            0.0641
    t-3                            0.0617
    t-4                            0.0598
    t-5                            0.0580

2021:
  Samples: 250
  Entropy: 2.8979 ± 0.1170
  Concentration: 0.0516
  Top 5 features:
    t-1                            0.0667
    t-2                            0.0640
    t-3                            0.0614
    t-4                            0.0592
    t-5                            0.0575

2022:
  Samples: 249
  Entropy: 2.8962 ± 0.1096
  Concentration: 0.0534
  Top 5 features:
    t-1                            0.0754
    t-2                            0.0698
    t-3                            0.0656
    t-4                            0.0625
    t-5                            0.0601

2023:
  Samples: 249
  Entropy: 2.9327 ± 0.0526
  Concentration: 0.0513
  Top 5 features:
    t-1                            0.0641
    t-2                            0.0623
    t-3                            0.0605
    t-4                            0.0588
    t-5                            0.0572

2024:
  Samples: 250
  Entropy: 2.9138 ± 0.1404
  Concentration: 0.0518
  Top 5 features:
    t-1                            0.0689
    t-2                            0.0663
    t-3                            0.0637
    t-4                            0.0613
    t-5                            0.0589

2025:
  Samples: 190
  Entropy: 2.9163 ± 0.1105
  Concentration: 0.0511
  Top 5 features:
    t-1                            0.0661
    t-2                            0.0616
    t-3                            0.0591
    t-4                            0.0572
    t-5                            0.0554

----------------------------------------------------------------------
Period Comparisons:
----------------------------------------------------------------------

2020_vs_2021:
  Cosine similarity: 0.9998
  L2 distance: 0.0043
  Entropy change: -0.0566
  Concentration change: 0.0001

2020_vs_2022:
  Cosine similarity: 0.9961
  L2 distance: 0.0207
  Entropy change: -0.0582
  Concentration change: 0.0019

2020_vs_2023:
  Cosine similarity: 0.9997
  L2 distance: 0.0051
  Entropy change: -0.0218
  Concentration change: -0.0002

2020_vs_2024:
  Cosine similarity: 0.9996
  L2 distance: 0.0066
  Entropy change: -0.0406
  Concentration change: 0.0003

2020_vs_2025:
  Cosine similarity: 0.9994
  L2 distance: 0.0079
  Entropy change: -0.0382
  Concentration change: -0.0005

2021_vs_2022:
  Cosine similarity: 0.9968
  L2 distance: 0.0187
  Entropy change: -0.0017
  Concentration change: 0.0018

2021_vs_2023:
  Cosine similarity: 0.9998
  L2 distance: 0.0044
  Entropy change: 0.0348
  Concentration change: -0.0003

2021_vs_2024:
  Cosine similarity: 0.9991
  L2 distance: 0.0098
  Entropy change: 0.0160
  Concentration change: 0.0002

2021_vs_2025:
  Cosine similarity: 0.9993
  L2 distance: 0.0087
  Entropy change: 0.0184
  Concentration change: -0.0006

2022_vs_2023:
  Cosine similarity: 0.9953
  L2 distance: 0.0226
  Entropy change: 0.0365
  Concentration change: -0.0021

2022_vs_2024:
  Cosine similarity: 0.9960
  L2 distance: 0.0209
  Entropy change: 0.0176
  Concentration change: -0.0016

2022_vs_2025:
  Cosine similarity: 0.9935
  L2 distance: 0.0265
  Entropy change: 0.0201
  Concentration change: -0.0024

2023_vs_2024:
  Cosine similarity: 0.9989
  L2 distance: 0.0108
  Entropy change: -0.0188
  Concentration change: 0.0005

2023_vs_2025:
  Cosine similarity: 0.9996
  L2 distance: 0.0061
  Entropy change: -0.0164
  Concentration change: -0.0003

2024_vs_2025:
  Cosine similarity: 0.9985
  L2 distance: 0.0124
  Entropy change: 0.0024
  Concentration change: -0.0008

======================================================================

Analysis complete!
Results saved to: experiments/01_staleness_features_fixed/sweep_stale_h20_drop0.25_lr3/attention_analysis_year
  - attention_analysis_results.json
  - attention_heatmap.png
  - attention_trends.png
  - temporal_attention_comparison.png
