Logging to: experiments/01_staleness_features_fixed/sweep_stale_h20_drop0.25_lr3/attention_analysis_year/attention_analysis_20251027_193943.log
Analysis started at: 2025-10-27 19:39:43
======================================================================
Experiment: 01_staleness_features_fixed/sweep_stale_h20_drop0.25_lr3
Output directory: experiments/01_staleness_features_fixed/sweep_stale_h20_drop0.25_lr3/attention_analysis_year
Using best checkpoint: experiments/01_staleness_features_fixed/sweep_stale_h20_drop0.25_lr3/checkpoints/tft-epoch=02-val_loss=0.1715.ckpt

Loading data...
Loading test data from: data/splits/fixed/core_proposal_daily_fixed_test.csv
Detected staleness features in config, adding to data...
  Train samples: 6066
  Test samples: 1300

Preparing test dataset...
Test dataset size after filtering: 1280

Loading model...
Loading model from: experiments/01_staleness_features_fixed/sweep_stale_h20_drop0.25_lr3/checkpoints/tft-epoch=02-val_loss=0.1715.ckpt

Extracting attention patterns...
Extracting attention patterns...
Total batches to process: 10
  Processed 10/10 batches

Total predictions: 1280
Total actuals: 1280
Attention shape: (1280, 20)
Encoder variables shape: (1280, 7)

Prediction period: 2020-08-19T00:00:00.000000000 to 2025-10-06T00:00:00.000000000
Total predictions: 1280

Creating temporal periods:
  2020: 92 samples
  2021: 250 samples
  2022: 249 samples
  2023: 249 samples
  2024: 250 samples
  2025: 190 samples

Attention over 20 encoder timesteps

Analyzing attention patterns by period...

Comparing attention patterns across periods...

Creating visualizations...
Saved attention heatmap: experiments/01_staleness_features_fixed/sweep_stale_h20_drop0.25_lr3/attention_analysis_year/attention_heatmap.png
Saved attention trends: experiments/01_staleness_features_fixed/sweep_stale_h20_drop0.25_lr3/attention_analysis_year/attention_trends.png
Saved feature importance comparison: experiments/01_staleness_features_fixed/sweep_stale_h20_drop0.25_lr3/attention_analysis_year/temporal_attention_comparison.png

Saving results...
Saved results: experiments/01_staleness_features_fixed/sweep_stale_h20_drop0.25_lr3/attention_analysis_year/attention_analysis_results.json

======================================================================
ATTENTION ANALYSIS SUMMARY
======================================================================

Per-Period Statistics:
----------------------------------------------------------------------

2020:
  Samples: 92
  Entropy: 2.9885 ± 0.0076
  Concentration: 0.0500
  Top 5 features:
    t-20                           0.0512
    t-19                           0.0510
    t-18                           0.0508
    t-17                           0.0504
    t-16                           0.0501

2021:
  Samples: 250
  Entropy: 2.9922 ± 0.0028
  Concentration: 0.0500
  Top 5 features:
    t-20                           0.0531
    t-19                           0.0524
    t-18                           0.0517
    t-17                           0.0511
    t-16                           0.0507

2022:
  Samples: 249
  Entropy: 2.9870 ± 0.0068
  Concentration: 0.0502
  Top 5 features:
    t-20                           0.0584
    t-19                           0.0564
    t-18                           0.0544
    t-17                           0.0528
    t-16                           0.0517

2023:
  Samples: 249
  Entropy: 2.9926 ± 0.0019
  Concentration: 0.0501
  Top 5 features:
    t-20                           0.0552
    t-19                           0.0531
    t-18                           0.0518
    t-17                           0.0509
    t-16                           0.0503

2024:
  Samples: 250
  Entropy: 2.9943 ± 0.0011
  Concentration: 0.0500
  Top 5 features:
    t-20                           0.0544
    t-19                           0.0526
    t-18                           0.0516
    t-17                           0.0509
    t-16                           0.0504

2025:
  Samples: 190
  Entropy: 2.9885 ± 0.0166
  Concentration: 0.0501
  Top 5 features:
    t-20                           0.0552
    t-19                           0.0531
    t-18                           0.0519
    t-17                           0.0510
    t-16                           0.0503

----------------------------------------------------------------------
Period Comparisons:
----------------------------------------------------------------------

2020_vs_2021:
  Cosine similarity: 0.9999
  L2 distance: 0.0036
  Entropy change: 0.0037
  Concentration change: 0.0000

2020_vs_2022:
  Cosine similarity: 0.9985
  L2 distance: 0.0124
  Entropy change: -0.0015
  Concentration change: 0.0002

2020_vs_2023:
  Cosine similarity: 0.9997
  L2 distance: 0.0051
  Entropy change: 0.0040
  Concentration change: 0.0000

2020_vs_2024:
  Cosine similarity: 0.9998
  L2 distance: 0.0042
  Entropy change: 0.0057
  Concentration change: 0.0000

2020_vs_2025:
  Cosine similarity: 0.9997
  L2 distance: 0.0053
  Entropy change: -0.0000
  Concentration change: 0.0000

2021_vs_2022:
  Cosine similarity: 0.9992
  L2 distance: 0.0088
  Entropy change: -0.0052
  Concentration change: 0.0002

2021_vs_2023:
  Cosine similarity: 0.9999
  L2 distance: 0.0028
  Entropy change: 0.0003
  Concentration change: 0.0000

2021_vs_2024:
  Cosine similarity: 1.0000
  L2 distance: 0.0020
  Entropy change: 0.0020
  Concentration change: 0.0000

2021_vs_2025:
  Cosine similarity: 0.9999
  L2 distance: 0.0036
  Entropy change: -0.0037
  Concentration change: 0.0000

2022_vs_2023:
  Cosine similarity: 0.9994
  L2 distance: 0.0079
  Entropy change: 0.0056
  Concentration change: -0.0002

2022_vs_2024:
  Cosine similarity: 0.9993
  L2 distance: 0.0086
  Entropy change: 0.0072
  Concentration change: -0.0002

2022_vs_2025:
  Cosine similarity: 0.9993
  L2 distance: 0.0085
  Entropy change: 0.0015
  Concentration change: -0.0002

2023_vs_2024:
  Cosine similarity: 1.0000
  L2 distance: 0.0010
  Entropy change: 0.0017
  Concentration change: -0.0000

2023_vs_2025:
  Cosine similarity: 1.0000
  L2 distance: 0.0013
  Entropy change: -0.0041
  Concentration change: 0.0000

2024_vs_2025:
  Cosine similarity: 1.0000
  L2 distance: 0.0018
  Entropy change: -0.0057
  Concentration change: 0.0000

======================================================================

Analysis complete!
Results saved to: experiments/01_staleness_features_fixed/sweep_stale_h20_drop0.25_lr3/attention_analysis_year
  - attention_analysis_results.json
  - attention_heatmap.png
  - attention_trends.png
  - temporal_attention_comparison.png
