Logging to: experiments/00_baseline_exploration/sweep2_h16_lr_0.0004/attention_analysis_year/attention_analysis_20251027_191425.log
Analysis started at: 2025-10-27 19:14:25
======================================================================
Experiment: 00_baseline_exploration/sweep2_h16_lr_0.0004
Output directory: experiments/00_baseline_exploration/sweep2_h16_lr_0.0004/attention_analysis_year
Using best checkpoint: experiments/00_baseline_exploration/sweep2_h16_lr_0.0004/checkpoints/tft-epoch=02-val_loss=0.1298.ckpt

Loading data...
Loading test data from: data/splits/fixed/core_proposal_daily_fixed_test.csv
  Train samples: 6066
  Test samples: 1300

Preparing test dataset...
Test dataset size after filtering: 1280

Loading model...
Loading model from: experiments/00_baseline_exploration/sweep2_h16_lr_0.0004/checkpoints/tft-epoch=02-val_loss=0.1298.ckpt

Extracting attention patterns...
Extracting attention patterns...
Total batches to process: 10
  Processed 10/10 batches

Total predictions: 1280
Total actuals: 1280
Attention shape: (1280, 20)
Encoder variables shape: (1280, 5)

Prediction period: 2020-08-19T00:00:00.000000000 to 2025-10-06T00:00:00.000000000
Total predictions: 1280

Creating temporal periods:
  2020: 92 samples
  2021: 250 samples
  2022: 249 samples
  2023: 249 samples
  2024: 250 samples
  2025: 190 samples

Attention over 20 encoder timesteps

Analyzing attention patterns by period...

Comparing attention patterns across periods...

Creating visualizations...
Saved attention heatmap: experiments/00_baseline_exploration/sweep2_h16_lr_0.0004/attention_analysis_year/attention_heatmap.png
Saved attention trends: experiments/00_baseline_exploration/sweep2_h16_lr_0.0004/attention_analysis_year/attention_trends.png
Saved feature importance comparison: experiments/00_baseline_exploration/sweep2_h16_lr_0.0004/attention_analysis_year/temporal_attention_comparison.png

Saving results...
Saved results: experiments/00_baseline_exploration/sweep2_h16_lr_0.0004/attention_analysis_year/attention_analysis_results.json

======================================================================
ATTENTION ANALYSIS SUMMARY
======================================================================

Per-Period Statistics:
----------------------------------------------------------------------

2020:
  Samples: 92
  Entropy: 2.9936 ± 0.0015
  Concentration: 0.0501
  Top 5 features:
    t-1                            0.0556
    t-2                            0.0544
    t-20                           0.0541
    t-3                            0.0533
    t-4                            0.0522

2021:
  Samples: 250
  Entropy: 2.9567 ± 0.0252
  Concentration: 0.0501
  Top 5 features:
    t-20                           0.0539
    t-1                            0.0538
    t-2                            0.0533
    t-3                            0.0527
    t-4                            0.0521

2022:
  Samples: 249
  Entropy: 2.9830 ± 0.0079
  Concentration: 0.0507
  Top 5 features:
    t-20                           0.0683
    t-19                           0.0617
    t-18                           0.0579
    t-17                           0.0542
    t-16                           0.0517

2023:
  Samples: 249
  Entropy: 2.9508 ± 0.0396
  Concentration: 0.0506
  Top 5 features:
    t-1                            0.0595
    t-2                            0.0584
    t-20                           0.0577
    t-3                            0.0571
    t-4                            0.0557

2024:
  Samples: 250
  Entropy: 2.8770 ± 0.1103
  Concentration: 0.0528
  Top 5 features:
    t-1                            0.0750
    t-2                            0.0715
    t-3                            0.0680
    t-4                            0.0645
    t-5                            0.0609

2025:
  Samples: 190
  Entropy: 2.8489 ± 0.1171
  Concentration: 0.0510
  Top 5 features:
    t-1                            0.0645
    t-20                           0.0625
    t-2                            0.0616
    t-3                            0.0587
    t-4                            0.0557

----------------------------------------------------------------------
Period Comparisons:
----------------------------------------------------------------------

2020_vs_2021:
  Cosine similarity: 0.9999
  L2 distance: 0.0026
  Entropy change: -0.0369
  Concentration change: -0.0000

2020_vs_2022:
  Cosine similarity: 0.9923
  L2 distance: 0.0279
  Entropy change: -0.0106
  Concentration change: 0.0006

2020_vs_2023:
  Cosine similarity: 0.9982
  L2 distance: 0.0134
  Entropy change: -0.0427
  Concentration change: 0.0005

2020_vs_2024:
  Cosine similarity: 0.9824
  L2 distance: 0.0430
  Entropy change: -0.1165
  Concentration change: 0.0026

2020_vs_2025:
  Cosine similarity: 0.9957
  L2 distance: 0.0210
  Entropy change: -0.1446
  Concentration change: 0.0009

2021_vs_2022:
  Cosine similarity: 0.9931
  L2 distance: 0.0263
  Entropy change: 0.0263
  Concentration change: 0.0006

2021_vs_2023:
  Cosine similarity: 0.9978
  L2 distance: 0.0149
  Entropy change: -0.0058
  Concentration change: 0.0005

2021_vs_2024:
  Cosine similarity: 0.9806
  L2 distance: 0.0450
  Entropy change: -0.0797
  Concentration change: 0.0027

2021_vs_2025:
  Cosine similarity: 0.9950
  L2 distance: 0.0225
  Entropy change: -0.1078
  Concentration change: 0.0009

2022_vs_2023:
  Cosine similarity: 0.9886
  L2 distance: 0.0340
  Entropy change: -0.0321
  Concentration change: -0.0001

2022_vs_2024:
  Cosine similarity: 0.9566
  L2 distance: 0.0671
  Entropy change: -0.1060
  Concentration change: 0.0021

2022_vs_2025:
  Cosine similarity: 0.9877
  L2 distance: 0.0353
  Entropy change: -0.1341
  Concentration change: 0.0003

2023_vs_2024:
  Cosine similarity: 0.9894
  L2 distance: 0.0334
  Entropy change: -0.0738
  Concentration change: 0.0022

2023_vs_2025:
  Cosine similarity: 0.9988
  L2 distance: 0.0110
  Entropy change: -0.1019
  Concentration change: 0.0004

2024_vs_2025:
  Cosine similarity: 0.9889
  L2 distance: 0.0342
  Entropy change: -0.0281
  Concentration change: -0.0018

======================================================================

Analysis complete!
Results saved to: experiments/00_baseline_exploration/sweep2_h16_lr_0.0004/attention_analysis_year
  - attention_analysis_results.json
  - attention_heatmap.png
  - attention_trends.png
  - temporal_attention_comparison.png
