Logging to: experiments/01_staleness_features_fixed/sweep_stale_h14_drop0.15_lr3/attention_analysis_year/attention_analysis_20251030_131325.log
Analysis started at: 2025-10-30 13:13:25
======================================================================
Experiment: 01_staleness_features_fixed/sweep_stale_h14_drop0.15_lr3
Output directory: experiments/01_staleness_features_fixed/sweep_stale_h14_drop0.15_lr3/attention_analysis_year
Using best checkpoint: experiments/01_staleness_features_fixed/sweep_stale_h14_drop0.15_lr3/checkpoints/tft-epoch=76-val_loss=0.3997.ckpt

Loading data...
Loading test data from: data/splits/fixed/core_proposal_daily_fixed_test.csv
Detected staleness features in config, adding to data...
  Train samples: 6066
  Test samples: 1300

Preparing test dataset...
Test dataset size after filtering: 1280

Loading model...
Loading model from: experiments/01_staleness_features_fixed/sweep_stale_h14_drop0.15_lr3/checkpoints/tft-epoch=76-val_loss=0.3997.ckpt
Model moved to device: cuda

Extracting attention patterns...
Extracting attention patterns...
Total batches to process: 10
  Processed 10/10 batches

Total predictions: 1280
Total actuals: 1280
Attention shape: (1280, 20)
Encoder variables shape: (1280, 7)

Prediction period: 2020-08-19T00:00:00.000000000 to 2025-10-06T00:00:00.000000000
Total predictions: 1280

Creating temporal periods:
  2020: 92 samples
  2021: 250 samples
  2022: 249 samples
  2023: 249 samples
  2024: 250 samples
  2025: 190 samples

Attention over 20 encoder timesteps

Analyzing attention patterns by period...

Comparing attention patterns across periods...

Creating visualizations...
Saved attention heatmap: experiments/01_staleness_features_fixed/sweep_stale_h14_drop0.15_lr3/attention_analysis_year/attention_heatmap.png
Saved attention trends: experiments/01_staleness_features_fixed/sweep_stale_h14_drop0.15_lr3/attention_analysis_year/attention_trends.png
Saved feature importance comparison: experiments/01_staleness_features_fixed/sweep_stale_h14_drop0.15_lr3/attention_analysis_year/temporal_attention_comparison.png

Saving results...
Saved results: experiments/01_staleness_features_fixed/sweep_stale_h14_drop0.15_lr3/attention_analysis_year/attention_analysis_results.json

======================================================================
ATTENTION ANALYSIS SUMMARY
======================================================================

Per-Period Statistics:
----------------------------------------------------------------------

2020:
  Samples: 92
  Entropy: 2.8269 ± 0.1355
  Concentration: 0.0534
  Top 5 features:
    t-1                            0.0749
    t-2                            0.0699
    t-3                            0.0657
    t-4                            0.0626
    t-5                            0.0600

2021:
  Samples: 250
  Entropy: 2.7133 ± 0.2462
  Concentration: 0.0522
  Top 5 features:
    t-1                            0.0796
    t-2                            0.0711
    t-3                            0.0644
    t-4                            0.0590
    t-5                            0.0549

2022:
  Samples: 249
  Entropy: 2.8070 ± 0.1788
  Concentration: 0.0522
  Top 5 features:
    t-1                            0.0658
    t-2                            0.0615
    t-3                            0.0582
    t-4                            0.0559
    t-5                            0.0542

2023:
  Samples: 249
  Entropy: 2.8840 ± 0.0881
  Concentration: 0.0513
  Top 5 features:
    t-1                            0.0625
    t-2                            0.0606
    t-3                            0.0590
    t-4                            0.0576
    t-5                            0.0564

2024:
  Samples: 250
  Entropy: 2.7999 ± 0.3322
  Concentration: 0.0509
  Top 5 features:
    t-1                            0.0658
    t-2                            0.0613
    t-3                            0.0587
    t-4                            0.0566
    t-5                            0.0549

2025:
  Samples: 190
  Entropy: 2.7989 ± 0.2077
  Concentration: 0.0506
  Top 5 features:
    t-1                            0.0633
    t-2                            0.0578
    t-3                            0.0549
    t-4                            0.0528
    t-9                            0.0521

----------------------------------------------------------------------
Period Comparisons:
----------------------------------------------------------------------

2020_vs_2021:
  Cosine similarity: 0.9873
  L2 distance: 0.0368
  Entropy change: -0.1136
  Concentration change: -0.0012

2020_vs_2022:
  Cosine similarity: 0.9935
  L2 distance: 0.0263
  Entropy change: -0.0198
  Concentration change: -0.0012

2020_vs_2023:
  Cosine similarity: 0.9944
  L2 distance: 0.0246
  Entropy change: 0.0572
  Concentration change: -0.0021

2020_vs_2024:
  Cosine similarity: 0.9864
  L2 distance: 0.0380
  Entropy change: -0.0270
  Concentration change: -0.0025

2020_vs_2025:
  Cosine similarity: 0.9879
  L2 distance: 0.0360
  Entropy change: -0.0280
  Concentration change: -0.0028

2021_vs_2022:
  Cosine similarity: 0.9806
  L2 distance: 0.0450
  Entropy change: 0.0938
  Concentration change: 0.0001

2021_vs_2023:
  Cosine similarity: 0.9889
  L2 distance: 0.0340
  Entropy change: 0.1708
  Concentration change: -0.0009

2021_vs_2024:
  Cosine similarity: 0.9948
  L2 distance: 0.0233
  Entropy change: 0.0866
  Concentration change: -0.0013

2021_vs_2025:
  Cosine similarity: 0.9889
  L2 distance: 0.0340
  Entropy change: 0.0856
  Concentration change: -0.0015

2022_vs_2023:
  Cosine similarity: 0.9944
  L2 distance: 0.0243
  Entropy change: 0.0770
  Concentration change: -0.0009

2022_vs_2024:
  Cosine similarity: 0.9840
  L2 distance: 0.0407
  Entropy change: -0.0072
  Concentration change: -0.0014

2022_vs_2025:
  Cosine similarity: 0.9929
  L2 distance: 0.0273
  Entropy change: -0.0082
  Concentration change: -0.0016

2023_vs_2024:
  Cosine similarity: 0.9959
  L2 distance: 0.0205
  Entropy change: -0.0842
  Concentration change: -0.0004

2023_vs_2025:
  Cosine similarity: 0.9979
  L2 distance: 0.0148
  Entropy change: -0.0852
  Concentration change: -0.0006

2024_vs_2025:
  Cosine similarity: 0.9965
  L2 distance: 0.0189
  Entropy change: -0.0010
  Concentration change: -0.0002

======================================================================

Analysis complete!
Results saved to: experiments/01_staleness_features_fixed/sweep_stale_h14_drop0.15_lr3/attention_analysis_year
  - attention_analysis_results.json
  - attention_heatmap.png
  - attention_trends.png
  - temporal_attention_comparison.png
