Logging to: experiments/01_staleness_features_fixed/sweep_stale_h14_drop0.15_lr3/attention_analysis_year/attention_analysis_20251027_193810.log
Analysis started at: 2025-10-27 19:38:10
======================================================================
Experiment: 01_staleness_features_fixed/sweep_stale_h14_drop0.15_lr3
Output directory: experiments/01_staleness_features_fixed/sweep_stale_h14_drop0.15_lr3/attention_analysis_year
Using best checkpoint: experiments/01_staleness_features_fixed/sweep_stale_h14_drop0.15_lr3/checkpoints/tft-epoch=05-val_loss=0.1541.ckpt

Loading data...
Loading test data from: data/splits/fixed/core_proposal_daily_fixed_test.csv
Detected staleness features in config, adding to data...
  Train samples: 6066
  Test samples: 1300

Preparing test dataset...
Test dataset size after filtering: 1280

Loading model...
Loading model from: experiments/01_staleness_features_fixed/sweep_stale_h14_drop0.15_lr3/checkpoints/tft-epoch=05-val_loss=0.1541.ckpt

Extracting attention patterns...
Extracting attention patterns...
Total batches to process: 10
  Processed 10/10 batches

Total predictions: 1280
Total actuals: 1280
Attention shape: (1280, 20)
Encoder variables shape: (1280, 7)

Prediction period: 2020-08-19T00:00:00.000000000 to 2025-10-06T00:00:00.000000000
Total predictions: 1280

Creating temporal periods:
  2020: 92 samples
  2021: 250 samples
  2022: 249 samples
  2023: 249 samples
  2024: 250 samples
  2025: 190 samples

Attention over 20 encoder timesteps

Analyzing attention patterns by period...

Comparing attention patterns across periods...

Creating visualizations...
Saved attention heatmap: experiments/01_staleness_features_fixed/sweep_stale_h14_drop0.15_lr3/attention_analysis_year/attention_heatmap.png
Saved attention trends: experiments/01_staleness_features_fixed/sweep_stale_h14_drop0.15_lr3/attention_analysis_year/attention_trends.png
Saved feature importance comparison: experiments/01_staleness_features_fixed/sweep_stale_h14_drop0.15_lr3/attention_analysis_year/temporal_attention_comparison.png

Saving results...
Saved results: experiments/01_staleness_features_fixed/sweep_stale_h14_drop0.15_lr3/attention_analysis_year/attention_analysis_results.json

======================================================================
ATTENTION ANALYSIS SUMMARY
======================================================================

Per-Period Statistics:
----------------------------------------------------------------------

2020:
  Samples: 92
  Entropy: 2.9844 ± 0.0127
  Concentration: 0.0501
  Top 5 features:
    t-1                            0.0526
    t-2                            0.0523
    t-3                            0.0520
    t-4                            0.0517
    t-5                            0.0514

2021:
  Samples: 250
  Entropy: 2.9901 ± 0.0051
  Concentration: 0.0502
  Top 5 features:
    t-1                            0.0542
    t-2                            0.0538
    t-3                            0.0533
    t-4                            0.0529
    t-5                            0.0525

2022:
  Samples: 249
  Entropy: 2.9832 ± 0.0062
  Concentration: 0.0502
  Top 5 features:
    t-1                            0.0553
    t-2                            0.0547
    t-3                            0.0541
    t-4                            0.0535
    t-5                            0.0529

2023:
  Samples: 249
  Entropy: 2.9892 ± 0.0043
  Concentration: 0.0502
  Top 5 features:
    t-1                            0.0549
    t-2                            0.0543
    t-3                            0.0538
    t-4                            0.0533
    t-5                            0.0529

2024:
  Samples: 250
  Entropy: 2.9884 ± 0.0056
  Concentration: 0.0504
  Top 5 features:
    t-1                            0.0563
    t-2                            0.0556
    t-3                            0.0550
    t-4                            0.0543
    t-5                            0.0538

2025:
  Samples: 190
  Entropy: 2.9802 ± 0.0212
  Concentration: 0.0504
  Top 5 features:
    t-1                            0.0567
    t-2                            0.0560
    t-3                            0.0552
    t-4                            0.0545
    t-5                            0.0537

----------------------------------------------------------------------
Period Comparisons:
----------------------------------------------------------------------

2020_vs_2021:
  Cosine similarity: 0.9997
  L2 distance: 0.0050
  Entropy change: 0.0056
  Concentration change: 0.0001

2020_vs_2022:
  Cosine similarity: 0.9995
  L2 distance: 0.0071
  Entropy change: -0.0012
  Concentration change: 0.0002

2020_vs_2023:
  Cosine similarity: 0.9994
  L2 distance: 0.0076
  Entropy change: 0.0047
  Concentration change: 0.0002

2020_vs_2024:
  Cosine similarity: 0.9988
  L2 distance: 0.0111
  Entropy change: 0.0040
  Concentration change: 0.0003

2020_vs_2025:
  Cosine similarity: 0.9988
  L2 distance: 0.0112
  Entropy change: -0.0042
  Concentration change: 0.0003

2021_vs_2022:
  Cosine similarity: 0.9999
  L2 distance: 0.0024
  Entropy change: -0.0069
  Concentration change: 0.0001

2021_vs_2023:
  Cosine similarity: 0.9999
  L2 distance: 0.0029
  Entropy change: -0.0009
  Concentration change: 0.0001

2021_vs_2024:
  Cosine similarity: 0.9996
  L2 distance: 0.0061
  Entropy change: -0.0017
  Concentration change: 0.0002

2021_vs_2025:
  Cosine similarity: 0.9996
  L2 distance: 0.0062
  Entropy change: -0.0098
  Concentration change: 0.0002

2022_vs_2023:
  Cosine similarity: 1.0000
  L2 distance: 0.0019
  Entropy change: 0.0059
  Concentration change: 0.0000

2022_vs_2024:
  Cosine similarity: 0.9998
  L2 distance: 0.0042
  Entropy change: 0.0052
  Concentration change: 0.0001

2022_vs_2025:
  Cosine similarity: 0.9998
  L2 distance: 0.0041
  Entropy change: -0.0030
  Concentration change: 0.0001

2023_vs_2024:
  Cosine similarity: 0.9999
  L2 distance: 0.0037
  Entropy change: -0.0008
  Concentration change: 0.0001

2023_vs_2025:
  Cosine similarity: 0.9998
  L2 distance: 0.0041
  Entropy change: -0.0089
  Concentration change: 0.0001

2024_vs_2025:
  Cosine similarity: 1.0000
  L2 distance: 0.0011
  Entropy change: -0.0082
  Concentration change: 0.0000

======================================================================

Analysis complete!
Results saved to: experiments/01_staleness_features_fixed/sweep_stale_h14_drop0.15_lr3/attention_analysis_year
  - attention_analysis_results.json
  - attention_heatmap.png
  - attention_trends.png
  - temporal_attention_comparison.png
