Logging to: experiments/00_baseline_exploration/sweep2_h16_drop_0.2/attention_analysis_year/attention_analysis_20251027_191358.log
Analysis started at: 2025-10-27 19:13:58
======================================================================
Experiment: 00_baseline_exploration/sweep2_h16_drop_0.2
Output directory: experiments/00_baseline_exploration/sweep2_h16_drop_0.2/attention_analysis_year
Using best checkpoint: experiments/00_baseline_exploration/sweep2_h16_drop_0.2/checkpoints/tft-epoch=01-val_loss=0.1284.ckpt

Loading data...
Loading test data from: data/splits/fixed/core_proposal_daily_fixed_test.csv
  Train samples: 6066
  Test samples: 1300

Preparing test dataset...
Test dataset size after filtering: 1280

Loading model...
Loading model from: experiments/00_baseline_exploration/sweep2_h16_drop_0.2/checkpoints/tft-epoch=01-val_loss=0.1284.ckpt

Extracting attention patterns...
Extracting attention patterns...
Total batches to process: 10
  Processed 10/10 batches

Total predictions: 1280
Total actuals: 1280
Attention shape: (1280, 20)
Encoder variables shape: (1280, 5)

Prediction period: 2020-08-19T00:00:00.000000000 to 2025-10-06T00:00:00.000000000
Total predictions: 1280

Creating temporal periods:
  2020: 92 samples
  2021: 250 samples
  2022: 249 samples
  2023: 249 samples
  2024: 250 samples
  2025: 190 samples

Attention over 20 encoder timesteps

Analyzing attention patterns by period...

Comparing attention patterns across periods...

Creating visualizations...
Saved attention heatmap: experiments/00_baseline_exploration/sweep2_h16_drop_0.2/attention_analysis_year/attention_heatmap.png
Saved attention trends: experiments/00_baseline_exploration/sweep2_h16_drop_0.2/attention_analysis_year/attention_trends.png
Saved feature importance comparison: experiments/00_baseline_exploration/sweep2_h16_drop_0.2/attention_analysis_year/temporal_attention_comparison.png

Saving results...
Saved results: experiments/00_baseline_exploration/sweep2_h16_drop_0.2/attention_analysis_year/attention_analysis_results.json

======================================================================
ATTENTION ANALYSIS SUMMARY
======================================================================

Per-Period Statistics:
----------------------------------------------------------------------

2020:
  Samples: 92
  Entropy: 2.9909 ± 0.0030
  Concentration: 0.0504
  Top 5 features:
    t-1                            0.0610
    t-2                            0.0584
    t-3                            0.0560
    t-20                           0.0542
    t-4                            0.0540

2021:
  Samples: 250
  Entropy: 2.9470 ± 0.0311
  Concentration: 0.0503
  Top 5 features:
    t-1                            0.0586
    t-2                            0.0571
    t-3                            0.0556
    t-20                           0.0556
    t-4                            0.0541

2022:
  Samples: 249
  Entropy: 2.9832 ± 0.0099
  Concentration: 0.0505
  Top 5 features:
    t-20                           0.0669
    t-19                           0.0605
    t-18                           0.0565
    t-17                           0.0527
    t-16                           0.0501

2023:
  Samples: 249
  Entropy: 2.9246 ± 0.0625
  Concentration: 0.0513
  Top 5 features:
    t-1                            0.0651
    t-2                            0.0634
    t-3                            0.0615
    t-4                            0.0594
    t-20                           0.0572

2024:
  Samples: 250
  Entropy: 2.8125 ± 0.1421
  Concentration: 0.0555
  Top 5 features:
    t-1                            0.0870
    t-2                            0.0813
    t-3                            0.0756
    t-4                            0.0699
    t-5                            0.0643

2025:
  Samples: 190
  Entropy: 2.8018 ± 0.1435
  Concentration: 0.0518
  Top 5 features:
    t-1                            0.0706
    t-20                           0.0675
    t-2                            0.0660
    t-3                            0.0614
    t-4                            0.0569

----------------------------------------------------------------------
Period Comparisons:
----------------------------------------------------------------------

2020_vs_2021:
  Cosine similarity: 0.9999
  L2 distance: 0.0036
  Entropy change: -0.0439
  Concentration change: -0.0000

2020_vs_2022:
  Cosine similarity: 0.9919
  L2 distance: 0.0287
  Entropy change: -0.0078
  Concentration change: 0.0001

2020_vs_2023:
  Cosine similarity: 0.9969
  L2 distance: 0.0179
  Entropy change: -0.0663
  Concentration change: 0.0009

2020_vs_2024:
  Cosine similarity: 0.9717
  L2 distance: 0.0558
  Entropy change: -0.1784
  Concentration change: 0.0051

2020_vs_2025:
  Cosine similarity: 0.9940
  L2 distance: 0.0250
  Entropy change: -0.1891
  Concentration change: 0.0014

2021_vs_2022:
  Cosine similarity: 0.9934
  L2 distance: 0.0259
  Entropy change: 0.0362
  Concentration change: 0.0002

2021_vs_2023:
  Cosine similarity: 0.9966
  L2 distance: 0.0186
  Entropy change: -0.0224
  Concentration change: 0.0010

2021_vs_2024:
  Cosine similarity: 0.9696
  L2 distance: 0.0578
  Entropy change: -0.1345
  Concentration change: 0.0052

2021_vs_2025:
  Cosine similarity: 0.9938
  L2 distance: 0.0253
  Entropy change: -0.1452
  Concentration change: 0.0015

2022_vs_2023:
  Cosine similarity: 0.9835
  L2 distance: 0.0410
  Entropy change: -0.0585
  Concentration change: 0.0008

2022_vs_2024:
  Cosine similarity: 0.9392
  L2 distance: 0.0810
  Entropy change: -0.1707
  Concentration change: 0.0050

2022_vs_2025:
  Cosine similarity: 0.9854
  L2 distance: 0.0387
  Entropy change: -0.1814
  Concentration change: 0.0013

2023_vs_2024:
  Cosine similarity: 0.9851
  L2 distance: 0.0409
  Entropy change: -0.1122
  Concentration change: 0.0042

2023_vs_2025:
  Cosine similarity: 0.9964
  L2 distance: 0.0194
  Entropy change: -0.1228
  Concentration change: 0.0005

2024_vs_2025:
  Cosine similarity: 0.9801
  L2 distance: 0.0469
  Entropy change: -0.0107
  Concentration change: -0.0037

======================================================================

Analysis complete!
Results saved to: experiments/00_baseline_exploration/sweep2_h16_drop_0.2/attention_analysis_year
  - attention_analysis_results.json
  - attention_heatmap.png
  - attention_trends.png
  - temporal_attention_comparison.png
