Logging to: experiments/00_baseline_exploration/sweep2_h16_drop_0.2/attention_analysis_year/attention_analysis_20251030_130623.log
Analysis started at: 2025-10-30 13:06:23
======================================================================
Experiment: 00_baseline_exploration/sweep2_h16_drop_0.2
Output directory: experiments/00_baseline_exploration/sweep2_h16_drop_0.2/attention_analysis_year
Using best checkpoint: experiments/00_baseline_exploration/sweep2_h16_drop_0.2/checkpoints/tft-epoch=47-val_loss=0.4028.ckpt

Loading data...
Loading test data from: data/splits/fixed/core_proposal_daily_fixed_test.csv
  Train samples: 6066
  Test samples: 1300

Preparing test dataset...
Test dataset size after filtering: 1280

Loading model...
Loading model from: experiments/00_baseline_exploration/sweep2_h16_drop_0.2/checkpoints/tft-epoch=47-val_loss=0.4028.ckpt
Model moved to device: cuda

Extracting attention patterns...
Extracting attention patterns...
Total batches to process: 10
  Processed 10/10 batches

Total predictions: 1280
Total actuals: 1280
Attention shape: (1280, 20)
Encoder variables shape: (1280, 5)

Prediction period: 2020-08-19T00:00:00.000000000 to 2025-10-06T00:00:00.000000000
Total predictions: 1280

Creating temporal periods:
  2020: 92 samples
  2021: 250 samples
  2022: 249 samples
  2023: 249 samples
  2024: 250 samples
  2025: 190 samples

Attention over 20 encoder timesteps

Analyzing attention patterns by period...

Comparing attention patterns across periods...

Creating visualizations...
Saved attention heatmap: experiments/00_baseline_exploration/sweep2_h16_drop_0.2/attention_analysis_year/attention_heatmap.png
Saved attention trends: experiments/00_baseline_exploration/sweep2_h16_drop_0.2/attention_analysis_year/attention_trends.png
Saved feature importance comparison: experiments/00_baseline_exploration/sweep2_h16_drop_0.2/attention_analysis_year/temporal_attention_comparison.png

Saving results...
Saved results: experiments/00_baseline_exploration/sweep2_h16_drop_0.2/attention_analysis_year/attention_analysis_results.json

======================================================================
ATTENTION ANALYSIS SUMMARY
======================================================================

Per-Period Statistics:
----------------------------------------------------------------------

2020:
  Samples: 92
  Entropy: 2.8157 ± 0.2109
  Concentration: 0.0509
  Top 5 features:
    t-1                            0.0685
    t-2                            0.0633
    t-3                            0.0590
    t-4                            0.0559
    t-5                            0.0536

2021:
  Samples: 250
  Entropy: 2.8459 ± 0.2802
  Concentration: 0.0503
  Top 5 features:
    t-1                            0.0606
    t-2                            0.0579
    t-3                            0.0548
    t-4                            0.0521
    t-5                            0.0510

2022:
  Samples: 249
  Entropy: 2.6531 ± 0.3484
  Concentration: 0.0518
  Top 5 features:
    t-1                            0.0777
    t-2                            0.0670
    t-3                            0.0604
    t-4                            0.0561
    t-5                            0.0533

2023:
  Samples: 249
  Entropy: 2.9673 ± 0.0700
  Concentration: 0.0501
  Top 5 features:
    t-1                            0.0539
    t-2                            0.0531
    t-3                            0.0523
    t-4                            0.0516
    t-5                            0.0511

2024:
  Samples: 250
  Entropy: 2.9457 ± 0.2483
  Concentration: 0.0501
  Top 5 features:
    t-1                            0.0542
    t-2                            0.0539
    t-3                            0.0535
    t-4                            0.0527
    t-5                            0.0515

2025:
  Samples: 190
  Entropy: 2.8700 ± 0.3454
  Concentration: 0.0501
  Top 5 features:
    t-1                            0.0594
    t-2                            0.0540
    t-3                            0.0520
    t-4                            0.0510
    t-5                            0.0500

----------------------------------------------------------------------
Period Comparisons:
----------------------------------------------------------------------

2020_vs_2021:
  Cosine similarity: 0.9980
  L2 distance: 0.0143
  Entropy change: 0.0301
  Concentration change: -0.0006

2020_vs_2022:
  Cosine similarity: 0.9983
  L2 distance: 0.0134
  Entropy change: -0.1626
  Concentration change: 0.0009

2020_vs_2023:
  Cosine similarity: 0.9948
  L2 distance: 0.0230
  Entropy change: 0.1516
  Concentration change: -0.0009

2020_vs_2024:
  Cosine similarity: 0.9954
  L2 distance: 0.0215
  Entropy change: 0.1300
  Concentration change: -0.0008

2020_vs_2025:
  Cosine similarity: 0.9960
  L2 distance: 0.0203
  Entropy change: 0.0543
  Concentration change: -0.0008

2021_vs_2022:
  Cosine similarity: 0.9933
  L2 distance: 0.0263
  Entropy change: -0.1928
  Concentration change: 0.0015

2021_vs_2023:
  Cosine similarity: 0.9991
  L2 distance: 0.0094
  Entropy change: 0.1215
  Concentration change: -0.0002

2021_vs_2024:
  Cosine similarity: 0.9993
  L2 distance: 0.0083
  Entropy change: 0.0999
  Concentration change: -0.0002

2021_vs_2025:
  Cosine similarity: 0.9996
  L2 distance: 0.0066
  Entropy change: 0.0241
  Concentration change: -0.0001

2022_vs_2023:
  Cosine similarity: 0.9881
  L2 distance: 0.0350
  Entropy change: 0.3142
  Concentration change: -0.0017

2022_vs_2024:
  Cosine similarity: 0.9889
  L2 distance: 0.0338
  Entropy change: 0.2926
  Concentration change: -0.0017

2022_vs_2025:
  Cosine similarity: 0.9902
  L2 distance: 0.0318
  Entropy change: 0.2169
  Concentration change: -0.0016

2023_vs_2024:
  Cosine similarity: 0.9999
  L2 distance: 0.0023
  Entropy change: -0.0216
  Concentration change: 0.0000

2023_vs_2025:
  Cosine similarity: 0.9996
  L2 distance: 0.0064
  Entropy change: -0.0974
  Concentration change: 0.0001

2024_vs_2025:
  Cosine similarity: 0.9996
  L2 distance: 0.0064
  Entropy change: -0.0757
  Concentration change: 0.0001

======================================================================

Analysis complete!
Results saved to: experiments/00_baseline_exploration/sweep2_h16_drop_0.2/attention_analysis_year
  - attention_analysis_results.json
  - attention_heatmap.png
  - attention_trends.png
  - temporal_attention_comparison.png
