Logging to: experiments/01_staleness_features_fixed/sweep_stale_h18_drop0.35_lr5/attention_analysis_year/attention_analysis_20251030_131703.log
Analysis started at: 2025-10-30 13:17:03
======================================================================
Experiment: 01_staleness_features_fixed/sweep_stale_h18_drop0.35_lr5
Output directory: experiments/01_staleness_features_fixed/sweep_stale_h18_drop0.35_lr5/attention_analysis_year
Using best checkpoint: experiments/01_staleness_features_fixed/sweep_stale_h18_drop0.35_lr5/checkpoints/tft-epoch=96-val_loss=0.3936.ckpt

Loading data...
Loading test data from: data/splits/fixed/core_proposal_daily_fixed_test.csv
Detected staleness features in config, adding to data...
  Train samples: 6066
  Test samples: 1300

Preparing test dataset...
Test dataset size after filtering: 1280

Loading model...
Loading model from: experiments/01_staleness_features_fixed/sweep_stale_h18_drop0.35_lr5/checkpoints/tft-epoch=96-val_loss=0.3936.ckpt
Model moved to device: cuda

Extracting attention patterns...
Extracting attention patterns...
Total batches to process: 10
  Processed 10/10 batches

Total predictions: 1280
Total actuals: 1280
Attention shape: (1280, 20)
Encoder variables shape: (1280, 7)

Prediction period: 2020-08-19T00:00:00.000000000 to 2025-10-06T00:00:00.000000000
Total predictions: 1280

Creating temporal periods:
  2020: 92 samples
  2021: 250 samples
  2022: 249 samples
  2023: 249 samples
  2024: 250 samples
  2025: 190 samples

Attention over 20 encoder timesteps

Analyzing attention patterns by period...

Comparing attention patterns across periods...

Creating visualizations...
Saved attention heatmap: experiments/01_staleness_features_fixed/sweep_stale_h18_drop0.35_lr5/attention_analysis_year/attention_heatmap.png
Saved attention trends: experiments/01_staleness_features_fixed/sweep_stale_h18_drop0.35_lr5/attention_analysis_year/attention_trends.png
Saved feature importance comparison: experiments/01_staleness_features_fixed/sweep_stale_h18_drop0.35_lr5/attention_analysis_year/temporal_attention_comparison.png

Saving results...
Saved results: experiments/01_staleness_features_fixed/sweep_stale_h18_drop0.35_lr5/attention_analysis_year/attention_analysis_results.json

======================================================================
ATTENTION ANALYSIS SUMMARY
======================================================================

Per-Period Statistics:
----------------------------------------------------------------------

2020:
  Samples: 92
  Entropy: 2.9770 ± 0.0136
  Concentration: 0.0503
  Top 5 features:
    t-1                            0.0554
    t-2                            0.0551
    t-3                            0.0547
    t-4                            0.0544
    t-5                            0.0541

2021:
  Samples: 250
  Entropy: 2.9655 ± 0.0385
  Concentration: 0.0502
  Top 5 features:
    t-1                            0.0552
    t-2                            0.0547
    t-3                            0.0542
    t-4                            0.0537
    t-5                            0.0531

2022:
  Samples: 249
  Entropy: 2.9621 ± 0.0370
  Concentration: 0.0501
  Top 5 features:
    t-1                            0.0540
    t-2                            0.0533
    t-3                            0.0526
    t-4                            0.0520
    t-5                            0.0514

2023:
  Samples: 249
  Entropy: 2.9886 ± 0.0086
  Concentration: 0.0500
  Top 5 features:
    t-1                            0.0519
    t-2                            0.0517
    t-3                            0.0516
    t-4                            0.0514
    t-5                            0.0512

2024:
  Samples: 250
  Entropy: 2.9820 ± 0.0327
  Concentration: 0.0501
  Top 5 features:
    t-1                            0.0524
    t-2                            0.0521
    t-3                            0.0520
    t-4                            0.0518
    t-5                            0.0516

2025:
  Samples: 190
  Entropy: 2.9723 ± 0.0435
  Concentration: 0.0501
  Top 5 features:
    t-1                            0.0537
    t-2                            0.0532
    t-3                            0.0528
    t-4                            0.0524
    t-5                            0.0520

----------------------------------------------------------------------
Period Comparisons:
----------------------------------------------------------------------

2020_vs_2021:
  Cosine similarity: 0.9995
  L2 distance: 0.0072
  Entropy change: -0.0115
  Concentration change: -0.0001

2020_vs_2022:
  Cosine similarity: 0.9980
  L2 distance: 0.0143
  Entropy change: -0.0149
  Concentration change: -0.0003

2020_vs_2023:
  Cosine similarity: 0.9979
  L2 distance: 0.0147
  Entropy change: 0.0116
  Concentration change: -0.0003

2020_vs_2024:
  Cosine similarity: 0.9984
  L2 distance: 0.0125
  Entropy change: 0.0051
  Concentration change: -0.0003

2020_vs_2025:
  Cosine similarity: 0.9990
  L2 distance: 0.0103
  Entropy change: -0.0047
  Concentration change: -0.0002

2021_vs_2022:
  Cosine similarity: 0.9990
  L2 distance: 0.0101
  Entropy change: -0.0034
  Concentration change: -0.0001

2021_vs_2023:
  Cosine similarity: 0.9992
  L2 distance: 0.0090
  Entropy change: 0.0231
  Concentration change: -0.0002

2021_vs_2024:
  Cosine similarity: 0.9995
  L2 distance: 0.0071
  Entropy change: 0.0165
  Concentration change: -0.0001

2021_vs_2025:
  Cosine similarity: 0.9998
  L2 distance: 0.0047
  Entropy change: 0.0068
  Concentration change: -0.0001

2022_vs_2023:
  Cosine similarity: 0.9994
  L2 distance: 0.0075
  Entropy change: 0.0265
  Concentration change: -0.0000

2022_vs_2024:
  Cosine similarity: 0.9991
  L2 distance: 0.0093
  Entropy change: 0.0199
  Concentration change: 0.0000

2022_vs_2025:
  Cosine similarity: 0.9994
  L2 distance: 0.0076
  Entropy change: 0.0102
  Concentration change: 0.0000

2023_vs_2024:
  Cosine similarity: 0.9999
  L2 distance: 0.0034
  Entropy change: -0.0066
  Concentration change: 0.0000

2023_vs_2025:
  Cosine similarity: 0.9998
  L2 distance: 0.0047
  Entropy change: -0.0163
  Concentration change: 0.0001

2024_vs_2025:
  Cosine similarity: 0.9999
  L2 distance: 0.0032
  Entropy change: -0.0097
  Concentration change: 0.0000

======================================================================

Analysis complete!
Results saved to: experiments/01_staleness_features_fixed/sweep_stale_h18_drop0.35_lr5/attention_analysis_year
  - attention_analysis_results.json
  - attention_heatmap.png
  - attention_trends.png
  - temporal_attention_comparison.png
