Logging to: experiments/01_staleness_features_fixed/sweep_stale_h18_drop0.25_lr5/attention_analysis_year/attention_analysis_20251030_131634.log
Analysis started at: 2025-10-30 13:16:34
======================================================================
Experiment: 01_staleness_features_fixed/sweep_stale_h18_drop0.25_lr5
Output directory: experiments/01_staleness_features_fixed/sweep_stale_h18_drop0.25_lr5/attention_analysis_year
Using best checkpoint: experiments/01_staleness_features_fixed/sweep_stale_h18_drop0.25_lr5/checkpoints/tft-epoch=96-val_loss=0.3930.ckpt

Loading data...
Loading test data from: data/splits/fixed/core_proposal_daily_fixed_test.csv
Detected staleness features in config, adding to data...
  Train samples: 6066
  Test samples: 1300

Preparing test dataset...
Test dataset size after filtering: 1280

Loading model...
Loading model from: experiments/01_staleness_features_fixed/sweep_stale_h18_drop0.25_lr5/checkpoints/tft-epoch=96-val_loss=0.3930.ckpt
Model moved to device: cuda

Extracting attention patterns...
Extracting attention patterns...
Total batches to process: 10
  Processed 10/10 batches

Total predictions: 1280
Total actuals: 1280
Attention shape: (1280, 20)
Encoder variables shape: (1280, 7)

Prediction period: 2020-08-19T00:00:00.000000000 to 2025-10-06T00:00:00.000000000
Total predictions: 1280

Creating temporal periods:
  2020: 92 samples
  2021: 250 samples
  2022: 249 samples
  2023: 249 samples
  2024: 250 samples
  2025: 190 samples

Attention over 20 encoder timesteps

Analyzing attention patterns by period...

Comparing attention patterns across periods...

Creating visualizations...
Saved attention heatmap: experiments/01_staleness_features_fixed/sweep_stale_h18_drop0.25_lr5/attention_analysis_year/attention_heatmap.png
Saved attention trends: experiments/01_staleness_features_fixed/sweep_stale_h18_drop0.25_lr5/attention_analysis_year/attention_trends.png
Saved feature importance comparison: experiments/01_staleness_features_fixed/sweep_stale_h18_drop0.25_lr5/attention_analysis_year/temporal_attention_comparison.png

Saving results...
Saved results: experiments/01_staleness_features_fixed/sweep_stale_h18_drop0.25_lr5/attention_analysis_year/attention_analysis_results.json

======================================================================
ATTENTION ANALYSIS SUMMARY
======================================================================

Per-Period Statistics:
----------------------------------------------------------------------

2020:
  Samples: 92
  Entropy: 2.7284 ± 0.2013
  Concentration: 0.0510
  Top 5 features:
    t-1                            0.0694
    t-2                            0.0638
    t-3                            0.0591
    t-4                            0.0555
    t-5                            0.0532

2021:
  Samples: 250
  Entropy: 2.6678 ± 0.3915
  Concentration: 0.0502
  Top 5 features:
    t-1                            0.0601
    t-2                            0.0570
    t-3                            0.0544
    t-4                            0.0521
    t-5                            0.0511

2022:
  Samples: 249
  Entropy: 2.6096 ± 0.3418
  Concentration: 0.0509
  Top 5 features:
    t-1                            0.0707
    t-2                            0.0606
    t-20                           0.0569
    t-19                           0.0545
    t-3                            0.0544

2023:
  Samples: 249
  Entropy: 2.9276 ± 0.1202
  Concentration: 0.0500
  Top 5 features:
    t-1                            0.0528
    t-2                            0.0518
    t-3                            0.0512
    t-4                            0.0508
    t-18                           0.0504

2024:
  Samples: 250
  Entropy: 2.8684 ± 0.3704
  Concentration: 0.0500
  Top 5 features:
    t-1                            0.0525
    t-2                            0.0520
    t-3                            0.0518
    t-4                            0.0514
    t-5                            0.0510

2025:
  Samples: 190
  Entropy: 2.7883 ± 0.3671
  Concentration: 0.0501
  Top 5 features:
    t-1                            0.0577
    t-20                           0.0527
    t-18                           0.0522
    t-17                           0.0517
    t-2                            0.0516

----------------------------------------------------------------------
Period Comparisons:
----------------------------------------------------------------------

2020_vs_2021:
  Cosine similarity: 0.9968
  L2 distance: 0.0180
  Entropy change: -0.0606
  Concentration change: -0.0007

2020_vs_2022:
  Cosine similarity: 0.9973
  L2 distance: 0.0166
  Entropy change: -0.1188
  Concentration change: -0.0000

2020_vs_2023:
  Cosine similarity: 0.9928
  L2 distance: 0.0270
  Entropy change: 0.1993
  Concentration change: -0.0009

2020_vs_2024:
  Cosine similarity: 0.9928
  L2 distance: 0.0271
  Entropy change: 0.1401
  Concentration change: -0.0009

2020_vs_2025:
  Cosine similarity: 0.9934
  L2 distance: 0.0259
  Entropy change: 0.0599
  Concentration change: -0.0008

2021_vs_2022:
  Cosine similarity: 0.9946
  L2 distance: 0.0233
  Entropy change: -0.0582
  Concentration change: 0.0007

2021_vs_2023:
  Cosine similarity: 0.9987
  L2 distance: 0.0114
  Entropy change: 0.2598
  Concentration change: -0.0002

2021_vs_2024:
  Cosine similarity: 0.9989
  L2 distance: 0.0106
  Entropy change: 0.2006
  Concentration change: -0.0002

2021_vs_2025:
  Cosine similarity: 0.9978
  L2 distance: 0.0148
  Entropy change: 0.1205
  Concentration change: -0.0001

2022_vs_2023:
  Cosine similarity: 0.9927
  L2 distance: 0.0272
  Entropy change: 0.3180
  Concentration change: -0.0009

2022_vs_2024:
  Cosine similarity: 0.9916
  L2 distance: 0.0292
  Entropy change: 0.2589
  Concentration change: -0.0009

2022_vs_2025:
  Cosine similarity: 0.9956
  L2 distance: 0.0211
  Entropy change: 0.1787
  Concentration change: -0.0008

2023_vs_2024:
  Cosine similarity: 0.9999
  L2 distance: 0.0038
  Entropy change: -0.0592
  Concentration change: 0.0000

2023_vs_2025:
  Cosine similarity: 0.9991
  L2 distance: 0.0093
  Entropy change: -0.1394
  Concentration change: 0.0001

2024_vs_2025:
  Cosine similarity: 0.9985
  L2 distance: 0.0123
  Entropy change: -0.0802
  Concentration change: 0.0001

======================================================================

Analysis complete!
Results saved to: experiments/01_staleness_features_fixed/sweep_stale_h18_drop0.25_lr5/attention_analysis_year
  - attention_analysis_results.json
  - attention_heatmap.png
  - attention_trends.png
  - temporal_attention_comparison.png
