Logging to: experiments/00_baseline_exploration/sweep_lr_0.0003/attention_analysis_year/attention_analysis_20251027_191541.log
Analysis started at: 2025-10-27 19:15:41
======================================================================
Experiment: 00_baseline_exploration/sweep_lr_0.0003
Output directory: experiments/00_baseline_exploration/sweep_lr_0.0003/attention_analysis_year
Using best checkpoint: experiments/00_baseline_exploration/sweep_lr_0.0003/checkpoints/tft-epoch=01-val_loss=0.1374.ckpt

Loading data...
Loading test data from: data/splits/fixed/core_proposal_daily_fixed_test.csv
  Train samples: 6066
  Test samples: 1300

Preparing test dataset...
Test dataset size after filtering: 1280

Loading model...
Loading model from: experiments/00_baseline_exploration/sweep_lr_0.0003/checkpoints/tft-epoch=01-val_loss=0.1374.ckpt

Extracting attention patterns...
Extracting attention patterns...
Total batches to process: 10
  Processed 10/10 batches

Total predictions: 1280
Total actuals: 1280
Attention shape: (1280, 20)
Encoder variables shape: (1280, 5)

Prediction period: 2020-08-19T00:00:00.000000000 to 2025-10-06T00:00:00.000000000
Total predictions: 1280

Creating temporal periods:
  2020: 92 samples
  2021: 250 samples
  2022: 249 samples
  2023: 249 samples
  2024: 250 samples
  2025: 190 samples

Attention over 20 encoder timesteps

Analyzing attention patterns by period...

Comparing attention patterns across periods...

Creating visualizations...
Saved attention heatmap: experiments/00_baseline_exploration/sweep_lr_0.0003/attention_analysis_year/attention_heatmap.png
Saved attention trends: experiments/00_baseline_exploration/sweep_lr_0.0003/attention_analysis_year/attention_trends.png
Saved feature importance comparison: experiments/00_baseline_exploration/sweep_lr_0.0003/attention_analysis_year/temporal_attention_comparison.png

Saving results...
Saved results: experiments/00_baseline_exploration/sweep_lr_0.0003/attention_analysis_year/attention_analysis_results.json

======================================================================
ATTENTION ANALYSIS SUMMARY
======================================================================

Per-Period Statistics:
----------------------------------------------------------------------

2020:
  Samples: 92
  Entropy: 2.9943 ± 0.0012
  Concentration: 0.0501
  Top 5 features:
    t-19                           0.0534
    t-20                           0.0530
    t-18                           0.0528
    t-17                           0.0522
    t-16                           0.0516

2021:
  Samples: 250
  Entropy: 2.9861 ± 0.0076
  Concentration: 0.0504
  Top 5 features:
    t-20                           0.0564
    t-19                           0.0558
    t-18                           0.0551
    t-17                           0.0545
    t-16                           0.0540

2022:
  Samples: 249
  Entropy: 2.9693 ± 0.0252
  Concentration: 0.0512
  Top 5 features:
    t-20                           0.0637
    t-19                           0.0619
    t-18                           0.0606
    t-17                           0.0591
    t-16                           0.0575

2023:
  Samples: 249
  Entropy: 2.9849 ± 0.0105
  Concentration: 0.0502
  Top 5 features:
    t-20                           0.0556
    t-19                           0.0539
    t-18                           0.0533
    t-17                           0.0529
    t-16                           0.0527

2024:
  Samples: 250
  Entropy: 2.9835 ± 0.0122
  Concentration: 0.0501
  Top 5 features:
    t-20                           0.0530
    t-12                           0.0516
    t-13                           0.0516
    t-14                           0.0515
    t-11                           0.0515

2025:
  Samples: 190
  Entropy: 2.9735 ± 0.0277
  Concentration: 0.0504
  Top 5 features:
    t-20                           0.0559
    t-19                           0.0545
    t-18                           0.0542
    t-17                           0.0539
    t-16                           0.0539

----------------------------------------------------------------------
Period Comparisons:
----------------------------------------------------------------------

2020_vs_2021:
  Cosine similarity: 0.9983
  L2 distance: 0.0131
  Entropy change: -0.0082
  Concentration change: 0.0004

2020_vs_2022:
  Cosine similarity: 0.9930
  L2 distance: 0.0268
  Entropy change: -0.0250
  Concentration change: 0.0012

2020_vs_2023:
  Cosine similarity: 0.9993
  L2 distance: 0.0083
  Entropy change: -0.0093
  Concentration change: 0.0002

2020_vs_2024:
  Cosine similarity: 0.9996
  L2 distance: 0.0060
  Entropy change: -0.0108
  Concentration change: 0.0000

2020_vs_2025:
  Cosine similarity: 0.9981
  L2 distance: 0.0137
  Entropy change: -0.0208
  Concentration change: 0.0004

2021_vs_2022:
  Cosine similarity: 0.9975
  L2 distance: 0.0161
  Entropy change: -0.0168
  Concentration change: 0.0008

2021_vs_2023:
  Cosine similarity: 0.9997
  L2 distance: 0.0055
  Entropy change: -0.0011
  Concentration change: -0.0002

2021_vs_2024:
  Cosine similarity: 0.9986
  L2 distance: 0.0117
  Entropy change: -0.0026
  Concentration change: -0.0003

2021_vs_2025:
  Cosine similarity: 0.9999
  L2 distance: 0.0026
  Entropy change: -0.0126
  Concentration change: 0.0000

2022_vs_2023:
  Cosine similarity: 0.9957
  L2 distance: 0.0209
  Entropy change: 0.0157
  Concentration change: -0.0010

2022_vs_2024:
  Cosine similarity: 0.9927
  L2 distance: 0.0273
  Entropy change: 0.0142
  Concentration change: -0.0011

2022_vs_2025:
  Cosine similarity: 0.9970
  L2 distance: 0.0175
  Entropy change: 0.0042
  Concentration change: -0.0008

2023_vs_2024:
  Cosine similarity: 0.9996
  L2 distance: 0.0064
  Entropy change: -0.0015
  Concentration change: -0.0001

2023_vs_2025:
  Cosine similarity: 0.9997
  L2 distance: 0.0056
  Entropy change: -0.0115
  Concentration change: 0.0002

2024_vs_2025:
  Cosine similarity: 0.9987
  L2 distance: 0.0112
  Entropy change: -0.0100
  Concentration change: 0.0003

======================================================================

Analysis complete!
Results saved to: experiments/00_baseline_exploration/sweep_lr_0.0003/attention_analysis_year
  - attention_analysis_results.json
  - attention_heatmap.png
  - attention_trends.png
  - temporal_attention_comparison.png
