Logging to: experiments/00_baseline_exploration/sweep_lr_0.0003/attention_analysis_year/attention_analysis_20251030_131113.log
Analysis started at: 2025-10-30 13:11:13
======================================================================
Experiment: 00_baseline_exploration/sweep_lr_0.0003
Output directory: experiments/00_baseline_exploration/sweep_lr_0.0003/attention_analysis_year
Using best checkpoint: experiments/00_baseline_exploration/sweep_lr_0.0003/checkpoints/tft-epoch=57-val_loss=0.3975.ckpt

Loading data...
Loading test data from: data/splits/fixed/core_proposal_daily_fixed_test.csv
  Train samples: 6066
  Test samples: 1300

Preparing test dataset...
Test dataset size after filtering: 1280

Loading model...
Loading model from: experiments/00_baseline_exploration/sweep_lr_0.0003/checkpoints/tft-epoch=57-val_loss=0.3975.ckpt
Model moved to device: cuda

Extracting attention patterns...
Extracting attention patterns...
Total batches to process: 10
  Processed 10/10 batches

Total predictions: 1280
Total actuals: 1280
Attention shape: (1280, 20)
Encoder variables shape: (1280, 5)

Prediction period: 2020-08-19T00:00:00.000000000 to 2025-10-06T00:00:00.000000000
Total predictions: 1280

Creating temporal periods:
  2020: 92 samples
  2021: 250 samples
  2022: 249 samples
  2023: 249 samples
  2024: 250 samples
  2025: 190 samples

Attention over 20 encoder timesteps

Analyzing attention patterns by period...

Comparing attention patterns across periods...

Creating visualizations...
Saved attention heatmap: experiments/00_baseline_exploration/sweep_lr_0.0003/attention_analysis_year/attention_heatmap.png
Saved attention trends: experiments/00_baseline_exploration/sweep_lr_0.0003/attention_analysis_year/attention_trends.png
Saved feature importance comparison: experiments/00_baseline_exploration/sweep_lr_0.0003/attention_analysis_year/temporal_attention_comparison.png

Saving results...
Saved results: experiments/00_baseline_exploration/sweep_lr_0.0003/attention_analysis_year/attention_analysis_results.json

======================================================================
ATTENTION ANALYSIS SUMMARY
======================================================================

Per-Period Statistics:
----------------------------------------------------------------------

2020:
  Samples: 92
  Entropy: 2.6280 ± 0.2260
  Concentration: 0.0626
  Top 5 features:
    t-20                           0.1483
    t-19                           0.0821
    t-18                           0.0579
    t-1                            0.0572
    t-2                            0.0529

2021:
  Samples: 250
  Entropy: 2.5818 ± 0.3182
  Concentration: 0.0653
  Top 5 features:
    t-20                           0.1676
    t-19                           0.0642
    t-1                            0.0547
    t-2                            0.0497
    t-18                           0.0468

2022:
  Samples: 249
  Entropy: 2.5035 ± 0.3026
  Concentration: 0.0804
  Top 5 features:
    t-20                           0.2119
    t-19                           0.0866
    t-18                           0.0547
    t-1                            0.0514
    t-2                            0.0465

2023:
  Samples: 249
  Entropy: 2.8296 ± 0.1612
  Concentration: 0.0655
  Top 5 features:
    t-20                           0.1705
    t-19                           0.0578
    t-1                            0.0453
    t-18                           0.0447
    t-2                            0.0447

2024:
  Samples: 250
  Entropy: 2.7585 ± 0.3169
  Concentration: 0.0618
  Top 5 features:
    t-20                           0.1530
    t-19                           0.0560
    t-1                            0.0553
    t-2                            0.0517
    t-3                            0.0500

2025:
  Samples: 190
  Entropy: 2.6532 ± 0.2896
  Concentration: 0.0642
  Top 5 features:
    t-20                           0.1624
    t-19                           0.0653
    t-1                            0.0562
    t-2                            0.0523
    t-3                            0.0486

----------------------------------------------------------------------
Period Comparisons:
----------------------------------------------------------------------

2020_vs_2021:
  Cosine similarity: 0.9926
  L2 distance: 0.0311
  Entropy change: -0.0462
  Concentration change: 0.0027

2020_vs_2022:
  Cosine similarity: 0.9771
  L2 distance: 0.0661
  Entropy change: -0.1245
  Concentration change: 0.0178

2020_vs_2023:
  Cosine similarity: 0.9864
  L2 distance: 0.0422
  Entropy change: 0.2016
  Concentration change: 0.0030

2020_vs_2024:
  Cosine similarity: 0.9888
  L2 distance: 0.0374
  Entropy change: 0.1304
  Concentration change: -0.0008

2020_vs_2025:
  Cosine similarity: 0.9938
  L2 distance: 0.0282
  Entropy change: 0.0252
  Concentration change: 0.0017

2021_vs_2022:
  Cosine similarity: 0.9853
  L2 distance: 0.0540
  Entropy change: -0.0782
  Concentration change: 0.0151

2021_vs_2023:
  Cosine similarity: 0.9983
  L2 distance: 0.0149
  Entropy change: 0.2478
  Concentration change: 0.0002

2021_vs_2024:
  Cosine similarity: 0.9969
  L2 distance: 0.0212
  Entropy change: 0.1767
  Concentration change: -0.0035

2021_vs_2025:
  Cosine similarity: 0.9996
  L2 distance: 0.0075
  Entropy change: 0.0714
  Concentration change: -0.0011

2022_vs_2023:
  Cosine similarity: 0.9825
  L2 distance: 0.0575
  Entropy change: 0.3261
  Concentration change: -0.0149

2022_vs_2024:
  Cosine similarity: 0.9700
  L2 distance: 0.0739
  Entropy change: 0.2549
  Concentration change: -0.0186

2022_vs_2025:
  Cosine similarity: 0.9824
  L2 distance: 0.0587
  Entropy change: 0.1497
  Concentration change: -0.0162

2023_vs_2024:
  Cosine similarity: 0.9956
  L2 distance: 0.0249
  Entropy change: -0.0712
  Concentration change: -0.0038

2023_vs_2025:
  Cosine similarity: 0.9970
  L2 distance: 0.0198
  Entropy change: -0.1764
  Concentration change: -0.0013

2024_vs_2025:
  Cosine similarity: 0.9979
  L2 distance: 0.0171
  Entropy change: -0.1052
  Concentration change: 0.0025

======================================================================

Analysis complete!
Results saved to: experiments/00_baseline_exploration/sweep_lr_0.0003/attention_analysis_year
  - attention_analysis_results.json
  - attention_heatmap.png
  - attention_trends.png
  - temporal_attention_comparison.png
