Logging to: experiments/00_baseline_exploration/sweep2_h16_lr_0.0002/attention_analysis_year/attention_analysis_20251030_130730.log
Analysis started at: 2025-10-30 13:07:30
======================================================================
Experiment: 00_baseline_exploration/sweep2_h16_lr_0.0002
Output directory: experiments/00_baseline_exploration/sweep2_h16_lr_0.0002/attention_analysis_year
Using best checkpoint: experiments/00_baseline_exploration/sweep2_h16_lr_0.0002/checkpoints/tft-epoch=98-val_loss=0.4038.ckpt

Loading data...
Loading test data from: data/splits/fixed/core_proposal_daily_fixed_test.csv
  Train samples: 6066
  Test samples: 1300

Preparing test dataset...
Test dataset size after filtering: 1280

Loading model...
Loading model from: experiments/00_baseline_exploration/sweep2_h16_lr_0.0002/checkpoints/tft-epoch=98-val_loss=0.4038.ckpt
Model moved to device: cuda

Extracting attention patterns...
Extracting attention patterns...
Total batches to process: 10
  Processed 10/10 batches

Total predictions: 1280
Total actuals: 1280
Attention shape: (1280, 20)
Encoder variables shape: (1280, 5)

Prediction period: 2020-08-19T00:00:00.000000000 to 2025-10-06T00:00:00.000000000
Total predictions: 1280

Creating temporal periods:
  2020: 92 samples
  2021: 250 samples
  2022: 249 samples
  2023: 249 samples
  2024: 250 samples
  2025: 190 samples

Attention over 20 encoder timesteps

Analyzing attention patterns by period...

Comparing attention patterns across periods...

Creating visualizations...
Saved attention heatmap: experiments/00_baseline_exploration/sweep2_h16_lr_0.0002/attention_analysis_year/attention_heatmap.png
Saved attention trends: experiments/00_baseline_exploration/sweep2_h16_lr_0.0002/attention_analysis_year/attention_trends.png
Saved feature importance comparison: experiments/00_baseline_exploration/sweep2_h16_lr_0.0002/attention_analysis_year/temporal_attention_comparison.png

Saving results...
Saved results: experiments/00_baseline_exploration/sweep2_h16_lr_0.0002/attention_analysis_year/attention_analysis_results.json

======================================================================
ATTENTION ANALYSIS SUMMARY
======================================================================

Per-Period Statistics:
----------------------------------------------------------------------

2020:
  Samples: 92
  Entropy: 2.7863 ± 0.2664
  Concentration: 0.0519
  Top 5 features:
    t-1                            0.0738
    t-2                            0.0674
    t-3                            0.0626
    t-4                            0.0594
    t-5                            0.0571

2021:
  Samples: 250
  Entropy: 2.8349 ± 0.2960
  Concentration: 0.0504
  Top 5 features:
    t-1                            0.0627
    t-2                            0.0596
    t-3                            0.0562
    t-4                            0.0534
    t-5                            0.0523

2022:
  Samples: 249
  Entropy: 2.6237 ± 0.3744
  Concentration: 0.0547
  Top 5 features:
    t-1                            0.0869
    t-2                            0.0752
    t-3                            0.0679
    t-4                            0.0633
    t-5                            0.0603

2023:
  Samples: 249
  Entropy: 2.9632 ± 0.0838
  Concentration: 0.0501
  Top 5 features:
    t-1                            0.0548
    t-2                            0.0539
    t-3                            0.0531
    t-4                            0.0524
    t-5                            0.0518

2024:
  Samples: 250
  Entropy: 2.9399 ± 0.2580
  Concentration: 0.0501
  Top 5 features:
    t-1                            0.0550
    t-2                            0.0545
    t-3                            0.0538
    t-4                            0.0529
    t-5                            0.0516

2025:
  Samples: 190
  Entropy: 2.8638 ± 0.3540
  Concentration: 0.0502
  Top 5 features:
    t-1                            0.0609
    t-2                            0.0550
    t-3                            0.0526
    t-4                            0.0514
    t-5                            0.0503

----------------------------------------------------------------------
Period Comparisons:
----------------------------------------------------------------------

2020_vs_2021:
  Cosine similarity: 0.9949
  L2 distance: 0.0232
  Entropy change: 0.0485
  Concentration change: -0.0015

2020_vs_2022:
  Cosine similarity: 0.9940
  L2 distance: 0.0261
  Entropy change: -0.1627
  Concentration change: 0.0028

2020_vs_2023:
  Cosine similarity: 0.9891
  L2 distance: 0.0336
  Entropy change: 0.1769
  Concentration change: -0.0018

2020_vs_2024:
  Cosine similarity: 0.9886
  L2 distance: 0.0343
  Entropy change: 0.1536
  Concentration change: -0.0018

2020_vs_2025:
  Cosine similarity: 0.9896
  L2 distance: 0.0328
  Entropy change: 0.0774
  Concentration change: -0.0017

2021_vs_2022:
  Cosine similarity: 0.9782
  L2 distance: 0.0488
  Entropy change: -0.2112
  Concentration change: 0.0043

2021_vs_2023:
  Cosine similarity: 0.9987
  L2 distance: 0.0114
  Entropy change: 0.1284
  Concentration change: -0.0003

2021_vs_2024:
  Cosine similarity: 0.9986
  L2 distance: 0.0117
  Entropy change: 0.1051
  Concentration change: -0.0003

2021_vs_2025:
  Cosine similarity: 0.9990
  L2 distance: 0.0102
  Entropy change: 0.0289
  Concentration change: -0.0003

2022_vs_2023:
  Cosine similarity: 0.9679
  L2 distance: 0.0589
  Entropy change: 0.3396
  Concentration change: -0.0046

2022_vs_2024:
  Cosine similarity: 0.9667
  L2 distance: 0.0599
  Entropy change: 0.3163
  Concentration change: -0.0047

2022_vs_2025:
  Cosine similarity: 0.9686
  L2 distance: 0.0583
  Entropy change: 0.2401
  Concentration change: -0.0046

2023_vs_2024:
  Cosine similarity: 0.9999
  L2 distance: 0.0034
  Entropy change: -0.0233
  Concentration change: -0.0000

2023_vs_2025:
  Cosine similarity: 0.9994
  L2 distance: 0.0081
  Entropy change: -0.0995
  Concentration change: 0.0001

2024_vs_2025:
  Cosine similarity: 0.9995
  L2 distance: 0.0068
  Entropy change: -0.0762
  Concentration change: 0.0001

======================================================================

Analysis complete!
Results saved to: experiments/00_baseline_exploration/sweep2_h16_lr_0.0002/attention_analysis_year
  - attention_analysis_results.json
  - attention_heatmap.png
  - attention_trends.png
  - temporal_attention_comparison.png
