Logging to: experiments/00_baseline_exploration/sweep2_h16_lr_0.0002/attention_analysis_year/attention_analysis_20251027_191419.log
Analysis started at: 2025-10-27 19:14:19
======================================================================
Experiment: 00_baseline_exploration/sweep2_h16_lr_0.0002
Output directory: experiments/00_baseline_exploration/sweep2_h16_lr_0.0002/attention_analysis_year
Using best checkpoint: experiments/00_baseline_exploration/sweep2_h16_lr_0.0002/checkpoints/tft-epoch=03-val_loss=0.1154.ckpt

Loading data...
Loading test data from: data/splits/fixed/core_proposal_daily_fixed_test.csv
  Train samples: 6066
  Test samples: 1300

Preparing test dataset...
Test dataset size after filtering: 1280

Loading model...
Loading model from: experiments/00_baseline_exploration/sweep2_h16_lr_0.0002/checkpoints/tft-epoch=03-val_loss=0.1154.ckpt

Extracting attention patterns...
Extracting attention patterns...
Total batches to process: 10
  Processed 10/10 batches

Total predictions: 1280
Total actuals: 1280
Attention shape: (1280, 20)
Encoder variables shape: (1280, 5)

Prediction period: 2020-08-19T00:00:00.000000000 to 2025-10-06T00:00:00.000000000
Total predictions: 1280

Creating temporal periods:
  2020: 92 samples
  2021: 250 samples
  2022: 249 samples
  2023: 249 samples
  2024: 250 samples
  2025: 190 samples

Attention over 20 encoder timesteps

Analyzing attention patterns by period...

Comparing attention patterns across periods...

Creating visualizations...
Saved attention heatmap: experiments/00_baseline_exploration/sweep2_h16_lr_0.0002/attention_analysis_year/attention_heatmap.png
Saved attention trends: experiments/00_baseline_exploration/sweep2_h16_lr_0.0002/attention_analysis_year/attention_trends.png
Saved feature importance comparison: experiments/00_baseline_exploration/sweep2_h16_lr_0.0002/attention_analysis_year/temporal_attention_comparison.png

Saving results...
Saved results: experiments/00_baseline_exploration/sweep2_h16_lr_0.0002/attention_analysis_year/attention_analysis_results.json

======================================================================
ATTENTION ANALYSIS SUMMARY
======================================================================

Per-Period Statistics:
----------------------------------------------------------------------

2020:
  Samples: 92
  Entropy: 2.9920 ± 0.0023
  Concentration: 0.0503
  Top 5 features:
    t-1                            0.0588
    t-2                            0.0569
    t-3                            0.0551
    t-20                           0.0541
    t-4                            0.0535

2021:
  Samples: 250
  Entropy: 2.9557 ± 0.0256
  Concentration: 0.0502
  Top 5 features:
    t-1                            0.0555
    t-2                            0.0547
    t-20                           0.0545
    t-3                            0.0539
    t-4                            0.0531

2022:
  Samples: 249
  Entropy: 2.9835 ± 0.0075
  Concentration: 0.0507
  Top 5 features:
    t-20                           0.0683
    t-19                           0.0617
    t-18                           0.0576
    t-17                           0.0538
    t-16                           0.0512

2023:
  Samples: 249
  Entropy: 2.9452 ± 0.0421
  Concentration: 0.0507
  Top 5 features:
    t-1                            0.0603
    t-2                            0.0592
    t-20                           0.0584
    t-3                            0.0579
    t-4                            0.0564

2024:
  Samples: 250
  Entropy: 2.8572 ± 0.1163
  Concentration: 0.0540
  Top 5 features:
    t-1                            0.0797
    t-2                            0.0757
    t-3                            0.0716
    t-4                            0.0674
    t-5                            0.0631

2025:
  Samples: 190
  Entropy: 2.8341 ± 0.1222
  Concentration: 0.0515
  Top 5 features:
    t-1                            0.0686
    t-2                            0.0651
    t-20                           0.0632
    t-3                            0.0614
    t-4                            0.0578

----------------------------------------------------------------------
Period Comparisons:
----------------------------------------------------------------------

2020_vs_2021:
  Cosine similarity: 0.9998
  L2 distance: 0.0046
  Entropy change: -0.0363
  Concentration change: -0.0001

2020_vs_2022:
  Cosine similarity: 0.9907
  L2 distance: 0.0307
  Entropy change: -0.0085
  Concentration change: 0.0004

2020_vs_2023:
  Cosine similarity: 0.9987
  L2 distance: 0.0117
  Entropy change: -0.0468
  Concentration change: 0.0004

2020_vs_2024:
  Cosine similarity: 0.9785
  L2 distance: 0.0480
  Entropy change: -0.1348
  Concentration change: 0.0037

2020_vs_2025:
  Cosine similarity: 0.9948
  L2 distance: 0.0233
  Entropy change: -0.1579
  Concentration change: 0.0013

2021_vs_2022:
  Cosine similarity: 0.9925
  L2 distance: 0.0275
  Entropy change: 0.0278
  Concentration change: 0.0005

2021_vs_2023:
  Cosine similarity: 0.9981
  L2 distance: 0.0140
  Entropy change: -0.0105
  Concentration change: 0.0005

2021_vs_2024:
  Cosine similarity: 0.9749
  L2 distance: 0.0518
  Entropy change: -0.0985
  Concentration change: 0.0038

2021_vs_2025:
  Cosine similarity: 0.9932
  L2 distance: 0.0265
  Entropy change: -0.1216
  Concentration change: 0.0014

2022_vs_2023:
  Cosine similarity: 0.9881
  L2 distance: 0.0348
  Entropy change: -0.0383
  Concentration change: 0.0000

2022_vs_2024:
  Cosine similarity: 0.9458
  L2 distance: 0.0756
  Entropy change: -0.1263
  Concentration change: 0.0033

2022_vs_2025:
  Cosine similarity: 0.9828
  L2 distance: 0.0419
  Entropy change: -0.1494
  Concentration change: 0.0009

2023_vs_2024:
  Cosine similarity: 0.9843
  L2 distance: 0.0412
  Entropy change: -0.0880
  Concentration change: 0.0032

2023_vs_2025:
  Cosine similarity: 0.9979
  L2 distance: 0.0148
  Entropy change: -0.1111
  Concentration change: 0.0008

2024_vs_2025:
  Cosine similarity: 0.9873
  L2 distance: 0.0369
  Entropy change: -0.0231
  Concentration change: -0.0024

======================================================================

Analysis complete!
Results saved to: experiments/00_baseline_exploration/sweep2_h16_lr_0.0002/attention_analysis_year
  - attention_analysis_results.json
  - attention_heatmap.png
  - attention_trends.png
  - temporal_attention_comparison.png
