Logging to: experiments/01_staleness_features_fixed/sweep_stale_h16_drop0.15_lr3/attention_analysis_year/attention_analysis_20251030_131440.log
Analysis started at: 2025-10-30 13:14:40
======================================================================
Experiment: 01_staleness_features_fixed/sweep_stale_h16_drop0.15_lr3
Output directory: experiments/01_staleness_features_fixed/sweep_stale_h16_drop0.15_lr3/attention_analysis_year
Using best checkpoint: experiments/01_staleness_features_fixed/sweep_stale_h16_drop0.15_lr3/checkpoints/tft-epoch=96-val_loss=0.3971.ckpt

Loading data...
Loading test data from: data/splits/fixed/core_proposal_daily_fixed_test.csv
Detected staleness features in config, adding to data...
  Train samples: 6066
  Test samples: 1300

Preparing test dataset...
Test dataset size after filtering: 1280

Loading model...
Loading model from: experiments/01_staleness_features_fixed/sweep_stale_h16_drop0.15_lr3/checkpoints/tft-epoch=96-val_loss=0.3971.ckpt
Model moved to device: cuda

Extracting attention patterns...
Extracting attention patterns...
Total batches to process: 10
  Processed 10/10 batches

Total predictions: 1280
Total actuals: 1280
Attention shape: (1280, 20)
Encoder variables shape: (1280, 7)

Prediction period: 2020-08-19T00:00:00.000000000 to 2025-10-06T00:00:00.000000000
Total predictions: 1280

Creating temporal periods:
  2020: 92 samples
  2021: 250 samples
  2022: 249 samples
  2023: 249 samples
  2024: 250 samples
  2025: 190 samples

Attention over 20 encoder timesteps

Analyzing attention patterns by period...

Comparing attention patterns across periods...

Creating visualizations...
Saved attention heatmap: experiments/01_staleness_features_fixed/sweep_stale_h16_drop0.15_lr3/attention_analysis_year/attention_heatmap.png
Saved attention trends: experiments/01_staleness_features_fixed/sweep_stale_h16_drop0.15_lr3/attention_analysis_year/attention_trends.png
Saved feature importance comparison: experiments/01_staleness_features_fixed/sweep_stale_h16_drop0.15_lr3/attention_analysis_year/temporal_attention_comparison.png

Saving results...
Saved results: experiments/01_staleness_features_fixed/sweep_stale_h16_drop0.15_lr3/attention_analysis_year/attention_analysis_results.json

======================================================================
ATTENTION ANALYSIS SUMMARY
======================================================================

Per-Period Statistics:
----------------------------------------------------------------------

2020:
  Samples: 92
  Entropy: 2.0117 ± 0.4705
  Concentration: 0.1656
  Top 5 features:
    t-1                            0.2953
    t-2                            0.2079
    t-3                            0.1400
    t-4                            0.0905
    t-5                            0.0577

2021:
  Samples: 250
  Entropy: 2.3751 ± 0.5246
  Concentration: 0.0923
  Top 5 features:
    t-1                            0.1848
    t-2                            0.1465
    t-3                            0.1129
    t-4                            0.0853
    t-5                            0.0648

2022:
  Samples: 249
  Entropy: 2.7091 ± 0.2973
  Concentration: 0.0630
  Top 5 features:
    t-1                            0.1100
    t-2                            0.0976
    t-3                            0.0871
    t-4                            0.0776
    t-5                            0.0686

2023:
  Samples: 249
  Entropy: 2.8058 ± 0.2342
  Concentration: 0.0554
  Top 5 features:
    t-1                            0.0854
    t-2                            0.0801
    t-3                            0.0748
    t-4                            0.0693
    t-5                            0.0635

2024:
  Samples: 250
  Entropy: 2.6655 ± 0.3982
  Concentration: 0.0674
  Top 5 features:
    t-1                            0.1209
    t-2                            0.1089
    t-3                            0.0969
    t-4                            0.0841
    t-5                            0.0712

2025:
  Samples: 190
  Entropy: 2.6643 ± 0.4329
  Concentration: 0.0671
  Top 5 features:
    t-1                            0.1288
    t-2                            0.1081
    t-3                            0.0931
    t-4                            0.0790
    t-5                            0.0666

----------------------------------------------------------------------
Period Comparisons:
----------------------------------------------------------------------

2020_vs_2021:
  Cosine similarity: 0.9644
  L2 distance: 0.1394
  Entropy change: 0.3634
  Concentration change: -0.0733

2020_vs_2022:
  Cosine similarity: 0.8341
  L2 distance: 0.2412
  Entropy change: 0.6975
  Concentration change: -0.1025

2020_vs_2023:
  Cosine similarity: 0.7518
  L2 distance: 0.2774
  Entropy change: 0.7942
  Concentration change: -0.1101

2020_vs_2024:
  Cosine similarity: 0.8721
  L2 distance: 0.2207
  Entropy change: 0.6539
  Concentration change: -0.0982

2020_vs_2025:
  Cosine similarity: 0.8818
  L2 distance: 0.2163
  Entropy change: 0.6526
  Concentration change: -0.0984

2021_vs_2022:
  Cosine similarity: 0.9496
  L2 distance: 0.1023
  Entropy change: 0.3340
  Concentration change: -0.0292

2021_vs_2023:
  Cosine similarity: 0.8974
  L2 distance: 0.1391
  Entropy change: 0.4307
  Concentration change: -0.0368

2021_vs_2024:
  Cosine similarity: 0.9701
  L2 distance: 0.0816
  Entropy change: 0.2904
  Concentration change: -0.0249

2021_vs_2025:
  Cosine similarity: 0.9745
  L2 distance: 0.0775
  Entropy change: 0.2892
  Concentration change: -0.0251

2022_vs_2023:
  Cosine similarity: 0.9879
  L2 distance: 0.0409
  Entropy change: 0.0967
  Concentration change: -0.0076

2022_vs_2024:
  Cosine similarity: 0.9942
  L2 distance: 0.0289
  Entropy change: -0.0436
  Concentration change: 0.0044

2022_vs_2025:
  Cosine similarity: 0.9940
  L2 distance: 0.0292
  Entropy change: -0.0449
  Concentration change: 0.0041

2023_vs_2024:
  Cosine similarity: 0.9735
  L2 distance: 0.0618
  Entropy change: -0.1403
  Concentration change: 0.0119

2023_vs_2025:
  Cosine similarity: 0.9729
  L2 distance: 0.0621
  Entropy change: -0.1416
  Concentration change: 0.0117

2024_vs_2025:
  Cosine similarity: 0.9987
  L2 distance: 0.0131
  Entropy change: -0.0013
  Concentration change: -0.0003

======================================================================

Analysis complete!
Results saved to: experiments/01_staleness_features_fixed/sweep_stale_h16_drop0.15_lr3/attention_analysis_year
  - attention_analysis_results.json
  - attention_heatmap.png
  - attention_trends.png
  - temporal_attention_comparison.png
