Logging to: experiments/01_staleness_features_fixed/sweep_stale_h18_drop0.20_lr3/attention_analysis_year/attention_analysis_20251030_131611.log
Analysis started at: 2025-10-30 13:16:11
======================================================================
Experiment: 01_staleness_features_fixed/sweep_stale_h18_drop0.20_lr3
Output directory: experiments/01_staleness_features_fixed/sweep_stale_h18_drop0.20_lr3/attention_analysis_year
Using best checkpoint: experiments/01_staleness_features_fixed/sweep_stale_h18_drop0.20_lr3/checkpoints/tft-epoch=96-val_loss=0.3954.ckpt

Loading data...
Loading test data from: data/splits/fixed/core_proposal_daily_fixed_test.csv
Detected staleness features in config, adding to data...
  Train samples: 6066
  Test samples: 1300

Preparing test dataset...
Test dataset size after filtering: 1280

Loading model...
Loading model from: experiments/01_staleness_features_fixed/sweep_stale_h18_drop0.20_lr3/checkpoints/tft-epoch=96-val_loss=0.3954.ckpt
Model moved to device: cuda

Extracting attention patterns...
Extracting attention patterns...
Total batches to process: 10
  Processed 10/10 batches

Total predictions: 1280
Total actuals: 1280
Attention shape: (1280, 20)
Encoder variables shape: (1280, 7)

Prediction period: 2020-08-19T00:00:00.000000000 to 2025-10-06T00:00:00.000000000
Total predictions: 1280

Creating temporal periods:
  2020: 92 samples
  2021: 250 samples
  2022: 249 samples
  2023: 249 samples
  2024: 250 samples
  2025: 190 samples

Attention over 20 encoder timesteps

Analyzing attention patterns by period...

Comparing attention patterns across periods...

Creating visualizations...
Saved attention heatmap: experiments/01_staleness_features_fixed/sweep_stale_h18_drop0.20_lr3/attention_analysis_year/attention_heatmap.png
Saved attention trends: experiments/01_staleness_features_fixed/sweep_stale_h18_drop0.20_lr3/attention_analysis_year/attention_trends.png
Saved feature importance comparison: experiments/01_staleness_features_fixed/sweep_stale_h18_drop0.20_lr3/attention_analysis_year/temporal_attention_comparison.png

Saving results...
Saved results: experiments/01_staleness_features_fixed/sweep_stale_h18_drop0.20_lr3/attention_analysis_year/attention_analysis_results.json

======================================================================
ATTENTION ANALYSIS SUMMARY
======================================================================

Per-Period Statistics:
----------------------------------------------------------------------

2020:
  Samples: 92
  Entropy: 2.7285 ± 0.1962
  Concentration: 0.0510
  Top 5 features:
    t-1                            0.0680
    t-2                            0.0617
    t-20                           0.0608
    t-3                            0.0566
    t-19                           0.0555

2021:
  Samples: 250
  Entropy: 2.5929 ± 0.3985
  Concentration: 0.0502
  Top 5 features:
    t-1                            0.0591
    t-20                           0.0574
    t-2                            0.0545
    t-19                           0.0535
    t-3                            0.0514

2022:
  Samples: 249
  Entropy: 2.5921 ± 0.3183
  Concentration: 0.0511
  Top 5 features:
    t-1                            0.0694
    t-20                           0.0641
    t-2                            0.0587
    t-19                           0.0587
    t-18                           0.0558

2023:
  Samples: 249
  Entropy: 2.8948 ± 0.1728
  Concentration: 0.0501
  Top 5 features:
    t-20                           0.0577
    t-19                           0.0551
    t-18                           0.0530
    t-17                           0.0516
    t-1                            0.0514

2024:
  Samples: 250
  Entropy: 2.8544 ± 0.3538
  Concentration: 0.0500
  Top 5 features:
    t-20                           0.0541
    t-1                            0.0527
    t-2                            0.0514
    t-19                           0.0511
    t-3                            0.0511

2025:
  Samples: 190
  Entropy: 2.7520 ± 0.3710
  Concentration: 0.0503
  Top 5 features:
    t-20                           0.0606
    t-1                            0.0570
    t-19                           0.0560
    t-18                           0.0544
    t-17                           0.0529

----------------------------------------------------------------------
Period Comparisons:
----------------------------------------------------------------------

2020_vs_2021:
  Cosine similarity: 0.9969
  L2 distance: 0.0177
  Entropy change: -0.1356
  Concentration change: -0.0008

2020_vs_2022:
  Cosine similarity: 0.9989
  L2 distance: 0.0106
  Entropy change: -0.1364
  Concentration change: 0.0001

2020_vs_2023:
  Cosine similarity: 0.9930
  L2 distance: 0.0267
  Entropy change: 0.1663
  Concentration change: -0.0009

2020_vs_2024:
  Cosine similarity: 0.9933
  L2 distance: 0.0260
  Entropy change: 0.1259
  Concentration change: -0.0010

2020_vs_2025:
  Cosine similarity: 0.9945
  L2 distance: 0.0237
  Entropy change: 0.0235
  Concentration change: -0.0007

2021_vs_2022:
  Cosine similarity: 0.9966
  L2 distance: 0.0188
  Entropy change: -0.0008
  Concentration change: 0.0009

2021_vs_2023:
  Cosine similarity: 0.9989
  L2 distance: 0.0104
  Entropy change: 0.3019
  Concentration change: -0.0001

2021_vs_2024:
  Cosine similarity: 0.9990
  L2 distance: 0.0101
  Entropy change: 0.2615
  Concentration change: -0.0002

2021_vs_2025:
  Cosine similarity: 0.9989
  L2 distance: 0.0103
  Entropy change: 0.1591
  Concentration change: 0.0001

2022_vs_2023:
  Cosine similarity: 0.9933
  L2 distance: 0.0261
  Entropy change: 0.3027
  Concentration change: -0.0010

2022_vs_2024:
  Cosine similarity: 0.9921
  L2 distance: 0.0284
  Entropy change: 0.2623
  Concentration change: -0.0011

2022_vs_2025:
  Cosine similarity: 0.9959
  L2 distance: 0.0204
  Entropy change: 0.1599
  Concentration change: -0.0008

2023_vs_2024:
  Cosine similarity: 0.9992
  L2 distance: 0.0088
  Entropy change: -0.0404
  Concentration change: -0.0001

2023_vs_2025:
  Cosine similarity: 0.9992
  L2 distance: 0.0091
  Entropy change: -0.1428
  Concentration change: 0.0002

2024_vs_2025:
  Cosine similarity: 0.9976
  L2 distance: 0.0156
  Entropy change: -0.1024
  Concentration change: 0.0003

======================================================================

Analysis complete!
Results saved to: experiments/01_staleness_features_fixed/sweep_stale_h18_drop0.20_lr3/attention_analysis_year
  - attention_analysis_results.json
  - attention_heatmap.png
  - attention_trends.png
  - temporal_attention_comparison.png
