Logging to: experiments/00_baseline_exploration/sweep_combo3/attention_analysis_year/attention_analysis_20251027_191504.log
Analysis started at: 2025-10-27 19:15:04
======================================================================
Experiment: 00_baseline_exploration/sweep_combo3
Output directory: experiments/00_baseline_exploration/sweep_combo3/attention_analysis_year
Using best checkpoint: experiments/00_baseline_exploration/sweep_combo3/checkpoints/tft-epoch=00-val_loss=0.1478.ckpt

Loading data...
Loading test data from: data/splits/fixed/core_proposal_daily_fixed_test.csv
  Train samples: 6066
  Test samples: 1300

Preparing test dataset...
Test dataset size after filtering: 1240

Loading model...
Loading model from: experiments/00_baseline_exploration/sweep_combo3/checkpoints/tft-epoch=00-val_loss=0.1478.ckpt

Extracting attention patterns...
Extracting attention patterns...
Total batches to process: 10
  Processed 10/10 batches

Total predictions: 1240
Total actuals: 1240
Attention shape: (1240, 60)
Encoder variables shape: (1240, 5)

Prediction period: 2020-10-16T00:00:00.000000000 to 2025-10-06T00:00:00.000000000
Total predictions: 1240

Creating temporal periods:
  2020: 52 samples
  2021: 250 samples
  2022: 249 samples
  2023: 249 samples
  2024: 250 samples
  2025: 190 samples

Attention over 60 encoder timesteps

Analyzing attention patterns by period...

Comparing attention patterns across periods...

Creating visualizations...
Saved attention heatmap: experiments/00_baseline_exploration/sweep_combo3/attention_analysis_year/attention_heatmap.png
Saved attention trends: experiments/00_baseline_exploration/sweep_combo3/attention_analysis_year/attention_trends.png
Saved feature importance comparison: experiments/00_baseline_exploration/sweep_combo3/attention_analysis_year/temporal_attention_comparison.png

Saving results...
Saved results: experiments/00_baseline_exploration/sweep_combo3/attention_analysis_year/attention_analysis_results.json

======================================================================
ATTENTION ANALYSIS SUMMARY
======================================================================

Per-Period Statistics:
----------------------------------------------------------------------

2020:
  Samples: 52
  Entropy: 4.0915 ± 0.0022
  Concentration: 0.0167
  Top 5 features:
    t-59                           0.0186
    t-58                           0.0185
    t-57                           0.0183
    t-56                           0.0182
    t-60                           0.0182

2021:
  Samples: 250
  Entropy: 4.0852 ± 0.0047
  Concentration: 0.0168
  Top 5 features:
    t-58                           0.0188
    t-59                           0.0188
    t-57                           0.0188
    t-56                           0.0187
    t-55                           0.0187

2022:
  Samples: 249
  Entropy: 4.0673 ± 0.0169
  Concentration: 0.0170
  Top 5 features:
    t-59                           0.0208
    t-58                           0.0208
    t-57                           0.0207
    t-60                           0.0206
    t-56                           0.0204

2023:
  Samples: 249
  Entropy: 4.0860 ± 0.0050
  Concentration: 0.0167
  Top 5 features:
    t-41                           0.0175
    t-40                           0.0175
    t-42                           0.0175
    t-39                           0.0175
    t-43                           0.0175

2024:
  Samples: 250
  Entropy: 4.0845 ± 0.0060
  Concentration: 0.0167
  Top 5 features:
    t-27                           0.0171
    t-30                           0.0171
    t-28                           0.0171
    t-29                           0.0171
    t-26                           0.0171

2025:
  Samples: 190
  Entropy: 4.0775 ± 0.0120
  Concentration: 0.0168
  Top 5 features:
    t-60                           0.0181
    t-59                           0.0179
    t-58                           0.0178
    t-57                           0.0177
    t-45                           0.0177

----------------------------------------------------------------------
Period Comparisons:
----------------------------------------------------------------------

2020_vs_2021:
  Cosine similarity: 0.9977
  L2 distance: 0.0087
  Entropy change: -0.0063
  Concentration change: 0.0001

2020_vs_2022:
  Cosine similarity: 0.9953
  L2 distance: 0.0126
  Entropy change: -0.0242
  Concentration change: 0.0003

2020_vs_2023:
  Cosine similarity: 0.9992
  L2 distance: 0.0052
  Entropy change: -0.0055
  Concentration change: 0.0000

2020_vs_2024:
  Cosine similarity: 0.9990
  L2 distance: 0.0058
  Entropy change: -0.0070
  Concentration change: -0.0000

2020_vs_2025:
  Cosine similarity: 0.9990
  L2 distance: 0.0058
  Entropy change: -0.0140
  Concentration change: 0.0001

2021_vs_2022:
  Cosine similarity: 0.9984
  L2 distance: 0.0075
  Entropy change: -0.0179
  Concentration change: 0.0002

2021_vs_2023:
  Cosine similarity: 0.9986
  L2 distance: 0.0070
  Entropy change: 0.0008
  Concentration change: -0.0001

2021_vs_2024:
  Cosine similarity: 0.9964
  L2 distance: 0.0110
  Entropy change: -0.0007
  Concentration change: -0.0002

2021_vs_2025:
  Cosine similarity: 0.9994
  L2 distance: 0.0044
  Entropy change: -0.0077
  Concentration change: -0.0001

2022_vs_2023:
  Cosine similarity: 0.9948
  L2 distance: 0.0133
  Entropy change: 0.0187
  Concentration change: -0.0003

2022_vs_2024:
  Cosine similarity: 0.9915
  L2 distance: 0.0169
  Entropy change: 0.0172
  Concentration change: -0.0003

2022_vs_2025:
  Cosine similarity: 0.9965
  L2 distance: 0.0109
  Entropy change: 0.0102
  Concentration change: -0.0002

2023_vs_2024:
  Cosine similarity: 0.9995
  L2 distance: 0.0042
  Entropy change: -0.0015
  Concentration change: -0.0000

2023_vs_2025:
  Cosine similarity: 0.9998
  L2 distance: 0.0026
  Entropy change: -0.0085
  Concentration change: 0.0000

2024_vs_2025:
  Cosine similarity: 0.9987
  L2 distance: 0.0067
  Entropy change: -0.0070
  Concentration change: 0.0001

======================================================================

Analysis complete!
Results saved to: experiments/00_baseline_exploration/sweep_combo3/attention_analysis_year
  - attention_analysis_results.json
  - attention_heatmap.png
  - attention_trends.png
  - temporal_attention_comparison.png
