Logging to: experiments/00_baseline_exploration/sweep_combo3/attention_analysis_year/attention_analysis_20251030_130933.log
Analysis started at: 2025-10-30 13:09:33
======================================================================
Experiment: 00_baseline_exploration/sweep_combo3
Output directory: experiments/00_baseline_exploration/sweep_combo3/attention_analysis_year
Using best checkpoint: experiments/00_baseline_exploration/sweep_combo3/checkpoints/tft-epoch=54-val_loss=0.3961.ckpt

Loading data...
Loading test data from: data/splits/fixed/core_proposal_daily_fixed_test.csv
  Train samples: 6066
  Test samples: 1300

Preparing test dataset...
Test dataset size after filtering: 1240

Loading model...
Loading model from: experiments/00_baseline_exploration/sweep_combo3/checkpoints/tft-epoch=54-val_loss=0.3961.ckpt
Model moved to device: cuda

Extracting attention patterns...
Extracting attention patterns...
Total batches to process: 10
  Processed 10/10 batches

Total predictions: 1240
Total actuals: 1240
Attention shape: (1240, 60)
Encoder variables shape: (1240, 5)

Prediction period: 2020-10-16T00:00:00.000000000 to 2025-10-06T00:00:00.000000000
Total predictions: 1240

Creating temporal periods:
  2020: 52 samples
  2021: 250 samples
  2022: 249 samples
  2023: 249 samples
  2024: 250 samples
  2025: 190 samples

Attention over 60 encoder timesteps

Analyzing attention patterns by period...

Comparing attention patterns across periods...

Creating visualizations...
Saved attention heatmap: experiments/00_baseline_exploration/sweep_combo3/attention_analysis_year/attention_heatmap.png
Saved attention trends: experiments/00_baseline_exploration/sweep_combo3/attention_analysis_year/attention_trends.png
Saved feature importance comparison: experiments/00_baseline_exploration/sweep_combo3/attention_analysis_year/temporal_attention_comparison.png

Saving results...
Saved results: experiments/00_baseline_exploration/sweep_combo3/attention_analysis_year/attention_analysis_results.json

======================================================================
ATTENTION ANALYSIS SUMMARY
======================================================================

Per-Period Statistics:
----------------------------------------------------------------------

2020:
  Samples: 52
  Entropy: 3.5602 ± 0.2481
  Concentration: 0.0176
  Top 5 features:
    t-29                           0.0232
    t-33                           0.0232
    t-32                           0.0232
    t-30                           0.0231
    t-31                           0.0231

2021:
  Samples: 250
  Entropy: 3.7589 ± 0.3393
  Concentration: 0.0170
  Top 5 features:
    t-60                           0.0314
    t-59                           0.0214
    t-58                           0.0191
    t-46                           0.0185
    t-47                           0.0184

2022:
  Samples: 249
  Entropy: 3.7307 ± 0.1855
  Concentration: 0.0171
  Top 5 features:
    t-60                           0.0324
    t-59                           0.0240
    t-58                           0.0199
    t-57                           0.0178
    t-30                           0.0176

2023:
  Samples: 249
  Entropy: 4.0029 ± 0.1272
  Concentration: 0.0171
  Top 5 features:
    t-60                           0.0362
    t-59                           0.0219
    t-58                           0.0191
    t-57                           0.0180
    t-56                           0.0175

2024:
  Samples: 250
  Entropy: 3.8190 ± 0.4013
  Concentration: 0.0169
  Top 5 features:
    t-60                           0.0319
    t-31                           0.0168
    t-32                           0.0168
    t-30                           0.0168
    t-29                           0.0168

2025:
  Samples: 190
  Entropy: 3.6804 ± 0.4543
  Concentration: 0.0172
  Top 5 features:
    t-60                           0.0378
    t-59                           0.0205
    t-18                           0.0171
    t-25                           0.0171
    t-17                           0.0171

----------------------------------------------------------------------
Period Comparisons:
----------------------------------------------------------------------

2020_vs_2021:
  Cosine similarity: 0.9470
  L2 distance: 0.0429
  Entropy change: 0.1986
  Concentration change: -0.0006

2020_vs_2022:
  Cosine similarity: 0.9619
  L2 distance: 0.0365
  Entropy change: 0.1705
  Concentration change: -0.0006

2020_vs_2023:
  Cosine similarity: 0.9541
  L2 distance: 0.0400
  Entropy change: 0.4427
  Concentration change: -0.0005

2020_vs_2024:
  Cosine similarity: 0.9716
  L2 distance: 0.0315
  Entropy change: 0.2588
  Concentration change: -0.0007

2020_vs_2025:
  Cosine similarity: 0.9674
  L2 distance: 0.0337
  Entropy change: 0.1202
  Concentration change: -0.0005

2021_vs_2022:
  Cosine similarity: 0.9946
  L2 distance: 0.0135
  Entropy change: -0.0282
  Concentration change: 0.0001

2021_vs_2023:
  Cosine similarity: 0.9964
  L2 distance: 0.0110
  Entropy change: 0.2441
  Concentration change: 0.0001

2021_vs_2024:
  Cosine similarity: 0.9934
  L2 distance: 0.0150
  Entropy change: 0.0601
  Concentration change: -0.0001

2021_vs_2025:
  Cosine similarity: 0.9919
  L2 distance: 0.0166
  Entropy change: -0.0784
  Concentration change: 0.0001

2022_vs_2023:
  Cosine similarity: 0.9942
  L2 distance: 0.0141
  Entropy change: 0.2722
  Concentration change: 0.0000

2022_vs_2024:
  Cosine similarity: 0.9932
  L2 distance: 0.0152
  Entropy change: 0.0883
  Concentration change: -0.0002

2022_vs_2025:
  Cosine similarity: 0.9945
  L2 distance: 0.0137
  Entropy change: -0.0503
  Concentration change: 0.0001

2023_vs_2024:
  Cosine similarity: 0.9959
  L2 distance: 0.0119
  Entropy change: -0.1840
  Concentration change: -0.0002

2023_vs_2025:
  Cosine similarity: 0.9970
  L2 distance: 0.0101
  Entropy change: -0.3225
  Concentration change: 0.0001

2024_vs_2025:
  Cosine similarity: 0.9978
  L2 distance: 0.0088
  Entropy change: -0.1386
  Concentration change: 0.0003

======================================================================

Analysis complete!
Results saved to: experiments/00_baseline_exploration/sweep_combo3/attention_analysis_year
  - attention_analysis_results.json
  - attention_heatmap.png
  - attention_trends.png
  - temporal_attention_comparison.png
