Logging to: experiments/01_staleness_features_fixed/sweep_stale_h22_drop0.15_lr5/attention_analysis_year/attention_analysis_20251030_131834.log
Analysis started at: 2025-10-30 13:18:34
======================================================================
Experiment: 01_staleness_features_fixed/sweep_stale_h22_drop0.15_lr5
Output directory: experiments/01_staleness_features_fixed/sweep_stale_h22_drop0.15_lr5/attention_analysis_year
Using best checkpoint: experiments/01_staleness_features_fixed/sweep_stale_h22_drop0.15_lr5/checkpoints/tft-epoch=56-val_loss=0.3969.ckpt

Loading data...
Loading test data from: data/splits/fixed/core_proposal_daily_fixed_test.csv
Detected staleness features in config, adding to data...
  Train samples: 6066
  Test samples: 1300

Preparing test dataset...
Test dataset size after filtering: 1280

Loading model...
Loading model from: experiments/01_staleness_features_fixed/sweep_stale_h22_drop0.15_lr5/checkpoints/tft-epoch=56-val_loss=0.3969.ckpt
Model moved to device: cuda

Extracting attention patterns...
Extracting attention patterns...
Total batches to process: 10
  Processed 10/10 batches

Total predictions: 1280
Total actuals: 1280
Attention shape: (1280, 20)
Encoder variables shape: (1280, 7)

Prediction period: 2020-08-19T00:00:00.000000000 to 2025-10-06T00:00:00.000000000
Total predictions: 1280

Creating temporal periods:
  2020: 92 samples
  2021: 250 samples
  2022: 249 samples
  2023: 249 samples
  2024: 250 samples
  2025: 190 samples

Attention over 20 encoder timesteps

Analyzing attention patterns by period...

Comparing attention patterns across periods...

Creating visualizations...
Saved attention heatmap: experiments/01_staleness_features_fixed/sweep_stale_h22_drop0.15_lr5/attention_analysis_year/attention_heatmap.png
Saved attention trends: experiments/01_staleness_features_fixed/sweep_stale_h22_drop0.15_lr5/attention_analysis_year/attention_trends.png
Saved feature importance comparison: experiments/01_staleness_features_fixed/sweep_stale_h22_drop0.15_lr5/attention_analysis_year/temporal_attention_comparison.png

Saving results...
Saved results: experiments/01_staleness_features_fixed/sweep_stale_h22_drop0.15_lr5/attention_analysis_year/attention_analysis_results.json

======================================================================
ATTENTION ANALYSIS SUMMARY
======================================================================

Per-Period Statistics:
----------------------------------------------------------------------

2020:
  Samples: 92
  Entropy: 2.5636 ± 0.2220
  Concentration: 0.0712
  Top 5 features:
    t-1                            0.1306
    t-2                            0.1119
    t-3                            0.0965
    t-4                            0.0843
    t-5                            0.0738

2021:
  Samples: 250
  Entropy: 2.1918 ± 0.3515
  Concentration: 0.1070
  Top 5 features:
    t-1                            0.1991
    t-2                            0.1558
    t-3                            0.1237
    t-4                            0.0987
    t-5                            0.0793

2022:
  Samples: 249
  Entropy: 2.5353 ± 0.2794
  Concentration: 0.0726
  Top 5 features:
    t-1                            0.1285
    t-2                            0.1121
    t-3                            0.0986
    t-4                            0.0867
    t-5                            0.0764

2023:
  Samples: 249
  Entropy: 2.1500 ± 0.2798
  Concentration: 0.1228
  Top 5 features:
    t-1                            0.2134
    t-2                            0.1691
    t-3                            0.1357
    t-4                            0.1089
    t-5                            0.0866

2024:
  Samples: 250
  Entropy: 2.0629 ± 0.3799
  Concentration: 0.1212
  Top 5 features:
    t-1                            0.2244
    t-2                            0.1654
    t-3                            0.1276
    t-4                            0.1004
    t-5                            0.0799

2025:
  Samples: 190
  Entropy: 2.0346 ± 0.3116
  Concentration: 0.1319
  Top 5 features:
    t-1                            0.2384
    t-2                            0.1796
    t-3                            0.1359
    t-4                            0.1022
    t-5                            0.0761

----------------------------------------------------------------------
Period Comparisons:
----------------------------------------------------------------------

2020_vs_2021:
  Cosine similarity: 0.9669
  L2 distance: 0.0970
  Entropy change: -0.3718
  Concentration change: 0.0358

2020_vs_2022:
  Cosine similarity: 0.9990
  L2 distance: 0.0124
  Entropy change: -0.0283
  Concentration change: 0.0014

2020_vs_2023:
  Cosine similarity: 0.9515
  L2 distance: 0.1268
  Entropy change: -0.4136
  Concentration change: 0.0516

2020_vs_2024:
  Cosine similarity: 0.9501
  L2 distance: 0.1261
  Entropy change: -0.5007
  Concentration change: 0.0500

2020_vs_2025:
  Cosine similarity: 0.9350
  L2 distance: 0.1479
  Entropy change: -0.5290
  Concentration change: 0.0607

2021_vs_2022:
  Cosine similarity: 0.9655
  L2 distance: 0.0970
  Entropy change: 0.3435
  Concentration change: -0.0344

2021_vs_2023:
  Cosine similarity: 0.9978
  L2 distance: 0.0323
  Entropy change: -0.0418
  Concentration change: 0.0158

2021_vs_2024:
  Cosine similarity: 0.9980
  L2 distance: 0.0302
  Entropy change: -0.1289
  Concentration change: 0.0142

2021_vs_2025:
  Cosine similarity: 0.9940
  L2 distance: 0.0522
  Entropy change: -0.1572
  Concentration change: 0.0248

2022_vs_2023:
  Cosine similarity: 0.9510
  L2 distance: 0.1258
  Entropy change: -0.3853
  Concentration change: 0.0502

2022_vs_2024:
  Cosine similarity: 0.9484
  L2 distance: 0.1260
  Entropy change: -0.4724
  Concentration change: 0.0486

2022_vs_2025:
  Cosine similarity: 0.9320
  L2 distance: 0.1486
  Entropy change: -0.5007
  Concentration change: 0.0592

2023_vs_2024:
  Cosine similarity: 0.9985
  L2 distance: 0.0193
  Entropy change: -0.0871
  Concentration change: -0.0016

2023_vs_2025:
  Cosine similarity: 0.9959
  L2 distance: 0.0346
  Entropy change: -0.1154
  Concentration change: 0.0090

2024_vs_2025:
  Cosine similarity: 0.9981
  L2 distance: 0.0266
  Entropy change: -0.0283
  Concentration change: 0.0106

======================================================================

Analysis complete!
Results saved to: experiments/01_staleness_features_fixed/sweep_stale_h22_drop0.15_lr5/attention_analysis_year
  - attention_analysis_results.json
  - attention_heatmap.png
  - attention_trends.png
  - temporal_attention_comparison.png
