Logging to: experiments/01_staleness_features_fixed/sweep_stale_h12_drop0.30_lr3/attention_analysis_year/attention_analysis_20251030_131255.log
Analysis started at: 2025-10-30 13:12:55
======================================================================
Experiment: 01_staleness_features_fixed/sweep_stale_h12_drop0.30_lr3
Output directory: experiments/01_staleness_features_fixed/sweep_stale_h12_drop0.30_lr3/attention_analysis_year
Using best checkpoint: experiments/01_staleness_features_fixed/sweep_stale_h12_drop0.30_lr3/checkpoints/tft-epoch=99-val_loss=0.4022.ckpt

Loading data...
Loading test data from: data/splits/fixed/core_proposal_daily_fixed_test.csv
Detected staleness features in config, adding to data...
  Train samples: 6066
  Test samples: 1300

Preparing test dataset...
Test dataset size after filtering: 1280

Loading model...
Loading model from: experiments/01_staleness_features_fixed/sweep_stale_h12_drop0.30_lr3/checkpoints/tft-epoch=99-val_loss=0.4022.ckpt
Model moved to device: cuda

Extracting attention patterns...
Extracting attention patterns...
Total batches to process: 10
  Processed 10/10 batches

Total predictions: 1280
Total actuals: 1280
Attention shape: (1280, 20)
Encoder variables shape: (1280, 7)

Prediction period: 2020-08-19T00:00:00.000000000 to 2025-10-06T00:00:00.000000000
Total predictions: 1280

Creating temporal periods:
  2020: 92 samples
  2021: 250 samples
  2022: 249 samples
  2023: 249 samples
  2024: 250 samples
  2025: 190 samples

Attention over 20 encoder timesteps

Analyzing attention patterns by period...

Comparing attention patterns across periods...

Creating visualizations...
Saved attention heatmap: experiments/01_staleness_features_fixed/sweep_stale_h12_drop0.30_lr3/attention_analysis_year/attention_heatmap.png
Saved attention trends: experiments/01_staleness_features_fixed/sweep_stale_h12_drop0.30_lr3/attention_analysis_year/attention_trends.png
Saved feature importance comparison: experiments/01_staleness_features_fixed/sweep_stale_h12_drop0.30_lr3/attention_analysis_year/temporal_attention_comparison.png

Saving results...
Saved results: experiments/01_staleness_features_fixed/sweep_stale_h12_drop0.30_lr3/attention_analysis_year/attention_analysis_results.json

======================================================================
ATTENTION ANALYSIS SUMMARY
======================================================================

Per-Period Statistics:
----------------------------------------------------------------------

2020:
  Samples: 92
  Entropy: 2.9671 ± 0.0326
  Concentration: 0.0500
  Top 5 features:
    t-1                            0.0513
    t-2                            0.0509
    t-3                            0.0506
    t-4                            0.0504
    t-5                            0.0503

2021:
  Samples: 250
  Entropy: 2.9652 ± 0.0407
  Concentration: 0.0500
  Top 5 features:
    t-1                            0.0526
    t-2                            0.0521
    t-3                            0.0516
    t-4                            0.0512
    t-5                            0.0509

2022:
  Samples: 249
  Entropy: 2.9408 ± 0.0430
  Concentration: 0.0502
  Top 5 features:
    t-1                            0.0576
    t-2                            0.0560
    t-3                            0.0547
    t-4                            0.0536
    t-5                            0.0526

2023:
  Samples: 249
  Entropy: 2.9844 ± 0.0127
  Concentration: 0.0500
  Top 5 features:
    t-16                           0.0512
    t-15                           0.0511
    t-17                           0.0511
    t-14                           0.0509
    t-18                           0.0507

2024:
  Samples: 250
  Entropy: 2.9687 ± 0.0775
  Concentration: 0.0500
  Top 5 features:
    t-1                            0.0516
    t-2                            0.0513
    t-3                            0.0511
    t-4                            0.0509
    t-5                            0.0507

2025:
  Samples: 190
  Entropy: 2.9299 ± 0.1482
  Concentration: 0.0500
  Top 5 features:
    t-1                            0.0516
    t-2                            0.0505
    t-15                           0.0504
    t-16                           0.0504
    t-14                           0.0503

----------------------------------------------------------------------
Period Comparisons:
----------------------------------------------------------------------

2020_vs_2021:
  Cosine similarity: 0.9998
  L2 distance: 0.0045
  Entropy change: -0.0019
  Concentration change: 0.0000

2020_vs_2022:
  Cosine similarity: 0.9984
  L2 distance: 0.0128
  Entropy change: -0.0263
  Concentration change: 0.0002

2020_vs_2023:
  Cosine similarity: 0.9998
  L2 distance: 0.0043
  Entropy change: 0.0173
  Concentration change: 0.0000

2020_vs_2024:
  Cosine similarity: 1.0000
  L2 distance: 0.0021
  Entropy change: 0.0016
  Concentration change: 0.0000

2020_vs_2025:
  Cosine similarity: 1.0000
  L2 distance: 0.0020
  Entropy change: -0.0372
  Concentration change: 0.0000

2021_vs_2022:
  Cosine similarity: 0.9991
  L2 distance: 0.0094
  Entropy change: -0.0243
  Concentration change: 0.0002

2021_vs_2023:
  Cosine similarity: 0.9994
  L2 distance: 0.0080
  Entropy change: 0.0192
  Concentration change: -0.0000

2021_vs_2024:
  Cosine similarity: 0.9999
  L2 distance: 0.0029
  Entropy change: 0.0035
  Concentration change: -0.0000

2021_vs_2025:
  Cosine similarity: 0.9997
  L2 distance: 0.0056
  Entropy change: -0.0352
  Concentration change: -0.0000

2022_vs_2023:
  Cosine similarity: 0.9971
  L2 distance: 0.0170
  Entropy change: 0.0436
  Concentration change: -0.0002

2022_vs_2024:
  Cosine similarity: 0.9988
  L2 distance: 0.0112
  Entropy change: 0.0278
  Concentration change: -0.0002

2022_vs_2025:
  Cosine similarity: 0.9980
  L2 distance: 0.0140
  Entropy change: -0.0109
  Concentration change: -0.0002

2023_vs_2024:
  Cosine similarity: 0.9996
  L2 distance: 0.0060
  Entropy change: -0.0157
  Concentration change: 0.0000

2023_vs_2025:
  Cosine similarity: 0.9999
  L2 distance: 0.0034
  Entropy change: -0.0545
  Concentration change: -0.0000

2024_vs_2025:
  Cosine similarity: 0.9999
  L2 distance: 0.0036
  Entropy change: -0.0387
  Concentration change: -0.0000

======================================================================

Analysis complete!
Results saved to: experiments/01_staleness_features_fixed/sweep_stale_h12_drop0.30_lr3/attention_analysis_year
  - attention_analysis_results.json
  - attention_heatmap.png
  - attention_trends.png
  - temporal_attention_comparison.png
