Logging to: experiments/00_baseline_exploration/sweep2_h16_lr_0.0006/attention_analysis_year/attention_analysis_20251027_191430.log
Analysis started at: 2025-10-27 19:14:30
======================================================================
Experiment: 00_baseline_exploration/sweep2_h16_lr_0.0006
Output directory: experiments/00_baseline_exploration/sweep2_h16_lr_0.0006/attention_analysis_year
Using best checkpoint: experiments/00_baseline_exploration/sweep2_h16_lr_0.0006/checkpoints/tft-epoch=01-val_loss=0.1198.ckpt

Loading data...
Loading test data from: data/splits/fixed/core_proposal_daily_fixed_test.csv
  Train samples: 6066
  Test samples: 1300

Preparing test dataset...
Test dataset size after filtering: 1280

Loading model...
Loading model from: experiments/00_baseline_exploration/sweep2_h16_lr_0.0006/checkpoints/tft-epoch=01-val_loss=0.1198.ckpt

Extracting attention patterns...
Extracting attention patterns...
Total batches to process: 10
  Processed 10/10 batches

Total predictions: 1280
Total actuals: 1280
Attention shape: (1280, 20)
Encoder variables shape: (1280, 5)

Prediction period: 2020-08-19T00:00:00.000000000 to 2025-10-06T00:00:00.000000000
Total predictions: 1280

Creating temporal periods:
  2020: 92 samples
  2021: 250 samples
  2022: 249 samples
  2023: 249 samples
  2024: 250 samples
  2025: 190 samples

Attention over 20 encoder timesteps

Analyzing attention patterns by period...

Comparing attention patterns across periods...

Creating visualizations...
Saved attention heatmap: experiments/00_baseline_exploration/sweep2_h16_lr_0.0006/attention_analysis_year/attention_heatmap.png
Saved attention trends: experiments/00_baseline_exploration/sweep2_h16_lr_0.0006/attention_analysis_year/attention_trends.png
Saved feature importance comparison: experiments/00_baseline_exploration/sweep2_h16_lr_0.0006/attention_analysis_year/temporal_attention_comparison.png

Saving results...
Saved results: experiments/00_baseline_exploration/sweep2_h16_lr_0.0006/attention_analysis_year/attention_analysis_results.json

======================================================================
ATTENTION ANALYSIS SUMMARY
======================================================================

Per-Period Statistics:
----------------------------------------------------------------------

2020:
  Samples: 92
  Entropy: 2.9921 ± 0.0024
  Concentration: 0.0503
  Top 5 features:
    t-1                            0.0588
    t-2                            0.0567
    t-3                            0.0549
    t-20                           0.0546
    t-4                            0.0533

2021:
  Samples: 250
  Entropy: 2.9506 ± 0.0289
  Concentration: 0.0502
  Top 5 features:
    t-1                            0.0563
    t-2                            0.0553
    t-20                           0.0551
    t-3                            0.0543
    t-4                            0.0532

2022:
  Samples: 249
  Entropy: 2.9827 ± 0.0085
  Concentration: 0.0507
  Top 5 features:
    t-20                           0.0686
    t-19                           0.0618
    t-18                           0.0576
    t-17                           0.0537
    t-16                           0.0510

2023:
  Samples: 249
  Entropy: 2.9374 ± 0.0505
  Concentration: 0.0509
  Top 5 features:
    t-1                            0.0618
    t-2                            0.0605
    t-3                            0.0590
    t-20                           0.0583
    t-4                            0.0573

2024:
  Samples: 250
  Entropy: 2.8405 ± 0.1287
  Concentration: 0.0543
  Top 5 features:
    t-1                            0.0818
    t-2                            0.0772
    t-3                            0.0726
    t-4                            0.0680
    t-5                            0.0633

2025:
  Samples: 190
  Entropy: 2.8188 ± 0.1325
  Concentration: 0.0515
  Top 5 features:
    t-1                            0.0687
    t-2                            0.0649
    t-20                           0.0648
    t-3                            0.0610
    t-4                            0.0571

----------------------------------------------------------------------
Period Comparisons:
----------------------------------------------------------------------

2020_vs_2021:
  Cosine similarity: 0.9999
  L2 distance: 0.0033
  Entropy change: -0.0415
  Concentration change: -0.0001

2020_vs_2022:
  Cosine similarity: 0.9912
  L2 distance: 0.0298
  Entropy change: -0.0094
  Concentration change: 0.0004

2020_vs_2023:
  Cosine similarity: 0.9980
  L2 distance: 0.0144
  Entropy change: -0.0547
  Concentration change: 0.0006

2020_vs_2024:
  Cosine similarity: 0.9758
  L2 distance: 0.0511
  Entropy change: -0.1516
  Concentration change: 0.0041

2020_vs_2025:
  Cosine similarity: 0.9946
  L2 distance: 0.0237
  Entropy change: -0.1733
  Concentration change: 0.0013

2021_vs_2022:
  Cosine similarity: 0.9926
  L2 distance: 0.0274
  Entropy change: 0.0321
  Concentration change: 0.0005

2021_vs_2023:
  Cosine similarity: 0.9976
  L2 distance: 0.0157
  Entropy change: -0.0132
  Concentration change: 0.0007

2021_vs_2024:
  Cosine similarity: 0.9734
  L2 distance: 0.0535
  Entropy change: -0.1101
  Concentration change: 0.0041

2021_vs_2025:
  Cosine similarity: 0.9938
  L2 distance: 0.0253
  Entropy change: -0.1318
  Concentration change: 0.0013

2022_vs_2023:
  Cosine similarity: 0.9862
  L2 distance: 0.0374
  Entropy change: -0.0453
  Concentration change: 0.0002

2022_vs_2024:
  Cosine similarity: 0.9435
  L2 distance: 0.0774
  Entropy change: -0.1422
  Concentration change: 0.0036

2022_vs_2025:
  Cosine similarity: 0.9844
  L2 distance: 0.0400
  Entropy change: -0.1639
  Concentration change: 0.0009

2023_vs_2024:
  Cosine similarity: 0.9850
  L2 distance: 0.0405
  Entropy change: -0.0969
  Concentration change: 0.0034

2023_vs_2025:
  Cosine similarity: 0.9979
  L2 distance: 0.0147
  Entropy change: -0.1186
  Concentration change: 0.0007

2024_vs_2025:
  Cosine similarity: 0.9847
  L2 distance: 0.0407
  Entropy change: -0.0217
  Concentration change: -0.0028

======================================================================

Analysis complete!
Results saved to: experiments/00_baseline_exploration/sweep2_h16_lr_0.0006/attention_analysis_year
  - attention_analysis_results.json
  - attention_heatmap.png
  - attention_trends.png
  - temporal_attention_comparison.png
