Logging to: experiments/00_baseline_exploration/sweep2_h16_lr_0.0006/attention_analysis_year/attention_analysis_20251030_130800.log
Analysis started at: 2025-10-30 13:08:00
======================================================================
Experiment: 00_baseline_exploration/sweep2_h16_lr_0.0006
Output directory: experiments/00_baseline_exploration/sweep2_h16_lr_0.0006/attention_analysis_year
Using best checkpoint: experiments/00_baseline_exploration/sweep2_h16_lr_0.0006/checkpoints/tft-epoch=40-val_loss=0.4024.ckpt

Loading data...
Loading test data from: data/splits/fixed/core_proposal_daily_fixed_test.csv
  Train samples: 6066
  Test samples: 1300

Preparing test dataset...
Test dataset size after filtering: 1280

Loading model...
Loading model from: experiments/00_baseline_exploration/sweep2_h16_lr_0.0006/checkpoints/tft-epoch=40-val_loss=0.4024.ckpt
Model moved to device: cuda

Extracting attention patterns...
Extracting attention patterns...
Total batches to process: 10
  Processed 10/10 batches

Total predictions: 1280
Total actuals: 1280
Attention shape: (1280, 20)
Encoder variables shape: (1280, 5)

Prediction period: 2020-08-19T00:00:00.000000000 to 2025-10-06T00:00:00.000000000
Total predictions: 1280

Creating temporal periods:
  2020: 92 samples
  2021: 250 samples
  2022: 249 samples
  2023: 249 samples
  2024: 250 samples
  2025: 190 samples

Attention over 20 encoder timesteps

Analyzing attention patterns by period...

Comparing attention patterns across periods...

Creating visualizations...
Saved attention heatmap: experiments/00_baseline_exploration/sweep2_h16_lr_0.0006/attention_analysis_year/attention_heatmap.png
Saved attention trends: experiments/00_baseline_exploration/sweep2_h16_lr_0.0006/attention_analysis_year/attention_trends.png
Saved feature importance comparison: experiments/00_baseline_exploration/sweep2_h16_lr_0.0006/attention_analysis_year/temporal_attention_comparison.png

Saving results...
Saved results: experiments/00_baseline_exploration/sweep2_h16_lr_0.0006/attention_analysis_year/attention_analysis_results.json

======================================================================
ATTENTION ANALYSIS SUMMARY
======================================================================

Per-Period Statistics:
----------------------------------------------------------------------

2020:
  Samples: 92
  Entropy: 2.7814 ± 0.2567
  Concentration: 0.0514
  Top 5 features:
    t-1                            0.0725
    t-2                            0.0658
    t-3                            0.0608
    t-4                            0.0575
    t-5                            0.0551

2021:
  Samples: 250
  Entropy: 2.8071 ± 0.3416
  Concentration: 0.0504
  Top 5 features:
    t-1                            0.0633
    t-2                            0.0598
    t-3                            0.0560
    t-4                            0.0531
    t-5                            0.0519

2022:
  Samples: 249
  Entropy: 2.5800 ± 0.4103
  Concentration: 0.0537
  Top 5 features:
    t-1                            0.0866
    t-2                            0.0728
    t-3                            0.0652
    t-4                            0.0606
    t-5                            0.0577

2023:
  Samples: 249
  Entropy: 2.9567 ± 0.1001
  Concentration: 0.0501
  Top 5 features:
    t-1                            0.0545
    t-2                            0.0534
    t-3                            0.0525
    t-4                            0.0519
    t-5                            0.0513

2024:
  Samples: 250
  Entropy: 2.9340 ± 0.2917
  Concentration: 0.0501
  Top 5 features:
    t-1                            0.0542
    t-2                            0.0537
    t-3                            0.0533
    t-4                            0.0527
    t-5                            0.0515

2025:
  Samples: 190
  Entropy: 2.8581 ± 0.3544
  Concentration: 0.0501
  Top 5 features:
    t-1                            0.0598
    t-2                            0.0540
    t-3                            0.0517
    t-4                            0.0506
    t-17                           0.0500

----------------------------------------------------------------------
Period Comparisons:
----------------------------------------------------------------------

2020_vs_2021:
  Cosine similarity: 0.9973
  L2 distance: 0.0166
  Entropy change: 0.0256
  Concentration change: -0.0010

2020_vs_2022:
  Cosine similarity: 0.9941
  L2 distance: 0.0254
  Entropy change: -0.2015
  Concentration change: 0.0024

2020_vs_2023:
  Cosine similarity: 0.9918
  L2 distance: 0.0290
  Entropy change: 0.1752
  Concentration change: -0.0013

2020_vs_2024:
  Cosine similarity: 0.9916
  L2 distance: 0.0294
  Entropy change: 0.1525
  Concentration change: -0.0013

2020_vs_2025:
  Cosine similarity: 0.9920
  L2 distance: 0.0287
  Entropy change: 0.0766
  Concentration change: -0.0013

2021_vs_2022:
  Cosine similarity: 0.9844
  L2 distance: 0.0409
  Entropy change: -0.2271
  Concentration change: 0.0033

2021_vs_2023:
  Cosine similarity: 0.9983
  L2 distance: 0.0130
  Entropy change: 0.1496
  Concentration change: -0.0004

2021_vs_2024:
  Cosine similarity: 0.9982
  L2 distance: 0.0134
  Entropy change: 0.1269
  Concentration change: -0.0004

2021_vs_2025:
  Cosine similarity: 0.9984
  L2 distance: 0.0129
  Entropy change: 0.0510
  Concentration change: -0.0003

2022_vs_2023:
  Cosine similarity: 0.9738
  L2 distance: 0.0528
  Entropy change: 0.3767
  Concentration change: -0.0037

2022_vs_2024:
  Cosine similarity: 0.9727
  L2 distance: 0.0538
  Entropy change: 0.3540
  Concentration change: -0.0037

2022_vs_2025:
  Cosine similarity: 0.9735
  L2 distance: 0.0530
  Entropy change: 0.2781
  Concentration change: -0.0036

2023_vs_2024:
  Cosine similarity: 0.9999
  L2 distance: 0.0036
  Entropy change: -0.0227
  Concentration change: 0.0000

2023_vs_2025:
  Cosine similarity: 0.9993
  L2 distance: 0.0083
  Entropy change: -0.0986
  Concentration change: 0.0001

2024_vs_2025:
  Cosine similarity: 0.9995
  L2 distance: 0.0074
  Entropy change: -0.0759
  Concentration change: 0.0001

======================================================================

Analysis complete!
Results saved to: experiments/00_baseline_exploration/sweep2_h16_lr_0.0006/attention_analysis_year
  - attention_analysis_results.json
  - attention_heatmap.png
  - attention_trends.png
  - temporal_attention_comparison.png
