Logging to: experiments/00_baseline_exploration/sweep2_h16_drop_0.15/attention_analysis_year/attention_analysis_20251030_130616.log
Analysis started at: 2025-10-30 13:06:16
======================================================================
Experiment: 00_baseline_exploration/sweep2_h16_drop_0.15
Output directory: experiments/00_baseline_exploration/sweep2_h16_drop_0.15/attention_analysis_year
Using best checkpoint: experiments/00_baseline_exploration/sweep2_h16_drop_0.15/checkpoints/tft-epoch=47-val_loss=0.4030.ckpt

Loading data...
Loading test data from: data/splits/fixed/core_proposal_daily_fixed_test.csv
  Train samples: 6066
  Test samples: 1300

Preparing test dataset...
Test dataset size after filtering: 1280

Loading model...
Loading model from: experiments/00_baseline_exploration/sweep2_h16_drop_0.15/checkpoints/tft-epoch=47-val_loss=0.4030.ckpt
Model moved to device: cuda

Extracting attention patterns...
Extracting attention patterns...
Total batches to process: 10
  Processed 10/10 batches

Total predictions: 1280
Total actuals: 1280
Attention shape: (1280, 20)
Encoder variables shape: (1280, 5)

Prediction period: 2020-08-19T00:00:00.000000000 to 2025-10-06T00:00:00.000000000
Total predictions: 1280

Creating temporal periods:
  2020: 92 samples
  2021: 250 samples
  2022: 249 samples
  2023: 249 samples
  2024: 250 samples
  2025: 190 samples

Attention over 20 encoder timesteps

Analyzing attention patterns by period...

Comparing attention patterns across periods...

Creating visualizations...
Saved attention heatmap: experiments/00_baseline_exploration/sweep2_h16_drop_0.15/attention_analysis_year/attention_heatmap.png
Saved attention trends: experiments/00_baseline_exploration/sweep2_h16_drop_0.15/attention_analysis_year/attention_trends.png
Saved feature importance comparison: experiments/00_baseline_exploration/sweep2_h16_drop_0.15/attention_analysis_year/temporal_attention_comparison.png

Saving results...
Saved results: experiments/00_baseline_exploration/sweep2_h16_drop_0.15/attention_analysis_year/attention_analysis_results.json

======================================================================
ATTENTION ANALYSIS SUMMARY
======================================================================

Per-Period Statistics:
----------------------------------------------------------------------

2020:
  Samples: 92
  Entropy: 2.8142 ± 0.2396
  Concentration: 0.0516
  Top 5 features:
    t-1                            0.0717
    t-2                            0.0658
    t-3                            0.0612
    t-4                            0.0581
    t-5                            0.0557

2021:
  Samples: 250
  Entropy: 2.8488 ± 0.3115
  Concentration: 0.0505
  Top 5 features:
    t-1                            0.0627
    t-2                            0.0596
    t-3                            0.0560
    t-4                            0.0531
    t-5                            0.0519

2022:
  Samples: 249
  Entropy: 2.6198 ± 0.3961
  Concentration: 0.0535
  Top 5 features:
    t-1                            0.0844
    t-2                            0.0715
    t-3                            0.0641
    t-4                            0.0595
    t-5                            0.0566

2023:
  Samples: 249
  Entropy: 2.9636 ± 0.0908
  Concentration: 0.0501
  Top 5 features:
    t-1                            0.0542
    t-2                            0.0533
    t-3                            0.0525
    t-4                            0.0519
    t-5                            0.0514

2024:
  Samples: 250
  Entropy: 2.9434 ± 0.2893
  Concentration: 0.0501
  Top 5 features:
    t-1                            0.0542
    t-2                            0.0540
    t-3                            0.0536
    t-4                            0.0529
    t-5                            0.0516

2025:
  Samples: 190
  Entropy: 2.8732 ± 0.3551
  Concentration: 0.0502
  Top 5 features:
    t-1                            0.0608
    t-2                            0.0552
    t-3                            0.0532
    t-4                            0.0521
    t-5                            0.0511

----------------------------------------------------------------------
Period Comparisons:
----------------------------------------------------------------------

2020_vs_2021:
  Cosine similarity: 0.9967
  L2 distance: 0.0186
  Entropy change: 0.0346
  Concentration change: -0.0011

2020_vs_2022:
  Cosine similarity: 0.9958
  L2 distance: 0.0215
  Entropy change: -0.1944
  Concentration change: 0.0020

2020_vs_2023:
  Cosine similarity: 0.9909
  L2 distance: 0.0306
  Entropy change: 0.1494
  Concentration change: -0.0015

2020_vs_2024:
  Cosine similarity: 0.9908
  L2 distance: 0.0307
  Entropy change: 0.1292
  Concentration change: -0.0015

2020_vs_2025:
  Cosine similarity: 0.9935
  L2 distance: 0.0258
  Entropy change: 0.0590
  Concentration change: -0.0013

2021_vs_2022:
  Cosine similarity: 0.9859
  L2 distance: 0.0389
  Entropy change: -0.2290
  Concentration change: 0.0031

2021_vs_2023:
  Cosine similarity: 0.9984
  L2 distance: 0.0127
  Entropy change: 0.1148
  Concentration change: -0.0004

2021_vs_2024:
  Cosine similarity: 0.9984
  L2 distance: 0.0128
  Entropy change: 0.0947
  Concentration change: -0.0004

2021_vs_2025:
  Cosine similarity: 0.9994
  L2 distance: 0.0077
  Entropy change: 0.0244
  Concentration change: -0.0002

2022_vs_2023:
  Cosine similarity: 0.9759
  L2 distance: 0.0505
  Entropy change: 0.3438
  Concentration change: -0.0035

2022_vs_2024:
  Cosine similarity: 0.9752
  L2 distance: 0.0513
  Entropy change: 0.3237
  Concentration change: -0.0035

2022_vs_2025:
  Cosine similarity: 0.9802
  L2 distance: 0.0459
  Entropy change: 0.2534
  Concentration change: -0.0033

2023_vs_2024:
  Cosine similarity: 0.9999
  L2 distance: 0.0036
  Entropy change: -0.0201
  Concentration change: 0.0000

2023_vs_2025:
  Cosine similarity: 0.9994
  L2 distance: 0.0074
  Entropy change: -0.0904
  Concentration change: 0.0001

2024_vs_2025:
  Cosine similarity: 0.9995
  L2 distance: 0.0073
  Entropy change: -0.0702
  Concentration change: 0.0001

======================================================================

Analysis complete!
Results saved to: experiments/00_baseline_exploration/sweep2_h16_drop_0.15/attention_analysis_year
  - attention_analysis_results.json
  - attention_heatmap.png
  - attention_trends.png
  - temporal_attention_comparison.png
