Logging to: experiments/00_baseline_exploration/sweep_hidden_64/attention_analysis_year/attention_analysis_20251030_131106.log
Analysis started at: 2025-10-30 13:11:06
======================================================================
Experiment: 00_baseline_exploration/sweep_hidden_64
Output directory: experiments/00_baseline_exploration/sweep_hidden_64/attention_analysis_year
Using best checkpoint: experiments/00_baseline_exploration/sweep_hidden_64/checkpoints/tft-epoch=39-val_loss=0.3950.ckpt

Loading data...
Loading test data from: data/splits/fixed/core_proposal_daily_fixed_test.csv
  Train samples: 6066
  Test samples: 1300

Preparing test dataset...
Test dataset size after filtering: 1280

Loading model...
Loading model from: experiments/00_baseline_exploration/sweep_hidden_64/checkpoints/tft-epoch=39-val_loss=0.3950.ckpt
Model moved to device: cuda

Extracting attention patterns...
Extracting attention patterns...
Total batches to process: 10
  Processed 10/10 batches

Total predictions: 1280
Total actuals: 1280
Attention shape: (1280, 20)
Encoder variables shape: (1280, 5)

Prediction period: 2020-08-19T00:00:00.000000000 to 2025-10-06T00:00:00.000000000
Total predictions: 1280

Creating temporal periods:
  2020: 92 samples
  2021: 250 samples
  2022: 249 samples
  2023: 249 samples
  2024: 250 samples
  2025: 190 samples

Attention over 20 encoder timesteps

Analyzing attention patterns by period...

Comparing attention patterns across periods...

Creating visualizations...
Saved attention heatmap: experiments/00_baseline_exploration/sweep_hidden_64/attention_analysis_year/attention_heatmap.png
Saved attention trends: experiments/00_baseline_exploration/sweep_hidden_64/attention_analysis_year/attention_trends.png
Saved feature importance comparison: experiments/00_baseline_exploration/sweep_hidden_64/attention_analysis_year/temporal_attention_comparison.png

Saving results...
Saved results: experiments/00_baseline_exploration/sweep_hidden_64/attention_analysis_year/attention_analysis_results.json

======================================================================
ATTENTION ANALYSIS SUMMARY
======================================================================

Per-Period Statistics:
----------------------------------------------------------------------

2020:
  Samples: 92
  Entropy: 2.4845 ± 0.4695
  Concentration: 0.0580
  Top 5 features:
    t-1                            0.0872
    t-2                            0.0711
    t-3                            0.0637
    t-4                            0.0608
    t-5                            0.0592

2021:
  Samples: 250
  Entropy: 2.8096 ± 0.3001
  Concentration: 0.0505
  Top 5 features:
    t-1                            0.0585
    t-2                            0.0554
    t-12                           0.0530
    t-13                           0.0528
    t-3                            0.0528

2022:
  Samples: 249
  Entropy: 2.6005 ± 0.3342
  Concentration: 0.0584
  Top 5 features:
    t-1                            0.0955
    t-2                            0.0810
    t-3                            0.0717
    t-4                            0.0657
    t-5                            0.0618

2023:
  Samples: 249
  Entropy: 2.9019 ± 0.1366
  Concentration: 0.0535
  Top 5 features:
    t-1                            0.0775
    t-2                            0.0717
    t-3                            0.0668
    t-4                            0.0629
    t-5                            0.0597

2024:
  Samples: 250
  Entropy: 2.8171 ± 0.4118
  Concentration: 0.0533
  Top 5 features:
    t-1                            0.0796
    t-2                            0.0727
    t-3                            0.0673
    t-4                            0.0629
    t-5                            0.0591

2025:
  Samples: 190
  Entropy: 2.6837 ± 0.4760
  Concentration: 0.0511
  Top 5 features:
    t-1                            0.0719
    t-2                            0.0579
    t-13                           0.0539
    t-12                           0.0538
    t-3                            0.0534

----------------------------------------------------------------------
Period Comparisons:
----------------------------------------------------------------------

2020_vs_2021:
  Cosine similarity: 0.9573
  L2 distance: 0.0699
  Entropy change: 0.3251
  Concentration change: -0.0075

2020_vs_2022:
  Cosine similarity: 0.9930
  L2 distance: 0.0285
  Entropy change: 0.1159
  Concentration change: 0.0003

2020_vs_2023:
  Cosine similarity: 0.9827
  L2 distance: 0.0449
  Entropy change: 0.4174
  Concentration change: -0.0045

2020_vs_2024:
  Cosine similarity: 0.9708
  L2 distance: 0.0579
  Entropy change: 0.3325
  Concentration change: -0.0048

2020_vs_2025:
  Cosine similarity: 0.9662
  L2 distance: 0.0625
  Entropy change: 0.1992
  Concentration change: -0.0069

2021_vs_2022:
  Cosine similarity: 0.9532
  L2 distance: 0.0733
  Entropy change: -0.2091
  Concentration change: 0.0079

2021_vs_2023:
  Cosine similarity: 0.9832
  L2 distance: 0.0424
  Entropy change: 0.0923
  Concentration change: 0.0031

2021_vs_2024:
  Cosine similarity: 0.9825
  L2 distance: 0.0430
  Entropy change: 0.0075
  Concentration change: 0.0028

2021_vs_2025:
  Cosine similarity: 0.9977
  L2 distance: 0.0154
  Entropy change: -0.1259
  Concentration change: 0.0006

2022_vs_2023:
  Cosine similarity: 0.9900
  L2 distance: 0.0350
  Entropy change: 0.3015
  Concentration change: -0.0048

2022_vs_2024:
  Cosine similarity: 0.9834
  L2 distance: 0.0444
  Entropy change: 0.2166
  Concentration change: -0.0051

2022_vs_2025:
  Cosine similarity: 0.9629
  L2 distance: 0.0655
  Entropy change: 0.0833
  Concentration change: -0.0072

2023_vs_2024:
  Cosine similarity: 0.9982
  L2 distance: 0.0138
  Entropy change: -0.0849
  Concentration change: -0.0003

2023_vs_2025:
  Cosine similarity: 0.9866
  L2 distance: 0.0378
  Entropy change: -0.2182
  Concentration change: -0.0024

2024_vs_2025:
  Cosine similarity: 0.9857
  L2 distance: 0.0389
  Entropy change: -0.1334
  Concentration change: -0.0021

======================================================================

Analysis complete!
Results saved to: experiments/00_baseline_exploration/sweep_hidden_64/attention_analysis_year
  - attention_analysis_results.json
  - attention_heatmap.png
  - attention_trends.png
  - temporal_attention_comparison.png
