Logging to: experiments/00_baseline_exploration/sweep_hidden_64/attention_analysis_year/attention_analysis_20251027_191538.log
Analysis started at: 2025-10-27 19:15:38
======================================================================
Experiment: 00_baseline_exploration/sweep_hidden_64
Output directory: experiments/00_baseline_exploration/sweep_hidden_64/attention_analysis_year
Using best checkpoint: experiments/00_baseline_exploration/sweep_hidden_64/checkpoints/tft-epoch=00-val_loss=0.1633.ckpt

Loading data...
Loading test data from: data/splits/fixed/core_proposal_daily_fixed_test.csv
  Train samples: 6066
  Test samples: 1300

Preparing test dataset...
Test dataset size after filtering: 1280

Loading model...
Loading model from: experiments/00_baseline_exploration/sweep_hidden_64/checkpoints/tft-epoch=00-val_loss=0.1633.ckpt

Extracting attention patterns...
Extracting attention patterns...
Total batches to process: 10
  Processed 10/10 batches

Total predictions: 1280
Total actuals: 1280
Attention shape: (1280, 20)
Encoder variables shape: (1280, 5)

Prediction period: 2020-08-19T00:00:00.000000000 to 2025-10-06T00:00:00.000000000
Total predictions: 1280

Creating temporal periods:
  2020: 92 samples
  2021: 250 samples
  2022: 249 samples
  2023: 249 samples
  2024: 250 samples
  2025: 190 samples

Attention over 20 encoder timesteps

Analyzing attention patterns by period...

Comparing attention patterns across periods...

Creating visualizations...
Saved attention heatmap: experiments/00_baseline_exploration/sweep_hidden_64/attention_analysis_year/attention_heatmap.png
Saved attention trends: experiments/00_baseline_exploration/sweep_hidden_64/attention_analysis_year/attention_trends.png
Saved feature importance comparison: experiments/00_baseline_exploration/sweep_hidden_64/attention_analysis_year/temporal_attention_comparison.png

Saving results...
Saved results: experiments/00_baseline_exploration/sweep_hidden_64/attention_analysis_year/attention_analysis_results.json

======================================================================
ATTENTION ANALYSIS SUMMARY
======================================================================

Per-Period Statistics:
----------------------------------------------------------------------

2020:
  Samples: 92
  Entropy: 2.9416 ± 0.0186
  Concentration: 0.0554
  Top 5 features:
    t-1                            0.0923
    t-2                            0.0811
    t-3                            0.0723
    t-4                            0.0654
    t-5                            0.0600

2021:
  Samples: 250
  Entropy: 2.9407 ± 0.0211
  Concentration: 0.0551
  Top 5 features:
    t-1                            0.0856
    t-2                            0.0783
    t-3                            0.0720
    t-4                            0.0667
    t-5                            0.0622

2022:
  Samples: 249
  Entropy: 2.9342 ± 0.0132
  Concentration: 0.0558
  Top 5 features:
    t-1                            0.0826
    t-2                            0.0777
    t-3                            0.0733
    t-4                            0.0691
    t-5                            0.0653

2023:
  Samples: 249
  Entropy: 2.9713 ± 0.0163
  Concentration: 0.0520
  Top 5 features:
    t-1                            0.0702
    t-2                            0.0665
    t-3                            0.0633
    t-4                            0.0605
    t-5                            0.0580

2024:
  Samples: 250
  Entropy: 2.9806 ± 0.0108
  Concentration: 0.0511
  Top 5 features:
    t-1                            0.0622
    t-2                            0.0603
    t-3                            0.0587
    t-4                            0.0573
    t-5                            0.0560

2025:
  Samples: 190
  Entropy: 2.9650 ± 0.0301
  Concentration: 0.0518
  Top 5 features:
    t-1                            0.0666
    t-2                            0.0639
    t-3                            0.0616
    t-4                            0.0596
    t-5                            0.0579

----------------------------------------------------------------------
Period Comparisons:
----------------------------------------------------------------------

2020_vs_2021:
  Cosine similarity: 0.9992
  L2 distance: 0.0096
  Entropy change: -0.0009
  Concentration change: -0.0004

2020_vs_2022:
  Cosine similarity: 0.9967
  L2 distance: 0.0193
  Entropy change: -0.0073
  Concentration change: 0.0004

2020_vs_2023:
  Cosine similarity: 0.9910
  L2 distance: 0.0319
  Entropy change: 0.0297
  Concentration change: -0.0034

2020_vs_2024:
  Cosine similarity: 0.9813
  L2 distance: 0.0456
  Entropy change: 0.0390
  Concentration change: -0.0043

2020_vs_2025:
  Cosine similarity: 0.9876
  L2 distance: 0.0372
  Entropy change: 0.0234
  Concentration change: -0.0036

2021_vs_2022:
  Cosine similarity: 0.9990
  L2 distance: 0.0108
  Entropy change: -0.0065
  Concentration change: 0.0008

2021_vs_2023:
  Cosine similarity: 0.9935
  L2 distance: 0.0273
  Entropy change: 0.0306
  Concentration change: -0.0030

2021_vs_2024:
  Cosine similarity: 0.9847
  L2 distance: 0.0411
  Entropy change: 0.0399
  Concentration change: -0.0039

2021_vs_2025:
  Cosine similarity: 0.9910
  L2 distance: 0.0319
  Entropy change: 0.0243
  Concentration change: -0.0032

2022_vs_2023:
  Cosine similarity: 0.9910
  L2 distance: 0.0322
  Entropy change: 0.0370
  Concentration change: -0.0038

2022_vs_2024:
  Cosine similarity: 0.9818
  L2 distance: 0.0452
  Entropy change: 0.0464
  Concentration change: -0.0047

2022_vs_2025:
  Cosine similarity: 0.9891
  L2 distance: 0.0353
  Entropy change: 0.0308
  Concentration change: -0.0040

2023_vs_2024:
  Cosine similarity: 0.9981
  L2 distance: 0.0140
  Entropy change: 0.0093
  Concentration change: -0.0009

2023_vs_2025:
  Cosine similarity: 0.9996
  L2 distance: 0.0063
  Entropy change: -0.0063
  Concentration change: -0.0002

2024_vs_2025:
  Cosine similarity: 0.9990
  L2 distance: 0.0101
  Entropy change: -0.0156
  Concentration change: 0.0007

======================================================================

Analysis complete!
Results saved to: experiments/00_baseline_exploration/sweep_hidden_64/attention_analysis_year
  - attention_analysis_results.json
  - attention_heatmap.png
  - attention_trends.png
  - temporal_attention_comparison.png
