Logging to: experiments/00_baseline_exploration/sweep2_hidden_10/attention_analysis_year/attention_analysis_20251030_130821.log
Analysis started at: 2025-10-30 13:08:21
======================================================================
Experiment: 00_baseline_exploration/sweep2_hidden_10
Output directory: experiments/00_baseline_exploration/sweep2_hidden_10/attention_analysis_year
Using best checkpoint: experiments/00_baseline_exploration/sweep2_hidden_10/checkpoints/tft-epoch=68-val_loss=0.4018.ckpt

Loading data...
Loading test data from: data/splits/fixed/core_proposal_daily_fixed_test.csv
  Train samples: 6066
  Test samples: 1300

Preparing test dataset...
Test dataset size after filtering: 1280

Loading model...
Loading model from: experiments/00_baseline_exploration/sweep2_hidden_10/checkpoints/tft-epoch=68-val_loss=0.4018.ckpt
Model moved to device: cuda

Extracting attention patterns...
Extracting attention patterns...
Total batches to process: 10
  Processed 10/10 batches

Total predictions: 1280
Total actuals: 1280
Attention shape: (1280, 20)
Encoder variables shape: (1280, 5)

Prediction period: 2020-08-19T00:00:00.000000000 to 2025-10-06T00:00:00.000000000
Total predictions: 1280

Creating temporal periods:
  2020: 92 samples
  2021: 250 samples
  2022: 249 samples
  2023: 249 samples
  2024: 250 samples
  2025: 190 samples

Attention over 20 encoder timesteps

Analyzing attention patterns by period...

Comparing attention patterns across periods...

Creating visualizations...
Saved attention heatmap: experiments/00_baseline_exploration/sweep2_hidden_10/attention_analysis_year/attention_heatmap.png
Saved attention trends: experiments/00_baseline_exploration/sweep2_hidden_10/attention_analysis_year/attention_trends.png
Saved feature importance comparison: experiments/00_baseline_exploration/sweep2_hidden_10/attention_analysis_year/temporal_attention_comparison.png

Saving results...
Saved results: experiments/00_baseline_exploration/sweep2_hidden_10/attention_analysis_year/attention_analysis_results.json

======================================================================
ATTENTION ANALYSIS SUMMARY
======================================================================

Per-Period Statistics:
----------------------------------------------------------------------

2020:
  Samples: 92
  Entropy: 2.7778 ± 0.2163
  Concentration: 0.0517
  Top 5 features:
    t-1                            0.0675
    t-2                            0.0632
    t-3                            0.0600
    t-4                            0.0580
    t-5                            0.0567

2021:
  Samples: 250
  Entropy: 2.7364 ± 0.2635
  Concentration: 0.0518
  Top 5 features:
    t-1                            0.0635
    t-2                            0.0604
    t-3                            0.0585
    t-4                            0.0571
    t-5                            0.0565

2022:
  Samples: 249
  Entropy: 2.7354 ± 0.2116
  Concentration: 0.0551
  Top 5 features:
    t-1                            0.0772
    t-2                            0.0715
    t-3                            0.0673
    t-4                            0.0642
    t-5                            0.0620

2023:
  Samples: 249
  Entropy: 2.9235 ± 0.0914
  Concentration: 0.0512
  Top 5 features:
    t-10                           0.0553
    t-9                            0.0552
    t-11                           0.0551
    t-8                            0.0551
    t-7                            0.0550

2024:
  Samples: 250
  Entropy: 2.8835 ± 0.2989
  Concentration: 0.0504
  Top 5 features:
    t-1                            0.0559
    t-2                            0.0549
    t-3                            0.0545
    t-4                            0.0542
    t-5                            0.0539

2025:
  Samples: 190
  Entropy: 2.8198 ± 0.3387
  Concentration: 0.0507
  Top 5 features:
    t-1                            0.0602
    t-2                            0.0546
    t-11                           0.0538
    t-12                           0.0537
    t-10                           0.0537

----------------------------------------------------------------------
Period Comparisons:
----------------------------------------------------------------------

2020_vs_2021:
  Cosine similarity: 0.9987
  L2 distance: 0.0115
  Entropy change: -0.0414
  Concentration change: 0.0001

2020_vs_2022:
  Cosine similarity: 0.9917
  L2 distance: 0.0307
  Entropy change: -0.0424
  Concentration change: 0.0033

2020_vs_2023:
  Cosine similarity: 0.9955
  L2 distance: 0.0215
  Entropy change: 0.1457
  Concentration change: -0.0005

2020_vs_2024:
  Cosine similarity: 0.9953
  L2 distance: 0.0222
  Entropy change: 0.1057
  Concentration change: -0.0013

2020_vs_2025:
  Cosine similarity: 0.9950
  L2 distance: 0.0228
  Entropy change: 0.0420
  Concentration change: -0.0010

2021_vs_2022:
  Cosine similarity: 0.9917
  L2 distance: 0.0307
  Entropy change: -0.0011
  Concentration change: 0.0032

2021_vs_2023:
  Cosine similarity: 0.9982
  L2 distance: 0.0136
  Entropy change: 0.1871
  Concentration change: -0.0006

2021_vs_2024:
  Cosine similarity: 0.9952
  L2 distance: 0.0223
  Entropy change: 0.1470
  Concentration change: -0.0014

2021_vs_2025:
  Cosine similarity: 0.9961
  L2 distance: 0.0201
  Entropy change: 0.0834
  Concentration change: -0.0012

2022_vs_2023:
  Cosine similarity: 0.9830
  L2 distance: 0.0433
  Entropy change: 0.1881
  Concentration change: -0.0038

2022_vs_2024:
  Cosine similarity: 0.9763
  L2 distance: 0.0510
  Entropy change: 0.1481
  Concentration change: -0.0046

2022_vs_2025:
  Cosine similarity: 0.9776
  L2 distance: 0.0496
  Entropy change: 0.0844
  Concentration change: -0.0044

2023_vs_2024:
  Cosine similarity: 0.9973
  L2 distance: 0.0166
  Entropy change: -0.0400
  Concentration change: -0.0008

2023_vs_2025:
  Cosine similarity: 0.9982
  L2 distance: 0.0136
  Entropy change: -0.1037
  Concentration change: -0.0005

2024_vs_2025:
  Cosine similarity: 0.9988
  L2 distance: 0.0112
  Entropy change: -0.0637
  Concentration change: 0.0002

======================================================================

Analysis complete!
Results saved to: experiments/00_baseline_exploration/sweep2_hidden_10/attention_analysis_year
  - attention_analysis_results.json
  - attention_heatmap.png
  - attention_trends.png
  - temporal_attention_comparison.png
