Logging to: experiments/01_staleness_features_fixed/sweep_stale_h14_drop0.20_lr3/attention_analysis_year/attention_analysis_20251030_131341.log
Analysis started at: 2025-10-30 13:13:41
======================================================================
Experiment: 01_staleness_features_fixed/sweep_stale_h14_drop0.20_lr3
Output directory: experiments/01_staleness_features_fixed/sweep_stale_h14_drop0.20_lr3/attention_analysis_year
Using best checkpoint: experiments/01_staleness_features_fixed/sweep_stale_h14_drop0.20_lr3/checkpoints/tft-epoch=99-val_loss=0.3997.ckpt

Loading data...
Loading test data from: data/splits/fixed/core_proposal_daily_fixed_test.csv
Detected staleness features in config, adding to data...
  Train samples: 6066
  Test samples: 1300

Preparing test dataset...
Test dataset size after filtering: 1280

Loading model...
Loading model from: experiments/01_staleness_features_fixed/sweep_stale_h14_drop0.20_lr3/checkpoints/tft-epoch=99-val_loss=0.3997.ckpt
Model moved to device: cuda

Extracting attention patterns...
Extracting attention patterns...
Total batches to process: 10
  Processed 10/10 batches

Total predictions: 1280
Total actuals: 1280
Attention shape: (1280, 20)
Encoder variables shape: (1280, 7)

Prediction period: 2020-08-19T00:00:00.000000000 to 2025-10-06T00:00:00.000000000
Total predictions: 1280

Creating temporal periods:
  2020: 92 samples
  2021: 250 samples
  2022: 249 samples
  2023: 249 samples
  2024: 250 samples
  2025: 190 samples

Attention over 20 encoder timesteps

Analyzing attention patterns by period...

Comparing attention patterns across periods...

Creating visualizations...
Saved attention heatmap: experiments/01_staleness_features_fixed/sweep_stale_h14_drop0.20_lr3/attention_analysis_year/attention_heatmap.png
Saved attention trends: experiments/01_staleness_features_fixed/sweep_stale_h14_drop0.20_lr3/attention_analysis_year/attention_trends.png
Saved feature importance comparison: experiments/01_staleness_features_fixed/sweep_stale_h14_drop0.20_lr3/attention_analysis_year/temporal_attention_comparison.png

Saving results...
Saved results: experiments/01_staleness_features_fixed/sweep_stale_h14_drop0.20_lr3/attention_analysis_year/attention_analysis_results.json

======================================================================
ATTENTION ANALYSIS SUMMARY
======================================================================

Per-Period Statistics:
----------------------------------------------------------------------

2020:
  Samples: 92
  Entropy: 2.8964 ± 0.0744
  Concentration: 0.0515
  Top 5 features:
    t-1                            0.0640
    t-2                            0.0618
    t-3                            0.0597
    t-4                            0.0582
    t-5                            0.0568

2021:
  Samples: 250
  Entropy: 2.7440 ± 0.2064
  Concentration: 0.0506
  Top 5 features:
    t-1                            0.0628
    t-2                            0.0583
    t-18                           0.0565
    t-19                           0.0556
    t-3                            0.0547

2022:
  Samples: 249
  Entropy: 2.8119 ± 0.1673
  Concentration: 0.0506
  Top 5 features:
    t-17                           0.0604
    t-16                           0.0595
    t-1                            0.0564
    t-15                           0.0562
    t-18                           0.0553

2023:
  Samples: 249
  Entropy: 2.9163 ± 0.0638
  Concentration: 0.0503
  Top 5 features:
    t-1                            0.0574
    t-2                            0.0560
    t-3                            0.0549
    t-4                            0.0539
    t-5                            0.0530

2024:
  Samples: 250
  Entropy: 2.8306 ± 0.3096
  Concentration: 0.0504
  Top 5 features:
    t-1                            0.0597
    t-20                           0.0592
    t-2                            0.0567
    t-3                            0.0548
    t-4                            0.0534

2025:
  Samples: 190
  Entropy: 2.8171 ± 0.1967
  Concentration: 0.0501
  Top 5 features:
    t-1                            0.0576
    t-2                            0.0536
    t-20                           0.0516
    t-3                            0.0512
    t-16                           0.0506

----------------------------------------------------------------------
Period Comparisons:
----------------------------------------------------------------------

2020_vs_2021:
  Cosine similarity: 0.9798
  L2 distance: 0.0455
  Entropy change: -0.1524
  Concentration change: -0.0009

2020_vs_2022:
  Cosine similarity: 0.9840
  L2 distance: 0.0404
  Entropy change: -0.0845
  Concentration change: -0.0009

2020_vs_2023:
  Cosine similarity: 0.9945
  L2 distance: 0.0239
  Entropy change: 0.0200
  Concentration change: -0.0012

2020_vs_2024:
  Cosine similarity: 0.9849
  L2 distance: 0.0392
  Entropy change: -0.0657
  Concentration change: -0.0011

2020_vs_2025:
  Cosine similarity: 0.9863
  L2 distance: 0.0374
  Entropy change: -0.0793
  Concentration change: -0.0014

2021_vs_2022:
  Cosine similarity: 0.9912
  L2 distance: 0.0298
  Entropy change: 0.0679
  Concentration change: 0.0000

2021_vs_2023:
  Cosine similarity: 0.9924
  L2 distance: 0.0277
  Entropy change: 0.1723
  Concentration change: -0.0003

2021_vs_2024:
  Cosine similarity: 0.9971
  L2 distance: 0.0173
  Entropy change: 0.0866
  Concentration change: -0.0002

2021_vs_2025:
  Cosine similarity: 0.9965
  L2 distance: 0.0189
  Entropy change: 0.0731
  Concentration change: -0.0005

2022_vs_2023:
  Cosine similarity: 0.9908
  L2 distance: 0.0304
  Entropy change: 0.1045
  Concentration change: -0.0003

2022_vs_2024:
  Cosine similarity: 0.9866
  L2 distance: 0.0368
  Entropy change: 0.0188
  Concentration change: -0.0002

2022_vs_2025:
  Cosine similarity: 0.9948
  L2 distance: 0.0230
  Entropy change: 0.0052
  Concentration change: -0.0005

2023_vs_2024:
  Cosine similarity: 0.9968
  L2 distance: 0.0180
  Entropy change: -0.0857
  Concentration change: 0.0001

2023_vs_2025:
  Cosine similarity: 0.9974
  L2 distance: 0.0162
  Entropy change: -0.0992
  Concentration change: -0.0002

2024_vs_2025:
  Cosine similarity: 0.9972
  L2 distance: 0.0167
  Entropy change: -0.0136
  Concentration change: -0.0003

======================================================================

Analysis complete!
Results saved to: experiments/01_staleness_features_fixed/sweep_stale_h14_drop0.20_lr3/attention_analysis_year
  - attention_analysis_results.json
  - attention_heatmap.png
  - attention_trends.png
  - temporal_attention_comparison.png
