Logging to: experiments/00_baseline_exploration/exp002_small/attention_analysis_year/attention_analysis_20251030_130504.log
Analysis started at: 2025-10-30 13:05:04
======================================================================
Experiment: 00_baseline_exploration/exp002_small
Output directory: experiments/00_baseline_exploration/exp002_small/attention_analysis_year
Using best checkpoint: experiments/00_baseline_exploration/exp002_small/checkpoints/tft-epoch=40-val_loss=0.4007.ckpt

Loading data...
Loading test data from: data/splits/fixed/core_proposal_daily_fixed_test.csv
  Train samples: 6066
  Test samples: 1300

Preparing test dataset...
Test dataset size after filtering: 1280

Loading model...
Loading model from: experiments/00_baseline_exploration/exp002_small/checkpoints/tft-epoch=40-val_loss=0.4007.ckpt
Model moved to device: cuda

Extracting attention patterns...
Extracting attention patterns...
Total batches to process: 10
  Processed 10/10 batches

Total predictions: 1280
Total actuals: 1280
Attention shape: (1280, 20)
Encoder variables shape: (1280, 5)

Prediction period: 2020-08-19T00:00:00.000000000 to 2025-10-06T00:00:00.000000000
Total predictions: 1280

Creating temporal periods:
  2020: 92 samples
  2021: 250 samples
  2022: 249 samples
  2023: 249 samples
  2024: 250 samples
  2025: 190 samples

Attention over 20 encoder timesteps

Analyzing attention patterns by period...

Comparing attention patterns across periods...

Creating visualizations...
Saved attention heatmap: experiments/00_baseline_exploration/exp002_small/attention_analysis_year/attention_heatmap.png
Saved attention trends: experiments/00_baseline_exploration/exp002_small/attention_analysis_year/attention_trends.png
Saved feature importance comparison: experiments/00_baseline_exploration/exp002_small/attention_analysis_year/temporal_attention_comparison.png

Saving results...
Saved results: experiments/00_baseline_exploration/exp002_small/attention_analysis_year/attention_analysis_results.json

======================================================================
ATTENTION ANALYSIS SUMMARY
======================================================================

Per-Period Statistics:
----------------------------------------------------------------------

2020:
  Samples: 92
  Entropy: 2.8504 ± 0.1794
  Concentration: 0.0507
  Top 5 features:
    t-1                            0.0658
    t-2                            0.0615
    t-3                            0.0579
    t-4                            0.0551
    t-5                            0.0529

2021:
  Samples: 250
  Entropy: 2.7981 ± 0.3684
  Concentration: 0.0504
  Top 5 features:
    t-1                            0.0637
    t-2                            0.0595
    t-3                            0.0548
    t-4                            0.0514
    t-5                            0.0503

2022:
  Samples: 249
  Entropy: 2.5700 ± 0.4015
  Concentration: 0.0522
  Top 5 features:
    t-1                            0.0836
    t-2                            0.0686
    t-3                            0.0605
    t-4                            0.0556
    t-5                            0.0525

2023:
  Samples: 249
  Entropy: 2.9407 ± 0.1250
  Concentration: 0.0501
  Top 5 features:
    t-1                            0.0559
    t-2                            0.0542
    t-3                            0.0529
    t-4                            0.0519
    t-5                            0.0512

2024:
  Samples: 250
  Entropy: 2.9200 ± 0.3255
  Concentration: 0.0501
  Top 5 features:
    t-1                            0.0559
    t-2                            0.0550
    t-3                            0.0543
    t-4                            0.0535
    t-5                            0.0521

2025:
  Samples: 190
  Entropy: 2.8435 ± 0.3702
  Concentration: 0.0502
  Top 5 features:
    t-1                            0.0614
    t-2                            0.0544
    t-3                            0.0518
    t-4                            0.0504
    t-17                           0.0499

----------------------------------------------------------------------
Period Comparisons:
----------------------------------------------------------------------

2020_vs_2021:
  Cosine similarity: 0.9989
  L2 distance: 0.0104
  Entropy change: -0.0523
  Concentration change: -0.0003

2020_vs_2022:
  Cosine similarity: 0.9956
  L2 distance: 0.0215
  Entropy change: -0.2804
  Concentration change: 0.0015

2020_vs_2023:
  Cosine similarity: 0.9972
  L2 distance: 0.0168
  Entropy change: 0.0903
  Concentration change: -0.0006

2020_vs_2024:
  Cosine similarity: 0.9975
  L2 distance: 0.0159
  Entropy change: 0.0696
  Concentration change: -0.0006

2020_vs_2025:
  Cosine similarity: 0.9970
  L2 distance: 0.0173
  Entropy change: -0.0069
  Concentration change: -0.0005

2021_vs_2022:
  Cosine similarity: 0.9922
  L2 distance: 0.0286
  Entropy change: -0.2280
  Concentration change: 0.0018

2021_vs_2023:
  Cosine similarity: 0.9989
  L2 distance: 0.0104
  Entropy change: 0.1426
  Concentration change: -0.0003

2021_vs_2024:
  Cosine similarity: 0.9990
  L2 distance: 0.0099
  Entropy change: 0.1219
  Concentration change: -0.0002

2021_vs_2025:
  Cosine similarity: 0.9992
  L2 distance: 0.0088
  Entropy change: 0.0455
  Concentration change: -0.0002

2022_vs_2023:
  Cosine similarity: 0.9865
  L2 distance: 0.0374
  Entropy change: 0.3707
  Concentration change: -0.0021

2022_vs_2024:
  Cosine similarity: 0.9871
  L2 distance: 0.0366
  Entropy change: 0.3500
  Concentration change: -0.0020

2022_vs_2025:
  Cosine similarity: 0.9879
  L2 distance: 0.0355
  Entropy change: 0.2735
  Concentration change: -0.0020

2023_vs_2024:
  Cosine similarity: 0.9999
  L2 distance: 0.0033
  Entropy change: -0.0207
  Concentration change: 0.0000

2023_vs_2025:
  Cosine similarity: 0.9993
  L2 distance: 0.0085
  Entropy change: -0.0972
  Concentration change: 0.0001

2024_vs_2025:
  Cosine similarity: 0.9990
  L2 distance: 0.0098
  Entropy change: -0.0765
  Concentration change: 0.0000

======================================================================

Analysis complete!
Results saved to: experiments/00_baseline_exploration/exp002_small/attention_analysis_year
  - attention_analysis_results.json
  - attention_heatmap.png
  - attention_trends.png
  - temporal_attention_comparison.png
