Logging to: experiments/00_baseline_exploration/exp002_small/attention_analysis_year/attention_analysis_20251027_191329.log
Analysis started at: 2025-10-27 19:13:29
======================================================================
Experiment: 00_baseline_exploration/exp002_small
Output directory: experiments/00_baseline_exploration/exp002_small/attention_analysis_year
Using best checkpoint: experiments/00_baseline_exploration/exp002_small/checkpoints/tft-epoch=01-val_loss=0.1552.ckpt

Loading data...
Loading test data from: data/splits/fixed/core_proposal_daily_fixed_test.csv
  Train samples: 6066
  Test samples: 1300

Preparing test dataset...
Test dataset size after filtering: 1280

Loading model...
Loading model from: experiments/00_baseline_exploration/exp002_small/checkpoints/tft-epoch=01-val_loss=0.1552.ckpt

Extracting attention patterns...
Extracting attention patterns...
Total batches to process: 10
  Processed 10/10 batches

Total predictions: 1280
Total actuals: 1280
Attention shape: (1280, 20)
Encoder variables shape: (1280, 5)

Prediction period: 2020-08-19T00:00:00.000000000 to 2025-10-06T00:00:00.000000000
Total predictions: 1280

Creating temporal periods:
  2020: 92 samples
  2021: 250 samples
  2022: 249 samples
  2023: 249 samples
  2024: 250 samples
  2025: 190 samples

Attention over 20 encoder timesteps

Analyzing attention patterns by period...

Comparing attention patterns across periods...

Creating visualizations...
Saved attention heatmap: experiments/00_baseline_exploration/exp002_small/attention_analysis_year/attention_heatmap.png
Saved attention trends: experiments/00_baseline_exploration/exp002_small/attention_analysis_year/attention_trends.png
Saved feature importance comparison: experiments/00_baseline_exploration/exp002_small/attention_analysis_year/temporal_attention_comparison.png

Saving results...
Saved results: experiments/00_baseline_exploration/exp002_small/attention_analysis_year/attention_analysis_results.json

======================================================================
ATTENTION ANALYSIS SUMMARY
======================================================================

Per-Period Statistics:
----------------------------------------------------------------------

2020:
  Samples: 92
  Entropy: 2.9946 ± 0.0009
  Concentration: 0.0500
  Top 5 features:
    t-1                            0.0534
    t-2                            0.0527
    t-20                           0.0522
    t-3                            0.0520
    t-4                            0.0514

2021:
  Samples: 250
  Entropy: 2.9593 ± 0.0239
  Concentration: 0.0501
  Top 5 features:
    t-1                            0.0535
    t-2                            0.0531
    t-3                            0.0526
    t-4                            0.0521
    t-5                            0.0515

2022:
  Samples: 249
  Entropy: 2.9858 ± 0.0074
  Concentration: 0.0504
  Top 5 features:
    t-20                           0.0645
    t-19                           0.0591
    t-18                           0.0562
    t-17                           0.0534
    t-16                           0.0514

2023:
  Samples: 249
  Entropy: 2.9557 ± 0.0387
  Concentration: 0.0505
  Top 5 features:
    t-1                            0.0592
    t-2                            0.0583
    t-3                            0.0572
    t-4                            0.0559
    t-5                            0.0546

2024:
  Samples: 250
  Entropy: 2.8870 ± 0.1019
  Concentration: 0.0523
  Top 5 features:
    t-1                            0.0721
    t-2                            0.0691
    t-3                            0.0662
    t-4                            0.0632
    t-5                            0.0602

2025:
  Samples: 190
  Entropy: 2.8584 ± 0.1095
  Concentration: 0.0507
  Top 5 features:
    t-1                            0.0619
    t-20                           0.0601
    t-2                            0.0596
    t-3                            0.0572
    t-4                            0.0547

----------------------------------------------------------------------
Period Comparisons:
----------------------------------------------------------------------

2020_vs_2021:
  Cosine similarity: 1.0000
  L2 distance: 0.0018
  Entropy change: -0.0354
  Concentration change: 0.0000

2020_vs_2022:
  Cosine similarity: 0.9951
  L2 distance: 0.0222
  Entropy change: -0.0089
  Concentration change: 0.0004

2020_vs_2023:
  Cosine similarity: 0.9975
  L2 distance: 0.0159
  Entropy change: -0.0389
  Concentration change: 0.0004

2020_vs_2024:
  Cosine similarity: 0.9833
  L2 distance: 0.0416
  Entropy change: -0.1076
  Concentration change: 0.0022

2020_vs_2025:
  Cosine similarity: 0.9961
  L2 distance: 0.0198
  Entropy change: -0.1362
  Concentration change: 0.0006

2021_vs_2022:
  Cosine similarity: 0.9946
  L2 distance: 0.0234
  Entropy change: 0.0265
  Concentration change: 0.0004

2021_vs_2023:
  Cosine similarity: 0.9979
  L2 distance: 0.0147
  Entropy change: -0.0035
  Concentration change: 0.0004

2021_vs_2024:
  Cosine similarity: 0.9844
  L2 distance: 0.0402
  Entropy change: -0.0722
  Concentration change: 0.0022

2021_vs_2025:
  Cosine similarity: 0.9963
  L2 distance: 0.0193
  Entropy change: -0.1009
  Concentration change: 0.0006

2022_vs_2023:
  Cosine similarity: 0.9897
  L2 distance: 0.0323
  Entropy change: -0.0300
  Concentration change: 0.0001

2022_vs_2024:
  Cosine similarity: 0.9656
  L2 distance: 0.0595
  Entropy change: -0.0987
  Concentration change: 0.0018

2022_vs_2025:
  Cosine similarity: 0.9919
  L2 distance: 0.0286
  Entropy change: -0.1274
  Concentration change: 0.0002

2023_vs_2024:
  Cosine similarity: 0.9928
  L2 distance: 0.0275
  Entropy change: -0.0687
  Concentration change: 0.0018

2023_vs_2025:
  Cosine similarity: 0.9986
  L2 distance: 0.0117
  Entropy change: -0.0973
  Concentration change: 0.0002

2024_vs_2025:
  Cosine similarity: 0.9894
  L2 distance: 0.0332
  Entropy change: -0.0286
  Concentration change: -0.0016

======================================================================

Analysis complete!
Results saved to: experiments/00_baseline_exploration/exp002_small/attention_analysis_year
  - attention_analysis_results.json
  - attention_heatmap.png
  - attention_trends.png
  - temporal_attention_comparison.png
