Logging to: experiments/01_staleness_features_fixed/sweep_stale_h12_drop0.25_lr3/attention_analysis_year/attention_analysis_20251030_131240.log
Analysis started at: 2025-10-30 13:12:40
======================================================================
Experiment: 01_staleness_features_fixed/sweep_stale_h12_drop0.25_lr3
Output directory: experiments/01_staleness_features_fixed/sweep_stale_h12_drop0.25_lr3/attention_analysis_year
Using best checkpoint: experiments/01_staleness_features_fixed/sweep_stale_h12_drop0.25_lr3/checkpoints/tft-epoch=99-val_loss=0.4017.ckpt

Loading data...
Loading test data from: data/splits/fixed/core_proposal_daily_fixed_test.csv
Detected staleness features in config, adding to data...
  Train samples: 6066
  Test samples: 1300

Preparing test dataset...
Test dataset size after filtering: 1280

Loading model...
Loading model from: experiments/01_staleness_features_fixed/sweep_stale_h12_drop0.25_lr3/checkpoints/tft-epoch=99-val_loss=0.4017.ckpt
Model moved to device: cuda

Extracting attention patterns...
Extracting attention patterns...
Total batches to process: 10
  Processed 10/10 batches

Total predictions: 1280
Total actuals: 1280
Attention shape: (1280, 20)
Encoder variables shape: (1280, 7)

Prediction period: 2020-08-19T00:00:00.000000000 to 2025-10-06T00:00:00.000000000
Total predictions: 1280

Creating temporal periods:
  2020: 92 samples
  2021: 250 samples
  2022: 249 samples
  2023: 249 samples
  2024: 250 samples
  2025: 190 samples

Attention over 20 encoder timesteps

Analyzing attention patterns by period...

Comparing attention patterns across periods...

Creating visualizations...
Saved attention heatmap: experiments/01_staleness_features_fixed/sweep_stale_h12_drop0.25_lr3/attention_analysis_year/attention_heatmap.png
Saved attention trends: experiments/01_staleness_features_fixed/sweep_stale_h12_drop0.25_lr3/attention_analysis_year/attention_trends.png
Saved feature importance comparison: experiments/01_staleness_features_fixed/sweep_stale_h12_drop0.25_lr3/attention_analysis_year/temporal_attention_comparison.png

Saving results...
Saved results: experiments/01_staleness_features_fixed/sweep_stale_h12_drop0.25_lr3/attention_analysis_year/attention_analysis_results.json

======================================================================
ATTENTION ANALYSIS SUMMARY
======================================================================

Per-Period Statistics:
----------------------------------------------------------------------

2020:
  Samples: 92
  Entropy: 2.9662 ± 0.0332
  Concentration: 0.0500
  Top 5 features:
    t-1                            0.0520
    t-2                            0.0516
    t-3                            0.0513
    t-4                            0.0510
    t-5                            0.0508

2021:
  Samples: 250
  Entropy: 2.9640 ± 0.0420
  Concentration: 0.0501
  Top 5 features:
    t-1                            0.0537
    t-2                            0.0531
    t-3                            0.0525
    t-4                            0.0519
    t-5                            0.0515

2022:
  Samples: 249
  Entropy: 2.9503 ± 0.0389
  Concentration: 0.0503
  Top 5 features:
    t-1                            0.0576
    t-2                            0.0562
    t-3                            0.0549
    t-4                            0.0539
    t-5                            0.0529

2023:
  Samples: 249
  Entropy: 2.9852 ± 0.0126
  Concentration: 0.0500
  Top 5 features:
    t-16                           0.0510
    t-15                           0.0510
    t-14                           0.0509
    t-17                           0.0508
    t-13                           0.0507

2024:
  Samples: 250
  Entropy: 2.9731 ± 0.0661
  Concentration: 0.0500
  Top 5 features:
    t-1                            0.0521
    t-2                            0.0518
    t-3                            0.0515
    t-4                            0.0512
    t-5                            0.0510

2025:
  Samples: 190
  Entropy: 2.9282 ± 0.1604
  Concentration: 0.0500
  Top 5 features:
    t-1                            0.0525
    t-2                            0.0513
    t-3                            0.0506
    t-15                           0.0502
    t-14                           0.0502

----------------------------------------------------------------------
Period Comparisons:
----------------------------------------------------------------------

2020_vs_2021:
  Cosine similarity: 0.9998
  L2 distance: 0.0049
  Entropy change: -0.0022
  Concentration change: 0.0001

2020_vs_2022:
  Cosine similarity: 0.9987
  L2 distance: 0.0115
  Entropy change: -0.0159
  Concentration change: 0.0002

2020_vs_2023:
  Cosine similarity: 0.9998
  L2 distance: 0.0048
  Entropy change: 0.0190
  Concentration change: -0.0000

2020_vs_2024:
  Cosine similarity: 1.0000
  L2 distance: 0.0012
  Entropy change: 0.0068
  Concentration change: -0.0000

2020_vs_2025:
  Cosine similarity: 0.9999
  L2 distance: 0.0024
  Entropy change: -0.0381
  Concentration change: -0.0000

2021_vs_2022:
  Cosine similarity: 0.9995
  L2 distance: 0.0073
  Entropy change: -0.0137
  Concentration change: 0.0002

2021_vs_2023:
  Cosine similarity: 0.9991
  L2 distance: 0.0092
  Entropy change: 0.0212
  Concentration change: -0.0001

2021_vs_2024:
  Cosine similarity: 0.9998
  L2 distance: 0.0049
  Entropy change: 0.0090
  Concentration change: -0.0001

2021_vs_2025:
  Cosine similarity: 0.9996
  L2 distance: 0.0066
  Entropy change: -0.0359
  Concentration change: -0.0001

2022_vs_2023:
  Cosine similarity: 0.9974
  L2 distance: 0.0162
  Entropy change: 0.0349
  Concentration change: -0.0003

2022_vs_2024:
  Cosine similarity: 0.9988
  L2 distance: 0.0112
  Entropy change: 0.0228
  Concentration change: -0.0002

2022_vs_2025:
  Cosine similarity: 0.9983
  L2 distance: 0.0131
  Entropy change: -0.0221
  Concentration change: -0.0003

2023_vs_2024:
  Cosine similarity: 0.9997
  L2 distance: 0.0055
  Entropy change: -0.0122
  Concentration change: 0.0000

2023_vs_2025:
  Cosine similarity: 0.9999
  L2 distance: 0.0037
  Entropy change: -0.0571
  Concentration change: 0.0000

2024_vs_2025:
  Cosine similarity: 0.9999
  L2 distance: 0.0028
  Entropy change: -0.0449
  Concentration change: -0.0000

======================================================================

Analysis complete!
Results saved to: experiments/01_staleness_features_fixed/sweep_stale_h12_drop0.25_lr3/attention_analysis_year
  - attention_analysis_results.json
  - attention_heatmap.png
  - attention_trends.png
  - temporal_attention_comparison.png
