Logging to: experiments/00_baseline_exploration/sweep_dropout_0.2/attention_analysis_year/attention_analysis_20251027_191512.log
Analysis started at: 2025-10-27 19:15:12
======================================================================
Experiment: 00_baseline_exploration/sweep_dropout_0.2
Output directory: experiments/00_baseline_exploration/sweep_dropout_0.2/attention_analysis_year
Using best checkpoint: experiments/00_baseline_exploration/sweep_dropout_0.2/checkpoints/tft-epoch=00-val_loss=0.1549.ckpt

Loading data...
Loading test data from: data/splits/fixed/core_proposal_daily_fixed_test.csv
  Train samples: 6066
  Test samples: 1300

Preparing test dataset...
Test dataset size after filtering: 1280

Loading model...
Loading model from: experiments/00_baseline_exploration/sweep_dropout_0.2/checkpoints/tft-epoch=00-val_loss=0.1549.ckpt

Extracting attention patterns...
Extracting attention patterns...
Total batches to process: 10
  Processed 10/10 batches

Total predictions: 1280
Total actuals: 1280
Attention shape: (1280, 20)
Encoder variables shape: (1280, 5)

Prediction period: 2020-08-19T00:00:00.000000000 to 2025-10-06T00:00:00.000000000
Total predictions: 1280

Creating temporal periods:
  2020: 92 samples
  2021: 250 samples
  2022: 249 samples
  2023: 249 samples
  2024: 250 samples
  2025: 190 samples

Attention over 20 encoder timesteps

Analyzing attention patterns by period...

Comparing attention patterns across periods...

Creating visualizations...
Saved attention heatmap: experiments/00_baseline_exploration/sweep_dropout_0.2/attention_analysis_year/attention_heatmap.png
Saved attention trends: experiments/00_baseline_exploration/sweep_dropout_0.2/attention_analysis_year/attention_trends.png
Saved feature importance comparison: experiments/00_baseline_exploration/sweep_dropout_0.2/attention_analysis_year/temporal_attention_comparison.png

Saving results...
Saved results: experiments/00_baseline_exploration/sweep_dropout_0.2/attention_analysis_year/attention_analysis_results.json

======================================================================
ATTENTION ANALYSIS SUMMARY
======================================================================

Per-Period Statistics:
----------------------------------------------------------------------

2020:
  Samples: 92
  Entropy: 2.9944 ± 0.0010
  Concentration: 0.0501
  Top 5 features:
    t-19                           0.0525
    t-18                           0.0524
    t-17                           0.0520
    t-16                           0.0516
    t-15                           0.0513

2021:
  Samples: 250
  Entropy: 2.9900 ± 0.0056
  Concentration: 0.0503
  Top 5 features:
    t-18                           0.0537
    t-19                           0.0536
    t-17                           0.0535
    t-16                           0.0534
    t-15                           0.0532

2022:
  Samples: 249
  Entropy: 2.9833 ± 0.0123
  Concentration: 0.0506
  Top 5 features:
    t-18                           0.0578
    t-19                           0.0577
    t-17                           0.0571
    t-20                           0.0566
    t-16                           0.0560

2023:
  Samples: 249
  Entropy: 2.9923 ± 0.0034
  Concentration: 0.0501
  Top 5 features:
    t-13                           0.0513
    t-14                           0.0513
    t-20                           0.0512
    t-12                           0.0512
    t-15                           0.0512

2024:
  Samples: 250
  Entropy: 2.9916 ± 0.0052
  Concentration: 0.0500
  Top 5 features:
    t-9                            0.0512
    t-10                           0.0512
    t-11                           0.0511
    t-8                            0.0510
    t-12                           0.0510

2025:
  Samples: 190
  Entropy: 2.9876 ± 0.0129
  Concentration: 0.0501
  Top 5 features:
    t-13                           0.0518
    t-12                           0.0518
    t-14                           0.0517
    t-11                           0.0517
    t-15                           0.0515

----------------------------------------------------------------------
Period Comparisons:
----------------------------------------------------------------------

2020_vs_2021:
  Cosine similarity: 0.9990
  L2 distance: 0.0099
  Entropy change: -0.0044
  Concentration change: 0.0002

2020_vs_2022:
  Cosine similarity: 0.9971
  L2 distance: 0.0172
  Entropy change: -0.0112
  Concentration change: 0.0005

2020_vs_2023:
  Cosine similarity: 0.9999
  L2 distance: 0.0032
  Entropy change: -0.0021
  Concentration change: 0.0000

2020_vs_2024:
  Cosine similarity: 0.9997
  L2 distance: 0.0057
  Entropy change: -0.0028
  Concentration change: -0.0000

2020_vs_2025:
  Cosine similarity: 0.9997
  L2 distance: 0.0050
  Entropy change: -0.0069
  Concentration change: 0.0000

2021_vs_2022:
  Cosine similarity: 0.9987
  L2 distance: 0.0114
  Entropy change: -0.0067
  Concentration change: 0.0003

2021_vs_2023:
  Cosine similarity: 0.9991
  L2 distance: 0.0095
  Entropy change: 0.0023
  Concentration change: -0.0002

2021_vs_2024:
  Cosine similarity: 0.9983
  L2 distance: 0.0129
  Entropy change: 0.0016
  Concentration change: -0.0002

2021_vs_2025:
  Cosine similarity: 0.9994
  L2 distance: 0.0078
  Entropy change: -0.0025
  Concentration change: -0.0002

2022_vs_2023:
  Cosine similarity: 0.9966
  L2 distance: 0.0184
  Entropy change: 0.0090
  Concentration change: -0.0005

2022_vs_2024:
  Cosine similarity: 0.9952
  L2 distance: 0.0221
  Entropy change: 0.0083
  Concentration change: -0.0005

2022_vs_2025:
  Cosine similarity: 0.9968
  L2 distance: 0.0179
  Entropy change: 0.0043
  Concentration change: -0.0005

2023_vs_2024:
  Cosine similarity: 0.9999
  L2 distance: 0.0037
  Entropy change: -0.0007
  Concentration change: -0.0000

2023_vs_2025:
  Cosine similarity: 0.9999
  L2 distance: 0.0025
  Entropy change: -0.0048
  Concentration change: 0.0000

2024_vs_2025:
  Cosine similarity: 0.9997
  L2 distance: 0.0052
  Entropy change: -0.0040
  Concentration change: 0.0001

======================================================================

Analysis complete!
Results saved to: experiments/00_baseline_exploration/sweep_dropout_0.2/attention_analysis_year
  - attention_analysis_results.json
  - attention_heatmap.png
  - attention_trends.png
  - temporal_attention_comparison.png
