Logging to: experiments/00_baseline_exploration/sweep_dropout_0.2/attention_analysis_year/attention_analysis_20251030_130955.log
Analysis started at: 2025-10-30 13:09:55
======================================================================
Experiment: 00_baseline_exploration/sweep_dropout_0.2
Output directory: experiments/00_baseline_exploration/sweep_dropout_0.2/attention_analysis_year
Using best checkpoint: experiments/00_baseline_exploration/sweep_dropout_0.2/checkpoints/tft-epoch=46-val_loss=0.3943.ckpt

Loading data...
Loading test data from: data/splits/fixed/core_proposal_daily_fixed_test.csv
  Train samples: 6066
  Test samples: 1300

Preparing test dataset...
Test dataset size after filtering: 1280

Loading model...
Loading model from: experiments/00_baseline_exploration/sweep_dropout_0.2/checkpoints/tft-epoch=46-val_loss=0.3943.ckpt
Model moved to device: cuda

Extracting attention patterns...
Extracting attention patterns...
Total batches to process: 10
  Processed 10/10 batches

Total predictions: 1280
Total actuals: 1280
Attention shape: (1280, 20)
Encoder variables shape: (1280, 5)

Prediction period: 2020-08-19T00:00:00.000000000 to 2025-10-06T00:00:00.000000000
Total predictions: 1280

Creating temporal periods:
  2020: 92 samples
  2021: 250 samples
  2022: 249 samples
  2023: 249 samples
  2024: 250 samples
  2025: 190 samples

Attention over 20 encoder timesteps

Analyzing attention patterns by period...

Comparing attention patterns across periods...

Creating visualizations...
Saved attention heatmap: experiments/00_baseline_exploration/sweep_dropout_0.2/attention_analysis_year/attention_heatmap.png
Saved attention trends: experiments/00_baseline_exploration/sweep_dropout_0.2/attention_analysis_year/attention_trends.png
Saved feature importance comparison: experiments/00_baseline_exploration/sweep_dropout_0.2/attention_analysis_year/temporal_attention_comparison.png

Saving results...
Saved results: experiments/00_baseline_exploration/sweep_dropout_0.2/attention_analysis_year/attention_analysis_results.json

======================================================================
ATTENTION ANALYSIS SUMMARY
======================================================================

Per-Period Statistics:
----------------------------------------------------------------------

2020:
  Samples: 92
  Entropy: 2.5482 ± 0.2816
  Concentration: 0.0798
  Top 5 features:
    t-20                           0.2118
    t-19                           0.0798
    t-1                            0.0538
    t-18                           0.0509
    t-2                            0.0490

2021:
  Samples: 250
  Entropy: 2.7917 ± 0.2827
  Concentration: 0.0581
  Top 5 features:
    t-20                           0.1359
    t-19                           0.0594
    t-1                            0.0510
    t-2                            0.0482
    t-18                           0.0475

2022:
  Samples: 249
  Entropy: 2.4768 ± 0.3594
  Concentration: 0.0987
  Top 5 features:
    t-20                           0.2596
    t-19                           0.0835
    t-18                           0.0485
    t-1                            0.0453
    t-2                            0.0424

2023:
  Samples: 249
  Entropy: 2.9400 ± 0.0614
  Concentration: 0.0553
  Top 5 features:
    t-20                           0.1202
    t-19                           0.0561
    t-18                           0.0479
    t-1                            0.0459
    t-3                            0.0459

2024:
  Samples: 250
  Entropy: 2.8791 ± 0.1757
  Concentration: 0.0599
  Top 5 features:
    t-20                           0.1457
    t-19                           0.0552
    t-1                            0.0511
    t-2                            0.0495
    t-3                            0.0483

2025:
  Samples: 190
  Entropy: 2.7471 ± 0.3255
  Concentration: 0.0621
  Top 5 features:
    t-20                           0.1545
    t-19                           0.0610
    t-1                            0.0544
    t-2                            0.0508
    t-3                            0.0481

----------------------------------------------------------------------
Period Comparisons:
----------------------------------------------------------------------

2020_vs_2021:
  Cosine similarity: 0.9613
  L2 distance: 0.0837
  Entropy change: 0.2435
  Concentration change: -0.0218

2020_vs_2022:
  Cosine similarity: 0.9915
  L2 distance: 0.0502
  Entropy change: -0.0714
  Concentration change: 0.0189

2020_vs_2023:
  Cosine similarity: 0.9393
  L2 distance: 0.1015
  Entropy change: 0.3918
  Concentration change: -0.0245

2020_vs_2024:
  Cosine similarity: 0.9682
  L2 distance: 0.0763
  Entropy change: 0.3309
  Concentration change: -0.0199

2020_vs_2025:
  Cosine similarity: 0.9785
  L2 distance: 0.0643
  Entropy change: 0.1989
  Concentration change: -0.0177

2021_vs_2022:
  Cosine similarity: 0.9217
  L2 distance: 0.1312
  Entropy change: -0.3149
  Concentration change: 0.0406

2021_vs_2023:
  Cosine similarity: 0.9973
  L2 distance: 0.0186
  Entropy change: 0.1483
  Concentration change: -0.0028

2021_vs_2024:
  Cosine similarity: 0.9985
  L2 distance: 0.0137
  Entropy change: 0.0873
  Concentration change: 0.0019

2021_vs_2025:
  Cosine similarity: 0.9967
  L2 distance: 0.0217
  Entropy change: -0.0446
  Concentration change: 0.0041

2022_vs_2023:
  Cosine similarity: 0.8933
  L2 distance: 0.1484
  Entropy change: 0.4632
  Concentration change: -0.0434

2022_vs_2024:
  Cosine similarity: 0.9328
  L2 distance: 0.1231
  Entropy change: 0.4023
  Concentration change: -0.0388

2022_vs_2025:
  Cosine similarity: 0.9466
  L2 distance: 0.1122
  Entropy change: 0.2703
  Concentration change: -0.0366

2023_vs_2024:
  Cosine similarity: 0.9935
  L2 distance: 0.0291
  Entropy change: -0.0610
  Concentration change: 0.0046

2023_vs_2025:
  Cosine similarity: 0.9883
  L2 distance: 0.0396
  Entropy change: -0.1929
  Concentration change: 0.0068

2024_vs_2025:
  Cosine similarity: 0.9987
  L2 distance: 0.0133
  Entropy change: -0.1320
  Concentration change: 0.0022

======================================================================

Analysis complete!
Results saved to: experiments/00_baseline_exploration/sweep_dropout_0.2/attention_analysis_year
  - attention_analysis_results.json
  - attention_heatmap.png
  - attention_trends.png
  - temporal_attention_comparison.png
