Logging to: experiments/00_baseline_exploration/sweep2_hidden_8/attention_analysis_year/attention_analysis_20251030_130903.log
Analysis started at: 2025-10-30 13:09:03
======================================================================
Experiment: 00_baseline_exploration/sweep2_hidden_8
Output directory: experiments/00_baseline_exploration/sweep2_hidden_8/attention_analysis_year
Using best checkpoint: experiments/00_baseline_exploration/sweep2_hidden_8/checkpoints/tft-epoch=99-val_loss=0.3989.ckpt

Loading data...
Loading test data from: data/splits/fixed/core_proposal_daily_fixed_test.csv
  Train samples: 6066
  Test samples: 1300

Preparing test dataset...
Test dataset size after filtering: 1280

Loading model...
Loading model from: experiments/00_baseline_exploration/sweep2_hidden_8/checkpoints/tft-epoch=99-val_loss=0.3989.ckpt
Model moved to device: cuda

Extracting attention patterns...
Extracting attention patterns...
Total batches to process: 10
  Processed 10/10 batches

Total predictions: 1280
Total actuals: 1280
Attention shape: (1280, 20)
Encoder variables shape: (1280, 5)

Prediction period: 2020-08-19T00:00:00.000000000 to 2025-10-06T00:00:00.000000000
Total predictions: 1280

Creating temporal periods:
  2020: 92 samples
  2021: 250 samples
  2022: 249 samples
  2023: 249 samples
  2024: 250 samples
  2025: 190 samples

Attention over 20 encoder timesteps

Analyzing attention patterns by period...

Comparing attention patterns across periods...

Creating visualizations...
Saved attention heatmap: experiments/00_baseline_exploration/sweep2_hidden_8/attention_analysis_year/attention_heatmap.png
Saved attention trends: experiments/00_baseline_exploration/sweep2_hidden_8/attention_analysis_year/attention_trends.png
Saved feature importance comparison: experiments/00_baseline_exploration/sweep2_hidden_8/attention_analysis_year/temporal_attention_comparison.png

Saving results...
Saved results: experiments/00_baseline_exploration/sweep2_hidden_8/attention_analysis_year/attention_analysis_results.json

======================================================================
ATTENTION ANALYSIS SUMMARY
======================================================================

Per-Period Statistics:
----------------------------------------------------------------------

2020:
  Samples: 92
  Entropy: 2.9673 ± 0.0224
  Concentration: 0.0501
  Top 5 features:
    t-1                            0.0528
    t-2                            0.0521
    t-18                           0.0518
    t-3                            0.0515
    t-17                           0.0514

2021:
  Samples: 250
  Entropy: 2.8452 ± 0.1128
  Concentration: 0.0502
  Top 5 features:
    t-1                            0.0551
    t-2                            0.0534
    t-3                            0.0522
    t-4                            0.0514
    t-5                            0.0510

2022:
  Samples: 249
  Entropy: 2.9310 ± 0.0744
  Concentration: 0.0501
  Top 5 features:
    t-1                            0.0545
    t-2                            0.0531
    t-3                            0.0519
    t-4                            0.0511
    t-18                           0.0508

2023:
  Samples: 249
  Entropy: 2.9118 ± 0.0606
  Concentration: 0.0502
  Top 5 features:
    t-16                           0.0520
    t-15                           0.0520
    t-1                            0.0519
    t-14                           0.0517
    t-17                           0.0516

2024:
  Samples: 250
  Entropy: 2.8301 ± 0.2169
  Concentration: 0.0512
  Top 5 features:
    t-1                            0.0627
    t-2                            0.0599
    t-3                            0.0581
    t-4                            0.0568
    t-5                            0.0557

2025:
  Samples: 190
  Entropy: 2.8429 ± 0.1531
  Concentration: 0.0505
  Top 5 features:
    t-1                            0.0571
    t-2                            0.0552
    t-3                            0.0535
    t-9                            0.0525
    t-4                            0.0522

----------------------------------------------------------------------
Period Comparisons:
----------------------------------------------------------------------

2020_vs_2021:
  Cosine similarity: 0.9997
  L2 distance: 0.0057
  Entropy change: -0.1221
  Concentration change: 0.0001

2020_vs_2022:
  Cosine similarity: 0.9998
  L2 distance: 0.0039
  Entropy change: -0.0363
  Concentration change: -0.0000

2020_vs_2023:
  Cosine similarity: 0.9994
  L2 distance: 0.0078
  Entropy change: -0.0555
  Concentration change: 0.0001

2020_vs_2024:
  Cosine similarity: 0.9919
  L2 distance: 0.0287
  Entropy change: -0.1372
  Concentration change: 0.0011

2020_vs_2025:
  Cosine similarity: 0.9972
  L2 distance: 0.0167
  Entropy change: -0.1245
  Concentration change: 0.0004

2021_vs_2022:
  Cosine similarity: 0.9995
  L2 distance: 0.0069
  Entropy change: 0.0859
  Concentration change: -0.0001

2021_vs_2023:
  Cosine similarity: 0.9996
  L2 distance: 0.0060
  Entropy change: 0.0666
  Concentration change: 0.0000

2021_vs_2024:
  Cosine similarity: 0.9946
  L2 distance: 0.0236
  Entropy change: -0.0151
  Concentration change: 0.0010

2021_vs_2025:
  Cosine similarity: 0.9987
  L2 distance: 0.0113
  Entropy change: -0.0023
  Concentration change: 0.0003

2022_vs_2023:
  Cosine similarity: 0.9990
  L2 distance: 0.0102
  Entropy change: -0.0193
  Concentration change: 0.0001

2022_vs_2024:
  Cosine similarity: 0.9920
  L2 distance: 0.0286
  Entropy change: -0.1009
  Concentration change: 0.0011

2022_vs_2025:
  Cosine similarity: 0.9969
  L2 distance: 0.0175
  Entropy change: -0.0882
  Concentration change: 0.0005

2023_vs_2024:
  Cosine similarity: 0.9931
  L2 distance: 0.0266
  Entropy change: -0.0817
  Concentration change: 0.0010

2023_vs_2025:
  Cosine similarity: 0.9985
  L2 distance: 0.0123
  Entropy change: -0.0689
  Concentration change: 0.0003

2024_vs_2025:
  Cosine similarity: 0.9976
  L2 distance: 0.0158
  Entropy change: 0.0128
  Concentration change: -0.0007

======================================================================

Analysis complete!
Results saved to: experiments/00_baseline_exploration/sweep2_hidden_8/attention_analysis_year
  - attention_analysis_results.json
  - attention_heatmap.png
  - attention_trends.png
  - temporal_attention_comparison.png
