Logging to: experiments/00_baseline_exploration/sweep2_hidden_8/attention_analysis_year/attention_analysis_20251027_191454.log
Analysis started at: 2025-10-27 19:14:54
======================================================================
Experiment: 00_baseline_exploration/sweep2_hidden_8
Output directory: experiments/00_baseline_exploration/sweep2_hidden_8/attention_analysis_year
Using best checkpoint: experiments/00_baseline_exploration/sweep2_hidden_8/checkpoints/tft-epoch=04-val_loss=0.1451.ckpt

Loading data...
Loading test data from: data/splits/fixed/core_proposal_daily_fixed_test.csv
  Train samples: 6066
  Test samples: 1300

Preparing test dataset...
Test dataset size after filtering: 1280

Loading model...
Loading model from: experiments/00_baseline_exploration/sweep2_hidden_8/checkpoints/tft-epoch=04-val_loss=0.1451.ckpt

Extracting attention patterns...
Extracting attention patterns...
Total batches to process: 10
  Processed 10/10 batches

Total predictions: 1280
Total actuals: 1280
Attention shape: (1280, 20)
Encoder variables shape: (1280, 5)

Prediction period: 2020-08-19T00:00:00.000000000 to 2025-10-06T00:00:00.000000000
Total predictions: 1280

Creating temporal periods:
  2020: 92 samples
  2021: 250 samples
  2022: 249 samples
  2023: 249 samples
  2024: 250 samples
  2025: 190 samples

Attention over 20 encoder timesteps

Analyzing attention patterns by period...

Comparing attention patterns across periods...

Creating visualizations...
Saved attention heatmap: experiments/00_baseline_exploration/sweep2_hidden_8/attention_analysis_year/attention_heatmap.png
Saved attention trends: experiments/00_baseline_exploration/sweep2_hidden_8/attention_analysis_year/attention_trends.png
Saved feature importance comparison: experiments/00_baseline_exploration/sweep2_hidden_8/attention_analysis_year/temporal_attention_comparison.png

Saving results...
Saved results: experiments/00_baseline_exploration/sweep2_hidden_8/attention_analysis_year/attention_analysis_results.json

======================================================================
ATTENTION ANALYSIS SUMMARY
======================================================================

Per-Period Statistics:
----------------------------------------------------------------------

2020:
  Samples: 92
  Entropy: 2.9500 ± 0.0064
  Concentration: 0.0541
  Top 5 features:
    t-20                           0.0661
    t-19                           0.0660
    t-18                           0.0651
    t-17                           0.0643
    t-16                           0.0633

2021:
  Samples: 250
  Entropy: 2.9712 ± 0.0267
  Concentration: 0.0515
  Top 5 features:
    t-20                           0.0625
    t-19                           0.0614
    t-18                           0.0604
    t-17                           0.0595
    t-16                           0.0586

2022:
  Samples: 249
  Entropy: 2.9831 ± 0.0149
  Concentration: 0.0502
  Top 5 features:
    t-20                           0.0571
    t-19                           0.0552
    t-18                           0.0541
    t-17                           0.0532
    t-16                           0.0525

2023:
  Samples: 249
  Entropy: 2.9779 ± 0.0170
  Concentration: 0.0511
  Top 5 features:
    t-20                           0.0639
    t-19                           0.0606
    t-18                           0.0591
    t-17                           0.0580
    t-16                           0.0569

2024:
  Samples: 250
  Entropy: 2.9665 ± 0.0262
  Concentration: 0.0519
  Top 5 features:
    t-20                           0.0666
    t-19                           0.0633
    t-18                           0.0618
    t-17                           0.0607
    t-16                           0.0594

2025:
  Samples: 190
  Entropy: 2.9204 ± 0.0796
  Concentration: 0.0539
  Top 5 features:
    t-20                           0.0787
    t-19                           0.0726
    t-18                           0.0686
    t-17                           0.0654
    t-16                           0.0624

----------------------------------------------------------------------
Period Comparisons:
----------------------------------------------------------------------

2020_vs_2021:
  Cosine similarity: 0.9938
  L2 distance: 0.0263
  Entropy change: 0.0212
  Concentration change: -0.0026

2020_vs_2022:
  Cosine similarity: 0.9739
  L2 distance: 0.0528
  Entropy change: 0.0331
  Concentration change: -0.0040

2020_vs_2023:
  Cosine similarity: 0.9896
  L2 distance: 0.0337
  Entropy change: 0.0279
  Concentration change: -0.0030

2020_vs_2024:
  Cosine similarity: 0.9950
  L2 distance: 0.0235
  Entropy change: 0.0164
  Concentration change: -0.0022

2020_vs_2025:
  Cosine similarity: 0.9941
  L2 distance: 0.0252
  Entropy change: -0.0296
  Concentration change: -0.0002

2021_vs_2022:
  Cosine similarity: 0.9929
  L2 distance: 0.0270
  Entropy change: 0.0119
  Concentration change: -0.0014

2021_vs_2023:
  Cosine similarity: 0.9994
  L2 distance: 0.0078
  Entropy change: 0.0067
  Concentration change: -0.0004

2021_vs_2024:
  Cosine similarity: 0.9997
  L2 distance: 0.0059
  Entropy change: -0.0048
  Concentration change: 0.0004

2021_vs_2025:
  Cosine similarity: 0.9936
  L2 distance: 0.0266
  Entropy change: -0.0509
  Concentration change: 0.0024

2022_vs_2023:
  Cosine similarity: 0.9960
  L2 distance: 0.0202
  Entropy change: -0.0052
  Concentration change: 0.0009

2022_vs_2024:
  Cosine similarity: 0.9905
  L2 distance: 0.0314
  Entropy change: -0.0167
  Concentration change: 0.0018

2022_vs_2025:
  Cosine similarity: 0.9773
  L2 distance: 0.0493
  Entropy change: -0.0628
  Concentration change: 0.0038

2023_vs_2024:
  Cosine similarity: 0.9988
  L2 distance: 0.0112
  Entropy change: -0.0115
  Concentration change: 0.0008

2023_vs_2025:
  Cosine similarity: 0.9918
  L2 distance: 0.0300
  Entropy change: -0.0576
  Concentration change: 0.0028

2024_vs_2025:
  Cosine similarity: 0.9961
  L2 distance: 0.0208
  Entropy change: -0.0461
  Concentration change: 0.0020

======================================================================

Analysis complete!
Results saved to: experiments/00_baseline_exploration/sweep2_hidden_8/attention_analysis_year
  - attention_analysis_results.json
  - attention_heatmap.png
  - attention_trends.png
  - temporal_attention_comparison.png
