Logging to: experiments/01_staleness_features_fixed/sweep_stale_h14_drop0.30_lr3/attention_analysis_year/attention_analysis_20251030_131410.log
Analysis started at: 2025-10-30 13:14:10
======================================================================
Experiment: 01_staleness_features_fixed/sweep_stale_h14_drop0.30_lr3
Output directory: experiments/01_staleness_features_fixed/sweep_stale_h14_drop0.30_lr3/attention_analysis_year
Using best checkpoint: experiments/01_staleness_features_fixed/sweep_stale_h14_drop0.30_lr3/checkpoints/tft-epoch=98-val_loss=0.3989.ckpt

Loading data...
Loading test data from: data/splits/fixed/core_proposal_daily_fixed_test.csv
Detected staleness features in config, adding to data...
  Train samples: 6066
  Test samples: 1300

Preparing test dataset...
Test dataset size after filtering: 1280

Loading model...
Loading model from: experiments/01_staleness_features_fixed/sweep_stale_h14_drop0.30_lr3/checkpoints/tft-epoch=98-val_loss=0.3989.ckpt
Model moved to device: cuda

Extracting attention patterns...
Extracting attention patterns...
Total batches to process: 10
  Processed 10/10 batches

Total predictions: 1280
Total actuals: 1280
Attention shape: (1280, 20)
Encoder variables shape: (1280, 7)

Prediction period: 2020-08-19T00:00:00.000000000 to 2025-10-06T00:00:00.000000000
Total predictions: 1280

Creating temporal periods:
  2020: 92 samples
  2021: 250 samples
  2022: 249 samples
  2023: 249 samples
  2024: 250 samples
  2025: 190 samples

Attention over 20 encoder timesteps

Analyzing attention patterns by period...

Comparing attention patterns across periods...

Creating visualizations...
Saved attention heatmap: experiments/01_staleness_features_fixed/sweep_stale_h14_drop0.30_lr3/attention_analysis_year/attention_heatmap.png
Saved attention trends: experiments/01_staleness_features_fixed/sweep_stale_h14_drop0.30_lr3/attention_analysis_year/attention_trends.png
Saved feature importance comparison: experiments/01_staleness_features_fixed/sweep_stale_h14_drop0.30_lr3/attention_analysis_year/temporal_attention_comparison.png

Saving results...
Saved results: experiments/01_staleness_features_fixed/sweep_stale_h14_drop0.30_lr3/attention_analysis_year/attention_analysis_results.json

======================================================================
ATTENTION ANALYSIS SUMMARY
======================================================================

Per-Period Statistics:
----------------------------------------------------------------------

2020:
  Samples: 92
  Entropy: 2.9504 ± 0.0406
  Concentration: 0.0503
  Top 5 features:
    t-16                           0.0542
    t-17                           0.0539
    t-15                           0.0533
    t-14                           0.0524
    t-1                            0.0516

2021:
  Samples: 250
  Entropy: 2.9563 ± 0.0437
  Concentration: 0.0502
  Top 5 features:
    t-1                            0.0536
    t-2                            0.0529
    t-3                            0.0522
    t-4                            0.0517
    t-5                            0.0514

2022:
  Samples: 249
  Entropy: 2.9544 ± 0.0411
  Concentration: 0.0502
  Top 5 features:
    t-1                            0.0539
    t-2                            0.0529
    t-17                           0.0527
    t-16                           0.0524
    t-3                            0.0519

2023:
  Samples: 249
  Entropy: 2.9775 ± 0.0155
  Concentration: 0.0500
  Top 5 features:
    t-16                           0.0516
    t-15                           0.0515
    t-17                           0.0513
    t-14                           0.0512
    t-13                           0.0509

2024:
  Samples: 250
  Entropy: 2.9470 ± 0.0754
  Concentration: 0.0501
  Top 5 features:
    t-1                            0.0539
    t-2                            0.0530
    t-3                            0.0524
    t-4                            0.0520
    t-5                            0.0516

2025:
  Samples: 190
  Entropy: 2.9370 ± 0.0755
  Concentration: 0.0501
  Top 5 features:
    t-1                            0.0525
    t-15                           0.0516
    t-16                           0.0515
    t-14                           0.0515
    t-2                            0.0514

----------------------------------------------------------------------
Period Comparisons:
----------------------------------------------------------------------

2020_vs_2021:
  Cosine similarity: 0.9989
  L2 distance: 0.0104
  Entropy change: 0.0060
  Concentration change: -0.0002

2020_vs_2022:
  Cosine similarity: 0.9993
  L2 distance: 0.0083
  Entropy change: 0.0040
  Concentration change: -0.0002

2020_vs_2023:
  Cosine similarity: 0.9980
  L2 distance: 0.0143
  Entropy change: 0.0272
  Concentration change: -0.0003

2020_vs_2024:
  Cosine similarity: 0.9981
  L2 distance: 0.0137
  Entropy change: -0.0033
  Concentration change: -0.0002

2020_vs_2025:
  Cosine similarity: 0.9991
  L2 distance: 0.0098
  Entropy change: -0.0134
  Concentration change: -0.0002

2021_vs_2022:
  Cosine similarity: 0.9996
  L2 distance: 0.0067
  Entropy change: -0.0019
  Concentration change: 0.0000

2021_vs_2023:
  Cosine similarity: 0.9988
  L2 distance: 0.0108
  Entropy change: 0.0212
  Concentration change: -0.0001

2021_vs_2024:
  Cosine similarity: 0.9999
  L2 distance: 0.0037
  Entropy change: -0.0093
  Concentration change: -0.0000

2021_vs_2025:
  Cosine similarity: 0.9997
  L2 distance: 0.0054
  Entropy change: -0.0194
  Concentration change: -0.0001

2022_vs_2023:
  Cosine similarity: 0.9989
  L2 distance: 0.0103
  Entropy change: 0.0231
  Concentration change: -0.0001

2022_vs_2024:
  Cosine similarity: 0.9993
  L2 distance: 0.0083
  Entropy change: -0.0074
  Concentration change: -0.0001

2022_vs_2025:
  Cosine similarity: 0.9996
  L2 distance: 0.0064
  Entropy change: -0.0174
  Concentration change: -0.0001

2023_vs_2024:
  Cosine similarity: 0.9990
  L2 distance: 0.0101
  Entropy change: -0.0305
  Concentration change: 0.0001

2023_vs_2025:
  Cosine similarity: 0.9995
  L2 distance: 0.0067
  Entropy change: -0.0406
  Concentration change: 0.0001

2024_vs_2025:
  Cosine similarity: 0.9996
  L2 distance: 0.0066
  Entropy change: -0.0101
  Concentration change: -0.0000

======================================================================

Analysis complete!
Results saved to: experiments/01_staleness_features_fixed/sweep_stale_h14_drop0.30_lr3/attention_analysis_year
  - attention_analysis_results.json
  - attention_heatmap.png
  - attention_trends.png
  - temporal_attention_comparison.png
