Logging to: experiments/01_staleness_features_fixed/sweep_stale_h22_drop0.25_lr3/attention_analysis_year/attention_analysis_20251030_131856.log
Analysis started at: 2025-10-30 13:18:56
======================================================================
Experiment: 01_staleness_features_fixed/sweep_stale_h22_drop0.25_lr3
Output directory: experiments/01_staleness_features_fixed/sweep_stale_h22_drop0.25_lr3/attention_analysis_year
Using best checkpoint: experiments/01_staleness_features_fixed/sweep_stale_h22_drop0.25_lr3/checkpoints/tft-epoch=85-val_loss=0.3973.ckpt

Loading data...
Loading test data from: data/splits/fixed/core_proposal_daily_fixed_test.csv
Detected staleness features in config, adding to data...
  Train samples: 6066
  Test samples: 1300

Preparing test dataset...
Test dataset size after filtering: 1280

Loading model...
Loading model from: experiments/01_staleness_features_fixed/sweep_stale_h22_drop0.25_lr3/checkpoints/tft-epoch=85-val_loss=0.3973.ckpt
Model moved to device: cuda

Extracting attention patterns...
Extracting attention patterns...
Total batches to process: 10
  Processed 10/10 batches

Total predictions: 1280
Total actuals: 1280
Attention shape: (1280, 20)
Encoder variables shape: (1280, 7)

Prediction period: 2020-08-19T00:00:00.000000000 to 2025-10-06T00:00:00.000000000
Total predictions: 1280

Creating temporal periods:
  2020: 92 samples
  2021: 250 samples
  2022: 249 samples
  2023: 249 samples
  2024: 250 samples
  2025: 190 samples

Attention over 20 encoder timesteps

Analyzing attention patterns by period...

Comparing attention patterns across periods...

Creating visualizations...
Saved attention heatmap: experiments/01_staleness_features_fixed/sweep_stale_h22_drop0.25_lr3/attention_analysis_year/attention_heatmap.png
Saved attention trends: experiments/01_staleness_features_fixed/sweep_stale_h22_drop0.25_lr3/attention_analysis_year/attention_trends.png
Saved feature importance comparison: experiments/01_staleness_features_fixed/sweep_stale_h22_drop0.25_lr3/attention_analysis_year/temporal_attention_comparison.png

Saving results...
Saved results: experiments/01_staleness_features_fixed/sweep_stale_h22_drop0.25_lr3/attention_analysis_year/attention_analysis_results.json

======================================================================
ATTENTION ANALYSIS SUMMARY
======================================================================

Per-Period Statistics:
----------------------------------------------------------------------

2020:
  Samples: 92
  Entropy: 2.8057 ± 0.1267
  Concentration: 0.0579
  Top 5 features:
    t-1                            0.0878
    t-2                            0.0810
    t-3                            0.0753
    t-4                            0.0706
    t-5                            0.0666

2021:
  Samples: 250
  Entropy: 2.6030 ± 0.2677
  Concentration: 0.0743
  Top 5 features:
    t-1                            0.1337
    t-2                            0.1161
    t-3                            0.1010
    t-4                            0.0879
    t-5                            0.0767

2022:
  Samples: 249
  Entropy: 2.6886 ± 0.2218
  Concentration: 0.0625
  Top 5 features:
    t-1                            0.1054
    t-2                            0.0919
    t-3                            0.0819
    t-4                            0.0742
    t-5                            0.0683

2023:
  Samples: 249
  Entropy: 2.6487 ± 0.1626
  Concentration: 0.0765
  Top 5 features:
    t-1                            0.1264
    t-2                            0.1146
    t-3                            0.1034
    t-4                            0.0927
    t-5                            0.0824

2024:
  Samples: 250
  Entropy: 2.6453 ± 0.2254
  Concentration: 0.0723
  Top 5 features:
    t-1                            0.1167
    t-2                            0.1060
    t-3                            0.0970
    t-4                            0.0888
    t-5                            0.0811

2025:
  Samples: 190
  Entropy: 2.6167 ± 0.2157
  Concentration: 0.0757
  Top 5 features:
    t-1                            0.1257
    t-2                            0.1124
    t-3                            0.1007
    t-4                            0.0902
    t-5                            0.0807

----------------------------------------------------------------------
Period Comparisons:
----------------------------------------------------------------------

2020_vs_2021:
  Cosine similarity: 0.9621
  L2 distance: 0.0774
  Entropy change: -0.2027
  Concentration change: 0.0165

2020_vs_2022:
  Cosine similarity: 0.9953
  L2 distance: 0.0257
  Entropy change: -0.1172
  Concentration change: 0.0047

2020_vs_2023:
  Cosine similarity: 0.9615
  L2 distance: 0.0801
  Entropy change: -0.1571
  Concentration change: 0.0186

2020_vs_2024:
  Cosine similarity: 0.9734
  L2 distance: 0.0651
  Entropy change: -0.1604
  Concentration change: 0.0144

2020_vs_2025:
  Cosine similarity: 0.9650
  L2 distance: 0.0764
  Entropy change: -0.1890
  Concentration change: 0.0178

2021_vs_2022:
  Cosine similarity: 0.9821
  L2 distance: 0.0543
  Entropy change: 0.0855
  Concentration change: -0.0118

2021_vs_2023:
  Cosine similarity: 0.9968
  L2 distance: 0.0222
  Entropy change: 0.0456
  Concentration change: 0.0022

2021_vs_2024:
  Cosine similarity: 0.9937
  L2 distance: 0.0306
  Entropy change: 0.0423
  Concentration change: -0.0021

2021_vs_2025:
  Cosine similarity: 0.9956
  L2 distance: 0.0258
  Entropy change: 0.0137
  Concentration change: 0.0014

2022_vs_2023:
  Cosine similarity: 0.9815
  L2 distance: 0.0571
  Entropy change: -0.0399
  Concentration change: 0.0139

2022_vs_2024:
  Cosine similarity: 0.9888
  L2 distance: 0.0431
  Entropy change: -0.0433
  Concentration change: 0.0097

2022_vs_2025:
  Cosine similarity: 0.9842
  L2 distance: 0.0529
  Entropy change: -0.0719
  Concentration change: 0.0132

2023_vs_2024:
  Cosine similarity: 0.9983
  L2 distance: 0.0175
  Entropy change: -0.0034
  Concentration change: -0.0042

2023_vs_2025:
  Cosine similarity: 0.9996
  L2 distance: 0.0082
  Entropy change: -0.0320
  Concentration change: -0.0008

2024_vs_2025:
  Cosine similarity: 0.9990
  L2 distance: 0.0137
  Entropy change: -0.0286
  Concentration change: 0.0034

======================================================================

Analysis complete!
Results saved to: experiments/01_staleness_features_fixed/sweep_stale_h22_drop0.25_lr3/attention_analysis_year
  - attention_analysis_results.json
  - attention_heatmap.png
  - attention_trends.png
  - temporal_attention_comparison.png
