Logging to: experiments/00_baseline_exploration/sweep_encoder_10/attention_analysis_year/attention_analysis_20251030_131009.log
Analysis started at: 2025-10-30 13:10:09
======================================================================
Experiment: 00_baseline_exploration/sweep_encoder_10
Output directory: experiments/00_baseline_exploration/sweep_encoder_10/attention_analysis_year
Using best checkpoint: experiments/00_baseline_exploration/sweep_encoder_10/checkpoints/tft-epoch=44-val_loss=0.3956.ckpt

Loading data...
Loading test data from: data/splits/fixed/core_proposal_daily_fixed_test.csv
  Train samples: 6066
  Test samples: 1300

Preparing test dataset...
Test dataset size after filtering: 1290

Loading model...
Loading model from: experiments/00_baseline_exploration/sweep_encoder_10/checkpoints/tft-epoch=44-val_loss=0.3956.ckpt
Model moved to device: cuda

Extracting attention patterns...
Extracting attention patterns...
Total batches to process: 11
  Processed 10/11 batches

Total predictions: 1290
Total actuals: 1290
Attention shape: (1290, 10)
Encoder variables shape: (1290, 5)

Prediction period: 2020-08-05T00:00:00.000000000 to 2025-10-06T00:00:00.000000000
Total predictions: 1290

Creating temporal periods:
  2020: 102 samples
  2021: 250 samples
  2022: 249 samples
  2023: 249 samples
  2024: 250 samples
  2025: 190 samples

Attention over 10 encoder timesteps

Analyzing attention patterns by period...

Comparing attention patterns across periods...

Creating visualizations...
Saved attention heatmap: experiments/00_baseline_exploration/sweep_encoder_10/attention_analysis_year/attention_heatmap.png
Saved attention trends: experiments/00_baseline_exploration/sweep_encoder_10/attention_analysis_year/attention_trends.png
Saved feature importance comparison: experiments/00_baseline_exploration/sweep_encoder_10/attention_analysis_year/temporal_attention_comparison.png

Saving results...
Saved results: experiments/00_baseline_exploration/sweep_encoder_10/attention_analysis_year/attention_analysis_results.json

======================================================================
ATTENTION ANALYSIS SUMMARY
======================================================================

Per-Period Statistics:
----------------------------------------------------------------------

2020:
  Samples: 102
  Entropy: 2.1174 ± 0.2159
  Concentration: 0.1047
  Top 5 features:
    t-10                           0.1525
    t-1                            0.1223
    t-2                            0.1078
    t-9                            0.1002
    t-3                            0.0981

2021:
  Samples: 250
  Entropy: 2.1602 ± 0.2209
  Concentration: 0.1035
  Top 5 features:
    t-10                           0.1500
    t-1                            0.1122
    t-2                            0.1045
    t-3                            0.0982
    t-9                            0.0977

2022:
  Samples: 249
  Entropy: 2.1774 ± 0.1382
  Concentration: 0.1044
  Top 5 features:
    t-10                           0.1395
    t-1                            0.1297
    t-2                            0.1164
    t-3                            0.1045
    t-4                            0.0943

2023:
  Samples: 249
  Entropy: 2.2814 ± 0.0282
  Concentration: 0.1013
  Top 5 features:
    t-10                           0.1324
    t-1                            0.1036
    t-2                            0.1017
    t-3                            0.0998
    t-4                            0.0976

2024:
  Samples: 250
  Entropy: 2.2281 ± 0.2225
  Concentration: 0.1022
  Top 5 features:
    t-10                           0.1415
    t-1                            0.1050
    t-2                            0.1020
    t-3                            0.0998
    t-4                            0.0968

2025:
  Samples: 190
  Entropy: 2.1916 ± 0.2437
  Concentration: 0.1035
  Top 5 features:
    t-10                           0.1501
    t-1                            0.1115
    t-2                            0.1015
    t-9                            0.1015
    t-3                            0.0974

----------------------------------------------------------------------
Period Comparisons:
----------------------------------------------------------------------

2020_vs_2021:
  Cosine similarity: 0.9991
  L2 distance: 0.0141
  Entropy change: 0.0428
  Concentration change: -0.0012

2020_vs_2022:
  Cosine similarity: 0.9981
  L2 distance: 0.0200
  Entropy change: 0.0600
  Concentration change: -0.0003

2020_vs_2023:
  Cosine similarity: 0.9938
  L2 distance: 0.0360
  Entropy change: 0.1641
  Concentration change: -0.0034

2020_vs_2024:
  Cosine similarity: 0.9964
  L2 distance: 0.0276
  Entropy change: 0.1107
  Concentration change: -0.0025

2020_vs_2025:
  Cosine similarity: 0.9989
  L2 distance: 0.0155
  Entropy change: 0.0743
  Concentration change: -0.0012

2021_vs_2022:
  Cosine similarity: 0.9964
  L2 distance: 0.0274
  Entropy change: 0.0172
  Concentration change: 0.0009

2021_vs_2023:
  Cosine similarity: 0.9972
  L2 distance: 0.0241
  Entropy change: 0.1212
  Concentration change: -0.0022

2021_vs_2024:
  Cosine similarity: 0.9990
  L2 distance: 0.0146
  Entropy change: 0.0679
  Concentration change: -0.0013

2021_vs_2025:
  Cosine similarity: 0.9999
  L2 distance: 0.0050
  Entropy change: 0.0314
  Concentration change: -0.0000

2022_vs_2023:
  Cosine similarity: 0.9925
  L2 distance: 0.0395
  Entropy change: 0.1040
  Concentration change: -0.0030

2022_vs_2024:
  Cosine similarity: 0.9942
  L2 distance: 0.0348
  Entropy change: 0.0507
  Concentration change: -0.0022

2022_vs_2025:
  Cosine similarity: 0.9956
  L2 distance: 0.0303
  Entropy change: 0.0142
  Concentration change: -0.0009

2023_vs_2024:
  Cosine similarity: 0.9995
  L2 distance: 0.0106
  Entropy change: -0.0534
  Concentration change: 0.0009

2023_vs_2025:
  Cosine similarity: 0.9971
  L2 distance: 0.0245
  Entropy change: -0.0898
  Concentration change: 0.0021

2024_vs_2025:
  Cosine similarity: 0.9989
  L2 distance: 0.0154
  Entropy change: -0.0364
  Concentration change: 0.0013

======================================================================

Analysis complete!
Results saved to: experiments/00_baseline_exploration/sweep_encoder_10/attention_analysis_year
  - attention_analysis_results.json
  - attention_heatmap.png
  - attention_trends.png
  - temporal_attention_comparison.png
