Logging to: experiments/00_baseline_exploration/sweep_encoder_10/attention_analysis_year/attention_analysis_20251027_191517.log
Analysis started at: 2025-10-27 19:15:17
======================================================================
Experiment: 00_baseline_exploration/sweep_encoder_10
Output directory: experiments/00_baseline_exploration/sweep_encoder_10/attention_analysis_year
Using best checkpoint: experiments/00_baseline_exploration/sweep_encoder_10/checkpoints/tft-epoch=00-val_loss=0.1521.ckpt

Loading data...
Loading test data from: data/splits/fixed/core_proposal_daily_fixed_test.csv
  Train samples: 6066
  Test samples: 1300

Preparing test dataset...
Test dataset size after filtering: 1290

Loading model...
Loading model from: experiments/00_baseline_exploration/sweep_encoder_10/checkpoints/tft-epoch=00-val_loss=0.1521.ckpt

Extracting attention patterns...
Extracting attention patterns...
Total batches to process: 11
  Processed 10/11 batches

Total predictions: 1290
Total actuals: 1290
Attention shape: (1290, 10)
Encoder variables shape: (1290, 5)

Prediction period: 2020-08-05T00:00:00.000000000 to 2025-10-06T00:00:00.000000000
Total predictions: 1290

Creating temporal periods:
  2020: 102 samples
  2021: 250 samples
  2022: 249 samples
  2023: 249 samples
  2024: 250 samples
  2025: 190 samples

Attention over 10 encoder timesteps

Analyzing attention patterns by period...

Comparing attention patterns across periods...

Creating visualizations...
Saved attention heatmap: experiments/00_baseline_exploration/sweep_encoder_10/attention_analysis_year/attention_heatmap.png
Saved attention trends: experiments/00_baseline_exploration/sweep_encoder_10/attention_analysis_year/attention_trends.png
Saved feature importance comparison: experiments/00_baseline_exploration/sweep_encoder_10/attention_analysis_year/temporal_attention_comparison.png

Saving results...
Saved results: experiments/00_baseline_exploration/sweep_encoder_10/attention_analysis_year/attention_analysis_results.json

======================================================================
ATTENTION ANALYSIS SUMMARY
======================================================================

Per-Period Statistics:
----------------------------------------------------------------------

2020:
  Samples: 102
  Entropy: 2.3017 ± 0.0010
  Concentration: 0.1001
  Top 5 features:
    t-9                            0.1036
    t-8                            0.1028
    t-10                           0.1015
    t-7                            0.1015
    t-6                            0.1004

2021:
  Samples: 250
  Entropy: 2.2981 ± 0.0065
  Concentration: 0.1004
  Top 5 features:
    t-9                            0.1060
    t-8                            0.1058
    t-7                            0.1050
    t-10                           0.1045
    t-6                            0.1039

2022:
  Samples: 249
  Entropy: 2.2935 ± 0.0096
  Concentration: 0.1010
  Top 5 features:
    t-9                            0.1128
    t-10                           0.1120
    t-8                            0.1113
    t-7                            0.1075
    t-6                            0.1029

2023:
  Samples: 249
  Entropy: 2.3004 ± 0.0033
  Concentration: 0.1001
  Top 5 features:
    t-7                            0.1022
    t-10                           0.1022
    t-8                            0.1022
    t-6                            0.1020
    t-9                            0.1019

2024:
  Samples: 250
  Entropy: 2.2993 ± 0.0063
  Concentration: 0.1001
  Top 5 features:
    t-5                            0.1019
    t-6                            0.1017
    t-4                            0.1013
    t-10                           0.1013
    t-7                            0.1012

2025:
  Samples: 190
  Entropy: 2.2965 ± 0.0113
  Concentration: 0.1002
  Top 5 features:
    t-7                            0.1033
    t-8                            0.1032
    t-6                            0.1030
    t-9                            0.1027
    t-10                           0.1024

----------------------------------------------------------------------
Period Comparisons:
----------------------------------------------------------------------

2020_vs_2021:
  Cosine similarity: 0.9990
  L2 distance: 0.0141
  Entropy change: -0.0037
  Concentration change: 0.0004

2020_vs_2022:
  Cosine similarity: 0.9969
  L2 distance: 0.0252
  Entropy change: -0.0082
  Concentration change: 0.0010

2020_vs_2023:
  Cosine similarity: 0.9999
  L2 distance: 0.0048
  Entropy change: -0.0013
  Concentration change: 0.0000

2020_vs_2024:
  Cosine similarity: 0.9998
  L2 distance: 0.0056
  Entropy change: -0.0024
  Concentration change: -0.0000

2020_vs_2025:
  Cosine similarity: 0.9997
  L2 distance: 0.0075
  Entropy change: -0.0052
  Concentration change: 0.0001

2021_vs_2022:
  Cosine similarity: 0.9988
  L2 distance: 0.0157
  Entropy change: -0.0045
  Concentration change: 0.0006

2021_vs_2023:
  Cosine similarity: 0.9994
  L2 distance: 0.0113
  Entropy change: 0.0023
  Concentration change: -0.0003

2021_vs_2024:
  Cosine similarity: 0.9990
  L2 distance: 0.0145
  Entropy change: 0.0012
  Concentration change: -0.0004

2021_vs_2025:
  Cosine similarity: 0.9997
  L2 distance: 0.0080
  Entropy change: -0.0015
  Concentration change: -0.0003

2022_vs_2023:
  Cosine similarity: 0.9970
  L2 distance: 0.0246
  Entropy change: 0.0068
  Concentration change: -0.0009

2022_vs_2024:
  Cosine similarity: 0.9961
  L2 distance: 0.0280
  Entropy change: 0.0058
  Concentration change: -0.0010

2022_vs_2025:
  Cosine similarity: 0.9976
  L2 distance: 0.0222
  Entropy change: 0.0030
  Concentration change: -0.0009

2023_vs_2024:
  Cosine similarity: 0.9999
  L2 distance: 0.0034
  Entropy change: -0.0011
  Concentration change: -0.0000

2023_vs_2025:
  Cosine similarity: 0.9999
  L2 distance: 0.0036
  Entropy change: -0.0038
  Concentration change: 0.0001

2024_vs_2025:
  Cosine similarity: 0.9998
  L2 distance: 0.0066
  Entropy change: -0.0027
  Concentration change: 0.0001

======================================================================

Analysis complete!
Results saved to: experiments/00_baseline_exploration/sweep_encoder_10/attention_analysis_year
  - attention_analysis_results.json
  - attention_heatmap.png
  - attention_trends.png
  - temporal_attention_comparison.png
