Logging to: experiments/01_staleness_features_fixed/sweep_stale_h20_drop0.35_lr5/attention_analysis_year/attention_analysis_20251027_193957.log
Analysis started at: 2025-10-27 19:39:57
======================================================================
Experiment: 01_staleness_features_fixed/sweep_stale_h20_drop0.35_lr5
Output directory: experiments/01_staleness_features_fixed/sweep_stale_h20_drop0.35_lr5/attention_analysis_year
Using best checkpoint: experiments/01_staleness_features_fixed/sweep_stale_h20_drop0.35_lr5/checkpoints/tft-epoch=02-val_loss=0.1713.ckpt

Loading data...
Loading test data from: data/splits/fixed/core_proposal_daily_fixed_test.csv
Detected staleness features in config, adding to data...
  Train samples: 6066
  Test samples: 1300

Preparing test dataset...
Test dataset size after filtering: 1280

Loading model...
Loading model from: experiments/01_staleness_features_fixed/sweep_stale_h20_drop0.35_lr5/checkpoints/tft-epoch=02-val_loss=0.1713.ckpt

Extracting attention patterns...
Extracting attention patterns...
Total batches to process: 10
  Processed 10/10 batches

Total predictions: 1280
Total actuals: 1280
Attention shape: (1280, 20)
Encoder variables shape: (1280, 7)

Prediction period: 2020-08-19T00:00:00.000000000 to 2025-10-06T00:00:00.000000000
Total predictions: 1280

Creating temporal periods:
  2020: 92 samples
  2021: 250 samples
  2022: 249 samples
  2023: 249 samples
  2024: 250 samples
  2025: 190 samples

Attention over 20 encoder timesteps

Analyzing attention patterns by period...

Comparing attention patterns across periods...

Creating visualizations...
Saved attention heatmap: experiments/01_staleness_features_fixed/sweep_stale_h20_drop0.35_lr5/attention_analysis_year/attention_heatmap.png
Saved attention trends: experiments/01_staleness_features_fixed/sweep_stale_h20_drop0.35_lr5/attention_analysis_year/attention_trends.png
Saved feature importance comparison: experiments/01_staleness_features_fixed/sweep_stale_h20_drop0.35_lr5/attention_analysis_year/temporal_attention_comparison.png

Saving results...
Saved results: experiments/01_staleness_features_fixed/sweep_stale_h20_drop0.35_lr5/attention_analysis_year/attention_analysis_results.json

======================================================================
ATTENTION ANALYSIS SUMMARY
======================================================================

Per-Period Statistics:
----------------------------------------------------------------------

2020:
  Samples: 92
  Entropy: 2.9833 ± 0.0107
  Concentration: 0.0500
  Top 5 features:
    t-20                           0.0518
    t-19                           0.0514
    t-18                           0.0510
    t-17                           0.0505
    t-16                           0.0502

2021:
  Samples: 250
  Entropy: 2.9906 ± 0.0042
  Concentration: 0.0501
  Top 5 features:
    t-20                           0.0540
    t-19                           0.0532
    t-18                           0.0523
    t-17                           0.0516
    t-16                           0.0511

2022:
  Samples: 249
  Entropy: 2.9812 ± 0.0104
  Concentration: 0.0503
  Top 5 features:
    t-20                           0.0603
    t-19                           0.0577
    t-18                           0.0552
    t-17                           0.0533
    t-16                           0.0520

2023:
  Samples: 249
  Entropy: 2.9898 ± 0.0031
  Concentration: 0.0501
  Top 5 features:
    t-20                           0.0560
    t-19                           0.0536
    t-18                           0.0519
    t-17                           0.0508
    t-16                           0.0501

2024:
  Samples: 250
  Entropy: 2.9927 ± 0.0020
  Concentration: 0.0500
  Top 5 features:
    t-20                           0.0552
    t-19                           0.0530
    t-18                           0.0517
    t-17                           0.0508
    t-16                           0.0502

2025:
  Samples: 190
  Entropy: 2.9854 ± 0.0218
  Concentration: 0.0501
  Top 5 features:
    t-20                           0.0556
    t-19                           0.0533
    t-18                           0.0518
    t-17                           0.0508
    t-16                           0.0500

----------------------------------------------------------------------
Period Comparisons:
----------------------------------------------------------------------

2020_vs_2021:
  Cosine similarity: 0.9997
  L2 distance: 0.0050
  Entropy change: 0.0073
  Concentration change: 0.0001

2020_vs_2022:
  Cosine similarity: 0.9979
  L2 distance: 0.0147
  Entropy change: -0.0021
  Concentration change: 0.0003

2020_vs_2023:
  Cosine similarity: 0.9997
  L2 distance: 0.0052
  Entropy change: 0.0065
  Concentration change: 0.0001

2020_vs_2024:
  Cosine similarity: 0.9998
  L2 distance: 0.0041
  Entropy change: 0.0094
  Concentration change: 0.0000

2020_vs_2025:
  Cosine similarity: 0.9997
  L2 distance: 0.0050
  Entropy change: 0.0021
  Concentration change: 0.0000

2021_vs_2022:
  Cosine similarity: 0.9990
  L2 distance: 0.0099
  Entropy change: -0.0094
  Concentration change: 0.0002

2021_vs_2023:
  Cosine similarity: 0.9999
  L2 distance: 0.0039
  Entropy change: -0.0008
  Concentration change: 0.0000

2021_vs_2024:
  Cosine similarity: 0.9999
  L2 distance: 0.0034
  Entropy change: 0.0021
  Concentration change: -0.0000

2021_vs_2025:
  Cosine similarity: 0.9997
  L2 distance: 0.0051
  Entropy change: -0.0052
  Concentration change: -0.0000

2022_vs_2023:
  Cosine similarity: 0.9989
  L2 distance: 0.0104
  Entropy change: 0.0086
  Concentration change: -0.0002

2022_vs_2024:
  Cosine similarity: 0.9987
  L2 distance: 0.0112
  Entropy change: 0.0115
  Concentration change: -0.0003

2022_vs_2025:
  Cosine similarity: 0.9986
  L2 distance: 0.0119
  Entropy change: 0.0042
  Concentration change: -0.0003

2023_vs_2024:
  Cosine similarity: 1.0000
  L2 distance: 0.0012
  Entropy change: 0.0029
  Concentration change: -0.0000

2023_vs_2025:
  Cosine similarity: 1.0000
  L2 distance: 0.0019
  Entropy change: -0.0044
  Concentration change: -0.0000

2024_vs_2025:
  Cosine similarity: 1.0000
  L2 distance: 0.0020
  Entropy change: -0.0073
  Concentration change: 0.0000

======================================================================

Analysis complete!
Results saved to: experiments/01_staleness_features_fixed/sweep_stale_h20_drop0.35_lr5/attention_analysis_year
  - attention_analysis_results.json
  - attention_heatmap.png
  - attention_trends.png
  - temporal_attention_comparison.png
