Logging to: experiments/01_staleness_features_fixed/sweep_stale_h20_drop0.35_lr5/attention_analysis_year/attention_analysis_20251030_131819.log
Analysis started at: 2025-10-30 13:18:19
======================================================================
Experiment: 01_staleness_features_fixed/sweep_stale_h20_drop0.35_lr5
Output directory: experiments/01_staleness_features_fixed/sweep_stale_h20_drop0.35_lr5/attention_analysis_year
Using best checkpoint: experiments/01_staleness_features_fixed/sweep_stale_h20_drop0.35_lr5/checkpoints/tft-epoch=60-val_loss=0.4000.ckpt

Loading data...
Loading test data from: data/splits/fixed/core_proposal_daily_fixed_test.csv
Detected staleness features in config, adding to data...
  Train samples: 6066
  Test samples: 1300

Preparing test dataset...
Test dataset size after filtering: 1280

Loading model...
Loading model from: experiments/01_staleness_features_fixed/sweep_stale_h20_drop0.35_lr5/checkpoints/tft-epoch=60-val_loss=0.4000.ckpt
Model moved to device: cuda

Extracting attention patterns...
Extracting attention patterns...
Total batches to process: 10
  Processed 10/10 batches

Total predictions: 1280
Total actuals: 1280
Attention shape: (1280, 20)
Encoder variables shape: (1280, 7)

Prediction period: 2020-08-19T00:00:00.000000000 to 2025-10-06T00:00:00.000000000
Total predictions: 1280

Creating temporal periods:
  2020: 92 samples
  2021: 250 samples
  2022: 249 samples
  2023: 249 samples
  2024: 250 samples
  2025: 190 samples

Attention over 20 encoder timesteps

Analyzing attention patterns by period...

Comparing attention patterns across periods...

Creating visualizations...
Saved attention heatmap: experiments/01_staleness_features_fixed/sweep_stale_h20_drop0.35_lr5/attention_analysis_year/attention_heatmap.png
Saved attention trends: experiments/01_staleness_features_fixed/sweep_stale_h20_drop0.35_lr5/attention_analysis_year/attention_trends.png
Saved feature importance comparison: experiments/01_staleness_features_fixed/sweep_stale_h20_drop0.35_lr5/attention_analysis_year/temporal_attention_comparison.png

Saving results...
Saved results: experiments/01_staleness_features_fixed/sweep_stale_h20_drop0.35_lr5/attention_analysis_year/attention_analysis_results.json

======================================================================
ATTENTION ANALYSIS SUMMARY
======================================================================

Per-Period Statistics:
----------------------------------------------------------------------

2020:
  Samples: 92
  Entropy: 2.9667 ± 0.0249
  Concentration: 0.0505
  Top 5 features:
    t-1                            0.0589
    t-2                            0.0575
    t-3                            0.0563
    t-4                            0.0554
    t-5                            0.0545

2021:
  Samples: 250
  Entropy: 2.9545 ± 0.0541
  Concentration: 0.0503
  Top 5 features:
    t-1                            0.0569
    t-2                            0.0557
    t-3                            0.0546
    t-4                            0.0537
    t-5                            0.0531

2022:
  Samples: 249
  Entropy: 2.9394 ± 0.0526
  Concentration: 0.0512
  Top 5 features:
    t-1                            0.0627
    t-2                            0.0600
    t-3                            0.0579
    t-4                            0.0563
    t-5                            0.0551

2023:
  Samples: 249
  Entropy: 2.9798 ± 0.0117
  Concentration: 0.0500
  Top 5 features:
    t-1                            0.0522
    t-2                            0.0519
    t-3                            0.0516
    t-4                            0.0513
    t-5                            0.0511

2024:
  Samples: 250
  Entropy: 2.9695 ± 0.0645
  Concentration: 0.0501
  Top 5 features:
    t-20                           0.0543
    t-1                            0.0540
    t-2                            0.0533
    t-3                            0.0527
    t-4                            0.0520

2025:
  Samples: 190
  Entropy: 2.9594 ± 0.0904
  Concentration: 0.0501
  Top 5 features:
    t-1                            0.0553
    t-2                            0.0528
    t-3                            0.0517
    t-4                            0.0512
    t-5                            0.0507

----------------------------------------------------------------------
Period Comparisons:
----------------------------------------------------------------------

2020_vs_2021:
  Cosine similarity: 0.9997
  L2 distance: 0.0052
  Entropy change: -0.0122
  Concentration change: -0.0002

2020_vs_2022:
  Cosine similarity: 0.9978
  L2 distance: 0.0150
  Entropy change: -0.0273
  Concentration change: 0.0007

2020_vs_2023:
  Cosine similarity: 0.9974
  L2 distance: 0.0160
  Entropy change: 0.0131
  Concentration change: -0.0005

2020_vs_2024:
  Cosine similarity: 0.9960
  L2 distance: 0.0201
  Entropy change: 0.0028
  Concentration change: -0.0004

2020_vs_2025:
  Cosine similarity: 0.9972
  L2 distance: 0.0169
  Entropy change: -0.0073
  Concentration change: -0.0004

2021_vs_2022:
  Cosine similarity: 0.9972
  L2 distance: 0.0169
  Entropy change: -0.0151
  Concentration change: 0.0009

2021_vs_2023:
  Cosine similarity: 0.9986
  L2 distance: 0.0119
  Entropy change: 0.0253
  Concentration change: -0.0003

2021_vs_2024:
  Cosine similarity: 0.9968
  L2 distance: 0.0181
  Entropy change: 0.0149
  Concentration change: -0.0002

2021_vs_2025:
  Cosine similarity: 0.9981
  L2 distance: 0.0139
  Entropy change: 0.0048
  Concentration change: -0.0003

2022_vs_2023:
  Cosine similarity: 0.9920
  L2 distance: 0.0286
  Entropy change: 0.0404
  Concentration change: -0.0012

2022_vs_2024:
  Cosine similarity: 0.9884
  L2 distance: 0.0344
  Entropy change: 0.0301
  Concentration change: -0.0011

2022_vs_2025:
  Cosine similarity: 0.9909
  L2 distance: 0.0305
  Entropy change: 0.0200
  Concentration change: -0.0012

2023_vs_2024:
  Cosine similarity: 0.9990
  L2 distance: 0.0102
  Entropy change: -0.0103
  Concentration change: 0.0001

2023_vs_2025:
  Cosine similarity: 0.9997
  L2 distance: 0.0055
  Entropy change: -0.0204
  Concentration change: 0.0000

2024_vs_2025:
  Cosine similarity: 0.9996
  L2 distance: 0.0063
  Entropy change: -0.0101
  Concentration change: -0.0000

======================================================================

Analysis complete!
Results saved to: experiments/01_staleness_features_fixed/sweep_stale_h20_drop0.35_lr5/attention_analysis_year
  - attention_analysis_results.json
  - attention_heatmap.png
  - attention_trends.png
  - temporal_attention_comparison.png
